<?xml version="1.0" encoding="UTF-8"?>
<testsuites name="jest tests" tests="4" failures="0" time="1.878">
  <testsuite name="Create Messages" errors="0" failures="0" skipped="0" timestamp="2020-03-24T11:24:51" time="1.803" tests="4">
    <testcase classname="Create Messages Create a new message in the database" name="Create Messages Create a new message in the database" time="0.05">
    </testcase>
    <testcase classname="Getting Messages getting messages from  the database" name="Getting Messages getting messages from  the database" time="0.026">
    </testcase>
    <testcase classname="Getting Messages find messages by normal keyword" name="Getting Messages find messages by normal keyword" time="0.01">
    </testcase>
    <testcase classname="Getting Messages find messages by stop-word" name="Getting Messages find messages by stop-word" time="0.007">
    </testcase>
  </testsuite>
</testsuites>