<?xml version="1.0" encoding="UTF-8"?>
<testsuites name="jest tests" tests="103" failures="62" time="43.549">
  <testsuite name="API USERS TEST" errors="0" failures="10" skipped="0" timestamp="2020-04-16T00:06:31" time="19.784" tests="10">
    <testcase classname="API USERS TEST Should insert  a new user" name="API USERS TEST Should insert  a new user" time="5.032">
      <failure>: Timeout - Async callback was not invoked within the 5000ms timeout specified by jest.setTimeout.Timeout - Async callback was not invoked within the 5000ms timeout specified by jest.setTimeout.Error: 
    at new Spec (/Users/jplozgom/Documents/jp/labWeb/cmu/semestre1/FSE/team_SA1_ESN/node_modules/jest-jasmine2/build/jasmine/Spec.js:116:22)
    at new Spec (/Users/jplozgom/Documents/jp/labWeb/cmu/semestre1/FSE/team_SA1_ESN/node_modules/jest-jasmine2/build/setup_jest_globals.js:78:9)
    at specFactory (/Users/jplozgom/Documents/jp/labWeb/cmu/semestre1/FSE/team_SA1_ESN/node_modules/jest-jasmine2/build/jasmine/Env.js:523:24)
    at Env.it (/Users/jplozgom/Documents/jp/labWeb/cmu/semestre1/FSE/team_SA1_ESN/node_modules/jest-jasmine2/build/jasmine/Env.js:592:24)
    at Env.it (/Users/jplozgom/Documents/jp/labWeb/cmu/semestre1/FSE/team_SA1_ESN/node_modules/jest-jasmine2/build/jasmineAsyncInstall.js:128:23)
    at test (/Users/jplozgom/Documents/jp/labWeb/cmu/semestre1/FSE/team_SA1_ESN/node_modules/jest-jasmine2/build/jasmine/jasmineLight.js:117:21)
    at Suite.Object.&lt;anonymous&gt;.describe (/Users/jplozgom/Documents/jp/labWeb/cmu/semestre1/FSE/team_SA1_ESN/tests/api/users.test.js:34:5)
    at addSpecsToSuite (/Users/jplozgom/Documents/jp/labWeb/cmu/semestre1/FSE/team_SA1_ESN/node_modules/jest-jasmine2/build/jasmine/Env.js:444:51)
    at Env.describe (/Users/jplozgom/Documents/jp/labWeb/cmu/semestre1/FSE/team_SA1_ESN/node_modules/jest-jasmine2/build/jasmine/Env.js:414:11)
    at describe (/Users/jplozgom/Documents/jp/labWeb/cmu/semestre1/FSE/team_SA1_ESN/node_modules/jest-jasmine2/build/jasmine/jasmineLight.js:105:18)
    at Object.&lt;anonymous&gt; (/Users/jplozgom/Documents/jp/labWeb/cmu/semestre1/FSE/team_SA1_ESN/tests/api/users.test.js:31:1)
    at Runtime._execModule (/Users/jplozgom/Documents/jp/labWeb/cmu/semestre1/FSE/team_SA1_ESN/node_modules/jest-runtime/build/index.js:1034:22)
    at Runtime._loadModule (/Users/jplozgom/Documents/jp/labWeb/cmu/semestre1/FSE/team_SA1_ESN/node_modules/jest-runtime/build/index.js:678:12)
    at Runtime.requireModule (/Users/jplozgom/Documents/jp/labWeb/cmu/semestre1/FSE/team_SA1_ESN/node_modules/jest-runtime/build/index.js:536:10)
    at jasmine2 (/Users/jplozgom/Documents/jp/labWeb/cmu/semestre1/FSE/team_SA1_ESN/node_modules/jest-jasmine2/build/index.js:203:11)
    at runTestInternal (/Users/jplozgom/Documents/jp/labWeb/cmu/semestre1/FSE/team_SA1_ESN/node_modules/jest-runner/build/runTest.js:413:22)</failure>
      <failure>Error: expect.assertions(1)

Expected one assertion to be called but received zero assertion calls.
    at Object.test (/Users/jplozgom/Documents/jp/labWeb/cmu/semestre1/FSE/team_SA1_ESN/tests/api/users.test.js:35:16)
    at Object.asyncJestTest (/Users/jplozgom/Documents/jp/labWeb/cmu/semestre1/FSE/team_SA1_ESN/node_modules/jest-jasmine2/build/jasmineAsyncInstall.js:100:37)
    at resolve (/Users/jplozgom/Documents/jp/labWeb/cmu/semestre1/FSE/team_SA1_ESN/node_modules/jest-jasmine2/build/queueRunner.js:43:12)
    at new Promise (&lt;anonymous&gt;)
    at mapper (/Users/jplozgom/Documents/jp/labWeb/cmu/semestre1/FSE/team_SA1_ESN/node_modules/jest-jasmine2/build/queueRunner.js:26:19)
    at promise.then (/Users/jplozgom/Documents/jp/labWeb/cmu/semestre1/FSE/team_SA1_ESN/node_modules/jest-jasmine2/build/queueRunner.js:73:41)
    at &lt;anonymous&gt;
    at process._tickCallback (internal/process/next_tick.js:189:7)</failure>
    </testcase>
    <testcase classname="API USERS TEST Should not insert  a new user (empty fields)" name="API USERS TEST Should not insert  a new user (empty fields)" time="5.007">
      <failure>: Timeout - Async callback was not invoked within the 5000ms timeout specified by jest.setTimeout.Timeout - Async callback was not invoked within the 5000ms timeout specified by jest.setTimeout.Error: 
    at new Spec (/Users/jplozgom/Documents/jp/labWeb/cmu/semestre1/FSE/team_SA1_ESN/node_modules/jest-jasmine2/build/jasmine/Spec.js:116:22)
    at new Spec (/Users/jplozgom/Documents/jp/labWeb/cmu/semestre1/FSE/team_SA1_ESN/node_modules/jest-jasmine2/build/setup_jest_globals.js:78:9)
    at specFactory (/Users/jplozgom/Documents/jp/labWeb/cmu/semestre1/FSE/team_SA1_ESN/node_modules/jest-jasmine2/build/jasmine/Env.js:523:24)
    at Env.it (/Users/jplozgom/Documents/jp/labWeb/cmu/semestre1/FSE/team_SA1_ESN/node_modules/jest-jasmine2/build/jasmine/Env.js:592:24)
    at Env.it (/Users/jplozgom/Documents/jp/labWeb/cmu/semestre1/FSE/team_SA1_ESN/node_modules/jest-jasmine2/build/jasmineAsyncInstall.js:128:23)
    at test (/Users/jplozgom/Documents/jp/labWeb/cmu/semestre1/FSE/team_SA1_ESN/node_modules/jest-jasmine2/build/jasmine/jasmineLight.js:117:21)
    at Suite.Object.&lt;anonymous&gt;.describe (/Users/jplozgom/Documents/jp/labWeb/cmu/semestre1/FSE/team_SA1_ESN/tests/api/users.test.js:47:5)
    at addSpecsToSuite (/Users/jplozgom/Documents/jp/labWeb/cmu/semestre1/FSE/team_SA1_ESN/node_modules/jest-jasmine2/build/jasmine/Env.js:444:51)
    at Env.describe (/Users/jplozgom/Documents/jp/labWeb/cmu/semestre1/FSE/team_SA1_ESN/node_modules/jest-jasmine2/build/jasmine/Env.js:414:11)
    at describe (/Users/jplozgom/Documents/jp/labWeb/cmu/semestre1/FSE/team_SA1_ESN/node_modules/jest-jasmine2/build/jasmine/jasmineLight.js:105:18)
    at Object.&lt;anonymous&gt; (/Users/jplozgom/Documents/jp/labWeb/cmu/semestre1/FSE/team_SA1_ESN/tests/api/users.test.js:31:1)
    at Runtime._execModule (/Users/jplozgom/Documents/jp/labWeb/cmu/semestre1/FSE/team_SA1_ESN/node_modules/jest-runtime/build/index.js:1034:22)
    at Runtime._loadModule (/Users/jplozgom/Documents/jp/labWeb/cmu/semestre1/FSE/team_SA1_ESN/node_modules/jest-runtime/build/index.js:678:12)
    at Runtime.requireModule (/Users/jplozgom/Documents/jp/labWeb/cmu/semestre1/FSE/team_SA1_ESN/node_modules/jest-runtime/build/index.js:536:10)
    at jasmine2 (/Users/jplozgom/Documents/jp/labWeb/cmu/semestre1/FSE/team_SA1_ESN/node_modules/jest-jasmine2/build/index.js:203:11)
    at runTestInternal (/Users/jplozgom/Documents/jp/labWeb/cmu/semestre1/FSE/team_SA1_ESN/node_modules/jest-runner/build/runTest.js:413:22)</failure>
      <failure>Error: expect.assertions(1)

Expected one assertion to be called but received zero assertion calls.
    at Object.test (/Users/jplozgom/Documents/jp/labWeb/cmu/semestre1/FSE/team_SA1_ESN/tests/api/users.test.js:48:16)
    at Object.asyncJestTest (/Users/jplozgom/Documents/jp/labWeb/cmu/semestre1/FSE/team_SA1_ESN/node_modules/jest-jasmine2/build/jasmineAsyncInstall.js:100:37)
    at resolve (/Users/jplozgom/Documents/jp/labWeb/cmu/semestre1/FSE/team_SA1_ESN/node_modules/jest-jasmine2/build/queueRunner.js:43:12)
    at new Promise (&lt;anonymous&gt;)
    at mapper (/Users/jplozgom/Documents/jp/labWeb/cmu/semestre1/FSE/team_SA1_ESN/node_modules/jest-jasmine2/build/queueRunner.js:26:19)
    at promise.then (/Users/jplozgom/Documents/jp/labWeb/cmu/semestre1/FSE/team_SA1_ESN/node_modules/jest-jasmine2/build/queueRunner.js:73:41)
    at &lt;anonymous&gt;</failure>
    </testcase>
    <testcase classname="API USERS TEST Should get a list of users" name="API USERS TEST Should get a list of users" time="0.049">
      <failure>Error: &quot;value&quot; required in setHeader(&quot;Authorization&quot;, value)
    at validateHeader (_http_outgoing.js:489:11)
    at ClientRequest.setHeader (_http_outgoing.js:498:3)
    at Request.request (/Users/jplozgom/Documents/jp/labWeb/cmu/semestre1/FSE/team_SA1_ESN/node_modules/superagent/src/node/index.js:817:11)
    at Request.end (/Users/jplozgom/Documents/jp/labWeb/cmu/semestre1/FSE/team_SA1_ESN/node_modules/superagent/src/node/index.js:937:8)
    at /Users/jplozgom/Documents/jp/labWeb/cmu/semestre1/FSE/team_SA1_ESN/node_modules/superagent/src/request-base.js:262:12
    at new Promise (&lt;anonymous&gt;)
    at Request.then (/Users/jplozgom/Documents/jp/labWeb/cmu/semestre1/FSE/team_SA1_ESN/node_modules/superagent/src/request-base.js:248:31)
    at Object.test (/Users/jplozgom/Documents/jp/labWeb/cmu/semestre1/FSE/team_SA1_ESN/tests/api/users.test.js:73:14)
    at Object.asyncJestTest (/Users/jplozgom/Documents/jp/labWeb/cmu/semestre1/FSE/team_SA1_ESN/node_modules/jest-jasmine2/build/jasmineAsyncInstall.js:100:37)
    at resolve (/Users/jplozgom/Documents/jp/labWeb/cmu/semestre1/FSE/team_SA1_ESN/node_modules/jest-jasmine2/build/queueRunner.js:43:12)</failure>
      <failure>Error: expect.assertions(1)

Expected one assertion to be called but received zero assertion calls.
    at Object.test (/Users/jplozgom/Documents/jp/labWeb/cmu/semestre1/FSE/team_SA1_ESN/tests/api/users.test.js:67:16)
    at Object.asyncJestTest (/Users/jplozgom/Documents/jp/labWeb/cmu/semestre1/FSE/team_SA1_ESN/node_modules/jest-jasmine2/build/jasmineAsyncInstall.js:100:37)
    at resolve (/Users/jplozgom/Documents/jp/labWeb/cmu/semestre1/FSE/team_SA1_ESN/node_modules/jest-jasmine2/build/queueRunner.js:43:12)
    at new Promise (&lt;anonymous&gt;)
    at mapper (/Users/jplozgom/Documents/jp/labWeb/cmu/semestre1/FSE/team_SA1_ESN/node_modules/jest-jasmine2/build/queueRunner.js:26:19)
    at promise.then (/Users/jplozgom/Documents/jp/labWeb/cmu/semestre1/FSE/team_SA1_ESN/node_modules/jest-jasmine2/build/queueRunner.js:73:41)
    at &lt;anonymous&gt;</failure>
    </testcase>
    <testcase classname="API USERS TEST Should get a list of users filtered by keywords" name="API USERS TEST Should get a list of users filtered by keywords" time="0.003">
      <failure>Error: &quot;value&quot; required in setHeader(&quot;Authorization&quot;, value)
    at validateHeader (_http_outgoing.js:489:11)
    at ClientRequest.setHeader (_http_outgoing.js:498:3)
    at Request.request (/Users/jplozgom/Documents/jp/labWeb/cmu/semestre1/FSE/team_SA1_ESN/node_modules/superagent/src/node/index.js:817:11)
    at Request.end (/Users/jplozgom/Documents/jp/labWeb/cmu/semestre1/FSE/team_SA1_ESN/node_modules/superagent/src/node/index.js:937:8)
    at /Users/jplozgom/Documents/jp/labWeb/cmu/semestre1/FSE/team_SA1_ESN/node_modules/superagent/src/request-base.js:262:12
    at new Promise (&lt;anonymous&gt;)
    at Request.then (/Users/jplozgom/Documents/jp/labWeb/cmu/semestre1/FSE/team_SA1_ESN/node_modules/superagent/src/request-base.js:248:31)
    at Object.test (/Users/jplozgom/Documents/jp/labWeb/cmu/semestre1/FSE/team_SA1_ESN/tests/api/users.test.js:87:14)
    at Object.asyncJestTest (/Users/jplozgom/Documents/jp/labWeb/cmu/semestre1/FSE/team_SA1_ESN/node_modules/jest-jasmine2/build/jasmineAsyncInstall.js:100:37)
    at resolve (/Users/jplozgom/Documents/jp/labWeb/cmu/semestre1/FSE/team_SA1_ESN/node_modules/jest-jasmine2/build/queueRunner.js:43:12)</failure>
      <failure>Error: expect.assertions(1)

Expected one assertion to be called but received zero assertion calls.
    at Object.test (/Users/jplozgom/Documents/jp/labWeb/cmu/semestre1/FSE/team_SA1_ESN/tests/api/users.test.js:80:16)
    at Object.asyncJestTest (/Users/jplozgom/Documents/jp/labWeb/cmu/semestre1/FSE/team_SA1_ESN/node_modules/jest-jasmine2/build/jasmineAsyncInstall.js:100:37)
    at resolve (/Users/jplozgom/Documents/jp/labWeb/cmu/semestre1/FSE/team_SA1_ESN/node_modules/jest-jasmine2/build/queueRunner.js:43:12)
    at new Promise (&lt;anonymous&gt;)
    at mapper (/Users/jplozgom/Documents/jp/labWeb/cmu/semestre1/FSE/team_SA1_ESN/node_modules/jest-jasmine2/build/queueRunner.js:26:19)
    at promise.then (/Users/jplozgom/Documents/jp/labWeb/cmu/semestre1/FSE/team_SA1_ESN/node_modules/jest-jasmine2/build/queueRunner.js:73:41)
    at &lt;anonymous&gt;</failure>
    </testcase>
    <testcase classname="API USERS TEST Should get a list of users filtered by status" name="API USERS TEST Should get a list of users filtered by status" time="0.002">
      <failure>Error: &quot;value&quot; required in setHeader(&quot;Authorization&quot;, value)
    at validateHeader (_http_outgoing.js:489:11)
    at ClientRequest.setHeader (_http_outgoing.js:498:3)
    at Request.request (/Users/jplozgom/Documents/jp/labWeb/cmu/semestre1/FSE/team_SA1_ESN/node_modules/superagent/src/node/index.js:817:11)
    at Request.end (/Users/jplozgom/Documents/jp/labWeb/cmu/semestre1/FSE/team_SA1_ESN/node_modules/superagent/src/node/index.js:937:8)
    at /Users/jplozgom/Documents/jp/labWeb/cmu/semestre1/FSE/team_SA1_ESN/node_modules/superagent/src/request-base.js:262:12
    at new Promise (&lt;anonymous&gt;)
    at Request.then (/Users/jplozgom/Documents/jp/labWeb/cmu/semestre1/FSE/team_SA1_ESN/node_modules/superagent/src/request-base.js:248:31)
    at Object.test (/Users/jplozgom/Documents/jp/labWeb/cmu/semestre1/FSE/team_SA1_ESN/tests/api/users.test.js:101:14)
    at Object.asyncJestTest (/Users/jplozgom/Documents/jp/labWeb/cmu/semestre1/FSE/team_SA1_ESN/node_modules/jest-jasmine2/build/jasmineAsyncInstall.js:100:37)
    at resolve (/Users/jplozgom/Documents/jp/labWeb/cmu/semestre1/FSE/team_SA1_ESN/node_modules/jest-jasmine2/build/queueRunner.js:43:12)</failure>
      <failure>Error: expect.assertions(1)

Expected one assertion to be called but received zero assertion calls.
    at Object.test (/Users/jplozgom/Documents/jp/labWeb/cmu/semestre1/FSE/team_SA1_ESN/tests/api/users.test.js:94:16)
    at Object.asyncJestTest (/Users/jplozgom/Documents/jp/labWeb/cmu/semestre1/FSE/team_SA1_ESN/node_modules/jest-jasmine2/build/jasmineAsyncInstall.js:100:37)
    at resolve (/Users/jplozgom/Documents/jp/labWeb/cmu/semestre1/FSE/team_SA1_ESN/node_modules/jest-jasmine2/build/queueRunner.js:43:12)
    at new Promise (&lt;anonymous&gt;)
    at mapper (/Users/jplozgom/Documents/jp/labWeb/cmu/semestre1/FSE/team_SA1_ESN/node_modules/jest-jasmine2/build/queueRunner.js:26:19)
    at promise.then (/Users/jplozgom/Documents/jp/labWeb/cmu/semestre1/FSE/team_SA1_ESN/node_modules/jest-jasmine2/build/queueRunner.js:73:41)
    at &lt;anonymous&gt;</failure>
    </testcase>
    <testcase classname="API USERS TEST Should update user information (acknowledgement)" name="API USERS TEST Should update user information (acknowledgement)" time="0.003">
      <failure>Error: &quot;value&quot; required in setHeader(&quot;Authorization&quot;, value)
    at validateHeader (_http_outgoing.js:489:11)
    at ClientRequest.setHeader (_http_outgoing.js:498:3)
    at Request.request (/Users/jplozgom/Documents/jp/labWeb/cmu/semestre1/FSE/team_SA1_ESN/node_modules/superagent/src/node/index.js:817:11)
    at Request.end (/Users/jplozgom/Documents/jp/labWeb/cmu/semestre1/FSE/team_SA1_ESN/node_modules/superagent/src/node/index.js:937:8)
    at /Users/jplozgom/Documents/jp/labWeb/cmu/semestre1/FSE/team_SA1_ESN/node_modules/superagent/src/request-base.js:262:12
    at new Promise (&lt;anonymous&gt;)
    at Request.then (/Users/jplozgom/Documents/jp/labWeb/cmu/semestre1/FSE/team_SA1_ESN/node_modules/superagent/src/request-base.js:248:31)
    at Object.test (/Users/jplozgom/Documents/jp/labWeb/cmu/semestre1/FSE/team_SA1_ESN/tests/api/users.test.js:123:14)
    at Object.asyncJestTest (/Users/jplozgom/Documents/jp/labWeb/cmu/semestre1/FSE/team_SA1_ESN/node_modules/jest-jasmine2/build/jasmineAsyncInstall.js:100:37)
    at resolve (/Users/jplozgom/Documents/jp/labWeb/cmu/semestre1/FSE/team_SA1_ESN/node_modules/jest-jasmine2/build/queueRunner.js:43:12)</failure>
      <failure>Error: expect.assertions(1)

Expected one assertion to be called but received zero assertion calls.
    at Object.test (/Users/jplozgom/Documents/jp/labWeb/cmu/semestre1/FSE/team_SA1_ESN/tests/api/users.test.js:109:16)
    at Object.asyncJestTest (/Users/jplozgom/Documents/jp/labWeb/cmu/semestre1/FSE/team_SA1_ESN/node_modules/jest-jasmine2/build/jasmineAsyncInstall.js:100:37)
    at resolve (/Users/jplozgom/Documents/jp/labWeb/cmu/semestre1/FSE/team_SA1_ESN/node_modules/jest-jasmine2/build/queueRunner.js:43:12)
    at new Promise (&lt;anonymous&gt;)
    at mapper (/Users/jplozgom/Documents/jp/labWeb/cmu/semestre1/FSE/team_SA1_ESN/node_modules/jest-jasmine2/build/queueRunner.js:26:19)
    at promise.then (/Users/jplozgom/Documents/jp/labWeb/cmu/semestre1/FSE/team_SA1_ESN/node_modules/jest-jasmine2/build/queueRunner.js:73:41)
    at &lt;anonymous&gt;</failure>
    </testcase>
    <testcase classname="API USERS TEST Should update user status" name="API USERS TEST Should update user status" time="0.003">
      <failure>Error: &quot;value&quot; required in setHeader(&quot;Authorization&quot;, value)
    at validateHeader (_http_outgoing.js:489:11)
    at ClientRequest.setHeader (_http_outgoing.js:498:3)
    at Request.request (/Users/jplozgom/Documents/jp/labWeb/cmu/semestre1/FSE/team_SA1_ESN/node_modules/superagent/src/node/index.js:817:11)
    at Request.end (/Users/jplozgom/Documents/jp/labWeb/cmu/semestre1/FSE/team_SA1_ESN/node_modules/superagent/src/node/index.js:937:8)
    at /Users/jplozgom/Documents/jp/labWeb/cmu/semestre1/FSE/team_SA1_ESN/node_modules/superagent/src/request-base.js:262:12
    at new Promise (&lt;anonymous&gt;)
    at Request.then (/Users/jplozgom/Documents/jp/labWeb/cmu/semestre1/FSE/team_SA1_ESN/node_modules/superagent/src/request-base.js:248:31)
    at Object.test (/Users/jplozgom/Documents/jp/labWeb/cmu/semestre1/FSE/team_SA1_ESN/tests/api/users.test.js:142:14)
    at Object.asyncJestTest (/Users/jplozgom/Documents/jp/labWeb/cmu/semestre1/FSE/team_SA1_ESN/node_modules/jest-jasmine2/build/jasmineAsyncInstall.js:100:37)
    at resolve (/Users/jplozgom/Documents/jp/labWeb/cmu/semestre1/FSE/team_SA1_ESN/node_modules/jest-jasmine2/build/queueRunner.js:43:12)</failure>
      <failure>Error: expect.assertions(1)

Expected one assertion to be called but received zero assertion calls.
    at Object.test (/Users/jplozgom/Documents/jp/labWeb/cmu/semestre1/FSE/team_SA1_ESN/tests/api/users.test.js:130:16)
    at Object.asyncJestTest (/Users/jplozgom/Documents/jp/labWeb/cmu/semestre1/FSE/team_SA1_ESN/node_modules/jest-jasmine2/build/jasmineAsyncInstall.js:100:37)
    at resolve (/Users/jplozgom/Documents/jp/labWeb/cmu/semestre1/FSE/team_SA1_ESN/node_modules/jest-jasmine2/build/queueRunner.js:43:12)
    at new Promise (&lt;anonymous&gt;)
    at mapper (/Users/jplozgom/Documents/jp/labWeb/cmu/semestre1/FSE/team_SA1_ESN/node_modules/jest-jasmine2/build/queueRunner.js:26:19)
    at promise.then (/Users/jplozgom/Documents/jp/labWeb/cmu/semestre1/FSE/team_SA1_ESN/node_modules/jest-jasmine2/build/queueRunner.js:73:41)
    at &lt;anonymous&gt;</failure>
    </testcase>
    <testcase classname="API USERS TEST Should return an user" name="API USERS TEST Should return an user" time="0.003">
      <failure>Error: &quot;value&quot; required in setHeader(&quot;Authorization&quot;, value)
    at validateHeader (_http_outgoing.js:489:11)
    at ClientRequest.setHeader (_http_outgoing.js:498:3)
    at Request.request (/Users/jplozgom/Documents/jp/labWeb/cmu/semestre1/FSE/team_SA1_ESN/node_modules/superagent/src/node/index.js:817:11)
    at Request.end (/Users/jplozgom/Documents/jp/labWeb/cmu/semestre1/FSE/team_SA1_ESN/node_modules/superagent/src/node/index.js:937:8)
    at /Users/jplozgom/Documents/jp/labWeb/cmu/semestre1/FSE/team_SA1_ESN/node_modules/superagent/src/request-base.js:262:12
    at new Promise (&lt;anonymous&gt;)
    at Request.then (/Users/jplozgom/Documents/jp/labWeb/cmu/semestre1/FSE/team_SA1_ESN/node_modules/superagent/src/request-base.js:248:31)
    at Object.test (/Users/jplozgom/Documents/jp/labWeb/cmu/semestre1/FSE/team_SA1_ESN/tests/api/users.test.js:158:14)
    at Object.asyncJestTest (/Users/jplozgom/Documents/jp/labWeb/cmu/semestre1/FSE/team_SA1_ESN/node_modules/jest-jasmine2/build/jasmineAsyncInstall.js:100:37)
    at resolve (/Users/jplozgom/Documents/jp/labWeb/cmu/semestre1/FSE/team_SA1_ESN/node_modules/jest-jasmine2/build/queueRunner.js:43:12)</failure>
      <failure>Error: expect.assertions(1)

Expected one assertion to be called but received zero assertion calls.
    at Object.test (/Users/jplozgom/Documents/jp/labWeb/cmu/semestre1/FSE/team_SA1_ESN/tests/api/users.test.js:150:16)
    at Object.asyncJestTest (/Users/jplozgom/Documents/jp/labWeb/cmu/semestre1/FSE/team_SA1_ESN/node_modules/jest-jasmine2/build/jasmineAsyncInstall.js:100:37)
    at resolve (/Users/jplozgom/Documents/jp/labWeb/cmu/semestre1/FSE/team_SA1_ESN/node_modules/jest-jasmine2/build/queueRunner.js:43:12)
    at new Promise (&lt;anonymous&gt;)
    at mapper (/Users/jplozgom/Documents/jp/labWeb/cmu/semestre1/FSE/team_SA1_ESN/node_modules/jest-jasmine2/build/queueRunner.js:26:19)
    at promise.then (/Users/jplozgom/Documents/jp/labWeb/cmu/semestre1/FSE/team_SA1_ESN/node_modules/jest-jasmine2/build/queueRunner.js:73:41)
    at &lt;anonymous&gt;</failure>
    </testcase>
    <testcase classname="Test Users with sockets should create relationshio between user and socket" name="Test Users with sockets should create relationshio between user and socket" time="2.986">
      <failure>Error: Internal Server Error
    at Request.callback (/Users/jplozgom/Documents/jp/labWeb/cmu/semestre1/FSE/team_SA1_ESN/node_modules/superagent/src/node/index.js:867:15)
    at fn (/Users/jplozgom/Documents/jp/labWeb/cmu/semestre1/FSE/team_SA1_ESN/node_modules/superagent/src/node/index.js:1117:18)
    at IncomingMessage.&lt;anonymous&gt; (/Users/jplozgom/Documents/jp/labWeb/cmu/semestre1/FSE/team_SA1_ESN/node_modules/superagent/src/node/parsers/json.js:19:7)
    at emitNone (events.js:111:20)
    at IncomingMessage.emit (events.js:208:7)
    at endReadableNT (_stream_readable.js:1064:12)
    at _combinedTickCallback (internal/process/next_tick.js:139:11)
    at process._tickCallback (internal/process/next_tick.js:181:9)</failure>
    </testcase>
    <testcase classname="Test Users with sockets should delete relationship between user and socket" name="Test Users with sockets should delete relationship between user and socket" time="0.135">
      <failure>Error: Internal Server Error
    at Request.callback (/Users/jplozgom/Documents/jp/labWeb/cmu/semestre1/FSE/team_SA1_ESN/node_modules/superagent/src/node/index.js:867:15)
    at fn (/Users/jplozgom/Documents/jp/labWeb/cmu/semestre1/FSE/team_SA1_ESN/node_modules/superagent/src/node/index.js:1117:18)
    at IncomingMessage.&lt;anonymous&gt; (/Users/jplozgom/Documents/jp/labWeb/cmu/semestre1/FSE/team_SA1_ESN/node_modules/superagent/src/node/parsers/json.js:19:7)
    at emitNone (events.js:111:20)
    at IncomingMessage.emit (events.js:208:7)
    at endReadableNT (_stream_readable.js:1064:12)
    at _combinedTickCallback (internal/process/next_tick.js:139:11)
    at process._tickCallback (internal/process/next_tick.js:181:9)</failure>
    </testcase>
  </testsuite>
  <testsuite name="User registration " errors="0" failures="32" skipped="0" timestamp="2020-04-16T00:06:51" time="7.076" tests="40">
    <testcase classname="User registration  Registers a User to the database" name="User registration  Registers a User to the database" time="0.329">
      <failure>Error: expect(received).toBe(expected) // Object.is equality

Expected: &quot;username_test&quot;
Received: undefined
    at Object.test (/Users/jplozgom/Documents/jp/labWeb/cmu/semestre1/FSE/team_SA1_ESN/tests/models/user.test.js:20:47)
    at &lt;anonymous&gt;
    at process._tickCallback (internal/process/next_tick.js:189:7)</failure>
    </testcase>
    <testcase classname="Business Validations for user raise error validating username with less than 3 characters" name="Business Validations for user raise error validating username with less than 3 characters" time="0.013">
    </testcase>
    <testcase classname="Business Validations for user raise error validating paaswords with less than 4 characters" name="Business Validations for user raise error validating paaswords with less than 4 characters" time="0.016">
    </testcase>
    <testcase classname="Business Validations for user should pass validation for banned user names" name="Business Validations for user should pass validation for banned user names" time="0.012">
    </testcase>
    <testcase classname="Business Validations for user should send an error for banned user names" name="Business Validations for user should send an error for banned user names" time="0.011">
    </testcase>
    <testcase classname="Business Validations for user should validate user names previously registered" name="Business Validations for user should validate user names previously registered" time="0.127">
    </testcase>
    <testcase classname="Business Validations for user should validate user names not registered" name="Business Validations for user should validate user names not registered" time="0.029">
    </testcase>
    <testcase classname="User password validations, should password match with the database password" name="User password validations, should password match with the database password" time="0.149">
      <failure>Error: data and hash arguments required
    at Object.compareSync (/Users/jplozgom/Documents/jp/labWeb/cmu/semestre1/FSE/team_SA1_ESN/node_modules/bcrypt/bcrypt.js:167:15)
    at Promise (/Users/jplozgom/Documents/jp/labWeb/cmu/semestre1/FSE/team_SA1_ESN/model/user.js:60:24)
    at new Promise (&lt;anonymous&gt;)
    at User.isPasswordMatch (/Users/jplozgom/Documents/jp/labWeb/cmu/semestre1/FSE/team_SA1_ESN/model/user.js:59:16)
    at Object.test (/Users/jplozgom/Documents/jp/labWeb/cmu/semestre1/FSE/team_SA1_ESN/tests/models/user.test.js:81:42)
    at Object.asyncJestTest (/Users/jplozgom/Documents/jp/labWeb/cmu/semestre1/FSE/team_SA1_ESN/node_modules/jest-jasmine2/build/jasmineAsyncInstall.js:100:37)
    at resolve (/Users/jplozgom/Documents/jp/labWeb/cmu/semestre1/FSE/team_SA1_ESN/node_modules/jest-jasmine2/build/queueRunner.js:43:12)
    at new Promise (&lt;anonymous&gt;)
    at mapper (/Users/jplozgom/Documents/jp/labWeb/cmu/semestre1/FSE/team_SA1_ESN/node_modules/jest-jasmine2/build/queueRunner.js:26:19)
    at promise.then (/Users/jplozgom/Documents/jp/labWeb/cmu/semestre1/FSE/team_SA1_ESN/node_modules/jest-jasmine2/build/queueRunner.js:73:41)
    at &lt;anonymous&gt;
    at process._tickCallback (internal/process/next_tick.js:189:7)</failure>
      <failure>Error: expect.assertions(1)

Expected one assertion to be called but received zero assertion calls.
    at Object.test (/Users/jplozgom/Documents/jp/labWeb/cmu/semestre1/FSE/team_SA1_ESN/tests/models/user.test.js:78:16)
    at Object.asyncJestTest (/Users/jplozgom/Documents/jp/labWeb/cmu/semestre1/FSE/team_SA1_ESN/node_modules/jest-jasmine2/build/jasmineAsyncInstall.js:100:37)
    at resolve (/Users/jplozgom/Documents/jp/labWeb/cmu/semestre1/FSE/team_SA1_ESN/node_modules/jest-jasmine2/build/queueRunner.js:43:12)
    at new Promise (&lt;anonymous&gt;)
    at mapper (/Users/jplozgom/Documents/jp/labWeb/cmu/semestre1/FSE/team_SA1_ESN/node_modules/jest-jasmine2/build/queueRunner.js:26:19)
    at promise.then (/Users/jplozgom/Documents/jp/labWeb/cmu/semestre1/FSE/team_SA1_ESN/node_modules/jest-jasmine2/build/queueRunner.js:73:41)
    at &lt;anonymous&gt;
    at process._tickCallback (internal/process/next_tick.js:189:7)</failure>
    </testcase>
    <testcase classname="User password validations, should send an error message validating password,  password not matching" name="User password validations, should send an error message validating password,  password not matching" time="0.107">
      <failure>Error: expect(received).rejects.toBe(expected) // Object.is equality

Expected: &quot;Invalid username / password.&quot;
Received: [Error: data and hash arguments required]
    at Object.toBe (/Users/jplozgom/Documents/jp/labWeb/cmu/semestre1/FSE/team_SA1_ESN/node_modules/expect/build/index.js:274:20)
    at Object.test (/Users/jplozgom/Documents/jp/labWeb/cmu/semestre1/FSE/team_SA1_ESN/tests/models/user.test.js:88:59)
    at Object.asyncJestTest (/Users/jplozgom/Documents/jp/labWeb/cmu/semestre1/FSE/team_SA1_ESN/node_modules/jest-jasmine2/build/jasmineAsyncInstall.js:100:37)
    at resolve (/Users/jplozgom/Documents/jp/labWeb/cmu/semestre1/FSE/team_SA1_ESN/node_modules/jest-jasmine2/build/queueRunner.js:43:12)
    at new Promise (&lt;anonymous&gt;)
    at mapper (/Users/jplozgom/Documents/jp/labWeb/cmu/semestre1/FSE/team_SA1_ESN/node_modules/jest-jasmine2/build/queueRunner.js:26:19)
    at promise.then (/Users/jplozgom/Documents/jp/labWeb/cmu/semestre1/FSE/team_SA1_ESN/node_modules/jest-jasmine2/build/queueRunner.js:73:41)
    at &lt;anonymous&gt;
    at process._tickCallback (internal/process/next_tick.js:189:7)</failure>
    </testcase>
    <testcase classname="User password validations, should send an error message validation password,  user not exist" name="User password validations, should send an error message validation password,  user not exist" time="0.165">
      <failure>Error: expect(received).rejects.toBe(expected) // Object.is equality

Expected: &quot;Invalid username / password.&quot;
Received: [Error: data and hash arguments required]
    at Object.toBe (/Users/jplozgom/Documents/jp/labWeb/cmu/semestre1/FSE/team_SA1_ESN/node_modules/expect/build/index.js:274:20)
    at Object.test (/Users/jplozgom/Documents/jp/labWeb/cmu/semestre1/FSE/team_SA1_ESN/tests/models/user.test.js:94:55)
    at Object.asyncJestTest (/Users/jplozgom/Documents/jp/labWeb/cmu/semestre1/FSE/team_SA1_ESN/node_modules/jest-jasmine2/build/jasmineAsyncInstall.js:100:37)
    at resolve (/Users/jplozgom/Documents/jp/labWeb/cmu/semestre1/FSE/team_SA1_ESN/node_modules/jest-jasmine2/build/queueRunner.js:43:12)
    at new Promise (&lt;anonymous&gt;)
    at mapper (/Users/jplozgom/Documents/jp/labWeb/cmu/semestre1/FSE/team_SA1_ESN/node_modules/jest-jasmine2/build/queueRunner.js:26:19)
    at promise.then (/Users/jplozgom/Documents/jp/labWeb/cmu/semestre1/FSE/team_SA1_ESN/node_modules/jest-jasmine2/build/queueRunner.js:73:41)
    at &lt;anonymous&gt;
    at process._tickCallback (internal/process/next_tick.js:189:7)</failure>
    </testcase>
    <testcase classname="Searching and update operations on a user previously inserted searching a user by the username" name="Searching and update operations on a user previously inserted searching a user by the username" time="0.149">
    </testcase>
    <testcase classname="Searching and update operations on a user previously inserted update data of the user" name="Searching and update operations on a user previously inserted update data of the user" time="0.127">
      <failure>Error: expect(received).toBeTruthy()

Received: undefined
    at Object.test (/Users/jplozgom/Documents/jp/labWeb/cmu/semestre1/FSE/team_SA1_ESN/tests/models/user.test.js:122:45)
    at &lt;anonymous&gt;
    at process._tickCallback (internal/process/next_tick.js:189:7)</failure>
      <failure>Error: expect.assertions(3)

Expected three assertions to be called but received one assertion call.
    at Object.test (/Users/jplozgom/Documents/jp/labWeb/cmu/semestre1/FSE/team_SA1_ESN/tests/models/user.test.js:115:16)
    at Object.asyncJestTest (/Users/jplozgom/Documents/jp/labWeb/cmu/semestre1/FSE/team_SA1_ESN/node_modules/jest-jasmine2/build/jasmineAsyncInstall.js:100:37)
    at resolve (/Users/jplozgom/Documents/jp/labWeb/cmu/semestre1/FSE/team_SA1_ESN/node_modules/jest-jasmine2/build/queueRunner.js:43:12)
    at new Promise (&lt;anonymous&gt;)
    at mapper (/Users/jplozgom/Documents/jp/labWeb/cmu/semestre1/FSE/team_SA1_ESN/node_modules/jest-jasmine2/build/queueRunner.js:26:19)
    at promise.then (/Users/jplozgom/Documents/jp/labWeb/cmu/semestre1/FSE/team_SA1_ESN/node_modules/jest-jasmine2/build/queueRunner.js:73:41)
    at &lt;anonymous&gt;
    at process._tickCallback (internal/process/next_tick.js:189:7)</failure>
    </testcase>
    <testcase classname="Searching and update operations on a user previously inserted update user status (specific status method)" name="Searching and update operations on a user previously inserted update user status (specific status method)" time="0.128">
      <failure>Error: expect(received).toBe(expected) // Object.is equality

Expected: &quot;HELP&quot;
Received: undefined
    at Object.test (/Users/jplozgom/Documents/jp/labWeb/cmu/semestre1/FSE/team_SA1_ESN/tests/models/user.test.js:130:49)
    at &lt;anonymous&gt;
    at process._tickCallback (internal/process/next_tick.js:189:7)</failure>
    </testcase>
    <testcase classname="Searching and update operations on a user previously inserted searching a user by the id " name="Searching and update operations on a user previously inserted searching a user by the id " time="0.129">
      <failure>CastError: Cast to ObjectId failed for value &quot;undefined&quot; at path &quot;_id&quot; for model &quot;User&quot;
    at new CastError (/Users/jplozgom/Documents/jp/labWeb/cmu/semestre1/FSE/team_SA1_ESN/node_modules/mongoose/lib/error/cast.js:39:11)
    at ObjectId.Object.&lt;anonymous&gt;.ObjectId.cast (/Users/jplozgom/Documents/jp/labWeb/cmu/semestre1/FSE/team_SA1_ESN/node_modules/mongoose/lib/schema/objectid.js:269:11)
    at ObjectId.Object.&lt;anonymous&gt;.SchemaType.applySetters (/Users/jplozgom/Documents/jp/labWeb/cmu/semestre1/FSE/team_SA1_ESN/node_modules/mongoose/lib/schematype.js:1010:12)
    at ObjectId.Object.&lt;anonymous&gt;.SchemaType._castForQuery (/Users/jplozgom/Documents/jp/labWeb/cmu/semestre1/FSE/team_SA1_ESN/node_modules/mongoose/lib/schematype.js:1424:15)
    at ObjectId.Object.&lt;anonymous&gt;.SchemaType.castForQuery (/Users/jplozgom/Documents/jp/labWeb/cmu/semestre1/FSE/team_SA1_ESN/node_modules/mongoose/lib/schematype.js:1414:15)
    at ObjectId.Object.&lt;anonymous&gt;.SchemaType.castForQueryWrapper (/Users/jplozgom/Documents/jp/labWeb/cmu/semestre1/FSE/team_SA1_ESN/node_modules/mongoose/lib/schematype.js:1393:15)
    at cast (/Users/jplozgom/Documents/jp/labWeb/cmu/semestre1/FSE/team_SA1_ESN/node_modules/mongoose/lib/cast.js:315:32)
    at model.Query.Object.&lt;anonymous&gt;.Query.cast (/Users/jplozgom/Documents/jp/labWeb/cmu/semestre1/FSE/team_SA1_ESN/node_modules/mongoose/lib/query.js:4685:12)
    at model.Query.Object.&lt;anonymous&gt;.Query._castConditions (/Users/jplozgom/Documents/jp/labWeb/cmu/semestre1/FSE/team_SA1_ESN/node_modules/mongoose/lib/query.js:1862:10)
    at model.Query.&lt;anonymous&gt; (/Users/jplozgom/Documents/jp/labWeb/cmu/semestre1/FSE/team_SA1_ESN/node_modules/mongoose/lib/query.js:2117:8)
    at model.Query._wrappedThunk [as _findOne] (/Users/jplozgom/Documents/jp/labWeb/cmu/semestre1/FSE/team_SA1_ESN/node_modules/mongoose/lib/helpers/query/wrapThunk.js:16:8)
    at process.nextTick (/Users/jplozgom/Documents/jp/labWeb/cmu/semestre1/FSE/team_SA1_ESN/node_modules/kareem/index.js:369:33)
    at _combinedTickCallback (internal/process/next_tick.js:132:7)
    at process._tickCallback (internal/process/next_tick.js:181:9)</failure>
      <failure>Error: expect.assertions(1)

Expected one assertion to be called but received zero assertion calls.
    at Object.test (/Users/jplozgom/Documents/jp/labWeb/cmu/semestre1/FSE/team_SA1_ESN/tests/models/user.test.js:133:16)
    at Object.asyncJestTest (/Users/jplozgom/Documents/jp/labWeb/cmu/semestre1/FSE/team_SA1_ESN/node_modules/jest-jasmine2/build/jasmineAsyncInstall.js:100:37)
    at resolve (/Users/jplozgom/Documents/jp/labWeb/cmu/semestre1/FSE/team_SA1_ESN/node_modules/jest-jasmine2/build/queueRunner.js:43:12)
    at new Promise (&lt;anonymous&gt;)
    at mapper (/Users/jplozgom/Documents/jp/labWeb/cmu/semestre1/FSE/team_SA1_ESN/node_modules/jest-jasmine2/build/queueRunner.js:26:19)
    at promise.then (/Users/jplozgom/Documents/jp/labWeb/cmu/semestre1/FSE/team_SA1_ESN/node_modules/jest-jasmine2/build/queueRunner.js:73:41)
    at &lt;anonymous&gt;
    at process._tickCallback (internal/process/next_tick.js:189:7)</failure>
    </testcase>
    <testcase classname="Update operations on a user - profile information and validation rules update data validation required fields - user info step 1 - empty data" name="Update operations on a user - profile information and validation rules update data validation required fields - user info step 1 - empty data" time="0.133">
      <failure>Error: expect(received).rejects.toMatch()

Received promise resolved instead of rejected
Resolved to value: true
    at expect (/Users/jplozgom/Documents/jp/labWeb/cmu/semestre1/FSE/team_SA1_ESN/node_modules/expect/build/index.js:170:15)
    at Object.test (/Users/jplozgom/Documents/jp/labWeb/cmu/semestre1/FSE/team_SA1_ESN/tests/models/user.test.js:152:22)
    at Object.asyncJestTest (/Users/jplozgom/Documents/jp/labWeb/cmu/semestre1/FSE/team_SA1_ESN/node_modules/jest-jasmine2/build/jasmineAsyncInstall.js:100:37)
    at resolve (/Users/jplozgom/Documents/jp/labWeb/cmu/semestre1/FSE/team_SA1_ESN/node_modules/jest-jasmine2/build/queueRunner.js:43:12)
    at new Promise (&lt;anonymous&gt;)
    at mapper (/Users/jplozgom/Documents/jp/labWeb/cmu/semestre1/FSE/team_SA1_ESN/node_modules/jest-jasmine2/build/queueRunner.js:26:19)
    at promise.then (/Users/jplozgom/Documents/jp/labWeb/cmu/semestre1/FSE/team_SA1_ESN/node_modules/jest-jasmine2/build/queueRunner.js:73:41)
    at &lt;anonymous&gt;
    at process._tickCallback (internal/process/next_tick.js:189:7)</failure>
    </testcase>
    <testcase classname="Update operations on a user - profile information and validation rules update data validation required fields - user info step 1 - missing some data" name="Update operations on a user - profile information and validation rules update data validation required fields - user info step 1 - missing some data" time="0.116">
      <failure>Error: expect(received).rejects.toMatch()

Received promise resolved instead of rejected
Resolved to value: true
    at expect (/Users/jplozgom/Documents/jp/labWeb/cmu/semestre1/FSE/team_SA1_ESN/node_modules/expect/build/index.js:170:15)
    at Object.test (/Users/jplozgom/Documents/jp/labWeb/cmu/semestre1/FSE/team_SA1_ESN/tests/models/user.test.js:174:22)
    at Object.asyncJestTest (/Users/jplozgom/Documents/jp/labWeb/cmu/semestre1/FSE/team_SA1_ESN/node_modules/jest-jasmine2/build/jasmineAsyncInstall.js:100:37)
    at resolve (/Users/jplozgom/Documents/jp/labWeb/cmu/semestre1/FSE/team_SA1_ESN/node_modules/jest-jasmine2/build/queueRunner.js:43:12)
    at new Promise (&lt;anonymous&gt;)
    at mapper (/Users/jplozgom/Documents/jp/labWeb/cmu/semestre1/FSE/team_SA1_ESN/node_modules/jest-jasmine2/build/queueRunner.js:26:19)
    at promise.then (/Users/jplozgom/Documents/jp/labWeb/cmu/semestre1/FSE/team_SA1_ESN/node_modules/jest-jasmine2/build/queueRunner.js:73:41)
    at &lt;anonymous&gt;
    at process._tickCallback (internal/process/next_tick.js:189:7)</failure>
    </testcase>
    <testcase classname="Update operations on a user - profile information and validation rules update data validation required fields - user info step 1 - all data, missing data treatment acceptance" name="Update operations on a user - profile information and validation rules update data validation required fields - user info step 1 - all data, missing data treatment acceptance" time="0.138">
      <failure>Error: expect(received).rejects.toMatch()

Received promise resolved instead of rejected
Resolved to value: true
    at expect (/Users/jplozgom/Documents/jp/labWeb/cmu/semestre1/FSE/team_SA1_ESN/node_modules/expect/build/index.js:170:15)
    at Object.test (/Users/jplozgom/Documents/jp/labWeb/cmu/semestre1/FSE/team_SA1_ESN/tests/models/user.test.js:195:22)
    at Object.asyncJestTest (/Users/jplozgom/Documents/jp/labWeb/cmu/semestre1/FSE/team_SA1_ESN/node_modules/jest-jasmine2/build/jasmineAsyncInstall.js:100:37)
    at resolve (/Users/jplozgom/Documents/jp/labWeb/cmu/semestre1/FSE/team_SA1_ESN/node_modules/jest-jasmine2/build/queueRunner.js:43:12)
    at new Promise (&lt;anonymous&gt;)
    at mapper (/Users/jplozgom/Documents/jp/labWeb/cmu/semestre1/FSE/team_SA1_ESN/node_modules/jest-jasmine2/build/queueRunner.js:26:19)
    at promise.then (/Users/jplozgom/Documents/jp/labWeb/cmu/semestre1/FSE/team_SA1_ESN/node_modules/jest-jasmine2/build/queueRunner.js:73:41)
    at &lt;anonymous&gt;
    at process._tickCallback (internal/process/next_tick.js:189:7)</failure>
    </testcase>
    <testcase classname="Update operations on a user - profile information and validation rules update data validation required fields - user info step 1 - all data, phone length" name="Update operations on a user - profile information and validation rules update data validation required fields - user info step 1 - all data, phone length" time="0.13">
      <failure>Error: expect(received).rejects.toMatch()

Received promise resolved instead of rejected
Resolved to value: true
    at expect (/Users/jplozgom/Documents/jp/labWeb/cmu/semestre1/FSE/team_SA1_ESN/node_modules/expect/build/index.js:170:15)
    at Object.test (/Users/jplozgom/Documents/jp/labWeb/cmu/semestre1/FSE/team_SA1_ESN/tests/models/user.test.js:216:22)
    at Object.asyncJestTest (/Users/jplozgom/Documents/jp/labWeb/cmu/semestre1/FSE/team_SA1_ESN/node_modules/jest-jasmine2/build/jasmineAsyncInstall.js:100:37)
    at resolve (/Users/jplozgom/Documents/jp/labWeb/cmu/semestre1/FSE/team_SA1_ESN/node_modules/jest-jasmine2/build/queueRunner.js:43:12)
    at new Promise (&lt;anonymous&gt;)
    at mapper (/Users/jplozgom/Documents/jp/labWeb/cmu/semestre1/FSE/team_SA1_ESN/node_modules/jest-jasmine2/build/queueRunner.js:26:19)
    at promise.then (/Users/jplozgom/Documents/jp/labWeb/cmu/semestre1/FSE/team_SA1_ESN/node_modules/jest-jasmine2/build/queueRunner.js:73:41)
    at &lt;anonymous&gt;
    at process._tickCallback (internal/process/next_tick.js:189:7)</failure>
    </testcase>
    <testcase classname="Update operations on a user - profile information and validation rules update data validation OK - user info step 1 - all data complete" name="Update operations on a user - profile information and validation rules update data validation OK - user info step 1 - all data complete" time="0.118">
      <failure>Error: expect(received).toMatch(expected)

Matcher error: received value must be a string

Received has value: undefined
    at Object.test (/Users/jplozgom/Documents/jp/labWeb/cmu/semestre1/FSE/team_SA1_ESN/tests/models/user.test.js:255:42)
    at &lt;anonymous&gt;
    at process._tickCallback (internal/process/next_tick.js:189:7)</failure>
    </testcase>
    <testcase classname="Update operations on a user - profile information and validation rules update data validation required fields - user info step 2 - blood type required" name="Update operations on a user - profile information and validation rules update data validation required fields - user info step 2 - blood type required" time="0.131">
      <failure>Error: expect(received).rejects.toMatch()

Received promise resolved instead of rejected
Resolved to value: true
    at expect (/Users/jplozgom/Documents/jp/labWeb/cmu/semestre1/FSE/team_SA1_ESN/node_modules/expect/build/index.js:170:15)
    at Object.test (/Users/jplozgom/Documents/jp/labWeb/cmu/semestre1/FSE/team_SA1_ESN/tests/models/user.test.js:259:22)
    at Object.asyncJestTest (/Users/jplozgom/Documents/jp/labWeb/cmu/semestre1/FSE/team_SA1_ESN/node_modules/jest-jasmine2/build/jasmineAsyncInstall.js:100:37)
    at resolve (/Users/jplozgom/Documents/jp/labWeb/cmu/semestre1/FSE/team_SA1_ESN/node_modules/jest-jasmine2/build/queueRunner.js:43:12)
    at new Promise (&lt;anonymous&gt;)
    at mapper (/Users/jplozgom/Documents/jp/labWeb/cmu/semestre1/FSE/team_SA1_ESN/node_modules/jest-jasmine2/build/queueRunner.js:26:19)
    at promise.then (/Users/jplozgom/Documents/jp/labWeb/cmu/semestre1/FSE/team_SA1_ESN/node_modules/jest-jasmine2/build/queueRunner.js:73:41)
    at &lt;anonymous&gt;
    at process._tickCallback (internal/process/next_tick.js:189:7)</failure>
    </testcase>
    <testcase classname="Update operations on a user - profile information and validation rules update data validation required fields - user info step 2 - data treatment medical info required" name="Update operations on a user - profile information and validation rules update data validation required fields - user info step 2 - data treatment medical info required" time="0.108">
      <failure>Error: expect(received).rejects.toMatch()

Received promise resolved instead of rejected
Resolved to value: true
    at expect (/Users/jplozgom/Documents/jp/labWeb/cmu/semestre1/FSE/team_SA1_ESN/node_modules/expect/build/index.js:170:15)
    at Object.test (/Users/jplozgom/Documents/jp/labWeb/cmu/semestre1/FSE/team_SA1_ESN/tests/models/user.test.js:274:22)
    at Object.asyncJestTest (/Users/jplozgom/Documents/jp/labWeb/cmu/semestre1/FSE/team_SA1_ESN/node_modules/jest-jasmine2/build/jasmineAsyncInstall.js:100:37)
    at resolve (/Users/jplozgom/Documents/jp/labWeb/cmu/semestre1/FSE/team_SA1_ESN/node_modules/jest-jasmine2/build/queueRunner.js:43:12)
    at new Promise (&lt;anonymous&gt;)
    at mapper (/Users/jplozgom/Documents/jp/labWeb/cmu/semestre1/FSE/team_SA1_ESN/node_modules/jest-jasmine2/build/queueRunner.js:26:19)
    at promise.then (/Users/jplozgom/Documents/jp/labWeb/cmu/semestre1/FSE/team_SA1_ESN/node_modules/jest-jasmine2/build/queueRunner.js:73:41)
    at &lt;anonymous&gt;
    at process._tickCallback (internal/process/next_tick.js:189:7)</failure>
    </testcase>
    <testcase classname="Update operations on a user - profile information and validation rules update data validation OK - user info step 2 - all data complete" name="Update operations on a user - profile information and validation rules update data validation OK - user info step 2 - all data complete" time="0.118">
      <failure>TypeError: Cannot read property &apos;allergies&apos; of undefined
    at Object.test (/Users/jplozgom/Documents/jp/labWeb/cmu/semestre1/FSE/team_SA1_ESN/tests/models/user.test.js:301:48)
    at &lt;anonymous&gt;
    at process._tickCallback (internal/process/next_tick.js:189:7)</failure>
    </testcase>
    <testcase classname="Update operations on a user - profile information and validation rules update data validation required fields - user info step 3 - security question and answer" name="Update operations on a user - profile information and validation rules update data validation required fields - user info step 3 - security question and answer" time="0.133">
      <failure>Error: expect(received).rejects.toMatch()

Received promise resolved instead of rejected
Resolved to value: true
    at expect (/Users/jplozgom/Documents/jp/labWeb/cmu/semestre1/FSE/team_SA1_ESN/node_modules/expect/build/index.js:170:15)
    at Object.test (/Users/jplozgom/Documents/jp/labWeb/cmu/semestre1/FSE/team_SA1_ESN/tests/models/user.test.js:305:22)
    at Object.asyncJestTest (/Users/jplozgom/Documents/jp/labWeb/cmu/semestre1/FSE/team_SA1_ESN/node_modules/jest-jasmine2/build/jasmineAsyncInstall.js:100:37)
    at resolve (/Users/jplozgom/Documents/jp/labWeb/cmu/semestre1/FSE/team_SA1_ESN/node_modules/jest-jasmine2/build/queueRunner.js:43:12)
    at new Promise (&lt;anonymous&gt;)
    at mapper (/Users/jplozgom/Documents/jp/labWeb/cmu/semestre1/FSE/team_SA1_ESN/node_modules/jest-jasmine2/build/queueRunner.js:26:19)
    at promise.then (/Users/jplozgom/Documents/jp/labWeb/cmu/semestre1/FSE/team_SA1_ESN/node_modules/jest-jasmine2/build/queueRunner.js:73:41)
    at &lt;anonymous&gt;
    at process._tickCallback (internal/process/next_tick.js:189:7)</failure>
    </testcase>
    <testcase classname="Update operations on a user - profile information and validation rules update data validation OK - user info step 3 - all data complete" name="Update operations on a user - profile information and validation rules update data validation OK - user info step 3 - all data complete" time="0.113">
      <failure>TypeError: Cannot read property &apos;message&apos; of undefined
    at Object.test (/Users/jplozgom/Documents/jp/labWeb/cmu/semestre1/FSE/team_SA1_ESN/tests/models/user.test.js:330:45)
    at &lt;anonymous&gt;
    at process._tickCallback (internal/process/next_tick.js:189:7)</failure>
    </testcase>
    <testcase classname="Test profile access for only authorized users NO ACCESS TO PROFILE - invalid must fail" name="Test profile access for only authorized users NO ACCESS TO PROFILE - invalid must fail" time="0.134">
      <failure>TypeError: Cannot read property &apos;step&apos; of undefined
    at Promise (/Users/jplozgom/Documents/jp/labWeb/cmu/semestre1/FSE/team_SA1_ESN/model/user.js:101:22)
    at new Promise (&lt;anonymous&gt;)
    at User.validateUpdate (/Users/jplozgom/Documents/jp/labWeb/cmu/semestre1/FSE/team_SA1_ESN/model/user.js:99:16)
    at Promise (/Users/jplozgom/Documents/jp/labWeb/cmu/semestre1/FSE/team_SA1_ESN/model/user.js:217:18)
    at new Promise (&lt;anonymous&gt;)
    at User.updateUser (/Users/jplozgom/Documents/jp/labWeb/cmu/semestre1/FSE/team_SA1_ESN/model/user.js:216:16)
    at Object.beforeEach (/Users/jplozgom/Documents/jp/labWeb/cmu/semestre1/FSE/team_SA1_ESN/tests/models/user.test.js:344:29)
    at &lt;anonymous&gt;
    at process._tickCallback (internal/process/next_tick.js:189:7)</failure>
      <failure>Error: expect(received).toBe(expected) // Object.is equality

Expected: &quot;You are not authorized&quot;
Received: null
    at User.findUserByIdIfAuthorized.then.catch.err (/Users/jplozgom/Documents/jp/labWeb/cmu/semestre1/FSE/team_SA1_ESN/tests/models/user.test.js:420:25)
    at &lt;anonymous&gt;
    at process._tickCallback (internal/process/next_tick.js:189:7)</failure>
    </testcase>
    <testcase classname="Test profile access for only authorized users ACCESS TO PROFILE, matching phone - must work" name="Test profile access for only authorized users ACCESS TO PROFILE, matching phone - must work" time="0.143">
      <failure>TypeError: Cannot read property &apos;step&apos; of undefined
    at Promise (/Users/jplozgom/Documents/jp/labWeb/cmu/semestre1/FSE/team_SA1_ESN/model/user.js:101:22)
    at new Promise (&lt;anonymous&gt;)
    at User.validateUpdate (/Users/jplozgom/Documents/jp/labWeb/cmu/semestre1/FSE/team_SA1_ESN/model/user.js:99:16)
    at Promise (/Users/jplozgom/Documents/jp/labWeb/cmu/semestre1/FSE/team_SA1_ESN/model/user.js:217:18)
    at new Promise (&lt;anonymous&gt;)
    at User.updateUser (/Users/jplozgom/Documents/jp/labWeb/cmu/semestre1/FSE/team_SA1_ESN/model/user.js:216:16)
    at Object.beforeEach (/Users/jplozgom/Documents/jp/labWeb/cmu/semestre1/FSE/team_SA1_ESN/tests/models/user.test.js:344:29)
    at &lt;anonymous&gt;
    at process._tickCallback (internal/process/next_tick.js:189:7)</failure>
      <failure>Error: expect.assertions(1)

Expected one assertion to be called but received zero assertion calls.
    at Object.test (/Users/jplozgom/Documents/jp/labWeb/cmu/semestre1/FSE/team_SA1_ESN/tests/models/user.test.js:425:16)
    at Object.asyncJestTest (/Users/jplozgom/Documents/jp/labWeb/cmu/semestre1/FSE/team_SA1_ESN/node_modules/jest-jasmine2/build/jasmineAsyncInstall.js:100:37)
    at resolve (/Users/jplozgom/Documents/jp/labWeb/cmu/semestre1/FSE/team_SA1_ESN/node_modules/jest-jasmine2/build/queueRunner.js:43:12)
    at new Promise (&lt;anonymous&gt;)
    at mapper (/Users/jplozgom/Documents/jp/labWeb/cmu/semestre1/FSE/team_SA1_ESN/node_modules/jest-jasmine2/build/queueRunner.js:26:19)
    at promise.then (/Users/jplozgom/Documents/jp/labWeb/cmu/semestre1/FSE/team_SA1_ESN/node_modules/jest-jasmine2/build/queueRunner.js:73:41)
    at &lt;anonymous&gt;
    at process._tickCallback (internal/process/next_tick.js:189:7)</failure>
    </testcase>
    <testcase classname="Test profile access for only authorized users ACCESS TO PERSONAL MESSAGE, matching phone AND WRONG ANSWER - must fail" name="Test profile access for only authorized users ACCESS TO PERSONAL MESSAGE, matching phone AND WRONG ANSWER - must fail" time="0.123">
      <failure>TypeError: Cannot read property &apos;step&apos; of undefined
    at Promise (/Users/jplozgom/Documents/jp/labWeb/cmu/semestre1/FSE/team_SA1_ESN/model/user.js:101:22)
    at new Promise (&lt;anonymous&gt;)
    at User.validateUpdate (/Users/jplozgom/Documents/jp/labWeb/cmu/semestre1/FSE/team_SA1_ESN/model/user.js:99:16)
    at Promise (/Users/jplozgom/Documents/jp/labWeb/cmu/semestre1/FSE/team_SA1_ESN/model/user.js:217:18)
    at new Promise (&lt;anonymous&gt;)
    at User.updateUser (/Users/jplozgom/Documents/jp/labWeb/cmu/semestre1/FSE/team_SA1_ESN/model/user.js:216:16)
    at Object.beforeEach (/Users/jplozgom/Documents/jp/labWeb/cmu/semestre1/FSE/team_SA1_ESN/tests/models/user.test.js:344:29)
    at &lt;anonymous&gt;
    at process._tickCallback (internal/process/next_tick.js:189:7)</failure>
      <failure>TypeError: User.getPersonalMessage is not a function
    at Object.test (/Users/jplozgom/Documents/jp/labWeb/cmu/semestre1/FSE/team_SA1_ESN/tests/models/user.test.js:435:27)
    at Object.asyncJestTest (/Users/jplozgom/Documents/jp/labWeb/cmu/semestre1/FSE/team_SA1_ESN/node_modules/jest-jasmine2/build/jasmineAsyncInstall.js:100:37)
    at resolve (/Users/jplozgom/Documents/jp/labWeb/cmu/semestre1/FSE/team_SA1_ESN/node_modules/jest-jasmine2/build/queueRunner.js:43:12)
    at new Promise (&lt;anonymous&gt;)
    at mapper (/Users/jplozgom/Documents/jp/labWeb/cmu/semestre1/FSE/team_SA1_ESN/node_modules/jest-jasmine2/build/queueRunner.js:26:19)
    at promise.then (/Users/jplozgom/Documents/jp/labWeb/cmu/semestre1/FSE/team_SA1_ESN/node_modules/jest-jasmine2/build/queueRunner.js:73:41)
    at &lt;anonymous&gt;
    at process._tickCallback (internal/process/next_tick.js:189:7)</failure>
      <failure>Error: expect.assertions(1)

Expected one assertion to be called but received zero assertion calls.
    at Object.test (/Users/jplozgom/Documents/jp/labWeb/cmu/semestre1/FSE/team_SA1_ESN/tests/models/user.test.js:434:16)
    at Object.asyncJestTest (/Users/jplozgom/Documents/jp/labWeb/cmu/semestre1/FSE/team_SA1_ESN/node_modules/jest-jasmine2/build/jasmineAsyncInstall.js:100:37)
    at resolve (/Users/jplozgom/Documents/jp/labWeb/cmu/semestre1/FSE/team_SA1_ESN/node_modules/jest-jasmine2/build/queueRunner.js:43:12)
    at new Promise (&lt;anonymous&gt;)
    at mapper (/Users/jplozgom/Documents/jp/labWeb/cmu/semestre1/FSE/team_SA1_ESN/node_modules/jest-jasmine2/build/queueRunner.js:26:19)
    at promise.then (/Users/jplozgom/Documents/jp/labWeb/cmu/semestre1/FSE/team_SA1_ESN/node_modules/jest-jasmine2/build/queueRunner.js:73:41)
    at &lt;anonymous&gt;
    at process._tickCallback (internal/process/next_tick.js:189:7)</failure>
    </testcase>
    <testcase classname="Test profile access for only authorized users ACCESS TO PERSONAL MESSAGE, matching phone AND RIGHT ANSWER - must work" name="Test profile access for only authorized users ACCESS TO PERSONAL MESSAGE, matching phone AND RIGHT ANSWER - must work" time="0.119">
      <failure>TypeError: Cannot read property &apos;step&apos; of undefined
    at Promise (/Users/jplozgom/Documents/jp/labWeb/cmu/semestre1/FSE/team_SA1_ESN/model/user.js:101:22)
    at new Promise (&lt;anonymous&gt;)
    at User.validateUpdate (/Users/jplozgom/Documents/jp/labWeb/cmu/semestre1/FSE/team_SA1_ESN/model/user.js:99:16)
    at Promise (/Users/jplozgom/Documents/jp/labWeb/cmu/semestre1/FSE/team_SA1_ESN/model/user.js:217:18)
    at new Promise (&lt;anonymous&gt;)
    at User.updateUser (/Users/jplozgom/Documents/jp/labWeb/cmu/semestre1/FSE/team_SA1_ESN/model/user.js:216:16)
    at Object.beforeEach (/Users/jplozgom/Documents/jp/labWeb/cmu/semestre1/FSE/team_SA1_ESN/tests/models/user.test.js:344:29)
    at &lt;anonymous&gt;
    at process._tickCallback (internal/process/next_tick.js:189:7)</failure>
      <failure>TypeError: User.getPersonalMessage is not a function
    at Object.test (/Users/jplozgom/Documents/jp/labWeb/cmu/semestre1/FSE/team_SA1_ESN/tests/models/user.test.js:446:27)
    at Object.asyncJestTest (/Users/jplozgom/Documents/jp/labWeb/cmu/semestre1/FSE/team_SA1_ESN/node_modules/jest-jasmine2/build/jasmineAsyncInstall.js:100:37)
    at resolve (/Users/jplozgom/Documents/jp/labWeb/cmu/semestre1/FSE/team_SA1_ESN/node_modules/jest-jasmine2/build/queueRunner.js:43:12)
    at new Promise (&lt;anonymous&gt;)
    at mapper (/Users/jplozgom/Documents/jp/labWeb/cmu/semestre1/FSE/team_SA1_ESN/node_modules/jest-jasmine2/build/queueRunner.js:26:19)
    at promise.then (/Users/jplozgom/Documents/jp/labWeb/cmu/semestre1/FSE/team_SA1_ESN/node_modules/jest-jasmine2/build/queueRunner.js:73:41)
    at &lt;anonymous&gt;
    at process._tickCallback (internal/process/next_tick.js:189:7)</failure>
      <failure>Error: expect.assertions(1)

Expected one assertion to be called but received zero assertion calls.
    at Object.test (/Users/jplozgom/Documents/jp/labWeb/cmu/semestre1/FSE/team_SA1_ESN/tests/models/user.test.js:445:16)
    at Object.asyncJestTest (/Users/jplozgom/Documents/jp/labWeb/cmu/semestre1/FSE/team_SA1_ESN/node_modules/jest-jasmine2/build/jasmineAsyncInstall.js:100:37)
    at resolve (/Users/jplozgom/Documents/jp/labWeb/cmu/semestre1/FSE/team_SA1_ESN/node_modules/jest-jasmine2/build/queueRunner.js:43:12)
    at new Promise (&lt;anonymous&gt;)
    at mapper (/Users/jplozgom/Documents/jp/labWeb/cmu/semestre1/FSE/team_SA1_ESN/node_modules/jest-jasmine2/build/queueRunner.js:26:19)
    at promise.then (/Users/jplozgom/Documents/jp/labWeb/cmu/semestre1/FSE/team_SA1_ESN/node_modules/jest-jasmine2/build/queueRunner.js:73:41)
    at &lt;anonymous&gt;
    at process._tickCallback (internal/process/next_tick.js:189:7)</failure>
    </testcase>
    <testcase classname="get all users ordered by online status and username get users ordered" name="get all users ordered by online status and username get users ordered" time="0.121">
      <failure>TypeError: Cannot read property &apos;step&apos; of undefined
    at Promise (/Users/jplozgom/Documents/jp/labWeb/cmu/semestre1/FSE/team_SA1_ESN/model/user.js:101:22)
    at new Promise (&lt;anonymous&gt;)
    at User.validateUpdate (/Users/jplozgom/Documents/jp/labWeb/cmu/semestre1/FSE/team_SA1_ESN/model/user.js:99:16)
    at Promise (/Users/jplozgom/Documents/jp/labWeb/cmu/semestre1/FSE/team_SA1_ESN/model/user.js:217:18)
    at new Promise (&lt;anonymous&gt;)
    at User.updateUser (/Users/jplozgom/Documents/jp/labWeb/cmu/semestre1/FSE/team_SA1_ESN/model/user.js:216:16)
    at Object.beforeEach (/Users/jplozgom/Documents/jp/labWeb/cmu/semestre1/FSE/team_SA1_ESN/tests/models/user.test.js:458:20)
    at &lt;anonymous&gt;
    at process._tickCallback (internal/process/next_tick.js:189:7)</failure>
      <failure>Error: expect(received).toBeTruthy()

Received: undefined
    at User.getUsers.then.listUser (/Users/jplozgom/Documents/jp/labWeb/cmu/semestre1/FSE/team_SA1_ESN/tests/models/user.test.js:477:40)
    at &lt;anonymous&gt;
    at process._tickCallback (internal/process/next_tick.js:189:7)</failure>
    </testcase>
    <testcase classname="search users by username get users by username search" name="search users by username get users by username search" time="0.336">
      <failure>TypeError: Cannot read property &apos;step&apos; of undefined
    at Promise (/Users/jplozgom/Documents/jp/labWeb/cmu/semestre1/FSE/team_SA1_ESN/model/user.js:101:22)
    at new Promise (&lt;anonymous&gt;)
    at User.validateUpdate (/Users/jplozgom/Documents/jp/labWeb/cmu/semestre1/FSE/team_SA1_ESN/model/user.js:99:16)
    at Promise (/Users/jplozgom/Documents/jp/labWeb/cmu/semestre1/FSE/team_SA1_ESN/model/user.js:217:18)
    at new Promise (&lt;anonymous&gt;)
    at User.updateUser (/Users/jplozgom/Documents/jp/labWeb/cmu/semestre1/FSE/team_SA1_ESN/model/user.js:216:16)
    at Object.beforeEach (/Users/jplozgom/Documents/jp/labWeb/cmu/semestre1/FSE/team_SA1_ESN/tests/models/user.test.js:492:20)
    at &lt;anonymous&gt;
    at process._tickCallback (internal/process/next_tick.js:189:7)</failure>
    </testcase>
    <testcase classname="search users by username get users by username search" name="search users by username get users by username search" time="0.344">
      <failure>TypeError: Cannot read property &apos;step&apos; of undefined
    at Promise (/Users/jplozgom/Documents/jp/labWeb/cmu/semestre1/FSE/team_SA1_ESN/model/user.js:101:22)
    at new Promise (&lt;anonymous&gt;)
    at User.validateUpdate (/Users/jplozgom/Documents/jp/labWeb/cmu/semestre1/FSE/team_SA1_ESN/model/user.js:99:16)
    at Promise (/Users/jplozgom/Documents/jp/labWeb/cmu/semestre1/FSE/team_SA1_ESN/model/user.js:217:18)
    at new Promise (&lt;anonymous&gt;)
    at User.updateUser (/Users/jplozgom/Documents/jp/labWeb/cmu/semestre1/FSE/team_SA1_ESN/model/user.js:216:16)
    at Object.beforeEach (/Users/jplozgom/Documents/jp/labWeb/cmu/semestre1/FSE/team_SA1_ESN/tests/models/user.test.js:492:20)
    at &lt;anonymous&gt;
    at process._tickCallback (internal/process/next_tick.js:189:7)</failure>
    </testcase>
    <testcase classname="search users by status get users by status OK" name="search users by status get users by status OK" time="0.121">
      <failure>TypeError: Cannot read property &apos;step&apos; of undefined
    at Promise (/Users/jplozgom/Documents/jp/labWeb/cmu/semestre1/FSE/team_SA1_ESN/model/user.js:101:22)
    at new Promise (&lt;anonymous&gt;)
    at User.validateUpdate (/Users/jplozgom/Documents/jp/labWeb/cmu/semestre1/FSE/team_SA1_ESN/model/user.js:99:16)
    at Promise (/Users/jplozgom/Documents/jp/labWeb/cmu/semestre1/FSE/team_SA1_ESN/model/user.js:217:18)
    at new Promise (&lt;anonymous&gt;)
    at User.updateUser (/Users/jplozgom/Documents/jp/labWeb/cmu/semestre1/FSE/team_SA1_ESN/model/user.js:216:16)
    at Object.beforeEach (/Users/jplozgom/Documents/jp/labWeb/cmu/semestre1/FSE/team_SA1_ESN/tests/models/user.test.js:522:20)
    at &lt;anonymous&gt;
    at process._tickCallback (internal/process/next_tick.js:189:7)</failure>
      <failure>Error: expect(received).toBe(expected) // Object.is equality

Expected: 1
Received: 0
    at User.findUsersByParams.then.listUser (/Users/jplozgom/Documents/jp/labWeb/cmu/semestre1/FSE/team_SA1_ESN/tests/models/user.test.js:541:37)
    at &lt;anonymous&gt;
    at process._tickCallback (internal/process/next_tick.js:189:7)</failure>
    </testcase>
    <testcase classname="search users by status get users by status UNDEFINED" name="search users by status get users by status UNDEFINED" time="0.112">
      <failure>TypeError: Cannot read property &apos;step&apos; of undefined
    at Promise (/Users/jplozgom/Documents/jp/labWeb/cmu/semestre1/FSE/team_SA1_ESN/model/user.js:101:22)
    at new Promise (&lt;anonymous&gt;)
    at User.validateUpdate (/Users/jplozgom/Documents/jp/labWeb/cmu/semestre1/FSE/team_SA1_ESN/model/user.js:99:16)
    at Promise (/Users/jplozgom/Documents/jp/labWeb/cmu/semestre1/FSE/team_SA1_ESN/model/user.js:217:18)
    at new Promise (&lt;anonymous&gt;)
    at User.updateUser (/Users/jplozgom/Documents/jp/labWeb/cmu/semestre1/FSE/team_SA1_ESN/model/user.js:216:16)
    at Object.beforeEach (/Users/jplozgom/Documents/jp/labWeb/cmu/semestre1/FSE/team_SA1_ESN/tests/models/user.test.js:522:20)
    at &lt;anonymous&gt;
    at process._tickCallback (internal/process/next_tick.js:189:7)</failure>
      <failure>Error: expect(received).toBe(expected) // Object.is equality

Expected: 2
Received: 1
    at User.findUsersByParams.then.listUser (/Users/jplozgom/Documents/jp/labWeb/cmu/semestre1/FSE/team_SA1_ESN/tests/models/user.test.js:550:37)
    at &lt;anonymous&gt;
    at process._tickCallback (internal/process/next_tick.js:189:7)</failure>
    </testcase>
    <testcase classname="Tokens should generate token for the user" name="Tokens should generate token for the user" time="0.12">
    </testcase>
    <testcase classname="Search for users by id should return  true if user exist" name="Search for users by id should return  true if user exist" time="0.169">
      <failure>Error: Failed: null
    at Env.it (/Users/jplozgom/Documents/jp/labWeb/cmu/semestre1/FSE/team_SA1_ESN/node_modules/jest-jasmine2/build/jasmineAsyncInstall.js:89:24)
    at test (/Users/jplozgom/Documents/jp/labWeb/cmu/semestre1/FSE/team_SA1_ESN/node_modules/jest-jasmine2/build/jasmine/jasmineLight.js:117:21)
    at Suite.Object.&lt;anonymous&gt;.describe (/Users/jplozgom/Documents/jp/labWeb/cmu/semestre1/FSE/team_SA1_ESN/tests/models/user.test.js:567:5)
    at addSpecsToSuite (/Users/jplozgom/Documents/jp/labWeb/cmu/semestre1/FSE/team_SA1_ESN/node_modules/jest-jasmine2/build/jasmine/Env.js:444:51)
    at Env.describe (/Users/jplozgom/Documents/jp/labWeb/cmu/semestre1/FSE/team_SA1_ESN/node_modules/jest-jasmine2/build/jasmine/Env.js:414:11)
    at describe (/Users/jplozgom/Documents/jp/labWeb/cmu/semestre1/FSE/team_SA1_ESN/node_modules/jest-jasmine2/build/jasmine/jasmineLight.js:105:18)
    at Object.&lt;anonymous&gt; (/Users/jplozgom/Documents/jp/labWeb/cmu/semestre1/FSE/team_SA1_ESN/tests/models/user.test.js:566:1)
    at Runtime._execModule (/Users/jplozgom/Documents/jp/labWeb/cmu/semestre1/FSE/team_SA1_ESN/node_modules/jest-runtime/build/index.js:1034:22)
    at Runtime._loadModule (/Users/jplozgom/Documents/jp/labWeb/cmu/semestre1/FSE/team_SA1_ESN/node_modules/jest-runtime/build/index.js:678:12)
    at Runtime.requireModule (/Users/jplozgom/Documents/jp/labWeb/cmu/semestre1/FSE/team_SA1_ESN/node_modules/jest-runtime/build/index.js:536:10)</failure>
    </testcase>
    <testcase classname="Search for users by id should return false if user not exist" name="Search for users by id should return false if user not exist" time="0.014">
      <failure>Error: Failed: null
    at Env.it (/Users/jplozgom/Documents/jp/labWeb/cmu/semestre1/FSE/team_SA1_ESN/node_modules/jest-jasmine2/build/jasmineAsyncInstall.js:89:24)
    at test (/Users/jplozgom/Documents/jp/labWeb/cmu/semestre1/FSE/team_SA1_ESN/node_modules/jest-jasmine2/build/jasmine/jasmineLight.js:117:21)
    at Suite.Object.&lt;anonymous&gt;.describe (/Users/jplozgom/Documents/jp/labWeb/cmu/semestre1/FSE/team_SA1_ESN/tests/models/user.test.js:577:5)
    at addSpecsToSuite (/Users/jplozgom/Documents/jp/labWeb/cmu/semestre1/FSE/team_SA1_ESN/node_modules/jest-jasmine2/build/jasmine/Env.js:444:51)
    at Env.describe (/Users/jplozgom/Documents/jp/labWeb/cmu/semestre1/FSE/team_SA1_ESN/node_modules/jest-jasmine2/build/jasmine/Env.js:414:11)
    at describe (/Users/jplozgom/Documents/jp/labWeb/cmu/semestre1/FSE/team_SA1_ESN/node_modules/jest-jasmine2/build/jasmine/jasmineLight.js:105:18)
    at Object.&lt;anonymous&gt; (/Users/jplozgom/Documents/jp/labWeb/cmu/semestre1/FSE/team_SA1_ESN/tests/models/user.test.js:566:1)
    at Runtime._execModule (/Users/jplozgom/Documents/jp/labWeb/cmu/semestre1/FSE/team_SA1_ESN/node_modules/jest-runtime/build/index.js:1034:22)
    at Runtime._loadModule (/Users/jplozgom/Documents/jp/labWeb/cmu/semestre1/FSE/team_SA1_ESN/node_modules/jest-runtime/build/index.js:678:12)
    at Runtime.requireModule (/Users/jplozgom/Documents/jp/labWeb/cmu/semestre1/FSE/team_SA1_ESN/node_modules/jest-runtime/build/index.js:536:10)</failure>
    </testcase>
    <testcase classname="Sockets should associate socket to the user" name="Sockets should associate socket to the user" time="0.111">
      <failure>Error: Failed: null
    at Env.it (/Users/jplozgom/Documents/jp/labWeb/cmu/semestre1/FSE/team_SA1_ESN/node_modules/jest-jasmine2/build/jasmineAsyncInstall.js:89:24)
    at test (/Users/jplozgom/Documents/jp/labWeb/cmu/semestre1/FSE/team_SA1_ESN/node_modules/jest-jasmine2/build/jasmine/jasmineLight.js:117:21)
    at Suite.Object.&lt;anonymous&gt;.describe (/Users/jplozgom/Documents/jp/labWeb/cmu/semestre1/FSE/team_SA1_ESN/tests/models/user.test.js:590:5)
    at addSpecsToSuite (/Users/jplozgom/Documents/jp/labWeb/cmu/semestre1/FSE/team_SA1_ESN/node_modules/jest-jasmine2/build/jasmine/Env.js:444:51)
    at Env.describe (/Users/jplozgom/Documents/jp/labWeb/cmu/semestre1/FSE/team_SA1_ESN/node_modules/jest-jasmine2/build/jasmine/Env.js:414:11)
    at describe (/Users/jplozgom/Documents/jp/labWeb/cmu/semestre1/FSE/team_SA1_ESN/node_modules/jest-jasmine2/build/jasmine/jasmineLight.js:105:18)
    at Object.&lt;anonymous&gt; (/Users/jplozgom/Documents/jp/labWeb/cmu/semestre1/FSE/team_SA1_ESN/tests/models/user.test.js:583:1)
    at Runtime._execModule (/Users/jplozgom/Documents/jp/labWeb/cmu/semestre1/FSE/team_SA1_ESN/node_modules/jest-runtime/build/index.js:1034:22)
    at Runtime._loadModule (/Users/jplozgom/Documents/jp/labWeb/cmu/semestre1/FSE/team_SA1_ESN/node_modules/jest-runtime/build/index.js:678:12)
    at Runtime.requireModule (/Users/jplozgom/Documents/jp/labWeb/cmu/semestre1/FSE/team_SA1_ESN/node_modules/jest-runtime/build/index.js:536:10)</failure>
    </testcase>
    <testcase classname="Sockets should remove socket associated to an user" name="Sockets should remove socket associated to an user" time="0.119">
      <failure>Error: Failed: null
    at Env.it (/Users/jplozgom/Documents/jp/labWeb/cmu/semestre1/FSE/team_SA1_ESN/node_modules/jest-jasmine2/build/jasmineAsyncInstall.js:89:24)
    at test (/Users/jplozgom/Documents/jp/labWeb/cmu/semestre1/FSE/team_SA1_ESN/node_modules/jest-jasmine2/build/jasmine/jasmineLight.js:117:21)
    at Suite.Object.&lt;anonymous&gt;.describe (/Users/jplozgom/Documents/jp/labWeb/cmu/semestre1/FSE/team_SA1_ESN/tests/models/user.test.js:595:5)
    at addSpecsToSuite (/Users/jplozgom/Documents/jp/labWeb/cmu/semestre1/FSE/team_SA1_ESN/node_modules/jest-jasmine2/build/jasmine/Env.js:444:51)
    at Env.describe (/Users/jplozgom/Documents/jp/labWeb/cmu/semestre1/FSE/team_SA1_ESN/node_modules/jest-jasmine2/build/jasmine/Env.js:414:11)
    at describe (/Users/jplozgom/Documents/jp/labWeb/cmu/semestre1/FSE/team_SA1_ESN/node_modules/jest-jasmine2/build/jasmine/jasmineLight.js:105:18)
    at Object.&lt;anonymous&gt; (/Users/jplozgom/Documents/jp/labWeb/cmu/semestre1/FSE/team_SA1_ESN/tests/models/user.test.js:583:1)
    at Runtime._execModule (/Users/jplozgom/Documents/jp/labWeb/cmu/semestre1/FSE/team_SA1_ESN/node_modules/jest-runtime/build/index.js:1034:22)
    at Runtime._loadModule (/Users/jplozgom/Documents/jp/labWeb/cmu/semestre1/FSE/team_SA1_ESN/node_modules/jest-runtime/build/index.js:678:12)
    at Runtime.requireModule (/Users/jplozgom/Documents/jp/labWeb/cmu/semestre1/FSE/team_SA1_ESN/node_modules/jest-runtime/build/index.js:536:10)</failure>
    </testcase>
    <testcase classname="Sockets should reject a promis if socket id doesnt exist" name="Sockets should reject a promis if socket id doesnt exist" time="0.111">
      <failure>Error: expect(received).rejects.toBe(expected) // Object.is equality

Expected: &quot;Socket does not exist&quot;
Received: null
    at Object.toBe (/Users/jplozgom/Documents/jp/labWeb/cmu/semestre1/FSE/team_SA1_ESN/node_modules/expect/build/index.js:274:20)
    at Object.test (/Users/jplozgom/Documents/jp/labWeb/cmu/semestre1/FSE/team_SA1_ESN/tests/models/user.test.js:602:68)
    at Object.asyncJestTest (/Users/jplozgom/Documents/jp/labWeb/cmu/semestre1/FSE/team_SA1_ESN/node_modules/jest-jasmine2/build/jasmineAsyncInstall.js:100:37)
    at resolve (/Users/jplozgom/Documents/jp/labWeb/cmu/semestre1/FSE/team_SA1_ESN/node_modules/jest-jasmine2/build/queueRunner.js:43:12)
    at new Promise (&lt;anonymous&gt;)
    at mapper (/Users/jplozgom/Documents/jp/labWeb/cmu/semestre1/FSE/team_SA1_ESN/node_modules/jest-jasmine2/build/queueRunner.js:26:19)
    at promise.then (/Users/jplozgom/Documents/jp/labWeb/cmu/semestre1/FSE/team_SA1_ESN/node_modules/jest-jasmine2/build/queueRunner.js:73:41)
    at &lt;anonymous&gt;
    at process._tickCallback (internal/process/next_tick.js:189:7)</failure>
    </testcase>
    <testcase classname="Chat message count should increase count" name="Chat message count should increase count" time="0.232">
      <failure>CastError: Cast to ObjectId failed for value &quot;true&quot; at path &quot;_id&quot; for model &quot;User&quot;
    at new CastError (/Users/jplozgom/Documents/jp/labWeb/cmu/semestre1/FSE/team_SA1_ESN/node_modules/mongoose/lib/error/cast.js:39:11)
    at ObjectId.Object.&lt;anonymous&gt;.ObjectId.cast (/Users/jplozgom/Documents/jp/labWeb/cmu/semestre1/FSE/team_SA1_ESN/node_modules/mongoose/lib/schema/objectid.js:269:11)
    at ObjectId.Object.&lt;anonymous&gt;.SchemaType.applySetters (/Users/jplozgom/Documents/jp/labWeb/cmu/semestre1/FSE/team_SA1_ESN/node_modules/mongoose/lib/schematype.js:1010:12)
    at ObjectId.Object.&lt;anonymous&gt;.SchemaType._castForQuery (/Users/jplozgom/Documents/jp/labWeb/cmu/semestre1/FSE/team_SA1_ESN/node_modules/mongoose/lib/schematype.js:1424:15)
    at ObjectId.Object.&lt;anonymous&gt;.SchemaType.castForQuery (/Users/jplozgom/Documents/jp/labWeb/cmu/semestre1/FSE/team_SA1_ESN/node_modules/mongoose/lib/schematype.js:1414:15)
    at ObjectId.Object.&lt;anonymous&gt;.SchemaType.castForQueryWrapper (/Users/jplozgom/Documents/jp/labWeb/cmu/semestre1/FSE/team_SA1_ESN/node_modules/mongoose/lib/schematype.js:1393:15)
    at cast (/Users/jplozgom/Documents/jp/labWeb/cmu/semestre1/FSE/team_SA1_ESN/node_modules/mongoose/lib/cast.js:315:32)
    at model.Query.Object.&lt;anonymous&gt;.Query.cast (/Users/jplozgom/Documents/jp/labWeb/cmu/semestre1/FSE/team_SA1_ESN/node_modules/mongoose/lib/query.js:4685:12)
    at model.Query.Object.&lt;anonymous&gt;.Query._castConditions (/Users/jplozgom/Documents/jp/labWeb/cmu/semestre1/FSE/team_SA1_ESN/node_modules/mongoose/lib/query.js:1862:10)
    at model.Query.&lt;anonymous&gt; (/Users/jplozgom/Documents/jp/labWeb/cmu/semestre1/FSE/team_SA1_ESN/node_modules/mongoose/lib/query.js:2117:8)
    at model.Query._wrappedThunk [as _findOne] (/Users/jplozgom/Documents/jp/labWeb/cmu/semestre1/FSE/team_SA1_ESN/node_modules/mongoose/lib/helpers/query/wrapThunk.js:16:8)
    at process.nextTick (/Users/jplozgom/Documents/jp/labWeb/cmu/semestre1/FSE/team_SA1_ESN/node_modules/kareem/index.js:369:33)
    at _combinedTickCallback (internal/process/next_tick.js:132:7)
    at process._tickCallback (internal/process/next_tick.js:181:9)</failure>
    </testcase>
  </testsuite>
  <testsuite name="Testing Resource creeation  API" errors="0" failures="3" skipped="0" timestamp="2020-04-16T00:06:58" time="1.993" tests="3">
    <testcase classname="Testing Resource creeation  API Should create an resource" name="Testing Resource creeation  API Should create an resource" time="0.184">
      <failure>Error: .field(name, val) val can not be empty
    at Request.field (/Users/jplozgom/Documents/jp/labWeb/cmu/semestre1/FSE/team_SA1_ESN/node_modules/superagent/src/request-base.js:435:11)
    at Request.field (/Users/jplozgom/Documents/jp/labWeb/cmu/semestre1/FSE/team_SA1_ESN/node_modules/superagent/src/request-base.js:418:14)
    at Object.test (/Users/jplozgom/Documents/jp/labWeb/cmu/semestre1/FSE/team_SA1_ESN/tests/api/resources.test.js:87:14)
    at Object.asyncJestTest (/Users/jplozgom/Documents/jp/labWeb/cmu/semestre1/FSE/team_SA1_ESN/node_modules/jest-jasmine2/build/jasmineAsyncInstall.js:100:37)
    at resolve (/Users/jplozgom/Documents/jp/labWeb/cmu/semestre1/FSE/team_SA1_ESN/node_modules/jest-jasmine2/build/queueRunner.js:43:12)
    at new Promise (&lt;anonymous&gt;)
    at mapper (/Users/jplozgom/Documents/jp/labWeb/cmu/semestre1/FSE/team_SA1_ESN/node_modules/jest-jasmine2/build/queueRunner.js:26:19)
    at promise.then (/Users/jplozgom/Documents/jp/labWeb/cmu/semestre1/FSE/team_SA1_ESN/node_modules/jest-jasmine2/build/queueRunner.js:73:41)
    at &lt;anonymous&gt;
    at process._tickCallback (internal/process/next_tick.js:189:7)</failure>
      <failure>Error: expect.assertions(1)

Expected one assertion to be called but received zero assertion calls.
    at Object.test (/Users/jplozgom/Documents/jp/labWeb/cmu/semestre1/FSE/team_SA1_ESN/tests/api/resources.test.js:66:16)
    at Object.asyncJestTest (/Users/jplozgom/Documents/jp/labWeb/cmu/semestre1/FSE/team_SA1_ESN/node_modules/jest-jasmine2/build/jasmineAsyncInstall.js:100:37)
    at resolve (/Users/jplozgom/Documents/jp/labWeb/cmu/semestre1/FSE/team_SA1_ESN/node_modules/jest-jasmine2/build/queueRunner.js:43:12)
    at new Promise (&lt;anonymous&gt;)
    at mapper (/Users/jplozgom/Documents/jp/labWeb/cmu/semestre1/FSE/team_SA1_ESN/node_modules/jest-jasmine2/build/queueRunner.js:26:19)
    at promise.then (/Users/jplozgom/Documents/jp/labWeb/cmu/semestre1/FSE/team_SA1_ESN/node_modules/jest-jasmine2/build/queueRunner.js:73:41)
    at &lt;anonymous&gt;
    at process._tickCallback (internal/process/next_tick.js:189:7)</failure>
    </testcase>
    <testcase classname="Testing searching Resources  API Should return one specific resource" name="Testing searching Resources  API Should return one specific resource" time="0.185">
      <failure>Error: .field(name, val) val can not be empty
    at Request.field (/Users/jplozgom/Documents/jp/labWeb/cmu/semestre1/FSE/team_SA1_ESN/node_modules/superagent/src/request-base.js:435:11)
    at Request.field (/Users/jplozgom/Documents/jp/labWeb/cmu/semestre1/FSE/team_SA1_ESN/node_modules/superagent/src/request-base.js:418:14)
    at Object.beforeEach (/Users/jplozgom/Documents/jp/labWeb/cmu/semestre1/FSE/team_SA1_ESN/tests/api/resources.test.js:118:14)
    at Object.asyncJestLifecycle (/Users/jplozgom/Documents/jp/labWeb/cmu/semestre1/FSE/team_SA1_ESN/node_modules/jest-jasmine2/build/jasmineAsyncInstall.js:53:37)
    at resolve (/Users/jplozgom/Documents/jp/labWeb/cmu/semestre1/FSE/team_SA1_ESN/node_modules/jest-jasmine2/build/queueRunner.js:43:12)
    at new Promise (&lt;anonymous&gt;)
    at mapper (/Users/jplozgom/Documents/jp/labWeb/cmu/semestre1/FSE/team_SA1_ESN/node_modules/jest-jasmine2/build/queueRunner.js:26:19)
    at promise.then (/Users/jplozgom/Documents/jp/labWeb/cmu/semestre1/FSE/team_SA1_ESN/node_modules/jest-jasmine2/build/queueRunner.js:73:41)
    at &lt;anonymous&gt;
    at process._tickCallback (internal/process/next_tick.js:189:7)</failure>
      <failure>Error: Unprocessable Entity
    at Request.callback (/Users/jplozgom/Documents/jp/labWeb/cmu/semestre1/FSE/team_SA1_ESN/node_modules/superagent/src/node/index.js:867:15)
    at IncomingMessage.&lt;anonymous&gt; (/Users/jplozgom/Documents/jp/labWeb/cmu/semestre1/FSE/team_SA1_ESN/node_modules/superagent/src/node/index.js:1117:18)
    at emitNone (events.js:111:20)
    at IncomingMessage.emit (events.js:208:7)
    at endReadableNT (_stream_readable.js:1064:12)
    at _combinedTickCallback (internal/process/next_tick.js:139:11)
    at process._tickCallback (internal/process/next_tick.js:181:9)</failure>
      <failure>Error: expect.assertions(1)

Expected one assertion to be called but received zero assertion calls.
    at Object.test (/Users/jplozgom/Documents/jp/labWeb/cmu/semestre1/FSE/team_SA1_ESN/tests/api/resources.test.js:156:16)
    at Object.asyncJestTest (/Users/jplozgom/Documents/jp/labWeb/cmu/semestre1/FSE/team_SA1_ESN/node_modules/jest-jasmine2/build/jasmineAsyncInstall.js:100:37)
    at resolve (/Users/jplozgom/Documents/jp/labWeb/cmu/semestre1/FSE/team_SA1_ESN/node_modules/jest-jasmine2/build/queueRunner.js:43:12)
    at new Promise (&lt;anonymous&gt;)
    at mapper (/Users/jplozgom/Documents/jp/labWeb/cmu/semestre1/FSE/team_SA1_ESN/node_modules/jest-jasmine2/build/queueRunner.js:26:19)
    at promise.then (/Users/jplozgom/Documents/jp/labWeb/cmu/semestre1/FSE/team_SA1_ESN/node_modules/jest-jasmine2/build/queueRunner.js:73:41)
    at &lt;anonymous&gt;
    at process._tickCallback (internal/process/next_tick.js:189:7)</failure>
    </testcase>
    <testcase classname="Testing searching Resources  API Should return all resource" name="Testing searching Resources  API Should return all resource" time="0.133">
      <failure>Error: .field(name, val) val can not be empty
[...]
    at emitNone (events.js:111:20)
    at IncomingMessage.emit (events.js:208:7)
    at endReadableNT (_stream_readable.js:1064:12)
    at _combinedTickCallback (internal/process/next_tick.js:139:11)
    at process._tickCallback (internal/process/next_tick.js:181:9)</failure>
      <failure>Error: expect.assertions(1)

Expected one assertion to be called but received zero assertion calls.
    at Object.test (/Users/jplozgom/Documents/jp/labWeb/cmu/semestre1/FSE/team_SA1_ESN/tests/api/emergencyStatus.test.js:63:16)
    at Object.asyncJestTest (/Users/jplozgom/Documents/jp/labWeb/cmu/semestre1/FSE/team_SA1_ESN/node_modules/jest-jasmine2/build/jasmineAsyncInstall.js:100:37)
    at resolve (/Users/jplozgom/Documents/jp/labWeb/cmu/semestre1/FSE/team_SA1_ESN/node_modules/jest-jasmine2/build/queueRunner.js:43:12)
    at new Promise (&lt;anonymous&gt;)
    at mapper (/Users/jplozgom/Documents/jp/labWeb/cmu/semestre1/FSE/team_SA1_ESN/node_modules/jest-jasmine2/build/queueRunner.js:26:19)
    at promise.then (/Users/jplozgom/Documents/jp/labWeb/cmu/semestre1/FSE/team_SA1_ESN/node_modules/jest-jasmine2/build/queueRunner.js:73:41)
    at &lt;anonymous&gt;
    at process._tickCallback (internal/process/next_tick.js:189:7)</failure>
    </testcase>
    <testcase classname="emergency status detail API test User updates emergency status location description" name="emergency status detail API test User updates emergency status location description" time="0.016">
      <failure>Error: Internal Server Error
    at Request.callback (/Users/jplozgom/Documents/jp/labWeb/cmu/semestre1/FSE/team_SA1_ESN/node_modules/superagent/src/node/index.js:867:15)
    at fn (/Users/jplozgom/Documents/jp/labWeb/cmu/semestre1/FSE/team_SA1_ESN/node_modules/superagent/src/node/index.js:1117:18)
    at IncomingMessage.&lt;anonymous&gt; (/Users/jplozgom/Documents/jp/labWeb/cmu/semestre1/FSE/team_SA1_ESN/node_modules/superagent/src/node/parsers/json.js:19:7)
    at emitNone (events.js:111:20)
    at IncomingMessage.emit (events.js:208:7)
    at endReadableNT (_stream_readable.js:1064:12)
    at _combinedTickCallback (internal/process/next_tick.js:139:11)
    at process._tickCallback (internal/process/next_tick.js:181:9)</failure>
      <failure>Error: expect.assertions(1)

Expected one assertion to be called but received zero assertion calls.
    at Object.test (/Users/jplozgom/Documents/jp/labWeb/cmu/semestre1/FSE/team_SA1_ESN/tests/api/emergencyStatus.test.js:75:16)
    at Object.asyncJestTest (/Users/jplozgom/Documents/jp/labWeb/cmu/semestre1/FSE/team_SA1_ESN/node_modules/jest-jasmine2/build/jasmineAsyncInstall.js:100:37)
    at resolve (/Users/jplozgom/Documents/jp/labWeb/cmu/semestre1/FSE/team_SA1_ESN/node_modules/jest-jasmine2/build/queueRunner.js:43:12)
    at new Promise (&lt;anonymous&gt;)
    at mapper (/Users/jplozgom/Documents/jp/labWeb/cmu/semestre1/FSE/team_SA1_ESN/node_modules/jest-jasmine2/build/queueRunner.js:26:19)
    at promise.then (/Users/jplozgom/Documents/jp/labWeb/cmu/semestre1/FSE/team_SA1_ESN/node_modules/jest-jasmine2/build/queueRunner.js:73:41)
    at &lt;anonymous&gt;
    at process._tickCallback (internal/process/next_tick.js:189:7)</failure>
    </testcase>
    <testcase classname="emergency status detail API test User gets emergency status brief description" name="emergency status detail API test User gets emergency status brief description" time="0.02">
      <failure>Error: Internal Server Error
    at Request.callback (/Users/jplozgom/Documents/jp/labWeb/cmu/semestre1/FSE/team_SA1_ESN/node_modules/superagent/src/node/index.js:867:15)
    at fn (/Users/jplozgom/Documents/jp/labWeb/cmu/semestre1/FSE/team_SA1_ESN/node_modules/superagent/src/node/index.js:1117:18)
    at IncomingMessage.&lt;anonymous&gt; (/Users/jplozgom/Documents/jp/labWeb/cmu/semestre1/FSE/team_SA1_ESN/node_modules/superagent/src/node/parsers/json.js:19:7)
    at emitNone (events.js:111:20)
    at IncomingMessage.emit (events.js:208:7)
    at endReadableNT (_stream_readable.js:1064:12)
    at _combinedTickCallback (internal/process/next_tick.js:139:11)
    at process._tickCallback (internal/process/next_tick.js:181:9)</failure>
      <failure>Error: expect.assertions(1)

Expected one assertion to be called but received zero assertion calls.
    at Object.test (/Users/jplozgom/Documents/jp/labWeb/cmu/semestre1/FSE/team_SA1_ESN/tests/api/emergencyStatus.test.js:87:16)
    at Object.asyncJestTest (/Users/jplozgom/Documents/jp/labWeb/cmu/semestre1/FSE/team_SA1_ESN/node_modules/jest-jasmine2/build/jasmineAsyncInstall.js:100:37)
    at resolve (/Users/jplozgom/Documents/jp/labWeb/cmu/semestre1/FSE/team_SA1_ESN/node_modules/jest-jasmine2/build/queueRunner.js:43:12)
    at new Promise (&lt;anonymous&gt;)
    at mapper (/Users/jplozgom/Documents/jp/labWeb/cmu/semestre1/FSE/team_SA1_ESN/node_modules/jest-jasmine2/build/queueRunner.js:26:19)
    at promise.then (/Users/jplozgom/Documents/jp/labWeb/cmu/semestre1/FSE/team_SA1_ESN/node_modules/jest-jasmine2/build/queueRunner.js:73:41)
    at &lt;anonymous&gt;
    at process._tickCallback (internal/process/next_tick.js:189:7)</failure>
    </testcase>
    <testcase classname="emergency status detail API test User gets emergency status location description" name="emergency status detail API test User gets emergency status location description" time="0.019">
      <failure>Error: Internal Server Error
    at Request.callback (/Users/jplozgom/Documents/jp/labWeb/cmu/semestre1/FSE/team_SA1_ESN/node_modules/superagent/src/node/index.js:867:15)
    at fn (/Users/jplozgom/Documents/jp/labWeb/cmu/semestre1/FSE/team_SA1_ESN/node_modules/superagent/src/node/index.js:1117:18)
    at IncomingMessage.&lt;anonymous&gt; (/Users/jplozgom/Documents/jp/labWeb/cmu/semestre1/FSE/team_SA1_ESN/node_modules/superagent/src/node/parsers/json.js:19:7)
    at emitNone (events.js:111:20)
    at IncomingMessage.emit (events.js:208:7)
    at endReadableNT (_stream_readable.js:1064:12)
    at _combinedTickCallback (internal/process/next_tick.js:139:11)
    at process._tickCallback (internal/process/next_tick.js:181:9)</failure>
      <failure>Error: expect.assertions(1)

Expected one assertion to be called but received zero assertion calls.
    at Object.test (/Users/jplozgom/Documents/jp/labWeb/cmu/semestre1/FSE/team_SA1_ESN/tests/api/emergencyStatus.test.js:99:16)
    at Object.asyncJestTest (/Users/jplozgom/Documents/jp/labWeb/cmu/semestre1/FSE/team_SA1_ESN/node_modules/jest-jasmine2/build/jasmineAsyncInstall.js:100:37)
    at resolve (/Users/jplozgom/Documents/jp/labWeb/cmu/semestre1/FSE/team_SA1_ESN/node_modules/jest-jasmine2/build/queueRunner.js:43:12)
    at new Promise (&lt;anonymous&gt;)
    at mapper (/Users/jplozgom/Documents/jp/labWeb/cmu/semestre1/FSE/team_SA1_ESN/node_modules/jest-jasmine2/build/queueRunner.js:26:19)
    at promise.then (/Users/jplozgom/Documents/jp/labWeb/cmu/semestre1/FSE/team_SA1_ESN/node_modules/jest-jasmine2/build/queueRunner.js:73:41)
    at &lt;anonymous&gt;
    at process._tickCallback (internal/process/next_tick.js:189:7)</failure>
    </testcase>
    <testcase classname="picture and description API test User adds a picture and discription description" name="picture and description API test User adds a picture and discription description" time="0.073">
      <failure>Error: Internal Server Error
    at Request.callback (/Users/jplozgom/Documents/jp/labWeb/cmu/semestre1/FSE/team_SA1_ESN/node_modules/superagent/src/node/index.js:867:15)
    at fn (/Users/jplozgom/Documents/jp/labWeb/cmu/semestre1/FSE/team_SA1_ESN/node_modules/superagent/src/node/index.js:1117:18)
    at IncomingMessage.&lt;anonymous&gt; (/Users/jplozgom/Documents/jp/labWeb/cmu/semestre1/FSE/team_SA1_ESN/node_modules/superagent/src/node/parsers/json.js:19:7)
    at emitNone (events.js:111:20)
    at IncomingMessage.emit (events.js:208:7)
    at endReadableNT (_stream_readable.js:1064:12)
    at _combinedTickCallback (internal/process/next_tick.js:139:11)
    at process._tickCallback (internal/process/next_tick.js:181:9)</failure>
      <failure>Error: expect.assertions(1)

Expected one assertion to be called but received zero assertion calls.
    at Object.test (/Users/jplozgom/Documents/jp/labWeb/cmu/semestre1/FSE/team_SA1_ESN/tests/api/emergencyStatus.test.js:120:16)
    at Object.asyncJestTest (/Users/jplozgom/Documents/jp/labWeb/cmu/semestre1/FSE/team_SA1_ESN/node_modules/jest-jasmine2/build/jasmineAsyncInstall.js:100:37)
    at resolve (/Users/jplozgom/Documents/jp/labWeb/cmu/semestre1/FSE/team_SA1_ESN/node_modules/jest-jasmine2/build/queueRunner.js:43:12)
    at new Promise (&lt;anonymous&gt;)
    at mapper (/Users/jplozgom/Documents/jp/labWeb/cmu/semestre1/FSE/team_SA1_ESN/node_modules/jest-jasmine2/build/queueRunner.js:26:19)
    at promise.then (/Users/jplozgom/Documents/jp/labWeb/cmu/semestre1/FSE/team_SA1_ESN/node_modules/jest-jasmine2/build/queueRunner.js:73:41)
    at &lt;anonymous&gt;
    at process._tickCallback (internal/process/next_tick.js:189:7)</failure>
    </testcase>
    <testcase classname="picture and description API test User gets all picture and description" name="picture and description API test User gets all picture and description" time="0.022">
      <failure>Error: Internal Server Error
    at Request.callback (/Users/jplozgom/Documents/jp/labWeb/cmu/semestre1/FSE/team_SA1_ESN/node_modules/superagent/src/node/index.js:867:15)
    at fn (/Users/jplozgom/Documents/jp/labWeb/cmu/semestre1/FSE/team_SA1_ESN/node_modules/superagent/src/node/index.js:1117:18)
    at IncomingMessage.&lt;anonymous&gt; (/Users/jplozgom/Documents/jp/labWeb/cmu/semestre1/FSE/team_SA1_ESN/node_modules/superagent/src/node/parsers/json.js:19:7)
    at emitNone (events.js:111:20)
    at IncomingMessage.emit (events.js:208:7)
    at endReadableNT (_stream_readable.js:1064:12)
    at _combinedTickCallback (internal/process/next_tick.js:139:11)
    at process._tickCallback (internal/process/next_tick.js:181:9)</failure>
      <failure>Error: expect.assertions(1)

Expected one assertion to be called but received zero assertion calls.
    at Object.test (/Users/jplozgom/Documents/jp/labWeb/cmu/semestre1/FSE/team_SA1_ESN/tests/api/emergencyStatus.test.js:136:16)
    at Object.asyncJestTest (/Users/jplozgom/Documents/jp/labWeb/cmu/semestre1/FSE/team_SA1_ESN/node_modules/jest-jasmine2/build/jasmineAsyncInstall.js:100:37)
    at resolve (/Users/jplozgom/Documents/jp/labWeb/cmu/semestre1/FSE/team_SA1_ESN/node_modules/jest-jasmine2/build/queueRunner.js:43:12)
    at new Promise (&lt;anonymous&gt;)
    at mapper (/Users/jplozgom/Documents/jp/labWeb/cmu/semestre1/FSE/team_SA1_ESN/node_modules/jest-jasmine2/build/queueRunner.js:26:19)
    at promise.then (/Users/jplozgom/Documents/jp/labWeb/cmu/semestre1/FSE/team_SA1_ESN/node_modules/jest-jasmine2/build/queueRunner.js:73:41)
    at &lt;anonymous&gt;
    at process._tickCallback (internal/process/next_tick.js:189:7)</failure>
    </testcase>
    <testcase classname="picture and description API test User updates description of a picture" name="picture and description API test User updates description of a picture" time="0.019">
      <failure>Error: Internal Server Error
    at Request.callback (/Users/jplozgom/Documents/jp/labWeb/cmu/semestre1/FSE/team_SA1_ESN/node_modules/superagent/src/node/index.js:867:15)
    at fn (/Users/jplozgom/Documents/jp/labWeb/cmu/semestre1/FSE/team_SA1_ESN/node_modules/superagent/src/node/index.js:1117:18)
    at IncomingMessage.&lt;anonymous&gt; (/Users/jplozgom/Documents/jp/labWeb/cmu/semestre1/FSE/team_SA1_ESN/node_modules/superagent/src/node/parsers/json.js:19:7)
    at emitNone (events.js:111:20)
    at IncomingMessage.emit (events.js:208:7)
    at endReadableNT (_stream_readable.js:1064:12)
    at _combinedTickCallback (internal/process/next_tick.js:139:11)
    at process._tickCallback (internal/process/next_tick.js:181:9)</failure>
      <failure>Error: expect.assertions(1)

Expected one assertion to be called but received zero assertion calls.
    at Object.test (/Users/jplozgom/Documents/jp/labWeb/cmu/semestre1/FSE/team_SA1_ESN/tests/api/emergencyStatus.test.js:147:16)
    at Object.asyncJestTest (/Users/jplozgom/Documents/jp/labWeb/cmu/semestre1/FSE/team_SA1_ESN/node_modules/jest-jasmine2/build/jasmineAsyncInstall.js:100:37)
    at resolve (/Users/jplozgom/Documents/jp/labWeb/cmu/semestre1/FSE/team_SA1_ESN/node_modules/jest-jasmine2/build/queueRunner.js:43:12)
    at new Promise (&lt;anonymous&gt;)
    at mapper (/Users/jplozgom/Documents/jp/labWeb/cmu/semestre1/FSE/team_SA1_ESN/node_modules/jest-jasmine2/build/queueRunner.js:26:19)
    at promise.then (/Users/jplozgom/Documents/jp/labWeb/cmu/semestre1/FSE/team_SA1_ESN/node_modules/jest-jasmine2/build/queueRunner.js:73:41)
    at &lt;anonymous&gt;
    at process._tickCallback (internal/process/next_tick.js:189:7)</failure>
    </testcase>
    <testcase classname="picture and description API test User deletes a picture and description from db" name="picture and description API test User deletes a picture and description from db" time="0.019">
      <failure>Error: Internal Server Error
    at Request.callback (/Users/jplozgom/Documents/jp/labWeb/cmu/semestre1/FSE/team_SA1_ESN/node_modules/superagent/src/node/index.js:867:15)
    at fn (/Users/jplozgom/Documents/jp/labWeb/cmu/semestre1/FSE/team_SA1_ESN/node_modules/superagent/src/node/index.js:1117:18)
    at IncomingMessage.&lt;anonymous&gt; (/Users/jplozgom/Documents/jp/labWeb/cmu/semestre1/FSE/team_SA1_ESN/node_modules/superagent/src/node/parsers/json.js:19:7)
    at emitNone (events.js:111:20)
    at IncomingMessage.emit (events.js:208:7)
    at endReadableNT (_stream_readable.js:1064:12)
    at _combinedTickCallback (internal/process/next_tick.js:139:11)
    at process._tickCallback (internal/process/next_tick.js:181:9)</failure>
      <failure>Error: expect.assertions(1)

Expected one assertion to be called but received zero assertion calls.
    at Object.test (/Users/jplozgom/Documents/jp/labWeb/cmu/semestre1/FSE/team_SA1_ESN/tests/api/emergencyStatus.test.js:159:16)
    at Object.asyncJestTest (/Users/jplozgom/Documents/jp/labWeb/cmu/semestre1/FSE/team_SA1_ESN/node_modules/jest-jasmine2/build/jasmineAsyncInstall.js:100:37)
    at resolve (/Users/jplozgom/Documents/jp/labWeb/cmu/semestre1/FSE/team_SA1_ESN/node_modules/jest-jasmine2/build/queueRunner.js:43:12)
    at new Promise (&lt;anonymous&gt;)
    at mapper (/Users/jplozgom/Documents/jp/labWeb/cmu/semestre1/FSE/team_SA1_ESN/node_modules/jest-jasmine2/build/queueRunner.js:26:19)
    at promise.then (/Users/jplozgom/Documents/jp/labWeb/cmu/semestre1/FSE/team_SA1_ESN/node_modules/jest-jasmine2/build/queueRunner.js:73:41)
    at &lt;anonymous&gt;
    at process._tickCallback (internal/process/next_tick.js:189:7)</failure>
    </testcase>
  </testsuite>
  <testsuite name="Create Messages" errors="0" failures="0" skipped="0" timestamp="2020-04-16T00:07:08" time="1.133" tests="4">
    <testcase classname="Create Messages Create a new message in the database" name="Create Messages Create a new message in the database" time="0.07">
    </testcase>
    <testcase classname="Getting Messages getting messages from  the database" name="Getting Messages getting messages from  the database" time="0.076">
    </testcase>
    <testcase classname="Getting Messages find messages by normal keyword" name="Getting Messages find messages by normal keyword" time="0.061">
    </testcase>
    <testcase classname="Getting Messages find messages by stop-word" name="Getting Messages find messages by stop-word" time="0.039">
    </testcase>
  </testsuite>
  <testsuite name="Can creat an announcement" errors="0" failures="0" skipped="0" timestamp="2020-04-16T00:07:09" time="1.384" tests="4">
    <testcase classname="Can creat an announcement Should create an announcement" name="Can creat an announcement Should create an announcement" time="0.089">
    </testcase>
    <testcase classname="Can creat an announcement should reject announcement creation" name="Can creat an announcement should reject announcement creation" time="0.018">
    </testcase>
    <testcase classname="Can get announcements Getting all the announcement" name="Can get announcements Getting all the announcement" time="0.045">
    </testcase>
    <testcase classname="Can get announcements searching announcement by keyword" name="Can get announcements searching announcement by keyword" time="0.062">
    </testcase>
  </testsuite>
  <testsuite name="Creating a resource" errors="0" failures="0" skipped="0" timestamp="2020-04-16T00:07:10" time="1.058" tests="4">
    <testcase classname="Creating a resource Should create a resource " name="Creating a resource Should create a resource " time="0.103">
    </testcase>
    <testcase classname="Creating a resource Should validate require fields " name="Creating a resource Should validate require fields " time="0.009">
    </testcase>
    <testcase classname="Getting a resource Should get a resource previously inserted " name="Getting a resource Should get a resource previously inserted " time="0.047">
    </testcase>
    <testcase classname="Getting a resource Should get all the resource previously inserted " name="Getting a resource Should get all the resource previously inserted " time="0.058">
    </testcase>
  </testsuite>
  <testsuite name="principal" errors="0" failures="0" skipped="0" timestamp="2020-04-16T00:07:11" time="1.441" tests="3">
    <testcase classname="principal Creating Private Messages Create a new private chat message in the database" name="principal Creating Private Messages Create a new private chat message in the database" time="0.075">
    </testcase>
    <testcase classname="principal Getting Messages getting private  messages from  the database" name="principal Getting Messages getting private  messages from  the database" time="0.052">
    </testcase>
    <testcase classname="principal Search Messages getting private  messages from  the database" name="principal Search Messages getting private  messages from  the database" time="0.045">
    </testcase>
  </testsuite>
  <testsuite name="Emergency Status Detail" errors="0" failures="0" skipped="0" timestamp="2020-04-16T00:07:13" time="1.145" tests="8">
    <testcase classname="Emergency Status Detail Create a new emergency status detail in the database" name="Emergency Status Detail Create a new emergency status detail in the database" time="0.049">
    </testcase>
    <testcase classname="Emergency Status Detail Update emegency status detail - brief description" name="Emergency Status Detail Update emegency status detail - brief description" time="0.025">
    </testcase>
    <testcase classname="Emergency Status Detail Update emegency status detail - location description" name="Emergency Status Detail Update emegency status detail - location description" time="0.008">
    </testcase>
    <testcase classname="Emergency Status Detail get megency status detail" name="Emergency Status Detail get megency status detail" time="0.024">
    </testcase>
    <testcase classname="Picture and Description add a new picture and description in the database" name="Picture and Description add a new picture and description in the database" time="0.016">
    </testcase>
    <testcase classname="Picture and Description update picture description in the database" name="Picture and Description update picture description in the database" time="0.012">
    </testcase>
    <testcase classname="Picture and Description get picture and description in the database" name="Picture and Description get picture and description in the database" time="0.012">
    </testcase>
    <testcase classname="Picture and Description remove picture from the database" name="Picture and Description remove picture from the database" time="0.009">
    </testcase>
  </testsuite>
</testsuites>