<?xml version="1.0" encoding="UTF-8"?>
<testsuites name="jest tests" tests="4" failures="0" time="1.753">
  <testsuite name="Emergency Status Detail" errors="0" failures="0" skipped="0" timestamp="2020-04-13T12:12:31" time="1.683" tests="4">
    <testcase classname="Emergency Status Detail Create a new emergency status detail in the database" name="Emergency Status Detail Create a new emergency status detail in the database" time="0.043">
    </testcase>
    <testcase classname="Emergency Status Detail Update emegency status detail - brief description" name="Emergency Status Detail Update emegency status detail - brief description" time="0.011">
    </testcase>
    <testcase classname="Emergency Status Detail Update emegency status detail - location description" name="Emergency Status Detail Update emegency status detail - location description" time="0.003">
    </testcase>
    <testcase classname="Emergency Status Detail get megency status detail" name="Emergency Status Detail get megency status detail" time="0.004">
    </testcase>
  </testsuite>
</testsuites>