<?xml version="1.0" encoding="UTF-8"?>
<testsuites name="jest tests" tests="66" failures="3" time="6.643">
  <testsuite name="Create Messages" errors="0" failures="0" skipped="0" timestamp="2020-04-13T04:31:18" time="3.911" tests="4">
    <testcase classname="Create Messages Create a new message in the database" name="Create Messages Create a new message in the database" time="0.044">
    </testcase>
    <testcase classname="Getting Messages getting messages from  the database" name="Getting Messages getting messages from  the database" time="0.029">
    </testcase>
    <testcase classname="Getting Messages find messages by normal keyword" name="Getting Messages find messages by normal keyword" time="0.016">
    </testcase>
    <testcase classname="Getting Messages find messages by stop-word" name="Getting Messages find messages by stop-word" time="0.011">
    </testcase>
  </testsuite>
  <testsuite name="principal" errors="0" failures="0" skipped="0" timestamp="2020-04-13T04:31:18" time="3.816" tests="3">
    <testcase classname="principal Creating Private Messages Create a new private chat message in the database" name="principal Creating Private Messages Create a new private chat message in the database" time="0.061">
    </testcase>
    <testcase classname="principal Getting Messages getting private  messages from  the database" name="principal Getting Messages getting private  messages from  the database" time="0.023">
    </testcase>
    <testcase classname="principal Search Messages getting private  messages from  the database" name="principal Search Messages getting private  messages from  the database" time="0.02">
    </testcase>
  </testsuite>
  <testsuite name="Can creat an announcement" errors="0" failures="0" skipped="0" timestamp="2020-04-13T04:31:18" time="3.97" tests="4">
    <testcase classname="Can creat an announcement Should create an announcement" name="Can creat an announcement Should create an announcement" time="0.035">
    </testcase>
    <testcase classname="Can creat an announcement should reject announcement creation" name="Can creat an announcement should reject announcement creation" time="0.007">
    </testcase>
    <testcase classname="Can get announcements Getting all the announcement" name="Can get announcements Getting all the announcement" time="0.027">
    </testcase>
    <testcase classname="Can get announcements searching announcement by keyword" name="Can get announcements searching announcement by keyword" time="0.051">
    </testcase>
  </testsuite>
  <testsuite name="private chat messages API TEST" errors="0" failures="0" skipped="0" timestamp="2020-04-13T04:31:18" time="5.069" tests="8">
    <testcase classname="private chat messages API TEST Should create a new private msg" name="private chat messages API TEST Should create a new private msg" time="0.103">
    </testcase>
    <testcase classname="private chat messages API TEST Should get a list of private msg" name="private chat messages API TEST Should get a list of private msg" time="0.116">
    </testcase>
    <testcase classname="private chat messages API TEST Should search a list of private msg" name="private chat messages API TEST Should search a list of private msg" time="0.037">
    </testcase>
    <testcase classname="private chat messages API TEST Should not create a new private msg with an error input msg" name="private chat messages API TEST Should not create a new private msg with an error input msg" time="0">
    </testcase>
    <testcase classname="private chat messages API TEST Should not create a new private msg with an error input sender_user_id" name="private chat messages API TEST Should not create a new private msg with an error input sender_user_id" time="0.001">
    </testcase>
    <testcase classname="private chat messages API TEST Should not create a new private msg with an error input receiver_user_id" name="private chat messages API TEST Should not create a new private msg with an error input receiver_user_id" time="0">
    </testcase>
    <testcase classname="private chat messages API TEST Should not get a list of private msg with an error query" name="private chat messages API TEST Should not get a list of private msg with an error query" time="0.001">
    </testcase>
    <testcase classname="private chat messages API TEST Should not get a list of private msg with an error query receiver_user_id" name="private chat messages API TEST Should not get a list of private msg with an error query receiver_user_id" time="0">
    </testcase>
  </testsuite>
  <testsuite name="Create Announcement API" errors="0" failures="0" skipped="0" timestamp="2020-04-13T04:31:18" time="5.07" tests="3">
    <testcase classname="Create Announcement API Should create an announcement" name="Create Announcement API Should create an announcement" time="0.088">
    </testcase>
    <testcase classname="Get Announcement API Should get all the announcement" name="Get Announcement API Should get all the announcement" time="0.114">
    </testcase>
    <testcase classname="Get Announcement API Should get announcement filtered by keyword" name="Get Announcement API Should get announcement filtered by keyword" time="0.033">
    </testcase>
  </testsuite>
  <testsuite name="public chat messages API test" errors="0" failures="0" skipped="0" timestamp="2020-04-13T04:31:18" time="5.199" tests="8">
    <testcase classname="public chat messages API test User1 create a new public message" name="public chat messages API test User1 create a new public message" time="0.045">
    </testcase>
    <testcase classname="public chat messages API test User1 create a new public message with error" name="public chat messages API test User1 create a new public message with error" time="0">
    </testcase>
    <testcase classname="public chat messages API test User1 create a new public message with user id error" name="public chat messages API test User1 create a new public message with user id error" time="0.001">
    </testcase>
    <testcase classname="public chat messages API test User1 receive public message" name="public chat messages API test User1 receive public message" time="0.031">
    </testcase>
    <testcase classname="public chat messages API test User2 receive public message" name="public chat messages API test User2 receive public message" time="0.011">
    </testcase>
    <testcase classname="public chat messages API test User3 receive public message" name="public chat messages API test User3 receive public message" time="0.01">
    </testcase>
    <testcase classname="public chat messages API test User2 search with keyword" name="public chat messages API test User2 search with keyword" time="0.075">
    </testcase>
    <testcase classname="public chat messages API test User3 search with stop-word keyword" name="public chat messages API test User3 search with stop-word keyword" time="0.008">
    </testcase>
  </testsuite>
  <testsuite name="API USERS TEST" errors="0" failures="3" skipped="0" timestamp="2020-04-13T04:31:18" time="5.307" tests="10">
    <testcase classname="API USERS TEST Should insert  a new user" name="API USERS TEST Should insert  a new user" time="0.231">
    </testcase>
    <testcase classname="API USERS TEST Should not insert  a new user (empty fields)" name="API USERS TEST Should not insert  a new user (empty fields)" time="0.221">
    </testcase>
    <testcase classname="API USERS TEST Should get a list of users" name="API USERS TEST Should get a list of users" time="0.089">
      <failure>Error: expect(received).toBe(expected) // Object.is equality

Expected: 1
Received: 5
    at /Users/jameshuang304/Documents/CMU/FSE/s20-ESN-SA1/tests/api/users.test.js:76:41
    at processTicksAndRejections (internal/process/task_queues.js:97:5)
    at Object.&lt;anonymous&gt; (/Users/jameshuang304/Documents/CMU/FSE/s20-ESN-SA1/tests/api/users.test.js:70:9)</failure>
    </testcase>
    <testcase classname="API USERS TEST Should get a list of users filtered by keywords" name="API USERS TEST Should get a list of users filtered by keywords" time="0.103">
      <failure>Error: expect(received).toBe(expected) // Object.is equality

Expected: 1
Received: 3
    at /Users/jameshuang304/Documents/CMU/FSE/s20-ESN-SA1/tests/api/users.test.js:91:41
    at processTicksAndRejections (internal/process/task_queues.js:97:5)
    at Object.&lt;anonymous&gt; (/Users/jameshuang304/Documents/CMU/FSE/s20-ESN-SA1/tests/api/users.test.js:83:9)</failure>
    </testcase>
    <testcase classname="API USERS TEST Should get a list of users filtered by status" name="API USERS TEST Should get a list of users filtered by status" time="0.047">
      <failure>Error: expect(received).toBe(expected) // Object.is equality

Expected: 1
Received: 6
    at /Users/jameshuang304/Documents/CMU/FSE/s20-ESN-SA1/tests/api/users.test.js:104:41
    at processTicksAndRejections (internal/process/task_queues.js:97:5)
    at Object.&lt;anonymous&gt; (/Users/jameshuang304/Documents/CMU/FSE/s20-ESN-SA1/tests/api/users.test.js:97:9)</failure>
    </testcase>
    <testcase classname="API USERS TEST Should update user information (acknowledgement)" name="API USERS TEST Should update user information (acknowledgement)" time="0.029">
    </testcase>
    <testcase classname="API USERS TEST Should update user status" name="API USERS TEST Should update user status" time="0.009">
    </testcase>
    <testcase classname="API USERS TEST Should return an user" name="API USERS TEST Should return an user" time="0.008">
    </testcase>
    <testcase classname="Test Users with sockets should create relationshio between user and socket" name="Test Users with sockets should create relationshio between user and socket" time="0.092">
    </testcase>
    <testcase classname="Test Users with sockets should delete relationship between user and socket" name="Test Users with sockets should delete relationship between user and socket" time="0.088">
    </testcase>
  </testsuite>
  <testsuite name="User registration " errors="0" failures="0" skipped="0" timestamp="2020-04-13T04:31:18" time="6.126" tests="26">
    <testcase classname="User registration  should adds an User to the database" name="User registration  should adds an User to the database" time="0.106">
    </testcase>
    <testcase classname="Business Validations for user raise error validating username with less than 3 characters" name="Business Validations for user raise error validating username with less than 3 characters" time="0.004">
    </testcase>
    <testcase classname="Business Validations for user raise error validating paaswords with less than 4 characters" name="Business Validations for user raise error validating paaswords with less than 4 characters" time="0.005">
    </testcase>
    <testcase classname="Business Validations for user should pass validation for banned user names" name="Business Validations for user should pass validation for banned user names" time="0.003">
    </testcase>
    <testcase classname="Business Validations for user should send an error for banned user names" name="Business Validations for user should send an error for banned user names" time="0.002">
    </testcase>
    <testcase classname="Business Validations for user should validate user names previously registered" name="Business Validations for user should validate user names previously registered" time="0.099">
    </testcase>
    <testcase classname="Business Validations for user should validate user names not registered" name="Business Validations for user should validate user names not registered" time="0.005">
    </testcase>
    <testcase classname="User password validations, should password match with the database password" name="User password validations, should password match with the database password" time="0.126">
    </testcase>
    <testcase classname="User password validations, should send an error message validating password,  password not matching" name="User password validations, should send an error message validating password,  password not matching" time="0.128">
    </testcase>
    <testcase classname="User password validations, should send an error message validation password,  user not exist" name="User password validations, should send an error message validation password,  user not exist" time="0.126">
    </testcase>
    <testcase classname="Searching for a user previously inserted searching a user by the username" name="Searching for a user previously inserted searching a user by the username" time="0.075">
    </testcase>
    <testcase classname="Searching for a user previously inserted update data of the user" name="Searching for a user previously inserted update data of the user" time="0.065">
    </testcase>
    <testcase classname="Searching for a user previously inserted update user status (specific status method)" name="Searching for a user previously inserted update user status (specific status method)" time="0.062">
    </testcase>
    <testcase classname="Searching for a user previously inserted searching a user by the id " name="Searching for a user previously inserted searching a user by the id " time="0.064">
    </testcase>
    <testcase classname="get all users ordered by online status and username get users ordered" name="get all users ordered by online status and username get users ordered" time="0.182">
    </testcase>
    <testcase classname="search users by username get users by username search" name="search users by username get users by username search" time="0.232">
    </testcase>
    <testcase classname="search users by username get users by username search" name="search users by username get users by username search" time="0.195">
    </testcase>
    <testcase classname="search users by status get users by status OK" name="search users by status get users by status OK" time="0.191">
    </testcase>
    <testcase classname="search users by status get users by status UNDEFINED" name="search users by status get users by status UNDEFINED" time="0.188">
    </testcase>
    <testcase classname="Tokens should generate token for the user" name="Tokens should generate token for the user" time="0.064">
    </testcase>
    <testcase classname="Search for users by id should return  true if user exist" name="Search for users by id should return  true if user exist" time="0.06">
    </testcase>
    <testcase classname="Search for users by id should return false if user not exist" name="Search for users by id should return false if user not exist" time="0.002">
    </testcase>
    <testcase classname="Sockets should associate socket to the user" name="Sockets should associate socket to the user" time="0.065">
    </testcase>
    <testcase classname="Sockets should remove socket associated to an user" name="Sockets should remove socket associated to an user" time="0.065">
    </testcase>
    <testcase classname="Sockets should reject a promis if socket id doesnt exist" name="Sockets should reject a promis if socket id doesnt exist" time="0.068">
    </testcase>
    <testcase classname="Chat message count should increase count" name="Chat message count should increase count" time="0.118">
    </testcase>
  </testsuite>
</testsuites>