<?xml version="1.0" encoding="UTF-8"?>
<testsuites name="jest tests" tests="109" failures="0" time="35.677">
  <testsuite name="User registration " errors="0" failures="0" skipped="0" timestamp="2020-04-21T23:22:17" time="10.044" tests="40">
    <testcase classname="User registration  Registers a User to the database" name="User registration  Registers a User to the database" time="0.184">
    </testcase>
    <testcase classname="Business Validations for user raise error validating username with less than 3 characters" name="Business Validations for user raise error validating username with less than 3 characters" time="0.013">
    </testcase>
    <testcase classname="Business Validations for user raise error validating passwords with less than 4 characters" name="Business Validations for user raise error validating passwords with less than 4 characters" time="0.026">
    </testcase>
    <testcase classname="Business Validations for user should pass validation for banned user names" name="Business Validations for user should pass validation for banned user names" time="0.014">
    </testcase>
    <testcase classname="Business Validations for user should send an error for banned user names" name="Business Validations for user should send an error for banned user names" time="0.013">
    </testcase>
    <testcase classname="Business Validations for user should validate user names previously registered" name="Business Validations for user should validate user names previously registered" time="0.222">
    </testcase>
    <testcase classname="Business Validations for user should validate user names not registered" name="Business Validations for user should validate user names not registered" time="0.015">
    </testcase>
    <testcase classname="User password validations, should password match with the database password" name="User password validations, should password match with the database password" time="0.19">
    </testcase>
    <testcase classname="User password validations, should send an error message validating password,  password not matching" name="User password validations, should send an error message validating password,  password not matching" time="0.183">
    </testcase>
    <testcase classname="Searching and update operations on a user previously inserted searching a user by the username" name="Searching and update operations on a user previously inserted searching a user by the username" time="0.112">
    </testcase>
    <testcase classname="Searching and update operations on a user previously inserted update data of the user" name="Searching and update operations on a user previously inserted update data of the user" time="0.122">
    </testcase>
    <testcase classname="Searching and update operations on a user previously inserted update user status (specific status method)" name="Searching and update operations on a user previously inserted update user status (specific status method)" time="0.11">
    </testcase>
    <testcase classname="Searching and update operations on a user previously inserted searching a user by the id " name="Searching and update operations on a user previously inserted searching a user by the id " time="0.115">
    </testcase>
    <testcase classname="Update operations on a user - profile information and validation rules update data validation required fields - user info step 1 - empty data" name="Update operations on a user - profile information and validation rules update data validation required fields - user info step 1 - empty data" time="0.112">
    </testcase>
    <testcase classname="Update operations on a user - profile information and validation rules update data validation required fields - user info step 1 - missing some data" name="Update operations on a user - profile information and validation rules update data validation required fields - user info step 1 - missing some data" time="0.103">
    </testcase>
    <testcase classname="Update operations on a user - profile information and validation rules update data validation required fields - user info step 1 - all data, missing data treatment acceptance" name="Update operations on a user - profile information and validation rules update data validation required fields - user info step 1 - all data, missing data treatment acceptance" time="0.1">
    </testcase>
    <testcase classname="Update operations on a user - profile information and validation rules update data validation required fields - user info step 1 - all data, phone length" name="Update operations on a user - profile information and validation rules update data validation required fields - user info step 1 - all data, phone length" time="0.101">
    </testcase>
    <testcase classname="Update operations on a user - profile information and validation rules update data validation OK - user info step 1 - all data complete" name="Update operations on a user - profile information and validation rules update data validation OK - user info step 1 - all data complete" time="0.117">
    </testcase>
    <testcase classname="Update operations on a user - profile information and validation rules update data validation required fields - user info step 2 - blood type required" name="Update operations on a user - profile information and validation rules update data validation required fields - user info step 2 - blood type required" time="0.098">
    </testcase>
    <testcase classname="Update operations on a user - profile information and validation rules update data validation required fields - user info step 2 - data treatment medical info required" name="Update operations on a user - profile information and validation rules update data validation required fields - user info step 2 - data treatment medical info required" time="0.108">
    </testcase>
    <testcase classname="Update operations on a user - profile information and validation rules update data validation OK - user info step 2 - all data complete" name="Update operations on a user - profile information and validation rules update data validation OK - user info step 2 - all data complete" time="0.118">
    </testcase>
    <testcase classname="Update operations on a user - profile information and validation rules update data validation required fields - user info step 3 - security question and answer" name="Update operations on a user - profile information and validation rules update data validation required fields - user info step 3 - security question and answer" time="0.108">
    </testcase>
    <testcase classname="Update operations on a user - profile information and validation rules update data validation OK - user info step 3 - all data complete" name="Update operations on a user - profile information and validation rules update data validation OK - user info step 3 - all data complete" time="0.104">
    </testcase>
    <testcase classname="Test profile access for only authorized users NO ACCESS TO PROFILE - invalid must fail" name="Test profile access for only authorized users NO ACCESS TO PROFILE - invalid must fail" time="0.387">
    </testcase>
    <testcase classname="Test profile access for only authorized users ACCESS TO PROFILE, matching phone - must work" name="Test profile access for only authorized users ACCESS TO PROFILE, matching phone - must work" time="0.337">
    </testcase>
    <testcase classname="Test profile access for only authorized users ACCESS TO PERSONAL MESSAGE, WRONG ANSWER - must fail" name="Test profile access for only authorized users ACCESS TO PERSONAL MESSAGE, WRONG ANSWER - must fail" time="0.357">
    </testcase>
    <testcase classname="Test profile access for only authorized users ACCESS TO PERSONAL MESSAGE, matching phone AND RIGHT ANSWER - must work" name="Test profile access for only authorized users ACCESS TO PERSONAL MESSAGE, matching phone AND RIGHT ANSWER - must work" time="0.337">
    </testcase>
    <testcase classname="get all users ordered by online status and username get users ordered" name="get all users ordered by online status and username get users ordered" time="0.301">
    </testcase>
    <testcase classname="search users by username get users by username search" name="search users by username get users by username search" time="0.303">
    </testcase>
    <testcase classname="search users by username get users by username search" name="search users by username get users by username search" time="0.299">
    </testcase>
    <testcase classname="search users by status get users by status OK" name="search users by status get users by status OK" time="0.328">
    </testcase>
    <testcase classname="search users by status get users by status UNDEFINED" name="search users by status get users by status UNDEFINED" time="0.315">
    </testcase>
    <testcase classname="Tokens should generate token for the user" name="Tokens should generate token for the user" time="0.119">
    </testcase>
    <testcase classname="Search for users by id should return  true if user exist" name="Search for users by id should return  true if user exist" time="0.111">
    </testcase>
    <testcase classname="Search for users by id should return false if user not exist" name="Search for users by id should return false if user not exist" time="0.013">
    </testcase>
    <testcase classname="Sockets should associate socket to the user" name="Sockets should associate socket to the user" time="0.13">
    </testcase>
    <testcase classname="Sockets should remove socket associated to an user" name="Sockets should remove socket associated to an user" time="0.194">
    </testcase>
    <testcase classname="Sockets should reject a promise if socket id doesnt exist" name="Sockets should reject a promise if socket id doesnt exist" time="0.106">
    </testcase>
    <testcase classname="Chat message count &amp; spam report should increase count" name="Chat message count &amp; spam report should increase count" time="0.2">
    </testcase>
    <testcase classname="Chat message count &amp; spam report should increase count" name="Chat message count &amp; spam report should increase count" time="0.217">
    </testcase>
  </testsuite>
  <testsuite name="Emergency Status Detail" errors="0" failures="0" skipped="0" timestamp="2020-04-21T23:22:27" time="1.627" tests="8">
    <testcase classname="Emergency Status Detail Create a new emergency status detail in the database" name="Emergency Status Detail Create a new emergency status detail in the database" time="0.087">
    </testcase>
    <testcase classname="Emergency Status Detail Update emegency status detail - brief description" name="Emergency Status Detail Update emegency status detail - brief description" time="0.028">
    </testcase>
    <testcase classname="Emergency Status Detail Update emegency status detail - location description" name="Emergency Status Detail Update emegency status detail - location description" time="0.009">
    </testcase>
    <testcase classname="Emergency Status Detail get megency status detail" name="Emergency Status Detail get megency status detail" time="0.021">
    </testcase>
    <testcase classname="Picture and Description add a new picture and description in the database" name="Picture and Description add a new picture and description in the database" time="0.016">
    </testcase>
    <testcase classname="Picture and Description update picture description in the database" name="Picture and Description update picture description in the database" time="0.009">
    </testcase>
    <testcase classname="Picture and Description get picture and description in the database" name="Picture and Description get picture and description in the database" time="0.01">
    </testcase>
    <testcase classname="Picture and Description remove picture from the database" name="Picture and Description remove picture from the database" time="0.008">
    </testcase>
  </testsuite>
  <testsuite name="Creating a resource" errors="0" failures="0" skipped="0" timestamp="2020-04-21T23:22:29" time="1.184" tests="4">
    <testcase classname="Creating a resource Should create a resource " name="Creating a resource Should create a resource " time="0.073">
    </testcase>
    <testcase classname="Creating a resource Should validate require fields " name="Creating a resource Should validate require fields " time="0.014">
    </testcase>
    <testcase classname="Getting a resource Should get a resource previously inserted " name="Getting a resource Should get a resource previously inserted " time="0.07">
    </testcase>
    <testcase classname="Getting a resource Should get all the resource previously inserted " name="Getting a resource Should get all the resource previously inserted " time="0.052">
    </testcase>
  </testsuite>
  <testsuite name="principal" errors="0" failures="0" skipped="0" timestamp="2020-04-21T23:22:30" time="1.249" tests="3">
    <testcase classname="principal Creating Private Messages Create a new private chat message in the database" name="principal Creating Private Messages Create a new private chat message in the database" time="0.062">
    </testcase>
    <testcase classname="principal Getting Messages getting private  messages from  the database" name="principal Getting Messages getting private  messages from  the database" time="0.055">
    </testcase>
    <testcase classname="principal Search Messages getting private  messages from  the database" name="principal Search Messages getting private  messages from  the database" time="0.074">
    </testcase>
  </testsuite>
  <testsuite name="principal" errors="0" failures="0" skipped="0" timestamp="2020-04-21T23:22:31" time="0.95" tests="2">
    <testcase classname="principal Creating msg Spam Reports Create a new spam report in the database" name="principal Creating msg Spam Reports Create a new spam report in the database" time="0.066">
    </testcase>
    <testcase classname="principal Creating user Spam Reports Create a new user report in the database" name="principal Creating user Spam Reports Create a new user report in the database" time="0.047">
    </testcase>
  </testsuite>
  <testsuite name="Create Messages" errors="0" failures="0" skipped="0" timestamp="2020-04-21T23:22:32" time="1.338" tests="6">
    <testcase classname="Create Messages Create a new message in the database" name="Create Messages Create a new message in the database" time="0.067">
    </testcase>
    <testcase classname="Getting Messages getting messages from  the database" name="Getting Messages getting messages from  the database" time="0.046">
    </testcase>
    <testcase classname="Getting Messages find messages by normal keyword" name="Getting Messages find messages by normal keyword" time="0.043">
    </testcase>
    <testcase classname="Getting Messages find messages by stop-word" name="Getting Messages find messages by stop-word" time="0.034">
    </testcase>
    <testcase classname="Getting Messages find messages by id" name="Getting Messages find messages by id" time="0.033">
    </testcase>
    <testcase classname="Getting Messages set msg spam" name="Getting Messages set msg spam" time="0.028">
    </testcase>
  </testsuite>
  <testsuite name="Can creat an announcement" errors="0" failures="0" skipped="0" timestamp="2020-04-21T23:22:34" time="1.296" tests="4">
    <testcase classname="Can creat an announcement Should create an announcement" name="Can creat an announcement Should create an announcement" time="0.265">
    </testcase>
    <testcase classname="Can creat an announcement should reject announcement creation" name="Can creat an announcement should reject announcement creation" time="0.015">
    </testcase>
    <testcase classname="Can get announcements Getting all the announcement" name="Can get announcements Getting all the announcement" time="0.041">
    </testcase>
    <testcase classname="Can get announcements searching announcement by keyword" name="Can get announcements searching announcement by keyword" time="0.056">
    </testcase>
  </testsuite>
  <testsuite name="Create Announcement API" errors="0" failures="0" skipped="0" timestamp="2020-04-21T23:22:35" time="2.471" tests="3">
    <testcase classname="Create Announcement API Should create an announcement" name="Create Announcement API Should create an announcement" time="0.019">
    </testcase>
    <testcase classname="Get Announcement API Should get all the announcement" name="Get Announcement API Should get all the announcement" time="0.044">
    </testcase>
    <testcase classname="Get Announcement API Should get announcement filtered by keyword" name="Get Announcement API Should get announcement filtered by keyword" time="0.3">
    </testcase>
  </testsuite>
  <testsuite name="create spam report API TEST" errors="0" failures="0" skipped="0" timestamp="2020-04-21T23:22:38" time="1.525" tests="2">
    <testcase classname="create spam report API TEST user spam" name="create spam report API TEST user spam" time="0.067">
    </testcase>
    <testcase classname="create spam report API TEST msg spam" name="create spam report API TEST msg spam" time="0.044">
    </testcase>
  </testsuite>
  <testsuite name="emergency status detail API test" errors="0" failures="0" skipped="0" timestamp="2020-04-21T23:22:39" time="1.973" tests="8">
    <testcase classname="emergency status detail API test User updates emergency status brief description" name="emergency status detail API test User updates emergency status brief description" time="0.032">
    </testcase>
    <testcase classname="emergency status detail API test User updates emergency status location description" name="emergency status detail API test User updates emergency status location description" time="0.032">
    </testcase>
    <testcase classname="emergency status detail API test User gets emergency status brief description" name="emergency status detail API test User gets emergency status brief description" time="0.019">
    </testcase>
    <testcase classname="emergency status detail API test User gets emergency status location description" name="emergency status detail API test User gets emergency status location description" time="0.019">
    </testcase>
    <testcase classname="picture and description API test User adds a picture and discription description" name="picture and description API test User adds a picture and discription description" time="0.113">
    </testcase>
    <testcase classname="picture and description API test User gets all picture and description" name="picture and description API test User gets all picture and description" time="0.028">
    </testcase>
    <testcase classname="picture and description API test User updates description of a picture" name="picture and description API test User updates description of a picture" time="0.02">
    </testcase>
    <testcase classname="picture and description API test User deletes a picture and description from db" name="picture and description API test User deletes a picture and description from db" time="0.021">
    </testcase>
  </testsuite>
  <testsuite name="API USERS TEST" errors="0" failures="0" skipped="0" timestamp="2020-04-21T23:22:41" time="2.077" tests="10">
    <testcase classname="API USERS TEST Should insert  a new user" name="API USERS TEST Should insert  a new user" time="0.235">
    </testcase>
    <testcase classname="API USERS TEST Should not insert  a new user (empty fields)" name="API USERS TEST Should not insert  a new user (empty fields)" time="0.024">
    </testcase>
    <testcase classname="API USERS TEST Should get a list of users" name="API USERS TEST Should get a list of users" time="0.055">
    </testcase>
    <testcase classname="API USERS TEST Should get a list of users filtered by keywords" name="API USERS TEST Should get a list of users filtered by keywords" time="0.026">
    </testcase>
    <testcase classname="API USERS TEST Should get a list of users filtered by status" name="API USERS TEST Should get a list of users filtered by status" time="0.023">
    </testcase>
    <testcase classname="API USERS TEST Should update user information (acknowledgement)" name="API USERS TEST Should update user information (acknowledgement)" time="0.05">
    </testcase>
    <testcase classname="API USERS TEST Should update user status" name="API USERS TEST Should update user status" time="0.033">
    </testcase>
    <testcase classname="API USERS TEST Should return an user" name="API USERS TEST Should return an user" time="0.021">
    </testcase>
    <testcase classname="Test Users with sockets should create relationship between user and socket" name="Test Users with sockets should create relationship between user and socket" time="0.174">
    </testcase>
    <testcase classname="Test Users with sockets should delete relationship between user and socket" name="Test Users with sockets should delete relationship between user and socket" time="0.254">
    </testcase>
  </testsuite>
  <testsuite name="Testing Resource creeation  API" errors="0" failures="0" skipped="0" timestamp="2020-04-21T23:22:43" time="3.978" tests="3">
    <testcase classname="Testing Resource creeation  API Should create an resource" name="Testing Resource creeation  API Should create an resource" time="0.606">
    </testcase>
    <testcase classname="Testing searching Resources  API Should return one specific resource" name="Testing searching Resources  API Should return one specific resource" time="0.899">
    </testcase>
    <testcase classname="Testing searching Resources  API Should return all resource" name="Testing searching Resources  API Should return all resource" time="1.017">
    </testcase>
  </testsuite>
  <testsuite name="private chat messages API TEST" errors="0" failures="0" skipped="0" timestamp="2020-04-21T23:22:47" time="2.072" tests="8">
    <testcase classname="private chat messages API TEST Should create a new private msg" name="private chat messages API TEST Should create a new private msg" time="0.052">
    </testcase>
    <testcase classname="private chat messages API TEST Should get a list of private msg" name="private chat messages API TEST Should get a list of private msg" time="0.071">
    </testcase>
    <testcase classname="private chat messages API TEST Should search a list of private msg" name="private chat messages API TEST Should search a list of private msg" time="0.06">
    </testcase>
    <testcase classname="private chat messages API TEST Should not create a new private msg with an error input msg" name="private chat messages API TEST Should not create a new private msg with an error input msg" time="0.002">
    </testcase>
    <testcase classname="private chat messages API TEST Should not create a new private msg with an error input sender_user_id" name="private chat messages API TEST Should not create a new private msg with an error input sender_user_id" time="0.002">
    </testcase>
    <testcase classname="private chat messages API TEST Should not create a new private msg with an error input receiver_user_id" name="private chat messages API TEST Should not create a new private msg with an error input receiver_user_id" time="0.002">
    </testcase>
    <testcase classname="private chat messages API TEST Should not get a list of private msg with an error query" name="private chat messages API TEST Should not get a list of private msg with an error query" time="0.003">
    </testcase>
    <testcase classname="private chat messages API TEST Should not get a list of private msg with an error query receiver_user_id" name="private chat messages API TEST Should not get a list of private msg with an error query receiver_user_id" time="0.002">
    </testcase>
  </testsuite>
  <testsuite name="public chat messages API test" errors="0" failures="0" skipped="0" timestamp="2020-04-21T23:22:50" time="2.315" tests="8">
    <testcase classname="public chat messages API test User1 create a new public message" name="public chat messages API test User1 create a new public message" time="0.035">
    </testcase>
    <testcase classname="public chat messages API test User1 create a new public message with error" name="public chat messages API test User1 create a new public message with error" time="0.003">
    </testcase>
    <testcase classname="public chat messages API test User1 create a new public message with user id error" name="public chat messages API test User1 create a new public message with user id error" time="0.003">
    </testcase>
    <testcase classname="public chat messages API test User1 receive public message" name="public chat messages API test User1 receive public message" time="0.067">
    </testcase>
    <testcase classname="public chat messages API test User2 receive public message" name="public chat messages API test User2 receive public message" time="0.027">
    </testcase>
    <testcase classname="public chat messages API test User3 receive public message" name="public chat messages API test User3 receive public message" time="0.03">
    </testcase>
    <testcase classname="public chat messages API test User2 search with keyword" name="public chat messages API test User2 search with keyword" time="0.052">
    </testcase>
    <testcase classname="public chat messages API test User3 search with stop-word keyword" name="public chat messages API test User3 search with stop-word keyword" time="0.032">
    </testcase>
  </testsuite>
</testsuites>