<?xml version="1.0" encoding="UTF-8"?>
<testsuites name="jest tests" tests="10" failures="5" time="6.798">
  <testsuite name="API USERS TEST" errors="0" failures="5" skipped="0" timestamp="2020-04-18T01:16:43" time="5.937" tests="10">
    <testcase classname="API USERS TEST Should insert  a new user" name="API USERS TEST Should insert  a new user" time="0.414">
    </testcase>
    <testcase classname="API USERS TEST Should not insert  a new user (empty fields)" name="API USERS TEST Should not insert  a new user (empty fields)" time="0.043">
    </testcase>
    <testcase classname="API USERS TEST Should get a list of users" name="API USERS TEST Should get a list of users" time="0.046">
    </testcase>
    <testcase classname="API USERS TEST Should get a list of users filtered by keywords" name="API USERS TEST Should get a list of users filtered by keywords" time="0.046">
    </testcase>
    <testcase classname="API USERS TEST Should get a list of users filtered by status" name="API USERS TEST Should get a list of users filtered by status" time="0.048">
    </testcase>
    <testcase classname="API USERS TEST Should update user information (acknowledgement)" name="API USERS TEST Should update user information (acknowledgement)" time="0.084">
      <failure>Error: Unprocessable Entity
    at Request.callback (/Users/jplozgom/Documents/jp/labWeb/cmu/semestre1/FSE/team_SA1_ESN/node_modules/superagent/src/node/index.js:867:15)
    at fn (/Users/jplozgom/Documents/jp/labWeb/cmu/semestre1/FSE/team_SA1_ESN/node_modules/superagent/src/node/index.js:1117:18)
    at IncomingMessage.&lt;anonymous&gt; (/Users/jplozgom/Documents/jp/labWeb/cmu/semestre1/FSE/team_SA1_ESN/node_modules/superagent/src/node/parsers/json.js:19:7)
    at emitNone (events.js:111:20)
    at IncomingMessage.emit (events.js:208:7)
    at endReadableNT (_stream_readable.js:1064:12)
    at _combinedTickCallback (internal/process/next_tick.js:139:11)
    at process._tickCallback (internal/process/next_tick.js:181:9)</failure>
      <failure>Error: expect.assertions(1)

Expected one assertion to be called but received zero assertion calls.
    at Object.test (/Users/jplozgom/Documents/jp/labWeb/cmu/semestre1/FSE/team_SA1_ESN/tests/api/users.test.js:107:16)
    at Object.asyncJestTest (/Users/jplozgom/Documents/jp/labWeb/cmu/semestre1/FSE/team_SA1_ESN/node_modules/jest-jasmine2/build/jasmineAsyncInstall.js:100:37)
    at resolve (/Users/jplozgom/Documents/jp/labWeb/cmu/semestre1/FSE/team_SA1_ESN/node_modules/jest-jasmine2/build/queueRunner.js:43:12)
    at new Promise (&lt;anonymous&gt;)
    at mapper (/Users/jplozgom/Documents/jp/labWeb/cmu/semestre1/FSE/team_SA1_ESN/node_modules/jest-jasmine2/build/queueRunner.js:26:19)
    at promise.then (/Users/jplozgom/Documents/jp/labWeb/cmu/semestre1/FSE/team_SA1_ESN/node_modules/jest-jasmine2/build/queueRunner.js:73:41)
    at &lt;anonymous&gt;
    at process._tickCallback (internal/process/next_tick.js:189:7)</failure>
    </testcase>
    <testcase classname="API USERS TEST Should update user status" name="API USERS TEST Should update user status" time="0.023">
      <failure>Error: Unprocessable Entity
    at Request.callback (/Users/jplozgom/Documents/jp/labWeb/cmu/semestre1/FSE/team_SA1_ESN/node_modules/superagent/src/node/index.js:867:15)
    at fn (/Users/jplozgom/Documents/jp/labWeb/cmu/semestre1/FSE/team_SA1_ESN/node_modules/superagent/src/node/index.js:1117:18)
    at IncomingMessage.&lt;anonymous&gt; (/Users/jplozgom/Documents/jp/labWeb/cmu/semestre1/FSE/team_SA1_ESN/node_modules/superagent/src/node/parsers/json.js:19:7)
    at emitNone (events.js:111:20)
    at IncomingMessage.emit (events.js:208:7)
    at endReadableNT (_stream_readable.js:1064:12)
    at _combinedTickCallback (internal/process/next_tick.js:139:11)
    at process._tickCallback (internal/process/next_tick.js:181:9)</failure>
      <failure>Error: expect.assertions(1)

Expected one assertion to be called but received zero assertion calls.
    at Object.test (/Users/jplozgom/Documents/jp/labWeb/cmu/semestre1/FSE/team_SA1_ESN/tests/api/users.test.js:128:16)
    at Object.asyncJestTest (/Users/jplozgom/Documents/jp/labWeb/cmu/semestre1/FSE/team_SA1_ESN/node_modules/jest-jasmine2/build/jasmineAsyncInstall.js:100:37)
    at resolve (/Users/jplozgom/Documents/jp/labWeb/cmu/semestre1/FSE/team_SA1_ESN/node_modules/jest-jasmine2/build/queueRunner.js:43:12)
    at new Promise (&lt;anonymous&gt;)
    at mapper (/Users/jplozgom/Documents/jp/labWeb/cmu/semestre1/FSE/team_SA1_ESN/node_modules/jest-jasmine2/build/queueRunner.js:26:19)
    at promise.then (/Users/jplozgom/Documents/jp/labWeb/cmu/semestre1/FSE/team_SA1_ESN/node_modules/jest-jasmine2/build/queueRunner.js:73:41)
    at &lt;anonymous&gt;
    at process._tickCallback (internal/process/next_tick.js:189:7)</failure>
    </testcase>
    <testcase classname="API USERS TEST Should return an user" name="API USERS TEST Should return an user" time="0.049">
      <failure>Error: Internal Server Error
    at Request.callback (/Users/jplozgom/Documents/jp/labWeb/cmu/semestre1/FSE/team_SA1_ESN/node_modules/superagent/src/node/index.js:867:15)
    at fn (/Users/jplozgom/Documents/jp/labWeb/cmu/semestre1/FSE/team_SA1_ESN/node_modules/superagent/src/node/index.js:1117:18)
    at IncomingMessage.&lt;anonymous&gt; (/Users/jplozgom/Documents/jp/labWeb/cmu/semestre1/FSE/team_SA1_ESN/node_modules/superagent/src/node/parsers/json.js:19:7)
    at emitNone (events.js:111:20)
    at IncomingMessage.emit (events.js:208:7)
    at endReadableNT (_stream_readable.js:1064:12)
    at _combinedTickCallback (internal/process/next_tick.js:139:11)
    at process._tickCallback (internal/process/next_tick.js:181:9)</failure>
      <failure>Error: expect.assertions(1)

Expected one assertion to be called but received zero assertion calls.
    at Object.test (/Users/jplozgom/Documents/jp/labWeb/cmu/semestre1/FSE/team_SA1_ESN/tests/api/users.test.js:148:16)
    at Object.asyncJestTest (/Users/jplozgom/Documents/jp/labWeb/cmu/semestre1/FSE/team_SA1_ESN/node_modules/jest-jasmine2/build/jasmineAsyncInstall.js:100:37)
    at resolve (/Users/jplozgom/Documents/jp/labWeb/cmu/semestre1/FSE/team_SA1_ESN/node_modules/jest-jasmine2/build/queueRunner.js:43:12)
    at new Promise (&lt;anonymous&gt;)
    at mapper (/Users/jplozgom/Documents/jp/labWeb/cmu/semestre1/FSE/team_SA1_ESN/node_modules/jest-jasmine2/build/queueRunner.js:26:19)
    at promise.then (/Users/jplozgom/Documents/jp/labWeb/cmu/semestre1/FSE/team_SA1_ESN/node_modules/jest-jasmine2/build/queueRunner.js:73:41)
    at &lt;anonymous&gt;
    at process._tickCallback (internal/process/next_tick.js:189:7)</failure>
    </testcase>
    <testcase classname="Test Users with sockets should create relationshio between user and socket" name="Test Users with sockets should create relationshio between user and socket" time="0.196">
      <failure>Error: Internal Server Error
    at Request.callback (/Users/jplozgom/Documents/jp/labWeb/cmu/semestre1/FSE/team_SA1_ESN/node_modules/superagent/src/node/index.js:867:15)
    at fn (/Users/jplozgom/Documents/jp/labWeb/cmu/semestre1/FSE/team_SA1_ESN/node_modules/superagent/src/node/index.js:1117:18)
    at IncomingMessage.&lt;anonymous&gt; (/Users/jplozgom/Documents/jp/labWeb/cmu/semestre1/FSE/team_SA1_ESN/node_modules/superagent/src/node/parsers/json.js:19:7)
    at emitNone (events.js:111:20)
    at IncomingMessage.emit (events.js:208:7)
    at endReadableNT (_stream_readable.js:1064:12)
    at _combinedTickCallback (internal/process/next_tick.js:139:11)
    at process._tickCallback (internal/process/next_tick.js:181:9)</failure>
    </testcase>
    <testcase classname="Test Users with sockets should delete relationship between user and socket" name="Test Users with sockets should delete relationship between user and socket" time="0.202">
      <failure>Error: Internal Server Error
    at Request.callback (/Users/jplozgom/Documents/jp/labWeb/cmu/semestre1/FSE/team_SA1_ESN/node_modules/superagent/src/node/index.js:867:15)
    at fn (/Users/jplozgom/Documents/jp/labWeb/cmu/semestre1/FSE/team_SA1_ESN/node_modules/superagent/src/node/index.js:1117:18)
    at IncomingMessage.&lt;anonymous&gt; (/Users/jplozgom/Documents/jp/labWeb/cmu/semestre1/FSE/team_SA1_ESN/node_modules/superagent/src/node/parsers/json.js:19:7)
    at emitNone (events.js:111:20)
    at IncomingMessage.emit (events.js:208:7)
    at endReadableNT (_stream_readable.js:1064:12)
    at _combinedTickCallback (internal/process/next_tick.js:139:11)
    at process._tickCallback (internal/process/next_tick.js:181:9)</failure>
    </testcase>
  </testsuite>
</testsuites>