<?xml version="1.0" encoding="UTF-8"?>
<testsuites name="jest tests" tests="8" failures="0" time="1.642">
  <testsuite name="Emergency Status Detail" errors="0" failures="0" skipped="0" timestamp="2020-04-13T12:30:00" time="1.579" tests="8">
    <testcase classname="Emergency Status Detail Create a new emergency status detail in the database" name="Emergency Status Detail Create a new emergency status detail in the database" time="0.036">
    </testcase>
    <testcase classname="Emergency Status Detail Update emegency status detail - brief description" name="Emergency Status Detail Update emegency status detail - brief description" time="0.009">
    </testcase>
    <testcase classname="Emergency Status Detail Update emegency status detail - location description" name="Emergency Status Detail Update emegency status detail - location description" time="0.003">
    </testcase>
    <testcase classname="Emergency Status Detail get megency status detail" name="Emergency Status Detail get megency status detail" time="0.004">
    </testcase>
    <testcase classname="Picture and Description add a new picture and description in the database" name="Picture and Description add a new picture and description in the database" time="0.007">
    </testcase>
    <testcase classname="Picture and Description update picture description in the database" name="Picture and Description update picture description in the database" time="0.003">
    </testcase>
    <testcase classname="Picture and Description get picture and description in the database" name="Picture and Description get picture and description in the database" time="0.006">
    </testcase>
    <testcase classname="Picture and Description remove picture from the database" name="Picture and Description remove picture from the database" time="0.002">
    </testcase>
  </testsuite>
</testsuites>