<?xml version="1.0" encoding="UTF-8"?>
<testsuites name="jest tests" tests="103" failures="68" time="28.636">
  <testsuite name="User registration " errors="0" failures="32" skipped="0" timestamp="2020-04-16T08:59:30" time="10.252" tests="40">
    <testcase classname="User registration  Registers a User to the database" name="User registration  Registers a User to the database" time="0.222">
      <failure>Error: expect(received).toBe(expected) // Object.is equality

Expected: &quot;username_test&quot;
Received: undefined
    at Object.test (/Users/jplozgom/Documents/jp/labWeb/cmu/semestre1/FSE/team_SA1_ESN/tests/models/user.test.js:20:47)
    at &lt;anonymous&gt;
    at process._tickCallback (internal/process/next_tick.js:189:7)</failure>
    </testcase>
    <testcase classname="Business Validations for user raise error validating username with less than 3 characters" name="Business Validations for user raise error validating username with less than 3 characters" time="0.012">
    </testcase>
    <testcase classname="Business Validations for user raise error validating paaswords with less than 4 characters" name="Business Validations for user raise error validating paaswords with less than 4 characters" time="0.017">
    </testcase>
    <testcase classname="Business Validations for user should pass validation for banned user names" name="Business Validations for user should pass validation for banned user names" time="0.012">
    </testcase>
    <testcase classname="Business Validations for user should send an error for banned user names" name="Business Validations for user should send an error for banned user names" time="0.011">
    </testcase>
    <testcase classname="Business Validations for user should validate user names previously registered" name="Business Validations for user should validate user names previously registered" time="0.133">
    </testcase>
    <testcase classname="Business Validations for user should validate user names not registered" name="Business Validations for user should validate user names not registered" time="0.022">
    </testcase>
    <testcase classname="User password validations, should password match with the database password" name="User password validations, should password match with the database password" time="0.149">
      <failure>Error: data and hash arguments required
    at Object.compareSync (/Users/jplozgom/Documents/jp/labWeb/cmu/semestre1/FSE/team_SA1_ESN/node_modules/bcrypt/bcrypt.js:167:15)
    at Promise (/Users/jplozgom/Documents/jp/labWeb/cmu/semestre1/FSE/team_SA1_ESN/model/user.js:54:24)
    at new Promise (&lt;anonymous&gt;)
    at model.isPasswordMatch (/Users/jplozgom/Documents/jp/labWeb/cmu/semestre1/FSE/team_SA1_ESN/model/user.js:53:16)
    at Object.test (/Users/jplozgom/Documents/jp/labWeb/cmu/semestre1/FSE/team_SA1_ESN/tests/models/user.test.js:81:42)
    at Object.asyncJestTest (/Users/jplozgom/Documents/jp/labWeb/cmu/semestre1/FSE/team_SA1_ESN/node_modules/jest-jasmine2/build/jasmineAsyncInstall.js:100:37)
    at resolve (/Users/jplozgom/Documents/jp/labWeb/cmu/semestre1/FSE/team_SA1_ESN/node_modules/jest-jasmine2/build/queueRunner.js:43:12)
    at new Promise (&lt;anonymous&gt;)
    at mapper (/Users/jplozgom/Documents/jp/labWeb/cmu/semestre1/FSE/team_SA1_ESN/node_modules/jest-jasmine2/build/queueRunner.js:26:19)
    at promise.then (/Users/jplozgom/Documents/jp/labWeb/cmu/semestre1/FSE/team_SA1_ESN/node_modules/jest-jasmine2/build/queueRunner.js:73:41)
    at &lt;anonymous&gt;
    at process._tickCallback (internal/process/next_tick.js:189:7)</failure>
      <failure>Error: expect.assertions(1)

Expected one assertion to be called but received zero assertion calls.
    at Object.test (/Users/jplozgom/Documents/jp/labWeb/cmu/semestre1/FSE/team_SA1_ESN/tests/models/user.test.js:78:16)
    at Object.asyncJestTest (/Users/jplozgom/Documents/jp/labWeb/cmu/semestre1/FSE/team_SA1_ESN/node_modules/jest-jasmine2/build/jasmineAsyncInstall.js:100:37)
    at resolve (/Users/jplozgom/Documents/jp/labWeb/cmu/semestre1/FSE/team_SA1_ESN/node_modules/jest-jasmine2/build/queueRunner.js:43:12)
    at new Promise (&lt;anonymous&gt;)
    at mapper (/Users/jplozgom/Documents/jp/labWeb/cmu/semestre1/FSE/team_SA1_ESN/node_modules/jest-jasmine2/build/queueRunner.js:26:19)
    at promise.then (/Users/jplozgom/Documents/jp/labWeb/cmu/semestre1/FSE/team_SA1_ESN/node_modules/jest-jasmine2/build/queueRunner.js:73:41)
    at &lt;anonymous&gt;
    at process._tickCallback (internal/process/next_tick.js:189:7)</failure>
    </testcase>
    <testcase classname="User password validations, should send an error message validating password,  password not matching" name="User password validations, should send an error message validating password,  password not matching" time="0.103">
      <failure>Error: expect(received).rejects.toBe(expected) // Object.is equality

Expected: &quot;Invalid username / password.&quot;
Received: [Error: data and hash arguments required]
    at Object.toBe (/Users/jplozgom/Documents/jp/labWeb/cmu/semestre1/FSE/team_SA1_ESN/node_modules/expect/build/index.js:274:20)
    at Object.test (/Users/jplozgom/Documents/jp/labWeb/cmu/semestre1/FSE/team_SA1_ESN/tests/models/user.test.js:88:59)
    at Object.asyncJestTest (/Users/jplozgom/Documents/jp/labWeb/cmu/semestre1/FSE/team_SA1_ESN/node_modules/jest-jasmine2/build/jasmineAsyncInstall.js:100:37)
    at resolve (/Users/jplozgom/Documents/jp/labWeb/cmu/semestre1/FSE/team_SA1_ESN/node_modules/jest-jasmine2/build/queueRunner.js:43:12)
    at new Promise (&lt;anonymous&gt;)
    at mapper (/Users/jplozgom/Documents/jp/labWeb/cmu/semestre1/FSE/team_SA1_ESN/node_modules/jest-jasmine2/build/queueRunner.js:26:19)
    at promise.then (/Users/jplozgom/Documents/jp/labWeb/cmu/semestre1/FSE/team_SA1_ESN/node_modules/jest-jasmine2/build/queueRunner.js:73:41)
    at &lt;anonymous&gt;
    at process._tickCallback (internal/process/next_tick.js:189:7)</failure>
    </testcase>
    <testcase classname="User password validations, should send an error message validation password,  user not exist" name="User password validations, should send an error message validation password,  user not exist" time="0.114">
      <failure>Error: expect(received).rejects.toBe(expected) // Object.is equality

Expected: &quot;Invalid username / password.&quot;
Received: [Error: data and hash arguments required]
    at Object.toBe (/Users/jplozgom/Documents/jp/labWeb/cmu/semestre1/FSE/team_SA1_ESN/node_modules/expect/build/index.js:274:20)
    at Object.test (/Users/jplozgom/Documents/jp/labWeb/cmu/semestre1/FSE/team_SA1_ESN/tests/models/user.test.js:94:55)
    at Object.asyncJestTest (/Users/jplozgom/Documents/jp/labWeb/cmu/semestre1/FSE/team_SA1_ESN/node_modules/jest-jasmine2/build/jasmineAsyncInstall.js:100:37)
    at resolve (/Users/jplozgom/Documents/jp/labWeb/cmu/semestre1/FSE/team_SA1_ESN/node_modules/jest-jasmine2/build/queueRunner.js:43:12)
    at new Promise (&lt;anonymous&gt;)
    at mapper (/Users/jplozgom/Documents/jp/labWeb/cmu/semestre1/FSE/team_SA1_ESN/node_modules/jest-jasmine2/build/queueRunner.js:26:19)
    at promise.then (/Users/jplozgom/Documents/jp/labWeb/cmu/semestre1/FSE/team_SA1_ESN/node_modules/jest-jasmine2/build/queueRunner.js:73:41)
    at &lt;anonymous&gt;
    at process._tickCallback (internal/process/next_tick.js:189:7)</failure>
    </testcase>
    <testcase classname="Searching and update operations on a user previously inserted searching a user by the username" name="Searching and update operations on a user previously inserted searching a user by the username" time="0.115">
    </testcase>
    <testcase classname="Searching and update operations on a user previously inserted update data of the user" name="Searching and update operations on a user previously inserted update data of the user" time="0.113">
      <failure>TypeError: Cannot read property &apos;localeCompare&apos; of undefined
    at validateUpdate.then.result (/Users/jplozgom/Documents/jp/labWeb/cmu/semestre1/FSE/team_SA1_ESN/model/user.js:208:33)
    at &lt;anonymous&gt;
    at process._tickCallback (internal/process/next_tick.js:189:7)</failure>
      <failure>Error: expect.assertions(3)

Expected three assertions to be called but received zero assertion calls.
    at Object.test (/Users/jplozgom/Documents/jp/labWeb/cmu/semestre1/FSE/team_SA1_ESN/tests/models/user.test.js:115:16)
    at Object.asyncJestTest (/Users/jplozgom/Documents/jp/labWeb/cmu/semestre1/FSE/team_SA1_ESN/node_modules/jest-jasmine2/build/jasmineAsyncInstall.js:100:37)
    at resolve (/Users/jplozgom/Documents/jp/labWeb/cmu/semestre1/FSE/team_SA1_ESN/node_modules/jest-jasmine2/build/queueRunner.js:43:12)
    at new Promise (&lt;anonymous&gt;)
    at mapper (/Users/jplozgom/Documents/jp/labWeb/cmu/semestre1/FSE/team_SA1_ESN/node_modules/jest-jasmine2/build/queueRunner.js:26:19)
    at promise.then (/Users/jplozgom/Documents/jp/labWeb/cmu/semestre1/FSE/team_SA1_ESN/node_modules/jest-jasmine2/build/queueRunner.js:73:41)
    at &lt;anonymous&gt;
    at process._tickCallback (internal/process/next_tick.js:189:7)</failure>
    </testcase>
    <testcase classname="Searching and update operations on a user previously inserted update user status (specific status method)" name="Searching and update operations on a user previously inserted update user status (specific status method)" time="0.102">
      <failure>TypeError: Cannot read property &apos;localeCompare&apos; of undefined
    at validateUpdate.then.result (/Users/jplozgom/Documents/jp/labWeb/cmu/semestre1/FSE/team_SA1_ESN/model/user.js:208:33)
    at &lt;anonymous&gt;
    at process._tickCallback (internal/process/next_tick.js:189:7)</failure>
      <failure>Error: expect.assertions(1)

Expected one assertion to be called but received zero assertion calls.
    at Object.test (/Users/jplozgom/Documents/jp/labWeb/cmu/semestre1/FSE/team_SA1_ESN/tests/models/user.test.js:127:16)
    at Object.asyncJestTest (/Users/jplozgom/Documents/jp/labWeb/cmu/semestre1/FSE/team_SA1_ESN/node_modules/jest-jasmine2/build/jasmineAsyncInstall.js:100:37)
    at resolve (/Users/jplozgom/Documents/jp/labWeb/cmu/semestre1/FSE/team_SA1_ESN/node_modules/jest-jasmine2/build/queueRunner.js:43:12)
    at new Promise (&lt;anonymous&gt;)
    at mapper (/Users/jplozgom/Documents/jp/labWeb/cmu/semestre1/FSE/team_SA1_ESN/node_modules/jest-jasmine2/build/queueRunner.js:26:19)
    at promise.then (/Users/jplozgom/Documents/jp/labWeb/cmu/semestre1/FSE/team_SA1_ESN/node_modules/jest-jasmine2/build/queueRunner.js:73:41)
    at &lt;anonymous&gt;
    at process._tickCallback (internal/process/next_tick.js:189:7)</failure>
    </testcase>
    <testcase classname="Searching and update operations on a user previously inserted searching a user by the id " name="Searching and update operations on a user previously inserted searching a user by the id " time="0.117">
      <failure>CastError: Cast to ObjectId failed for value &quot;undefined&quot; at path &quot;_id&quot; for model &quot;User&quot;
    at new CastError (/Users/jplozgom/Documents/jp/labWeb/cmu/semestre1/FSE/team_SA1_ESN/node_modules/mongoose/lib/error/cast.js:39:11)
    at ObjectId.Object.&lt;anonymous&gt;.ObjectId.cast (/Users/jplozgom/Documents/jp/labWeb/cmu/semestre1/FSE/team_SA1_ESN/node_modules/mongoose/lib/schema/objectid.js:269:11)
    at ObjectId.Object.&lt;anonymous&gt;.SchemaType.applySetters (/Users/jplozgom/Documents/jp/labWeb/cmu/semestre1/FSE/team_SA1_ESN/node_modules/mongoose/lib/schematype.js:1010:12)
    at ObjectId.Object.&lt;anonymous&gt;.SchemaType._castForQuery (/Users/jplozgom/Documents/jp/labWeb/cmu/semestre1/FSE/team_SA1_ESN/node_modules/mongoose/lib/schematype.js:1424:15)
    at ObjectId.Object.&lt;anonymous&gt;.SchemaType.castForQuery (/Users/jplozgom/Documents/jp/labWeb/cmu/semestre1/FSE/team_SA1_ESN/node_modules/mongoose/lib/schematype.js:1414:15)
    at ObjectId.Object.&lt;anonymous&gt;.SchemaType.castForQueryWrapper (/Users/jplozgom/Documents/jp/labWeb/cmu/semestre1/FSE/team_SA1_ESN/node_modules/mongoose/lib/schematype.js:1393:15)
    at cast (/Users/jplozgom/Documents/jp/labWeb/cmu/semestre1/FSE/team_SA1_ESN/node_modules/mongoose/lib/cast.js:315:32)
    at model.Query.Object.&lt;anonymous&gt;.Query.cast (/Users/jplozgom/Documents/jp/labWeb/cmu/semestre1/FSE/team_SA1_ESN/node_modules/mongoose/lib/query.js:4685:12)
    at model.Query.Object.&lt;anonymous&gt;.Query._castConditions (/Users/jplozgom/Documents/jp/labWeb/cmu/semestre1/FSE/team_SA1_ESN/node_modules/mongoose/lib/query.js:1862:10)
    at model.Query.&lt;anonymous&gt; (/Users/jplozgom/Documents/jp/labWeb/cmu/semestre1/FSE/team_SA1_ESN/node_modules/mongoose/lib/query.js:2117:8)
    at model.Query._wrappedThunk [as _findOne] (/Users/jplozgom/Documents/jp/labWeb/cmu/semestre1/FSE/team_SA1_ESN/node_modules/mongoose/lib/helpers/query/wrapThunk.js:16:8)
    at process.nextTick (/Users/jplozgom/Documents/jp/labWeb/cmu/semestre1/FSE/team_SA1_ESN/node_modules/kareem/index.js:369:33)
    at _combinedTickCallback (internal/process/next_tick.js:132:7)
    at process._tickCallback (internal/process/next_tick.js:181:9)</failure>
      <failure>Error: expect.assertions(1)

Expected one assertion to be called but received zero assertion calls.
    at Object.test (/Users/jplozgom/Documents/jp/labWeb/cmu/semestre1/FSE/team_SA1_ESN/tests/models/user.test.js:133:16)
    at Object.asyncJestTest (/Users/jplozgom/Documents/jp/labWeb/cmu/semestre1/FSE/team_SA1_ESN/node_modules/jest-jasmine2/build/jasmineAsyncInstall.js:100:37)
    at resolve (/Users/jplozgom/Documents/jp/labWeb/cmu/semestre1/FSE/team_SA1_ESN/node_modules/jest-jasmine2/build/queueRunner.js:43:12)
    at new Promise (&lt;anonymous&gt;)
    at mapper (/Users/jplozgom/Documents/jp/labWeb/cmu/semestre1/FSE/team_SA1_ESN/node_modules/jest-jasmine2/build/queueRunner.js:26:19)
    at promise.then (/Users/jplozgom/Documents/jp/labWeb/cmu/semestre1/FSE/team_SA1_ESN/node_modules/jest-jasmine2/build/queueRunner.js:73:41)
    at &lt;anonymous&gt;
    at process._tickCallback (internal/process/next_tick.js:189:7)</failure>
    </testcase>
    <testcase classname="Update operations on a user - profile information and validation rules update data validation required fields - user info step 1 - empty data" name="Update operations on a user - profile information and validation rules update data validation required fields - user info step 1 - empty data" time="0.101">
      <failure>Error: expect(received).rejects.toMatch(expected)

Matcher error: received value must be a string

Received has type:  object
Received has value: [TypeError: Cannot read property &apos;localeCompare&apos; of undefined]
    at actual.then.reason (/Users/jplozgom/Documents/jp/labWeb/cmu/semestre1/FSE/team_SA1_ESN/node_modules/expect/build/index.js:285:72)
    at &lt;anonymous&gt;
    at process._tickCallback (internal/process/next_tick.js:189:7)</failure>
    </testcase>
    <testcase classname="Update operations on a user - profile information and validation rules update data validation required fields - user info step 1 - missing some data" name="Update operations on a user - profile information and validation rules update data validation required fields - user info step 1 - missing some data" time="0.106">
      <failure>Error: expect(received).rejects.toMatch(expected)

Matcher error: received value must be a string

Received has type:  object
Received has value: [TypeError: Cannot read property &apos;localeCompare&apos; of undefined]
    at actual.then.reason (/Users/jplozgom/Documents/jp/labWeb/cmu/semestre1/FSE/team_SA1_ESN/node_modules/expect/build/index.js:285:72)
    at &lt;anonymous&gt;
    at process._tickCallback (internal/process/next_tick.js:189:7)</failure>
    </testcase>
    <testcase classname="Update operations on a user - profile information and validation rules update data validation required fields - user info step 1 - all data, missing data treatment acceptance" name="Update operations on a user - profile information and validation rules update data validation required fields - user info step 1 - all data, missing data treatment acceptance" time="0.117">
      <failure>Error: expect(received).rejects.toMatch(expected)

Matcher error: received value must be a string

Received has type:  object
Received has value: [TypeError: Cannot read property &apos;localeCompare&apos; of undefined]
    at actual.then.reason (/Users/jplozgom/Documents/jp/labWeb/cmu/semestre1/FSE/team_SA1_ESN/node_modules/expect/build/index.js:285:72)
    at &lt;anonymous&gt;
    at process._tickCallback (internal/process/next_tick.js:189:7)</failure>
    </testcase>
    <testcase classname="Update operations on a user - profile information and validation rules update data validation required fields - user info step 1 - all data, phone length" name="Update operations on a user - profile information and validation rules update data validation required fields - user info step 1 - all data, phone length" time="0.102">
      <failure>Error: expect(received).rejects.toMatch(expected)

Matcher error: received value must be a string

Received has type:  object
Received has value: [TypeError: Cannot read property &apos;localeCompare&apos; of undefined]
    at actual.then.reason (/Users/jplozgom/Documents/jp/labWeb/cmu/semestre1/FSE/team_SA1_ESN/node_modules/expect/build/index.js:285:72)
    at &lt;anonymous&gt;
    at process._tickCallback (internal/process/next_tick.js:189:7)</failure>
    </testcase>
    <testcase classname="Update operations on a user - profile information and validation rules update data validation OK - user info step 1 - all data complete" name="Update operations on a user - profile information and validation rules update data validation OK - user info step 1 - all data complete" time="0.118">
      <failure>TypeError: Cannot read property &apos;localeCompare&apos; of undefined
    at validateUpdate.then.result (/Users/jplozgom/Documents/jp/labWeb/cmu/semestre1/FSE/team_SA1_ESN/model/user.js:208:33)
    at &lt;anonymous&gt;
    at process._tickCallback (internal/process/next_tick.js:189:7)</failure>
    </testcase>
    <testcase classname="Update operations on a user - profile information and validation rules update data validation required fields - user info step 2 - blood type required" name="Update operations on a user - profile information and validation rules update data validation required fields - user info step 2 - blood type required" time="0.113">
      <failure>Error: expect(received).rejects.toMatch(expected)

Matcher error: received value must be a string

Received has type:  object
Received has value: [TypeError: Cannot read property &apos;localeCompare&apos; of undefined]
    at actual.then.reason (/Users/jplozgom/Documents/jp/labWeb/cmu/semestre1/FSE/team_SA1_ESN/node_modules/expect/build/index.js:285:72)
    at &lt;anonymous&gt;
    at process._tickCallback (internal/process/next_tick.js:189:7)</failure>
    </testcase>
    <testcase classname="Update operations on a user - profile information and validation rules update data validation required fields - user info step 2 - data treatment medical info required" name="Update operations on a user - profile information and validation rules update data validation required fields - user info step 2 - data treatment medical info required" time="0.1">
      <failure>Error: expect(received).rejects.toMatch(expected)

Matcher error: received value must be a string

Received has type:  object
Received has value: [TypeError: Cannot read property &apos;localeCompare&apos; of undefined]
    at actual.then.reason (/Users/jplozgom/Documents/jp/labWeb/cmu/semestre1/FSE/team_SA1_ESN/node_modules/expect/build/index.js:285:72)
    at &lt;anonymous&gt;
    at process._tickCallback (internal/process/next_tick.js:189:7)</failure>
    </testcase>
    <testcase classname="Update operations on a user - profile information and validation rules update data validation OK - user info step 2 - all data complete" name="Update operations on a user - profile information and validation rules update data validation OK - user info step 2 - all data complete" time="0.098">
      <failure>TypeError: Cannot read property &apos;localeCompare&apos; of undefined
    at validateUpdate.then.result (/Users/jplozgom/Documents/jp/labWeb/cmu/semestre1/FSE/team_SA1_ESN/model/user.js:208:33)
    at &lt;anonymous&gt;
    at process._tickCallback (internal/process/next_tick.js:189:7)</failure>
    </testcase>
    <testcase classname="Update operations on a user - profile information and validation rules update data validation required fields - user info step 3 - security question and answer" name="Update operations on a user - profile information and validation rules update data validation required fields - user info step 3 - security question and answer" time="0.114">
      <failure>Error: expect(received).rejects.toMatch(expected)

Matcher error: received value must be a string

Received has type:  object
Received has value: [TypeError: Cannot read property &apos;localeCompare&apos; of undefined]
    at actual.then.reason (/Users/jplozgom/Documents/jp/labWeb/cmu/semestre1/FSE/team_SA1_ESN/node_modules/expect/build/index.js:285:72)
    at &lt;anonymous&gt;
    at process._tickCallback (internal/process/next_tick.js:189:7)</failure>
    </testcase>
    <testcase classname="Update operations on a user - profile information and validation rules update data validation OK - user info step 3 - all data complete" name="Update operations on a user - profile information and validation rules update data validation OK - user info step 3 - all data complete" time="0.106">
      <failure>TypeError: Cannot read property &apos;localeCompare&apos; of undefined
    at validateUpdate.then.result (/Users/jplozgom/Documents/jp/labWeb/cmu/semestre1/FSE/team_SA1_ESN/model/user.js:208:33)
    at &lt;anonymous&gt;
    at process._tickCallback (internal/process/next_tick.js:189:7)</failure>
    </testcase>
    <testcase classname="Test profile access for only authorized users NO ACCESS TO PROFILE - invalid must fail" name="Test profile access for only authorized users NO ACCESS TO PROFILE - invalid must fail" time="0.128">
      <failure>TypeError: Cannot read property &apos;step&apos; of undefined
    at Promise (/Users/jplozgom/Documents/jp/labWeb/cmu/semestre1/FSE/team_SA1_ESN/model/user.js:95:22)
    at new Promise (&lt;anonymous&gt;)
    at model.validateUpdate (/Users/jplozgom/Documents/jp/labWeb/cmu/semestre1/FSE/team_SA1_ESN/model/user.js:93:16)
    at Promise (/Users/jplozgom/Documents/jp/labWeb/cmu/semestre1/FSE/team_SA1_ESN/model/user.js:207:18)
    at new Promise (&lt;anonymous&gt;)
    at model.updateUser (/Users/jplozgom/Documents/jp/labWeb/cmu/semestre1/FSE/team_SA1_ESN/model/user.js:206:16)
    at Object.beforeEach (/Users/jplozgom/Documents/jp/labWeb/cmu/semestre1/FSE/team_SA1_ESN/tests/models/user.test.js:344:29)
    at &lt;anonymous&gt;
    at process._tickCallback (internal/process/next_tick.js:189:7)</failure>
      <failure>Error: expect(received).toBe(expected) // Object.is equality

Expected: &quot;You are not authorized&quot;
Received: null
    at User.findUserByIdIfAuthorized.then.catch.err (/Users/jplozgom/Documents/jp/labWeb/cmu/semestre1/FSE/team_SA1_ESN/tests/models/user.test.js:420:25)
    at &lt;anonymous&gt;
    at process._tickCallback (internal/process/next_tick.js:189:7)</failure>
    </testcase>
    <testcase classname="Test profile access for only authorized users ACCESS TO PROFILE, matching phone - must work" name="Test profile access for only authorized users ACCESS TO PROFILE, matching phone - must work" time="0.132">
      <failure>TypeError: Cannot read property &apos;step&apos; of undefined
    at Promise (/Users/jplozgom/Documents/jp/labWeb/cmu/semestre1/FSE/team_SA1_ESN/model/user.js:95:22)
    at new Promise (&lt;anonymous&gt;)
    at model.validateUpdate (/Users/jplozgom/Documents/jp/labWeb/cmu/semestre1/FSE/team_SA1_ESN/model/user.js:93:16)
    at Promise (/Users/jplozgom/Documents/jp/labWeb/cmu/semestre1/FSE/team_SA1_ESN/model/user.js:207:18)
    at new Promise (&lt;anonymous&gt;)
    at model.updateUser (/Users/jplozgom/Documents/jp/labWeb/cmu/semestre1/FSE/team_SA1_ESN/model/user.js:206:16)
    at Object.beforeEach (/Users/jplozgom/Documents/jp/labWeb/cmu/semestre1/FSE/team_SA1_ESN/tests/models/user.test.js:344:29)
    at &lt;anonymous&gt;
    at process._tickCallback (internal/process/next_tick.js:189:7)</failure>
      <failure>Error: expect.assertions(1)

Expected one assertion to be called but received zero assertion calls.
    at Object.test (/Users/jplozgom/Documents/jp/labWeb/cmu/semestre1/FSE/team_SA1_ESN/tests/models/user.test.js:425:16)
    at Object.asyncJestTest (/Users/jplozgom/Documents/jp/labWeb/cmu/semestre1/FSE/team_SA1_ESN/node_modules/jest-jasmine2/build/jasmineAsyncInstall.js:100:37)
    at resolve (/Users/jplozgom/Documents/jp/labWeb/cmu/semestre1/FSE/team_SA1_ESN/node_modules/jest-jasmine2/build/queueRunner.js:43:12)
    at new Promise (&lt;anonymous&gt;)
    at mapper (/Users/jplozgom/Documents/jp/labWeb/cmu/semestre1/FSE/team_SA1_ESN/node_modules/jest-jasmine2/build/queueRunner.js:26:19)
    at promise.then (/Users/jplozgom/Documents/jp/labWeb/cmu/semestre1/FSE/team_SA1_ESN/node_modules/jest-jasmine2/build/queueRunner.js:73:41)
    at &lt;anonymous&gt;
    at process._tickCallback (internal/process/next_tick.js:189:7)</failure>
    </testcase>
    <testcase classname="Test profile access for only authorized users ACCESS TO PERSONAL MESSAGE, matching phone AND WRONG ANSWER - must fail" name="Test profile access for only authorized users ACCESS TO PERSONAL MESSAGE, matching phone AND WRONG ANSWER - must fail" time="0.108">
      <failure>TypeError: Cannot read property &apos;step&apos; of undefined
    at Promise (/Users/jplozgom/Documents/jp/labWeb/cmu/semestre1/FSE/team_SA1_ESN/model/user.js:95:22)
    at new Promise (&lt;anonymous&gt;)
    at model.validateUpdate (/Users/jplozgom/Documents/jp/labWeb/cmu/semestre1/FSE/team_SA1_ESN/model/user.js:93:16)
    at Promise (/Users/jplozgom/Documents/jp/labWeb/cmu/semestre1/FSE/team_SA1_ESN/model/user.js:207:18)
    at new Promise (&lt;anonymous&gt;)
    at model.updateUser (/Users/jplozgom/Documents/jp/labWeb/cmu/semestre1/FSE/team_SA1_ESN/model/user.js:206:16)
    at Object.beforeEach (/Users/jplozgom/Documents/jp/labWeb/cmu/semestre1/FSE/team_SA1_ESN/tests/models/user.test.js:344:29)
    at &lt;anonymous&gt;
    at process._tickCallback (internal/process/next_tick.js:189:7)</failure>
      <failure>TypeError: User.getPersonalMessage is not a function
    at Object.test (/Users/jplozgom/Documents/jp/labWeb/cmu/semestre1/FSE/team_SA1_ESN/tests/models/user.test.js:435:27)
    at Object.asyncJestTest (/Users/jplozgom/Documents/jp/labWeb/cmu/semestre1/FSE/team_SA1_ESN/node_modules/jest-jasmine2/build/jasmineAsyncInstall.js:100:37)
    at resolve (/Users/jplozgom/Documents/jp/labWeb/cmu/semestre1/FSE/team_SA1_ESN/node_modules/jest-jasmine2/build/queueRunner.js:43:12)
    at new Promise (&lt;anonymous&gt;)
    at mapper (/Users/jplozgom/Documents/jp/labWeb/cmu/semestre1/FSE/team_SA1_ESN/node_modules/jest-jasmine2/build/queueRunner.js:26:19)
    at promise.then (/Users/jplozgom/Documents/jp/labWeb/cmu/semestre1/FSE/team_SA1_ESN/node_modules/jest-jasmine2/build/queueRunner.js:73:41)
    at &lt;anonymous&gt;
    at process._tickCallback (internal/process/next_tick.js:189:7)</failure>
      <failure>Error: expect.assertions(1)

Expected one assertion to be called but received zero assertion calls.
    at Object.test (/Users/jplozgom/Documents/jp/labWeb/cmu/semestre1/FSE/team_SA1_ESN/tests/models/user.test.js:434:16)
    at Object.asyncJestTest (/Users/jplozgom/Documents/jp/labWeb/cmu/semestre1/FSE/team_SA1_ESN/node_modules/jest-jasmine2/build/jasmineAsyncInstall.js:100:37)
    at resolve (/Users/jplozgom/Documents/jp/labWeb/cmu/semestre1/FSE/team_SA1_ESN/node_modules/jest-jasmine2/build/queueRunner.js:43:12)
    at new Promise (&lt;anonymous&gt;)
    at mapper (/Users/jplozgom/Documents/jp/labWeb/cmu/semestre1/FSE/team_SA1_ESN/node_modules/jest-jasmine2/build/queueRunner.js:26:19)
    at promise.then (/Users/jplozgom/Documents/jp/labWeb/cmu/semestre1/FSE/team_SA1_ESN/node_modules/jest-jasmine2/build/queueRunner.js:73:41)
    at &lt;anonymous&gt;
    at process._tickCallback (internal/process/next_tick.js:189:7)</failure>
    </testcase>
    <testcase classname="Test profile access for only authorized users ACCESS TO PERSONAL MESSAGE, matching phone AND RIGHT ANSWER - must work" name="Test profile access for only authorized users ACCESS TO PERSONAL MESSAGE, matching phone AND RIGHT ANSWER - must work" time="0.115">
      <failure>TypeError: Cannot read property &apos;step&apos; of undefined
    at Promise (/Users/jplozgom/Documents/jp/labWeb/cmu/semestre1/FSE/team_SA1_ESN/model/user.js:95:22)
    at new Promise (&lt;anonymous&gt;)
    at model.validateUpdate (/Users/jplozgom/Documents/jp/labWeb/cmu/semestre1/FSE/team_SA1_ESN/model/user.js:93:16)
    at Promise (/Users/jplozgom/Documents/jp/labWeb/cmu/semestre1/FSE/team_SA1_ESN/model/user.js:207:18)
    at new Promise (&lt;anonymous&gt;)
    at model.updateUser (/Users/jplozgom/Documents/jp/labWeb/cmu/semestre1/FSE/team_SA1_ESN/model/user.js:206:16)
    at Object.beforeEach (/Users/jplozgom/Documents/jp/labWeb/cmu/semestre1/FSE/team_SA1_ESN/tests/models/user.test.js:344:29)
    at &lt;anonymous&gt;
    at process._tickCallback (internal/process/next_tick.js:189:7)</failure>
      <failure>TypeError: User.getPersonalMessage is not a function
    at Object.test (/Users/jplozgom/Documents/jp/labWeb/cmu/semestre1/FSE/team_SA1_ESN/tests/models/user.test.js:446:27)
    at Object.asyncJestTest (/Users/jplozgom/Documents/jp/labWeb/cmu/semestre1/FSE/team_SA1_ESN/node_modules/jest-jasmine2/build/jasmineAsyncInstall.js:100:37)
    at resolve (/Users/jplozgom/Documents/jp/labWeb/cmu/semestre1/FSE/team_SA1_ESN/node_modules/jest-jasmine2/build/queueRunner.js:43:12)
    at new Promise (&lt;anonymous&gt;)
    at mapper (/Users/jplozgom/Documents/jp/labWeb/cmu/semestre1/FSE/team_SA1_ESN/node_modules/jest-jasmine2/build/queueRunner.js:26:19)
    at promise.then (/Users/jplozgom/Documents/jp/labWeb/cmu/semestre1/FSE/team_SA1_ESN/node_modules/jest-jasmine2/build/queueRunner.js:73:41)
    at &lt;anonymous&gt;
    at process._tickCallback (internal/process/next_tick.js:189:7)</failure>
      <failure>Error: expect.assertions(1)

Expected one assertion to be called but received zero assertion calls.
    at Object.test (/Users/jplozgom/Documents/jp/labWeb/cmu/semestre1/FSE/team_SA1_ESN/tests/models/user.test.js:445:16)
    at Object.asyncJestTest (/Users/jplozgom/Documents/jp/labWeb/cmu/semestre1/FSE/team_SA1_ESN/node_modules/jest-jasmine2/build/jasmineAsyncInstall.js:100:37)
    at resolve (/Users/jplozgom/Documents/jp/labWeb/cmu/semestre1/FSE/team_SA1_ESN/node_modules/jest-jasmine2/build/queueRunner.js:43:12)
    at new Promise (&lt;anonymous&gt;)
    at mapper (/Users/jplozgom/Documents/jp/labWeb/cmu/semestre1/FSE/team_SA1_ESN/node_modules/jest-jasmine2/build/queueRunner.js:26:19)
    at promise.then (/Users/jplozgom/Documents/jp/labWeb/cmu/semestre1/FSE/team_SA1_ESN/node_modules/jest-jasmine2/build/queueRunner.js:73:41)
    at &lt;anonymous&gt;
    at process._tickCallback (internal/process/next_tick.js:189:7)</failure>
    </testcase>
    <testcase classname="get all users ordered by online status and username get users ordered" name="get all users ordered by online status and username get users ordered" time="0.131">
      <failure>TypeError: Cannot read property &apos;step&apos; of undefined
    at Promise (/Users/jplozgom/Documents/jp/labWeb/cmu/semestre1/FSE/team_SA1_ESN/model/user.js:95:22)
    at new Promise (&lt;anonymous&gt;)
    at model.validateUpdate (/Users/jplozgom/Documents/jp/labWeb/cmu/semestre1/FSE/team_SA1_ESN/model/user.js:93:16)
    at Promise (/Users/jplozgom/Documents/jp/labWeb/cmu/semestre1/FSE/team_SA1_ESN/model/user.js:207:18)
    at new Promise (&lt;anonymous&gt;)
    at model.updateUser (/Users/jplozgom/Documents/jp/labWeb/cmu/semestre1/FSE/team_SA1_ESN/model/user.js:206:16)
    at Object.beforeEach (/Users/jplozgom/Documents/jp/labWeb/cmu/semestre1/FSE/team_SA1_ESN/tests/models/user.test.js:458:20)
    at &lt;anonymous&gt;
    at process._tickCallback (internal/process/next_tick.js:189:7)</failure>
      <failure>Error: expect(received).toBeTruthy()

Received: undefined
    at User.getUsers.then.listUser (/Users/jplozgom/Documents/jp/labWeb/cmu/semestre1/FSE/team_SA1_ESN/tests/models/user.test.js:477:40)
    at &lt;anonymous&gt;
    at process._tickCallback (internal/process/next_tick.js:189:7)</failure>
    </testcase>
    <testcase classname="search users by username get users by username search" name="search users by username get users by username search" time="0.305">
      <failure>TypeError: Cannot read property &apos;step&apos; of undefined
    at Promise (/Users/jplozgom/Documents/jp/labWeb/cmu/semestre1/FSE/team_SA1_ESN/model/user.js:95:22)
    at new Promise (&lt;anonymous&gt;)
    at model.validateUpdate (/Users/jplozgom/Documents/jp/labWeb/cmu/semestre1/FSE/team_SA1_ESN/model/user.js:93:16)
    at Promise (/Users/jplozgom/Documents/jp/labWeb/cmu/semestre1/FSE/team_SA1_ESN/model/user.js:207:18)
    at new Promise (&lt;anonymous&gt;)
    at model.updateUser (/Users/jplozgom/Documents/jp/labWeb/cmu/semestre1/FSE/team_SA1_ESN/model/user.js:206:16)
    at Object.beforeEach (/Users/jplozgom/Documents/jp/labWeb/cmu/semestre1/FSE/team_SA1_ESN/tests/models/user.test.js:492:20)
    at &lt;anonymous&gt;
    at process._tickCallback (internal/process/next_tick.js:189:7)</failure>
    </testcase>
    <testcase classname="search users by username get users by username search" name="search users by username get users by username search" time="0.314">
      <failure>TypeError: Cannot read property &apos;step&apos; of undefined
    at Promise (/Users/jplozgom/Documents/jp/labWeb/cmu/semestre1/FSE/team_SA1_ESN/model/user.js:95:22)
    at new Promise (&lt;anonymous&gt;)
    at model.validateUpdate (/Users/jplozgom/Documents/jp/labWeb/cmu/semestre1/FSE/team_SA1_ESN/model/user.js:93:16)
    at Promise (/Users/jplozgom/Documents/jp/labWeb/cmu/semestre1/FSE/team_SA1_ESN/model/user.js:207:18)
    at new Promise (&lt;anonymous&gt;)
    at model.updateUser (/Users/jplozgom/Documents/jp/labWeb/cmu/semestre1/FSE/team_SA1_ESN/model/user.js:206:16)
    at Object.beforeEach (/Users/jplozgom/Documents/jp/labWeb/cmu/semestre1/FSE/team_SA1_ESN/tests/models/user.test.js:492:20)
    at &lt;anonymous&gt;
    at process._tickCallback (internal/process/next_tick.js:189:7)</failure>
    </testcase>
    <testcase classname="search users by status get users by status OK" name="search users by status get users by status OK" time="0.112">
      <failure>TypeError: Cannot read property &apos;step&apos; of undefined
    at Promise (/Users/jplozgom/Documents/jp/labWeb/cmu/semestre1/FSE/team_SA1_ESN/model/user.js:95:22)
    at new Promise (&lt;anonymous&gt;)
    at model.validateUpdate (/Users/jplozgom/Documents/jp/labWeb/cmu/semestre1/FSE/team_SA1_ESN/model/user.js:93:16)
    at Promise (/Users/jplozgom/Documents/jp/labWeb/cmu/semestre1/FSE/team_SA1_ESN/model/user.js:207:18)
    at new Promise (&lt;anonymous&gt;)
    at model.updateUser (/Users/jplozgom/Documents/jp/labWeb/cmu/semestre1/FSE/team_SA1_ESN/model/user.js:206:16)
    at Object.beforeEach (/Users/jplozgom/Documents/jp/labWeb/cmu/semestre1/FSE/team_SA1_ESN/tests/models/user.test.js:522:20)
    at &lt;anonymous&gt;
    at process._tickCallback (internal/process/next_tick.js:189:7)</failure>
      <failure>Error: expect(received).toBe(expected) // Object.is equality

Expected: 1
Received: 0
    at User.findUsersByParams.then.listUser (/Users/jplozgom/Documents/jp/labWeb/cmu/semestre1/FSE/team_SA1_ESN/tests/models/user.test.js:541:37)
    at &lt;anonymous&gt;
    at process._tickCallback (internal/process/next_tick.js:189:7)</failure>
    </testcase>
    <testcase classname="search users by status get users by status UNDEFINED" name="search users by status get users by status UNDEFINED" time="0.118">
      <failure>TypeError: Cannot read property &apos;step&apos; of undefined
    at Promise (/Users/jplozgom/Documents/jp/labWeb/cmu/semestre1/FSE/team_SA1_ESN/model/user.js:95:22)
    at new Promise (&lt;anonymous&gt;)
    at model.validateUpdate (/Users/jplozgom/Documents/jp/labWeb/cmu/semestre1/FSE/team_SA1_ESN/model/user.js:93:16)
    at Promise (/Users/jplozgom/Documents/jp/labWeb/cmu/semestre1/FSE/team_SA1_ESN/model/user.js:207:18)
    at new Promise (&lt;anonymous&gt;)
    at model.updateUser (/Users/jplozgom/Documents/jp/labWeb/cmu/semestre1/FSE/team_SA1_ESN/model/user.js:206:16)
    at Object.beforeEach (/Users/jplozgom/Documents/jp/labWeb/cmu/semestre1/FSE/team_SA1_ESN/tests/models/user.test.js:522:20)
    at &lt;anonymous&gt;
    at process._tickCallback (internal/process/next_tick.js:189:7)</failure>
      <failure>Error: expect(received).toBe(expected) // Object.is equality

Expected: 2
Received: 0
    at User.findUsersByParams.then.listUser (/Users/jplozgom/Documents/jp/labWeb/cmu/semestre1/FSE/team_SA1_ESN/tests/models/user.test.js:550:37)
    at &lt;anonymous&gt;
    at process._tickCallback (internal/process/next_tick.js:189:7)</failure>
    </testcase>
    <testcase classname="Tokens should generate token for the user" name="Tokens should generate token for the user" time="0.14">
    </testcase>
    <testcase classname="Search for users by id should return  true if user exist" name="Search for users by id should return  true if user exist" time="0.102">
      <failure>Error: Failed: null
    at Env.it (/Users/jplozgom/Documents/jp/labWeb/cmu/semestre1/FSE/team_SA1_ESN/node_modules/jest-jasmine2/build/jasmineAsyncInstall.js:89:24)
    at test (/Users/jplozgom/Documents/jp/labWeb/cmu/semestre1/FSE/team_SA1_ESN/node_modules/jest-jasmine2/build/jasmine/jasmineLight.js:117:21)
    at Suite.Object.&lt;anonymous&gt;.describe (/Users/jplozgom/Documents/jp/labWeb/cmu/semestre1/FSE/team_SA1_ESN/tests/models/user.test.js:567:5)
    at addSpecsToSuite (/Users/jplozgom/Documents/jp/labWeb/cmu/semestre1/FSE/team_SA1_ESN/node_modules/jest-jasmine2/build/jasmine/Env.js:444:51)
    at Env.describe (/Users/jplozgom/Documents/jp/labWeb/cmu/semestre1/FSE/team_SA1_ESN/node_modules/jest-jasmine2/build/jasmine/Env.js:414:11)
    at describe (/Users/jplozgom/Documents/jp/labWeb/cmu/semestre1/FSE/team_SA1_ESN/node_modules/jest-jasmine2/build/jasmine/jasmineLight.js:105:18)
    at Object.&lt;anonymous&gt; (/Users/jplozgom/Documents/jp/labWeb/cmu/semestre1/FSE/team_SA1_ESN/tests/models/user.test.js:566:1)
    at Runtime._execModule (/Users/jplozgom/Documents/jp/labWeb/cmu/semestre1/FSE/team_SA1_ESN/node_modules/jest-runtime/build/index.js:1034:22)
    at Runtime._loadModule (/Users/jplozgom/Documents/jp/labWeb/cmu/semestre1/FSE/team_SA1_ESN/node_modules/jest-runtime/build/index.js:678:12)
    at Runtime.requireModule (/Users/jplozgom/Documents/jp/labWeb/cmu/semestre1/FSE/team_SA1_ESN/node_modules/jest-runtime/build/index.js:536:10)</failure>
    </testcase>
    <testcase classname="Search for users by id should return false if user not exist" name="Search for users by id should return false if user not exist" time="0.013">
      <failure>Error: Failed: null
    at Env.it (/Users/jplozgom/Documents/jp/labWeb/cmu/semestre1/FSE/team_SA1_ESN/node_modules/jest-jasmine2/build/jasmineAsyncInstall.js:89:24)
    at test (/Users/jplozgom/Documents/jp/labWeb/cmu/semestre1/FSE/team_SA1_ESN/node_modules/jest-jasmine2/build/jasmine/jasmineLight.js:117:21)
    at Suite.Object.&lt;anonymous&gt;.describe (/Users/jplozgom/Documents/jp/labWeb/cmu/semestre1/FSE/team_SA1_ESN/tests/models/user.test.js:577:5)
    at addSpecsToSuite (/Users/jplozgom/Documents/jp/labWeb/cmu/semestre1/FSE/team_SA1_ESN/node_modules/jest-jasmine2/build/jasmine/Env.js:444:51)
    at Env.describe (/Users/jplozgom/Documents/jp/labWeb/cmu/semestre1/FSE/team_SA1_ESN/node_modules/jest-jasmine2/build/jasmine/Env.js:414:11)
    at describe (/Users/jplozgom/Documents/jp/labWeb/cmu/semestre1/FSE/team_SA1_ESN/node_modules/jest-jasmine2/build/jasmine/jasmineLight.js:105:18)
    at Object.&lt;anonymous&gt; (/Users/jplozgom/Documents/jp/labWeb/cmu/semestre1/FSE/team_SA1_ESN/tests/models/user.test.js:566:1)
    at Runtime._execModule (/Users/jplozgom/Documents/jp/labWeb/cmu/semestre1/FSE/team_SA1_ESN/node_modules/jest-runtime/build/index.js:1034:22)
    at Runtime._loadModule (/Users/jplozgom/Documents/jp/labWeb/cmu/semestre1/FSE/team_SA1_ESN/node_modules/jest-runtime/build/index.js:678:12)
    at Runtime.requireModule (/Users/jplozgom/Documents/jp/labWeb/cmu/semestre1/FSE/team_SA1_ESN/node_modules/jest-runtime/build/index.js:536:10)</failure>
    </testcase>
    <testcase classname="Sockets should associate socket to the user" name="Sockets should associate socket to the user" time="0.117">
      <failure>Error: Failed: null
    at Env.it (/Users/jplozgom/Documents/jp/labWeb/cmu/semestre1/FSE/team_SA1_ESN/node_modules/jest-jasmine2/build/jasmineAsyncInstall.js:89:24)
    at test (/Users/jplozgom/Documents/jp/labWeb/cmu/semestre1/FSE/team_SA1_ESN/node_modules/jest-jasmine2/build/jasmine/jasmineLight.js:117:21)
    at Suite.Object.&lt;anonymous&gt;.describe (/Users/jplozgom/Documents/jp/labWeb/cmu/semestre1/FSE/team_SA1_ESN/tests/models/user.test.js:590:5)
    at addSpecsToSuite (/Users/jplozgom/Documents/jp/labWeb/cmu/semestre1/FSE/team_SA1_ESN/node_modules/jest-jasmine2/build/jasmine/Env.js:444:51)
    at Env.describe (/Users/jplozgom/Documents/jp/labWeb/cmu/semestre1/FSE/team_SA1_ESN/node_modules/jest-jasmine2/build/jasmine/Env.js:414:11)
    at describe (/Users/jplozgom/Documents/jp/labWeb/cmu/semestre1/FSE/team_SA1_ESN/node_modules/jest-jasmine2/build/jasmine/jasmineLight.js:105:18)
    at Object.&lt;anonymous&gt; (/Users/jplozgom/Documents/jp/labWeb/cmu/semestre1/FSE/team_SA1_ESN/tests/models/user.test.js:583:1)
    at Runtime._execModule (/Users/jplozgom/Documents/jp/labWeb/cmu/semestre1/FSE/team_SA1_ESN/node_modules/jest-runtime/build/index.js:1034:22)
    at Runtime._loadModule (/Users/jplozgom/Documents/jp/labWeb/cmu/semestre1/FSE/team_SA1_ESN/node_modules/jest-runtime/build/index.js:678:12)
    at Runtime.requireModule (/Users/jplozgom/Documents/jp/labWeb/cmu/semestre1/FSE/team_SA1_ESN/node_modules/jest-runtime/build/index.js:536:10)</failure>
    </testcase>
    <testcase classname="Sockets should remove socket associated to an user" name="Sockets should remove socket associated to an user" time="0.117">
      <failure>Error: Failed: null
    at Env.it (/Users/jplozgom/Documents/jp/labWeb/cmu/semestre1/FSE/team_SA1_ESN/node_modules/jest-jasmine2/build/jasmineAsyncInstall.js:89:24)
    at test (/Users/jplozgom/Documents/jp/labWeb/cmu/semestre1/FSE/team_SA1_ESN/node_modules/jest-jasmine2/build/jasmine/jasmineLight.js:117:21)
    at Suite.Object.&lt;anonymous&gt;.describe (/Users/jplozgom/Documents/jp/labWeb/cmu/semestre1/FSE/team_SA1_ESN/tests/models/user.test.js:595:5)
    at addSpecsToSuite (/Users/jplozgom/Documents/jp/labWeb/cmu/semestre1/FSE/team_SA1_ESN/node_modules/jest-jasmine2/build/jasmine/Env.js:444:51)
    at Env.describe (/Users/jplozgom/Documents/jp/labWeb/cmu/semestre1/FSE/team_SA1_ESN/node_modules/jest-jasmine2/build/jasmine/Env.js:414:11)
    at describe (/Users/jplozgom/Documents/jp/labWeb/cmu/semestre1/FSE/team_SA1_ESN/node_modules/jest-jasmine2/build/jasmine/jasmineLight.js:105:18)
    at Object.&lt;anonymous&gt; (/Users/jplozgom/Documents/jp/labWeb/cmu/semestre1/FSE/team_SA1_ESN/tests/models/user.test.js:583:1)
    at Runtime._execModule (/Users/jplozgom/Documents/jp/labWeb/cmu/semestre1/FSE/team_SA1_ESN/node_modules/jest-runtime/build/index.js:1034:22)
    at Runtime._loadModule (/Users/jplozgom/Documents/jp/labWeb/cmu/semestre1/FSE/team_SA1_ESN/node_modules/jest-runtime/build/index.js:678:12)
    at Runtime.requireModule (/Users/jplozgom/Documents/jp/labWeb/cmu/semestre1/FSE/team_SA1_ESN/node_modules/jest-runtime/build/index.js:536:10)</failure>
    </testcase>
    <testcase classname="Sockets should reject a promis if socket id doesnt exist" name="Sockets should reject a promis if socket id doesnt exist" time="0.121">
      <failure>Error: expect(received).rejects.toBe(expected) // Object.is equality

Expected: &quot;Socket does not exist&quot;
Received: null
    at Object.toBe (/Users/jplozgom/Documents/jp/labWeb/cmu/semestre1/FSE/team_SA1_ESN/node_modules/expect/build/index.js:274:20)
    at Object.test (/Users/jplozgom/Documents/jp/labWeb/cmu/semestre1/FSE/team_SA1_ESN/tests/models/user.test.js:602:68)
    at Object.asyncJestTest (/Users/jplozgom/Documents/jp/labWeb/cmu/semestre1/FSE/team_SA1_ESN/node_modules/jest-jasmine2/build/jasmineAsyncInstall.js:100:37)
    at resolve (/Users/jplozgom/Documents/jp/labWeb/cmu/semestre1/FSE/team_SA1_ESN/node_modules/jest-jasmine2/build/queueRunner.js:43:12)
    at new Promise (&lt;anonymous&gt;)
    at mapper (/Users/jplozgom/Documents/jp/labWeb/cmu/semestre1/FSE/team_SA1_ESN/node_modules/jest-jasmine2/build/queueRunner.js:26:19)
    at promise.then (/Users/jplozgom/Documents/jp/labWeb/cmu/semestre1/FSE/team_SA1_ESN/node_modules/jest-jasmine2/build/queueRunner.js:73:41)
    at &lt;anonymous&gt;
    at process._tickCallback (internal/process/next_tick.js:189:7)</failure>
    </testcase>
    <testcase classname="Chat message count should increase count" name="Chat message count should increase count" time="0.197">
      <failure>CastError: Cast to ObjectId failed for value &quot;true&quot; at path &quot;_id&quot; for model &quot;User&quot;
    at new CastError (/Users/jplozgom/Documents/jp/labWeb/cmu/semestre1/FSE/team_SA1_ESN/node_modules/mongoose/lib/error/cast.js:39:11)
    at ObjectId.Object.&lt;anonymous&gt;.ObjectId.cast (/Users/jplozgom/Documents/jp/labWeb/cmu/semestre1/FSE/team_SA1_ESN/node_modules/mongoose/lib/schema/objectid.js:269:11)
    at ObjectId.Object.&lt;anonymous&gt;.SchemaType.applySetters (/Users/jplozgom/Documents/jp/labWeb/cmu/semestre1/FSE/team_SA1_ESN/node_modules/mongoose/lib/schematype.js:1010:12)
    at ObjectId.Object.&lt;anonymous&gt;.SchemaType._castForQuery (/Users/jplozgom/Documents/jp/labWeb/cmu/semestre1/FSE/team_SA1_ESN/node_modules/mongoose/lib/schematype.js:1424:15)
    at ObjectId.Object.&lt;anonymous&gt;.SchemaType.castForQuery (/Users/jplozgom/Documents/jp/labWeb/cmu/semestre1/FSE/team_SA1_ESN/node_modules/mongoose/lib/schematype.js:1414:15)
    at ObjectId.Object.&lt;anonymous&gt;.SchemaType.castForQueryWrapper (/Users/jplozgom/Documents/jp/labWeb/cmu/semestre1/FSE/team_SA1_ESN/node_modules/mongoose/lib/schematype.js:1393:15)
    at cast (/Users/jplozgom/Documents/jp/labWeb/cmu/semestre1/FSE/team_SA1_ESN/node_modules/mongoose/lib/cast.js:315:32)
    at model.Query.Object.&lt;anonymous&gt;.Query.cast (/Users/jplozgom/Documents/jp/labWeb/cmu/semestre1/FSE/team_SA1_ESN/node_modules/mongoose/lib/query.js:4685:12)
    at model.Query.Object.&lt;anonymous&gt;.Query._castConditions (/Users/jplozgom/Documents/jp/labWeb/cmu/semestre1/FSE/team_SA1_ESN/node_modules/mongoose/lib/query.js:1862:10)
    at model.Query.&lt;anonymous&gt; (/Users/jplozgom/Documents/jp/labWeb/cmu/semestre1/FSE/team_SA1_ESN/node_modules/mongoose/lib/query.js:2117:8)
    at model.Query._wrappedThunk [as _findOne] (/Users/jplozgom/Documents/jp/labWeb/cmu/semestre1/FSE/team_SA1_ESN/node_modules/mongoose/lib/helpers/query/wrapThunk.js:16:8)
    at process.nextTick (/Users/jplozgom/Documents/jp/labWeb/cmu/semestre1/FSE/team_SA1_ESN/node_modules/kareem/index.js:369:33)
    at _combinedTickCallback (internal/process/next_tick.js:132:7)
    at process._tickCallback (internal/process/next_tick.js:181:9)</failure>
    </testcase>
  </testsuite>
  <testsuite name="API USERS TEST" errors="0" failures="8" skipped="0" timestamp="2020-04-16T08:59:41" time="3.2" tests="10">
    <testcase classname="API USERS TEST Should insert  a new user" name="API USERS TEST Should insert  a new user" time="0.227">
    </testcase>
    <testcase classname="API USERS TEST Should not insert  a new user (empty fields)" name="API USERS TEST Should not insert  a new user (empty fields)" time="0.019">
    </testcase>
    <testcase classname="API USERS TEST Should get a list of users" name="API USERS TEST Should get a list of users" time="0.069">
      <failure>Error: expect(received).toBe(expected) // Object.is equality

Expected: 1
Received: 128
    at agent.get.accept.send.set.set.then.res (/Users/jplozgom/Documents/jp/labWeb/cmu/semestre1/FSE/team_SA1_ESN/tests/api/users.test.js:74:41)
    at &lt;anonymous&gt;
    at process._tickCallback (internal/process/next_tick.js:189:7)</failure>
    </testcase>
    <testcase classname="API USERS TEST Should get a list of users filtered by keywords" name="API USERS TEST Should get a list of users filtered by keywords" time="0.149">
      <failure>Error: expect(received).toBe(expected) // Object.is equality

Expected: 1
Received: 3
    at agent.get.query.accept.send.set.set.then.res (/Users/jplozgom/Documents/jp/labWeb/cmu/semestre1/FSE/team_SA1_ESN/tests/api/users.test.js:89:41)
    at &lt;anonymous&gt;
    at process._tickCallback (internal/process/next_tick.js:189:7)</failure>
    </testcase>
    <testcase classname="API USERS TEST Should get a list of users filtered by status" name="API USERS TEST Should get a list of users filtered by status" time="0.019">
      <failure>Error: expect(received).toBe(expected) // Object.is equality

Expected: 1
Received: 23
    at agent.get.query.accept.send.set.set.then.res (/Users/jplozgom/Documents/jp/labWeb/cmu/semestre1/FSE/team_SA1_ESN/tests/api/users.test.js:102:41)
    at &lt;anonymous&gt;
    at process._tickCallback (internal/process/next_tick.js:189:7)</failure>
    </testcase>
    <testcase classname="API USERS TEST Should update user information (acknowledgement)" name="API USERS TEST Should update user information (acknowledgement)" time="0.051">
      <failure>Error: Unprocessable Entity
    at Request.callback (/Users/jplozgom/Documents/jp/labWeb/cmu/semestre1/FSE/team_SA1_ESN/node_modules/superagent/src/node/index.js:867:15)
    at fn (/Users/jplozgom/Documents/jp/labWeb/cmu/semestre1/FSE/team_SA1_ESN/node_modules/superagent/src/node/index.js:1117:18)
    at IncomingMessage.&lt;anonymous&gt; (/Users/jplozgom/Documents/jp/labWeb/cmu/semestre1/FSE/team_SA1_ESN/node_modules/superagent/src/node/parsers/json.js:19:7)
    at emitNone (events.js:111:20)
    at IncomingMessage.emit (events.js:208:7)
    at endReadableNT (_stream_readable.js:1064:12)
    at _combinedTickCallback (internal/process/next_tick.js:139:11)
    at process._tickCallback (internal/process/next_tick.js:181:9)</failure>
      <failure>Error: expect.assertions(1)

Expected one assertion to be called but received zero assertion calls.
    at Object.test (/Users/jplozgom/Documents/jp/labWeb/cmu/semestre1/FSE/team_SA1_ESN/tests/api/users.test.js:109:16)
    at Object.asyncJestTest (/Users/jplozgom/Documents/jp/labWeb/cmu/semestre1/FSE/team_SA1_ESN/node_modules/jest-jasmine2/build/jasmineAsyncInstall.js:100:37)
    at resolve (/Users/jplozgom/Documents/jp/labWeb/cmu/semestre1/FSE/team_SA1_ESN/node_modules/jest-jasmine2/build/queueRunner.js:43:12)
    at new Promise (&lt;anonymous&gt;)
    at mapper (/Users/jplozgom/Documents/jp/labWeb/cmu/semestre1/FSE/team_SA1_ESN/node_modules/jest-jasmine2/build/queueRunner.js:26:19)
    at promise.then (/Users/jplozgom/Documents/jp/labWeb/cmu/semestre1/FSE/team_SA1_ESN/node_modules/jest-jasmine2/build/queueRunner.js:73:41)
    at &lt;anonymous&gt;
    at process._tickCallback (internal/process/next_tick.js:189:7)</failure>
    </testcase>
    <testcase classname="API USERS TEST Should update user status" name="API USERS TEST Should update user status" time="0.011">
      <failure>Error: Unprocessable Entity
    at Request.callback (/Users/jplozgom/Documents/jp/labWeb/cmu/semestre1/FSE/team_SA1_ESN/node_modules/superagent/src/node/index.js:867:15)
    at fn (/Users/jplozgom/Documents/jp/labWeb/cmu/semestre1/FSE/team_SA1_ESN/node_modules/superagent/src/node/index.js:1117:18)
    at IncomingMessage.&lt;anonymous&gt; (/Users/jplozgom/Documents/jp/labWeb/cmu/semestre1/FSE/team_SA1_ESN/node_modules/superagent/src/node/parsers/json.js:19:7)
    at emitNone (events.js:111:20)
    at IncomingMessage.emit (events.js:208:7)
    at endReadableNT (_stream_readable.js:1064:12)
    at _combinedTickCallback (internal/process/next_tick.js:139:11)
    at process._tickCallback (internal/process/next_tick.js:181:9)</failure>
      <failure>Error: expect.assertions(1)

Expected one assertion to be called but received zero assertion calls.
    at Object.test (/Users/jplozgom/Documents/jp/labWeb/cmu/semestre1/FSE/team_SA1_ESN/tests/api/users.test.js:130:16)
    at Object.asyncJestTest (/Users/jplozgom/Documents/jp/labWeb/cmu/semestre1/FSE/team_SA1_ESN/node_modules/jest-jasmine2/build/jasmineAsyncInstall.js:100:37)
    at resolve (/Users/jplozgom/Documents/jp/labWeb/cmu/semestre1/FSE/team_SA1_ESN/node_modules/jest-jasmine2/build/queueRunner.js:43:12)
    at new Promise (&lt;anonymous&gt;)
    at mapper (/Users/jplozgom/Documents/jp/labWeb/cmu/semestre1/FSE/team_SA1_ESN/node_modules/jest-jasmine2/build/queueRunner.js:26:19)
    at promise.then (/Users/jplozgom/Documents/jp/labWeb/cmu/semestre1/FSE/team_SA1_ESN/node_modules/jest-jasmine2/build/queueRunner.js:73:41)
    at &lt;anonymous&gt;
    at process._tickCallback (internal/process/next_tick.js:189:7)</failure>
    </testcase>
    <testcase classname="API USERS TEST Should return an user" name="API USERS TEST Should return an user" time="0.017">
      <failure>Error: Internal Server Error
    at Request.callback (/Users/jplozgom/Documents/jp/labWeb/cmu/semestre1/FSE/team_SA1_ESN/node_modules/superagent/src/node/index.js:867:15)
    at fn (/Users/jplozgom/Documents/jp/labWeb/cmu/semestre1/FSE/team_SA1_ESN/node_modules/superagent/src/node/index.js:1117:18)
    at IncomingMessage.&lt;anonymous&gt; (/Users/jplozgom/Documents/jp/labWeb/cmu/semestre1/FSE/team_SA1_ESN/node_modules/superagent/src/node/parsers/json.js:19:7)
    at emitNone (events.js:111:20)
    at IncomingMessage.emit (events.js:208:7)
    at endReadableNT (_stream_readable.js:1064:12)
    at _combinedTickCallback (internal/process/next_tick.js:139:11)
    at process._tickCallback (internal/process/next_tick.js:181:9)</failure>
      <failure>Error: expect.assertions(1)

Expected one assertion to be called but received zero assertion calls.
    at Object.test (/Users/jplozgom/Documents/jp/labWeb/cmu/semestre1/FSE/team_SA1_ESN/tests/api/users.test.js:150:16)
    at Object.asyncJestTest (/Users/jplozgom/Documents/jp/labWeb/cmu/semestre1/FSE/team_SA1_ESN/node_modules/jest-jasmine2/build/jasmineAsyncInstall.js:100:37)
    at resolve (/Users/jplozgom/Documents/jp/labWeb/cmu/semestre1/FSE/team_SA1_ESN/node_modules/jest-jasmine2/build/queueRunner.js:43:12)
    at new Promise (&lt;anonymous&gt;)
    at mapper (/Users/jplozgom/Documents/jp/labWeb/cmu/semestre1/FSE/team_SA1_ESN/node_modules/jest-jasmine2/build/queueRunner.js:26:19)
    at promise.then (/Users/jplozgom/Documents/jp/labWeb/cmu/semestre1/FSE/team_SA1_ESN/node_modules/jest-jasmine2/build/queueRunner.js:73:41)
    at &lt;anonymous&gt;
    at process._tickCallback (internal/process/next_tick.js:189:7)</failure>
    </testcase>
    <testcase classname="Test Users with sockets should create relationshio between user and socket" name="Test Users with sockets should create relationshio between user and socket" time="0.126">
      <failure>Error: Internal Server Error
    at Request.callback (/Users/jplozgom/Documents/jp/labWeb/cmu/semestre1/FSE/team_SA1_ESN/node_modules/superagent/src/node/index.js:867:15)
    at fn (/Users/jplozgom/Documents/jp/labWeb/cmu/semestre1/FSE/team_SA1_ESN/node_modules/superagent/src/node/index.js:1117:18)
    at IncomingMessage.&lt;anonymous&gt; (/Users/jplozgom/Documents/jp/labWeb/cmu/semestre1/FSE/team_SA1_ESN/node_modules/superagent/src/node/parsers/json.js:19:7)
    at emitNone (events.js:111:20)
    at IncomingMessage.emit (events.js:208:7)
    at endReadableNT (_stream_readable.js:1064:12)
    at _combinedTickCallback (internal/process/next_tick.js:139:11)
    at process._tickCallback (internal/process/next_tick.js:181:9)</failure>
    </testcase>
    <testcase classname="Test Users with sockets should delete relationship between user and socket" name="Test Users with sockets should delete relationship between user and socket" time="0.126">
      <failure>Error: Internal Server Error
    at Request.callback (/Users/jplozgom/Documents/jp/labWeb/cmu/semestre1/FSE/team_SA1_ESN/node_modules/superagent/src/node/index.js:867:15)
    at fn (/Users/jplozgom/Documents/jp/labWeb/cmu/semestre1/FSE/team_SA1_ESN/node_modules/superagent/src/node/index.js:1117:18)
    at IncomingMessage.&lt;anonymous&gt; (/Users/jplozgom/Documents/jp/labWeb/cmu/semestre1/FSE/team_SA1_ESN/node_modules/superagent/src/node/parsers/json.js:19:7)
    at emitNone (events.js:111:20)
    at IncomingMessage.emit (events.js:208:7)
    at endReadableNT (_stream_readable.js:1064:12)
    at _combinedTickCallback (internal/process/next_tick.js:139:11)
    at process._tickCallback (internal/process/next_tick.js:181:9)</failure>
    </testcase>
  </testsuite>
  <testsuite name="public chat messages API test" errors="0" failures="4" skipped="0" timestamp="2020-04-16T08:59:44" time="1.852" tests="8">
    <testcase classname="public chat messages API test User1 create a new public message" name="public chat messages API test User1 create a new public message" time="0.05">
      <failure>Error: Unprocessable Entity
    at Request.callback (/Users/jplozgom/Documents/jp/labWeb/cmu/semestre1/FSE/team_SA1_ESN/node_modules/superagent/src/node/index.js:867:15)
    at IncomingMessage.&lt;anonymous&gt; (/Users/jplozgom/Documents/jp/labWeb/cmu/semestre1/FSE/team_SA1_ESN/node_modules/superagent/src/node/index.js:1117:18)
    at emitNone (events.js:111:20)
    at IncomingMessage.emit (events.js:208:7)
    at endReadableNT (_stream_readable.js:1064:12)
    at _combinedTickCallback (internal/process/next_tick.js:139:11)
    at process._tickCallback (internal/process/next_tick.js:181:9)</failure>
      <failure>Error: expect.assertions(1)

Expected one assertion to be called but received zero assertion calls.
    at Object.test (/Users/jplozgom/Documents/jp/labWeb/cmu/semestre1/FSE/team_SA1_ESN/tests/api/publicChatMessages.test.js:80:16)
    at Object.asyncJestTest (/Users/jplozgom/Documents/jp/labWeb/cmu/semestre1/FSE/team_SA1_ESN/node_modules/jest-jasmine2/build/jasmineAsyncInstall.js:100:37)
    at resolve (/Users/jplozgom/Documents/jp/labWeb/cmu/semestre1/FSE/team_SA1_ESN/node_modules/jest-jasmine2/build/queueRunner.js:43:12)
    at new Promise (&lt;anonymous&gt;)
    at mapper (/Users/jplozgom/Documents/jp/labWeb/cmu/semestre1/FSE/team_SA1_ESN/node_modules/jest-jasmine2/build/queueRunner.js:26:19)
    at promise.then (/Users/jplozgom/Documents/jp/labWeb/cmu/semestre1/FSE/team_SA1_ESN/node_modules/jest-jasmine2/build/queueRunner.js:73:41)
    at &lt;anonymous&gt;
    at process._tickCallback (internal/process/next_tick.js:189:7)</failure>
    </testcase>
    <testcase classname="public chat messages API test User1 create a new public message with error" name="public chat messages API test User1 create a new public message with error" time="0.002">
    </testcase>
    <testcase classname="public chat messages API test User1 create a new public message with user id error" name="public chat messages API test User1 create a new public message with user id error" time="0.002">
    </testcase>
    <testcase classname="public chat messages API test User1 receive public message" name="public chat messages API test User1 receive public message" time="0.072">
      <failure>Error: expect(received).toBe(expected) // Object.is equality

Expected: &quot;This is a public message&quot;
Received: &quot;hola mundo 21313131313&quot;
    at agent.get.accept.send.set.set.then.res (/Users/jplozgom/Documents/jp/labWeb/cmu/semestre1/FSE/team_SA1_ESN/tests/api/publicChatMessages.test.js:130:45)
    at &lt;anonymous&gt;
    at process._tickCallback (internal/process/next_tick.js:189:7)</failure>
    </testcase>
    <testcase classname="public chat messages API test User2 receive public message" name="public chat messages API test User2 receive public message" time="0.065">
      <failure>Error: expect(received).toBe(expected) // Object.is equality

Expected: &quot;This is a public message&quot;
Received: &quot;hola mundo 21313131313&quot;
    at agent.get.accept.send.set.set.then.res (/Users/jplozgom/Documents/jp/labWeb/cmu/semestre1/FSE/team_SA1_ESN/tests/api/publicChatMessages.test.js:142:45)
    at &lt;anonymous&gt;
    at process._tickCallback (internal/process/next_tick.js:189:7)</failure>
    </testcase>
    <testcase classname="public chat messages API test User3 receive public message" name="public chat messages API test User3 receive public message" time="0.06">
      <failure>Error: expect(received).toBe(expected) // Object.is equality

Expected: &quot;This is a public message&quot;
Received: &quot;hola mundo 21313131313&quot;
    at agent.get.accept.send.set.set.then.res (/Users/jplozgom/Documents/jp/labWeb/cmu/semestre1/FSE/team_SA1_ESN/tests/api/publicChatMessages.test.js:154:45)
    at &lt;anonymous&gt;
    at process._tickCallback (internal/process/next_tick.js:189:7)</failure>
    </testcase>
    <testcase classname="public chat messages API test User2 search with keyword" name="public chat messages API test User2 search with keyword" time="0.039">
    </testcase>
    <testcase classname="public chat messages API test User3 search with stop-word keyword" name="public chat messages API test User3 search with stop-word keyword" time="0.024">
    </testcase>
  </testsuite>
  <testsuite name="Testing Resource creeation  API" errors="0" failures="3" skipped="0" timestamp="2020-04-16T08:59:46" time="1.764" tests="3">
    <testcase classname="Testing Resource creeation  API Should create an resource" name="Testing Resource creeation  API Should create an resource" time="0.143">
      <failure>Error: .field(name, val) val can not be empty
    at Request.field (/Users/jplozgom/Documents/jp/labWeb/cmu/semestre1/FSE/team_SA1_ESN/node_modules/superagent/src/request-base.js:435:11)
    at Request.field (/Users/jplozgom/Documents/jp/labWeb/cmu/semestre1/FSE/team_SA1_ESN/node_modules/superagent/src/request-base.js:418:14)
    at Object.test (/Users/jplozgom/Documents/jp/labWeb/cmu/semestre1/FSE/team_SA1_ESN/tests/api/resources.test.js:87:14)
    at Object.asyncJestTest (/Users/jplozgom/Documents/jp/labWeb/cmu/semestre1/FSE/team_SA1_ESN/node_modules/jest-jasmine2/build/jasmineAsyncInstall.js:100:37)
    at resolve (/Users/jplozgom/Documents/jp/labWeb/cmu/semestre1/FSE/team_SA1_ESN/node_modules/jest-jasmine2/build/queueRunner.js:43:12)
    at new Promise (&lt;anonymous&gt;)
    at mapper (/Users/jplozgom/Documents/jp/labWeb/cmu/semestre1/FSE/team_SA1_ESN/node_modules/jest-jasmine2/build/queueRunner.js:26:19)
    at promise.then (/Users/jplozgom/Documents/jp/labWeb/cmu/semestre1/FSE/team_SA1_ESN/node_modules/jest-jasmine2/build/queueRunner.js:73:41)
    at &lt;anonymous&gt;
    at process._tickCallback (internal/process/next_tick.js:189:7)</failure>
      <failure>Error: expect.assertions(1)

Expected one assertion to be called but received zero assertion calls.
    at Object.test (/Users/jplozgom/Documents/jp/labWeb/cmu/semestre1/FSE/team_SA1_ESN/tests/api/resources.test.js:66:16)
    at Object.asyncJestTest (/Users/jplozgom/Documents/jp/labWeb/cmu/semestre1/FSE/team_SA1_ESN/node_modules/jest-jasmine2/build/jasmineAsyncInstall.js:100:37)
    at resolve (/Users/jplozgom/Documents/jp/labWeb/cmu/semestre1/FSE/team_SA1_ESN/node_modules/jest-jasmine2/build/queueRunner.js:43:12)
    at new Promise (&lt;anonymous&gt;)
    at mapper (/Users/jplozgom/Documents/jp/labWeb/cmu/semestre1/FSE/team_SA1_ESN/node_modules/jest-jasmine2/build/queueRunner.js:26:19)
    at promise.then (/Users/jplozgom/Documents/jp/labWeb/cmu/semestre1/FSE/team_SA1_ESN/node_modules/jest-jasmine2/build/queueRunner.js:73:41)
    at &lt;anonymous&gt;
    at process._tickCallback (internal/process/next_tick.js:189:7)</failure>
    </testcase>
    <testcase classname="Testing searching Resources  API Should return one specific resource" name="Testing searching Resources  API Should return one specific resource" time="0.176">
      <failure>Error: .field(name, val) val can not be empty
    at Request.field (/Users/jplozgom/Documents/jp/labWeb/cmu/semestre1/FSE/team_SA1_ESN/node_modules/superagent/src/request-base.js:435:11)
    at Request.field (/Users/jplozgom/Documents/jp/labWeb/cmu/semestre1/FSE/team_SA1_ESN/node_modules/superagent/src/request-base.js:418:14)
    at Object.beforeEach (/Users/jplozgom/Documents/jp/labWeb/cmu/semestre1/FSE/team_SA1_ESN/tests/api/resources.test.js:118:14)
    at Object.asyncJestLifecycle (/Users/jplozgom/Documents/jp/labWeb/cmu/semestre1/FSE/team_SA1_ESN/node_modules/jest-jasmine2/build/jasmineAsyncInstall.js:53:37)
    at resolve (/Users/jplozgom/Documents/jp/labWeb/cmu/semestre1/FSE/team_SA1_ESN/node_modules/jest-jasmine2/build/queueRunner.js:43:12)
    at new Promise (&lt;anonymous&gt;)
    at mapper (/Users/jplozgom/Documents/jp/labWeb/cmu/semestre1/FSE/team_SA1_ESN/node_modules/jest-jasmine2/build/queueRunner.js:26:19)
    at promise.then (/Users/jplozgom/Documents/jp/labWeb/cmu/semestre1/FSE/team_SA1_ESN/node_modules/jest-jasmine2/build/queueRunner.js:73:41)
    at &lt;anonymous&gt;
    at process._tickCallback (internal/process/next_tick.js:189:7)</failure>
      <failure>Error: Unprocessable Entity
    at Request.callback (/Users/jplozgom/Documents/jp/labWeb/cmu/semestre1/FSE/team_SA1_ESN/node_modules/superagent/src/node/index.js:867:15)
    at IncomingMessage.&lt;anonymous&gt; (/Users/jplozgom/Documents/jp/labWeb/cmu/semestre1/FSE/team_SA1_ESN/node_modules/superagent/src/node/index.js:1117:18)
    at emitNone (events.js:111:20)
    at IncomingMessage.emit (events.js:208:7)
    at endReadableNT (_stream_readable.js:1064:12)
    at _combinedTickCallback (internal/process/next_tick.js:139:11)
    at process._tickCallback (internal/process/next_tick.js:181:9)</failure>
      <failure>Error: expect.assertions(1)

Expected one assertion to be called but received zero assertion calls.
    at Object.test (/Users/jplozgom/Documents/jp/labWeb/cmu/semestre1/FSE/team_SA1_ESN/tests/api/resources.test.js:156:16)
    at Object.asyncJestTest (/Users/jplozgom/Documents/jp/labWeb/cmu/semestre1/FSE/team_SA1_ESN/node_modules/jest-jasmine2/build/jasmineAsyncInstall.js:100:37)
    at resolve (/Users/jplozgom/Documents/jp/labWeb/cmu/semestre1/FSE/team_SA1_ESN/node_modules/jest-jasmine2/build/queueRunner.js:43:12)
    at new Promise (&lt;anonymous&gt;)
    at mapper (/Users/jplozgom/Documents/jp/labWeb/cmu/semestre1/FSE/team_SA1_ESN/node_modules/jest-jasmine2/build/queueRunner.js:26:19)
    at promise.then (/Users/jplozgom/Documents/jp/labWeb/cmu/semestre1/FSE/team_SA1_ESN/node_modules/jest-jasmine2/build/queueRunner.js:73:41)
    at &lt;anonymous&gt;
    at process._tickCallback (internal/process/next_tick.js:189:7)</failure>
    </testcase>
    <testcase classname="Testing searching Resources  API Should return all resource" name="Testing searching Resources  API Should return all resource" time="0.165">
      <failure>Error: .field(name, val) val can not be empty
    at Request.field (/Users/jplozgom/Documents/jp/labWeb/cmu/semestre1/FSE/team_SA1_ESN/node_modules/superagent/src/request-base.js:435:11)
    at Request.field (/Users/jplozgom/Documents/jp/labWeb/cmu/semestre1/FSE/team_SA1_ESN/node_modules/superagent/src/request-base.js:418:14)
    at Object.beforeEach (/Users/jplozgom/Documents/jp/labWeb/cmu/semestre1/FSE/team_SA1_ESN/tests/api/resources.test.js:118:14)
    at Object.asyncJestLifecycle (/Users/jplozgom/Documents/jp/labWeb/cmu/semestre1/FSE/team_SA1_ESN/node_modules/jest-jasmine2/build/jasmineAsyncInstall.js:53:37)
    at resolve (/Users/jplozgom/Documents/jp/labWeb/cmu/semestre1/FSE/team_SA1_ESN/node_modules/jest-jasmine2/build/queueRunner.js:43:12)
    at new Promise (&lt;anonymous&gt;)
    at mapper (/Users/jplozgom/Documents/jp/labWeb/cmu/semestre1/FSE/team_SA1_ESN/node_modules/jest-jasmine2/build/queueRunner.js:26:19)
    at promise.then (/Users/jplozgom/Documents/jp/labWeb/cmu/semestre1/FSE/team_SA1_ESN/node_modules/jest-jasmine2/build/queueRunner.js:73:41)
    at &lt;anonymous&gt;
    at process._tickCallback (internal/process/next_tick.js:189:7)</failure>
      <failure>Error: expect(received).toBe(expected) // Object.is equality

Expected: 2
Received: 8
    at agent.get.accept.send.set.set.then.res (/Users/jplozgom/Documents/jp/labWeb/cmu/semestre1/FSE/team_SA1_ESN/tests/api/resources.test.js:176:41)
    at &lt;anonymous&gt;
    at process._tickCallback (internal/process/next_tick.js:189:7)</failure>
    </testcase>
  </testsuite>
  <testsuite name="private chat messages API TEST" errors="0" failures="3" skipped="0" timestamp="2020-04-16T08:59:48" time="1.404" tests="8">
    <testcase classname="private chat messages API TEST Should create a new private msg" name="private chat messages API TEST Should create a new private msg" time="0.085">
      <failure>Error: Unprocessable Entity
    at Request.callback (/Users/jplozgom/Documents/jp/labWeb/cmu/semestre1/FSE/team_SA1_ESN/node_modules/superagent/src/node/index.js:867:15)
    at IncomingMessage.&lt;anonymous&gt; (/Users/jplozgom/Documents/jp/labWeb/cmu/semestre1/FSE/team_SA1_ESN/node_modules/superagent/src/node/index.js:1117:18)
    at emitNone (events.js:111:20)
    at IncomingMessage.emit (events.js:208:7)
    at endReadableNT (_stream_readable.js:1064:12)
    at _combinedTickCallback (internal/process/next_tick.js:139:11)
    at process._tickCallback (internal/process/next_tick.js:181:9)</failure>
      <failure>Error: expect.assertions(1)

Expected one assertion to be called but received zero assertion calls.
    at Object.test (/Users/jplozgom/Documents/jp/labWeb/cmu/semestre1/FSE/team_SA1_ESN/tests/api/privateChatMessages.test.js:62:16)
    at Object.asyncJestTest (/Users/jplozgom/Documents/jp/labWeb/cmu/semestre1/FSE/team_SA1_ESN/node_modules/jest-jasmine2/build/jasmineAsyncInstall.js:100:37)
    at resolve (/Users/jplozgom/Documents/jp/labWeb/cmu/semestre1/FSE/team_SA1_ESN/node_modules/jest-jasmine2/build/queueRunner.js:43:12)
    at new Promise (&lt;anonymous&gt;)
    at mapper (/Users/jplozgom/Documents/jp/labWeb/cmu/semestre1/FSE/team_SA1_ESN/node_modules/jest-jasmine2/build/queueRunner.js:26:19)
    at promise.then (/Users/jplozgom/Documents/jp/labWeb/cmu/semestre1/FSE/team_SA1_ESN/node_modules/jest-jasmine2/build/queueRunner.js:73:41)
    at &lt;anonymous&gt;
    at process._tickCallback (internal/process/next_tick.js:189:7)</failure>
    </testcase>
    <testcase classname="private chat messages API TEST Should get a list of private msg" name="private chat messages API TEST Should get a list of private msg" time="0.009">
      <failure>Error: Unprocessable Entity
    at Request.callback (/Users/jplozgom/Documents/jp/labWeb/cmu/semestre1/FSE/team_SA1_ESN/node_modules/superagent/src/node/index.js:867:15)
    at IncomingMessage.&lt;anonymous&gt; (/Users/jplozgom/Documents/jp/labWeb/cmu/semestre1/FSE/team_SA1_ESN/node_modules/superagent/src/node/index.js:1117:18)
    at emitNone (events.js:111:20)
    at IncomingMessage.emit (events.js:208:7)
    at endReadableNT (_stream_readable.js:1064:12)
    at _combinedTickCallback (internal/process/next_tick.js:139:11)
    at process._tickCallback (internal/process/next_tick.js:181:9)</failure>
      <failure>Error: expect.assertions(1)

Expected one assertion to be called but received zero assertion calls.
    at Object.test (/Users/jplozgom/Documents/jp/labWeb/cmu/semestre1/FSE/team_SA1_ESN/tests/api/privateChatMessages.test.js:73:16)
    at Object.asyncJestTest (/Users/jplozgom/Documents/jp/labWeb/cmu/semestre1/FSE/team_SA1_ESN/node_modules/jest-jasmine2/build/jasmineAsyncInstall.js:100:37)
    at resolve (/Users/jplozgom/Documents/jp/labWeb/cmu/semestre1/FSE/team_SA1_ESN/node_modules/jest-jasmine2/build/queueRunner.js:43:12)
    at new Promise (&lt;anonymous&gt;)
    at mapper (/Users/jplozgom/Documents/jp/labWeb/cmu/semestre1/FSE/team_SA1_ESN/node_modules/jest-jasmine2/build/queueRunner.js:26:19)
    at promise.then (/Users/jplozgom/Documents/jp/labWeb/cmu/semestre1/FSE/team_SA1_ESN/node_modules/jest-jasmine2/build/queueRunner.js:73:41)
    at &lt;anonymous&gt;
    at process._tickCallback (internal/process/next_tick.js:189:7)</failure>
    </testcase>
    <testcase classname="private chat messages API TEST Should search a list of private msg" name="private chat messages API TEST Should search a list of private msg" time="0.028">
      <failure>Error: Unprocessable Entity
    at Request.callback (/Users/jplozgom/Documents/jp/labWeb/cmu/semestre1/FSE/team_SA1_ESN/node_modules/superagent/src/node/index.js:867:15)
    at fn (/Users/jplozgom/Documents/jp/labWeb/cmu/semestre1/FSE/team_SA1_ESN/node_modules/superagent/src/node/index.js:1117:18)
    at IncomingMessage.&lt;anonymous&gt; (/Users/jplozgom/Documents/jp/labWeb/cmu/semestre1/FSE/team_SA1_ESN/node_modules/superagent/src/node/parsers/json.js:19:7)
    at emitNone (events.js:111:20)
    at IncomingMessage.emit (events.js:208:7)
    at endReadableNT (_stream_readable.js:1064:12)
    at _combinedTickCallback (internal/process/next_tick.js:139:11)
    at process._tickCallback (internal/process/next_tick.js:181:9)</failure>
      <failure>Error: expect.hasAssertions()

Expected at least one assertion to be called but received none.
    at Object.test (/Users/jplozgom/Documents/jp/labWeb/cmu/semestre1/FSE/team_SA1_ESN/tests/api/privateChatMessages.test.js:87:16)
    at Object.asyncJestTest (/Users/jplozgom/Documents/jp/labWeb/cmu/semestre1/FSE/team_SA1_ESN/node_modules/jest-jasmine2/build/jasmineAsyncInstall.js:100:37)
    at resolve (/Users/jplozgom/Documents/jp/labWeb/cmu/semestre1/FSE/team_SA1_ESN/node_modules/jest-jasmine2/build/queueRunner.js:43:12)
    at new Promise (&lt;anonymous&gt;)
    at mapper (/Users/jplozgom/Documents/jp/labWeb/cmu/semestre1/FSE/team_SA1_ESN/node_modules/jest-jasmine2/build/queueRunner.js:26:19)
    at promise.then (/Users/jplozgom/Documents/jp/labWeb/cmu/semestre1/FSE/team_SA1_ESN/node_modules/jest-jasmine2/build/queueRunner.js:73:41)
    at &lt;anonymous&gt;
    at process._tickCallback (internal/process/next_tick.js:189:7)</failure>
    </testcase>
    <testcase classname="private chat messages API TEST Should not create a new private msg with an error input msg" name="private chat messages API TEST Should not create a new private msg with an error input msg" time="0.002">
    </testcase>
    <testcase classname="private chat messages API TEST Should not create a new private msg with an error input sender_user_id" name="private chat messages API TEST Should not create a new private msg with an error input sender_user_id" time="0.003">
    </testcase>
    <testcase classname="private chat messages API TEST Should not create a new private msg with an error input receiver_user_id" name="private chat messages API TEST Should not create a new private msg with an error input receiver_user_id" time="0.003">
    </testcase>
    <testcase classname="private chat messages API TEST Should not get a list of private msg with an error query" name="private chat messages API TEST Should not get a list of private msg with an error query" time="0.003">
    </testcase>
    <testcase classname="private chat messages API TEST Should not get a list of private msg with an error query receiver_user_id" name="private chat messages API TEST Should not get a list of private msg with an error query receiver_user_id" time="0.004">
    </testcase>
  </testsuite>
  <testsuite name="emergency status detail API test" errors="0" failures="8" skipped="0" timestamp="2020-04-16T08:59:49" time="1.682" tests="8">
    <testcase classname="emergency status detail API test User updates emergency status brief description" name="emergency status detail API test User updates emergency status brief description" time="0.082">
      <failure>Error: Internal Server Error
    at Request.callback (/Users/jplozgom/Documents/jp/labWeb/cmu/semestre1/FSE/team_SA1_ESN/node_modules/superagent/src/node/index.js:867:15)
    at fn (/Users/jplozgom/Documents/jp/labWeb/cmu/semestre1/FSE/team_SA1_ESN/node_modules/superagent/src/node/index.js:1117:18)
    at IncomingMessage.&lt;anonymous&gt; (/Users/jplozgom/Documents/jp/labWeb/cmu/semestre1/FSE/team_SA1_ESN/node_modules/superagent/src/node/parsers/json.js:19:7)
    at emitNone (events.js:111:20)
    at IncomingMessage.emit (events.js:208:7)
    at endReadableNT (_stream_readable.js:1064:12)
    at _combinedTickCallback (internal/process/next_tick.js:139:11)
    at process._tickCallback (internal/process/next_tick.js:181:9)</failure>
      <failure>Error: expect.assertions(1)

Expected one assertion to be called but received zero assertion calls.
    at Object.test (/Users/jplozgom/Documents/jp/labWeb/cmu/semestre1/FSE/team_SA1_ESN/tests/api/emergencyStatus.test.js:63:16)
    at Object.asyncJestTest (/Users/jplozgom/Documents/jp/labWeb/cmu/semestre1/FSE/team_SA1_ESN/node_modules/jest-jasmine2/build/jasmineAsyncInstall.js:100:37)
    at resolve (/Users/jplozgom/Documents/jp/labWeb/cmu/semestre1/FSE/team_SA1_ESN/node_modules/jest-jasmine2/build/queueRunner.js:43:12)
    at new Promise (&lt;anonymous&gt;)
    at mapper (/Users/jplozgom/Documents/jp/labWeb/cmu/semestre1/FSE/team_SA1_ESN/node_modules/jest-jasmine2/build/queueRunner.js:26:19)
    at promise.then (/Users/jplozgom/Documents/jp/labWeb/cmu/semestre1/FSE/team_SA1_ESN/node_modules/jest-jasmine2/build/queueRunner.js:73:41)
    at &lt;anonymous&gt;
    at process._tickCallback (internal/process/next_tick.js:189:7)</failure>
    </testcase>
    <testcase classname="emergency status detail API test User updates emergency status location description" name="emergency status detail API test User updates emergency status location description" time="0.013">
      <failure>Error: Internal Server Error
    at Request.callback (/Users/jplozgom/Documents/jp/labWeb/cmu/semestre1/FSE/team_SA1_ESN/node_modules/superagent/src/node/index.js:867:15)
    at fn (/Users/jplozgom/Documents/jp/labWeb/cmu/semestre1/FSE/team_SA1_ESN/node_modules/superagent/src/node/index.js:1117:18)
    at IncomingMessage.&lt;anonymous&gt; (/Users/jplozgom/Documents/jp/labWeb/cmu/semestre1/FSE/team_SA1_ESN/node_modules/superagent/src/node/parsers/json.js:19:7)
    at emitNone (events.js:111:20)
    at IncomingMessage.emit (events.js:208:7)
    at endReadableNT (_stream_readable.js:1064:12)
    at _combinedTickCallback (internal/process/next_tick.js:139:11)
    at process._tickCallback (internal/process/next_tick.js:181:9)</failure>
      <failure>Error: expect.assertions(1)

Expected one assertion to be called but received zero assertion calls.
    at Object.test (/Users/jplozgom/Documents/jp/labWeb/cmu/semestre1/FSE/team_SA1_ESN/tests/api/emergencyStatus.test.js:75:16)
    at Object.asyncJestTest (/Users/jplozgom/Documents/jp/labWeb/cmu/semestre1/FSE/team_SA1_ESN/node_modules/jest-jasmine2/build/jasmineAsyncInstall.js:100:37)
    at resolve (/Users/jplozgom/Documents/jp/labWeb/cmu/semestre1/FSE/team_SA1_ESN/node_modules/jest-jasmine2/build/queueRunner.js:43:12)
    at new Promise (&lt;anonymous&gt;)
    at mapper (/Users/jplozgom/Documents/jp/labWeb/cmu/semestre1/FSE/team_SA1_ESN/node_modules/jest-jasmine2/build/queueRunner.js:26:19)
[...]
    at populate (/Users/jplozgom/Documents/jp/labWeb/cmu/semestre1/FSE/team_SA1_ESN/node_modules/mongoose/lib/model.js:4296:21)
    at _populate (/Users/jplozgom/Documents/jp/labWeb/cmu/semestre1/FSE/team_SA1_ESN/node_modules/mongoose/lib/model.js:4266:5)
    at cb (/Users/jplozgom/Documents/jp/labWeb/cmu/semestre1/FSE/team_SA1_ESN/node_modules/mongoose/lib/model.js:4241:5)
    at promiseOrCallback (/Users/jplozgom/Documents/jp/labWeb/cmu/semestre1/FSE/team_SA1_ESN/node_modules/mongoose/lib/helpers/promiseOrCallback.js:9:12)
    at Function.Object.&lt;anonymous&gt;.Model.populate (/Users/jplozgom/Documents/jp/labWeb/cmu/semestre1/FSE/team_SA1_ESN/node_modules/mongoose/lib/model.js:4239:10)
    at cb (/Users/jplozgom/Documents/jp/labWeb/cmu/semestre1/FSE/team_SA1_ESN/node_modules/mongoose/lib/query.js:1934:17)
    at /Users/jplozgom/Documents/jp/labWeb/cmu/semestre1/FSE/team_SA1_ESN/node_modules/mongodb/lib/utils.js:726:5
    at handleCallback (/Users/jplozgom/Documents/jp/labWeb/cmu/semestre1/FSE/team_SA1_ESN/node_modules/mongodb/lib/utils.js:128:55)
    at cursor.close (/Users/jplozgom/Documents/jp/labWeb/cmu/semestre1/FSE/team_SA1_ESN/node_modules/mongodb/lib/cursor.js:835:66)
    at handleCallback (/Users/jplozgom/Documents/jp/labWeb/cmu/semestre1/FSE/team_SA1_ESN/node_modules/mongodb/lib/utils.js:128:55)
    at completeClose (/Users/jplozgom/Documents/jp/labWeb/cmu/semestre1/FSE/team_SA1_ESN/node_modules/mongodb/lib/cursor.js:929:16)
    at Cursor.close (/Users/jplozgom/Documents/jp/labWeb/cmu/semestre1/FSE/team_SA1_ESN/node_modules/mongodb/lib/cursor.js:948:12)
    at cursor._next (/Users/jplozgom/Documents/jp/labWeb/cmu/semestre1/FSE/team_SA1_ESN/node_modules/mongodb/lib/cursor.js:835:27)</failure>
    </testcase>
    <testcase classname="Getting Messages find messages by normal keyword" name="Getting Messages find messages by normal keyword" time="0.057">
      <failure>MissingSchemaError: Schema hasn&apos;t been registered for model &quot;User&quot;.
Use mongoose.model(name, schema)
    at new MissingSchemaError (/Users/jplozgom/Documents/jp/labWeb/cmu/semestre1/FSE/team_SA1_ESN/node_modules/mongoose/lib/error/missingSchema.js:22:11)
    at NativeConnection.Object.&lt;anonymous&gt;.Connection.model (/Users/jplozgom/Documents/jp/labWeb/cmu/semestre1/FSE/team_SA1_ESN/node_modules/mongoose/lib/connection.js:1080:11)
    at getModelsMapForPopulate (/Users/jplozgom/Documents/jp/labWeb/cmu/semestre1/FSE/team_SA1_ESN/node_modules/mongoose/lib/helpers/populate/getModelsMapForPopulate.js:262:59)
    at populate (/Users/jplozgom/Documents/jp/labWeb/cmu/semestre1/FSE/team_SA1_ESN/node_modules/mongoose/lib/model.js:4296:21)
    at _populate (/Users/jplozgom/Documents/jp/labWeb/cmu/semestre1/FSE/team_SA1_ESN/node_modules/mongoose/lib/model.js:4266:5)
    at cb (/Users/jplozgom/Documents/jp/labWeb/cmu/semestre1/FSE/team_SA1_ESN/node_modules/mongoose/lib/model.js:4241:5)
    at promiseOrCallback (/Users/jplozgom/Documents/jp/labWeb/cmu/semestre1/FSE/team_SA1_ESN/node_modules/mongoose/lib/helpers/promiseOrCallback.js:9:12)
    at Function.Object.&lt;anonymous&gt;.Model.populate (/Users/jplozgom/Documents/jp/labWeb/cmu/semestre1/FSE/team_SA1_ESN/node_modules/mongoose/lib/model.js:4239:10)
    at cb (/Users/jplozgom/Documents/jp/labWeb/cmu/semestre1/FSE/team_SA1_ESN/node_modules/mongoose/lib/query.js:1934:17)
    at /Users/jplozgom/Documents/jp/labWeb/cmu/semestre1/FSE/team_SA1_ESN/node_modules/mongodb/lib/utils.js:726:5
    at handleCallback (/Users/jplozgom/Documents/jp/labWeb/cmu/semestre1/FSE/team_SA1_ESN/node_modules/mongodb/lib/utils.js:128:55)
    at cursor.close (/Users/jplozgom/Documents/jp/labWeb/cmu/semestre1/FSE/team_SA1_ESN/node_modules/mongodb/lib/cursor.js:835:66)
    at handleCallback (/Users/jplozgom/Documents/jp/labWeb/cmu/semestre1/FSE/team_SA1_ESN/node_modules/mongodb/lib/utils.js:128:55)
    at completeClose (/Users/jplozgom/Documents/jp/labWeb/cmu/semestre1/FSE/team_SA1_ESN/node_modules/mongodb/lib/cursor.js:929:16)
    at Cursor.close (/Users/jplozgom/Documents/jp/labWeb/cmu/semestre1/FSE/team_SA1_ESN/node_modules/mongodb/lib/cursor.js:948:12)
    at cursor._next (/Users/jplozgom/Documents/jp/labWeb/cmu/semestre1/FSE/team_SA1_ESN/node_modules/mongodb/lib/cursor.js:835:27)</failure>
    </testcase>
    <testcase classname="Getting Messages find messages by stop-word" name="Getting Messages find messages by stop-word" time="0.036">
    </testcase>
  </testsuite>
  <testsuite name="Creating a resource" errors="0" failures="2" skipped="0" timestamp="2020-04-16T08:59:55" time="1.026" tests="4">
    <testcase classname="Creating a resource Should create a resource " name="Creating a resource Should create a resource " time="0.072">
    </testcase>
    <testcase classname="Creating a resource Should validate require fields " name="Creating a resource Should validate require fields " time="0.016">
    </testcase>
    <testcase classname="Getting a resource Should get a resource previously inserted " name="Getting a resource Should get a resource previously inserted " time="0.065">
      <failure>MissingSchemaError: Schema hasn&apos;t been registered for model &quot;User&quot;.
Use mongoose.model(name, schema)
    at new MissingSchemaError (/Users/jplozgom/Documents/jp/labWeb/cmu/semestre1/FSE/team_SA1_ESN/node_modules/mongoose/lib/error/missingSchema.js:22:11)
    at NativeConnection.Object.&lt;anonymous&gt;.Connection.model (/Users/jplozgom/Documents/jp/labWeb/cmu/semestre1/FSE/team_SA1_ESN/node_modules/mongoose/lib/connection.js:1080:11)
    at getModelsMapForPopulate (/Users/jplozgom/Documents/jp/labWeb/cmu/semestre1/FSE/team_SA1_ESN/node_modules/mongoose/lib/helpers/populate/getModelsMapForPopulate.js:262:59)
    at populate (/Users/jplozgom/Documents/jp/labWeb/cmu/semestre1/FSE/team_SA1_ESN/node_modules/mongoose/lib/model.js:4296:21)
    at _populate (/Users/jplozgom/Documents/jp/labWeb/cmu/semestre1/FSE/team_SA1_ESN/node_modules/mongoose/lib/model.js:4266:5)
    at cb (/Users/jplozgom/Documents/jp/labWeb/cmu/semestre1/FSE/team_SA1_ESN/node_modules/mongoose/lib/model.js:4241:5)
    at promiseOrCallback (/Users/jplozgom/Documents/jp/labWeb/cmu/semestre1/FSE/team_SA1_ESN/node_modules/mongoose/lib/helpers/promiseOrCallback.js:9:12)
    at Function.Object.&lt;anonymous&gt;.Model.populate (/Users/jplozgom/Documents/jp/labWeb/cmu/semestre1/FSE/team_SA1_ESN/node_modules/mongoose/lib/model.js:4239:10)
    at model.Query.Object.&lt;anonymous&gt;.Query._completeOne (/Users/jplozgom/Documents/jp/labWeb/cmu/semestre1/FSE/team_SA1_ESN/node_modules/mongoose/lib/query.js:2097:9)
    at Immediate.Query.base.findOne.call (/Users/jplozgom/Documents/jp/labWeb/cmu/semestre1/FSE/team_SA1_ESN/node_modules/mongoose/lib/query.js:2136:10)
    at Immediate._onImmediate (/Users/jplozgom/Documents/jp/labWeb/cmu/semestre1/FSE/team_SA1_ESN/node_modules/mquery/lib/utils.js:116:16)
    at runCallback (timers.js:810:20)
    at tryOnImmediate (timers.js:768:5)
    at processImmediate [as _immediateCallback] (timers.js:745:5)</failure>
      <failure>Error: expect.assertions(1)

Expected one assertion to be called but received zero assertion calls.
    at Object.test (/Users/jplozgom/Documents/jp/labWeb/cmu/semestre1/FSE/team_SA1_ESN/tests/models/resource.test.js:95:16)
    at Object.asyncJestTest (/Users/jplozgom/Documents/jp/labWeb/cmu/semestre1/FSE/team_SA1_ESN/node_modules/jest-jasmine2/build/jasmineAsyncInstall.js:100:37)
    at resolve (/Users/jplozgom/Documents/jp/labWeb/cmu/semestre1/FSE/team_SA1_ESN/node_modules/jest-jasmine2/build/queueRunner.js:43:12)
    at new Promise (&lt;anonymous&gt;)
    at mapper (/Users/jplozgom/Documents/jp/labWeb/cmu/semestre1/FSE/team_SA1_ESN/node_modules/jest-jasmine2/build/queueRunner.js:26:19)
    at promise.then (/Users/jplozgom/Documents/jp/labWeb/cmu/semestre1/FSE/team_SA1_ESN/node_modules/jest-jasmine2/build/queueRunner.js:73:41)
    at &lt;anonymous&gt;
    at process._tickCallback (internal/process/next_tick.js:189:7)</failure>
    </testcase>
    <testcase classname="Getting a resource Should get all the resource previously inserted " name="Getting a resource Should get all the resource previously inserted " time="0.041">
      <failure>MissingSchemaError: Schema hasn&apos;t been registered for model &quot;User&quot;.
Use mongoose.model(name, schema)
    at new MissingSchemaError (/Users/jplozgom/Documents/jp/labWeb/cmu/semestre1/FSE/team_SA1_ESN/node_modules/mongoose/lib/error/missingSchema.js:22:11)
    at NativeConnection.Object.&lt;anonymous&gt;.Connection.model (/Users/jplozgom/Documents/jp/labWeb/cmu/semestre1/FSE/team_SA1_ESN/node_modules/mongoose/lib/connection.js:1080:11)
    at getModelsMapForPopulate (/Users/jplozgom/Documents/jp/labWeb/cmu/semestre1/FSE/team_SA1_ESN/node_modules/mongoose/lib/helpers/populate/getModelsMapForPopulate.js:262:59)
    at populate (/Users/jplozgom/Documents/jp/labWeb/cmu/semestre1/FSE/team_SA1_ESN/node_modules/mongoose/lib/model.js:4296:21)
    at _populate (/Users/jplozgom/Documents/jp/labWeb/cmu/semestre1/FSE/team_SA1_ESN/node_modules/mongoose/lib/model.js:4266:5)
    at cb (/Users/jplozgom/Documents/jp/labWeb/cmu/semestre1/FSE/team_SA1_ESN/node_modules/mongoose/lib/model.js:4241:5)
    at promiseOrCallback (/Users/jplozgom/Documents/jp/labWeb/cmu/semestre1/FSE/team_SA1_ESN/node_modules/mongoose/lib/helpers/promiseOrCallback.js:9:12)
    at Function.Object.&lt;anonymous&gt;.Model.populate (/Users/jplozgom/Documents/jp/labWeb/cmu/semestre1/FSE/team_SA1_ESN/node_modules/mongoose/lib/model.js:4239:10)
    at cb (/Users/jplozgom/Documents/jp/labWeb/cmu/semestre1/FSE/team_SA1_ESN/node_modules/mongoose/lib/query.js:1934:17)
    at /Users/jplozgom/Documents/jp/labWeb/cmu/semestre1/FSE/team_SA1_ESN/node_modules/mongodb/lib/utils.js:726:5
    at handleCallback (/Users/jplozgom/Documents/jp/labWeb/cmu/semestre1/FSE/team_SA1_ESN/node_modules/mongodb/lib/utils.js:128:55)
    at cursor.close (/Users/jplozgom/Documents/jp/labWeb/cmu/semestre1/FSE/team_SA1_ESN/node_modules/mongodb/lib/cursor.js:835:66)
    at handleCallback (/Users/jplozgom/Documents/jp/labWeb/cmu/semestre1/FSE/team_SA1_ESN/node_modules/mongodb/lib/utils.js:128:55)
    at completeClose (/Users/jplozgom/Documents/jp/labWeb/cmu/semestre1/FSE/team_SA1_ESN/node_modules/mongodb/lib/cursor.js:929:16)
    at Cursor.close (/Users/jplozgom/Documents/jp/labWeb/cmu/semestre1/FSE/team_SA1_ESN/node_modules/mongodb/lib/cursor.js:948:12)
    at cursor._next (/Users/jplozgom/Documents/jp/labWeb/cmu/semestre1/FSE/team_SA1_ESN/node_modules/mongodb/lib/cursor.js:835:27)</failure>
      <failure>Error: expect.assertions(1)

Expected one assertion to be called but received zero assertion calls.
    at Object.test (/Users/jplozgom/Documents/jp/labWeb/cmu/semestre1/FSE/team_SA1_ESN/tests/models/resource.test.js:105:16)
    at Object.asyncJestTest (/Users/jplozgom/Documents/jp/labWeb/cmu/semestre1/FSE/team_SA1_ESN/node_modules/jest-jasmine2/build/jasmineAsyncInstall.js:100:37)
    at resolve (/Users/jplozgom/Documents/jp/labWeb/cmu/semestre1/FSE/team_SA1_ESN/node_modules/jest-jasmine2/build/queueRunner.js:43:12)
    at new Promise (&lt;anonymous&gt;)
    at mapper (/Users/jplozgom/Documents/jp/labWeb/cmu/semestre1/FSE/team_SA1_ESN/node_modules/jest-jasmine2/build/queueRunner.js:26:19)
    at promise.then (/Users/jplozgom/Documents/jp/labWeb/cmu/semestre1/FSE/team_SA1_ESN/node_modules/jest-jasmine2/build/queueRunner.js:73:41)
    at &lt;anonymous&gt;
    at process._tickCallback (internal/process/next_tick.js:189:7)</failure>
    </testcase>
  </testsuite>
  <testsuite name="Can creat an announcement" errors="0" failures="2" skipped="0" timestamp="2020-04-16T08:59:56" time="1.375" tests="4">
    <testcase classname="Can creat an announcement Should create an announcement" name="Can creat an announcement Should create an announcement" time="0.121">
    </testcase>
    <testcase classname="Can creat an announcement should reject announcement creation" name="Can creat an announcement should reject announcement creation" time="0.016">
    </testcase>
    <testcase classname="Can get announcements Getting all the announcement" name="Can get announcements Getting all the announcement" time="0.053">
      <failure>Error: expect.assertions(1)

Expected one assertion to be called but received zero assertion calls.
    at Object.test (/Users/jplozgom/Documents/jp/labWeb/cmu/semestre1/FSE/team_SA1_ESN/tests/models/announcement.test.js:77:16)
    at Object.asyncJestTest (/Users/jplozgom/Documents/jp/labWeb/cmu/semestre1/FSE/team_SA1_ESN/node_modules/jest-jasmine2/build/jasmineAsyncInstall.js:100:37)
    at resolve (/Users/jplozgom/Documents/jp/labWeb/cmu/semestre1/FSE/team_SA1_ESN/node_modules/jest-jasmine2/build/queueRunner.js:43:12)
    at new Promise (&lt;anonymous&gt;)
    at mapper (/Users/jplozgom/Documents/jp/labWeb/cmu/semestre1/FSE/team_SA1_ESN/node_modules/jest-jasmine2/build/queueRunner.js:26:19)
    at promise.then (/Users/jplozgom/Documents/jp/labWeb/cmu/semestre1/FSE/team_SA1_ESN/node_modules/jest-jasmine2/build/queueRunner.js:73:41)
    at &lt;anonymous&gt;
    at process._tickCallback (internal/process/next_tick.js:189:7)</failure>
    </testcase>
    <testcase classname="Can get announcements searching announcement by keyword" name="Can get announcements searching announcement by keyword" time="0.374">
      <failure>Error: expect.assertions(1)

Expected one assertion to be called but received zero assertion calls.
    at Object.test (/Users/jplozgom/Documents/jp/labWeb/cmu/semestre1/FSE/team_SA1_ESN/tests/models/announcement.test.js:89:16)
    at Object.asyncJestTest (/Users/jplozgom/Documents/jp/labWeb/cmu/semestre1/FSE/team_SA1_ESN/node_modules/jest-jasmine2/build/jasmineAsyncInstall.js:100:37)
    at resolve (/Users/jplozgom/Documents/jp/labWeb/cmu/semestre1/FSE/team_SA1_ESN/node_modules/jest-jasmine2/build/queueRunner.js:43:12)
    at new Promise (&lt;anonymous&gt;)
    at mapper (/Users/jplozgom/Documents/jp/labWeb/cmu/semestre1/FSE/team_SA1_ESN/node_modules/jest-jasmine2/build/queueRunner.js:26:19)
    at promise.then (/Users/jplozgom/Documents/jp/labWeb/cmu/semestre1/FSE/team_SA1_ESN/node_modules/jest-jasmine2/build/queueRunner.js:73:41)
    at &lt;anonymous&gt;
    at process._tickCallback (internal/process/next_tick.js:189:7)</failure>
    </testcase>
  </testsuite>
  <testsuite name="principal" errors="0" failures="2" skipped="0" timestamp="2020-04-16T08:59:58" time="0.971" tests="3">
    <testcase classname="principal Creating Private Messages Create a new private chat message in the database" name="principal Creating Private Messages Create a new private chat message in the database" time="0.083">
    </testcase>
    <testcase classname="principal Getting Messages getting private  messages from  the database" name="principal Getting Messages getting private  messages from  the database" time="0.032">
      <failure>MissingSchemaError: Schema hasn&apos;t been registered for model &quot;User&quot;.
Use mongoose.model(name, schema)
    at new MissingSchemaError (/Users/jplozgom/Documents/jp/labWeb/cmu/semestre1/FSE/team_SA1_ESN/node_modules/mongoose/lib/error/missingSchema.js:22:11)
    at NativeConnection.Object.&lt;anonymous&gt;.Connection.model (/Users/jplozgom/Documents/jp/labWeb/cmu/semestre1/FSE/team_SA1_ESN/node_modules/mongoose/lib/connection.js:1080:11)
    at getModelsMapForPopulate (/Users/jplozgom/Documents/jp/labWeb/cmu/semestre1/FSE/team_SA1_ESN/node_modules/mongoose/lib/helpers/populate/getModelsMapForPopulate.js:262:59)
    at populate (/Users/jplozgom/Documents/jp/labWeb/cmu/semestre1/FSE/team_SA1_ESN/node_modules/mongoose/lib/model.js:4296:21)
    at _populate (/Users/jplozgom/Documents/jp/labWeb/cmu/semestre1/FSE/team_SA1_ESN/node_modules/mongoose/lib/model.js:4266:5)
    at cb (/Users/jplozgom/Documents/jp/labWeb/cmu/semestre1/FSE/team_SA1_ESN/node_modules/mongoose/lib/model.js:4241:5)
    at promiseOrCallback (/Users/jplozgom/Documents/jp/labWeb/cmu/semestre1/FSE/team_SA1_ESN/node_modules/mongoose/lib/helpers/promiseOrCallback.js:9:12)
    at Function.Object.&lt;anonymous&gt;.Model.populate (/Users/jplozgom/Documents/jp/labWeb/cmu/semestre1/FSE/team_SA1_ESN/node_modules/mongoose/lib/model.js:4239:10)
    at cb (/Users/jplozgom/Documents/jp/labWeb/cmu/semestre1/FSE/team_SA1_ESN/node_modules/mongoose/lib/query.js:1934:17)
    at /Users/jplozgom/Documents/jp/labWeb/cmu/semestre1/FSE/team_SA1_ESN/node_modules/mongodb/lib/utils.js:726:5
    at handleCallback (/Users/jplozgom/Documents/jp/labWeb/cmu/semestre1/FSE/team_SA1_ESN/node_modules/mongodb/lib/utils.js:128:55)
    at cursor.close (/Users/jplozgom/Documents/jp/labWeb/cmu/semestre1/FSE/team_SA1_ESN/node_modules/mongodb/lib/cursor.js:835:66)
    at handleCallback (/Users/jplozgom/Documents/jp/labWeb/cmu/semestre1/FSE/team_SA1_ESN/node_modules/mongodb/lib/utils.js:128:55)
    at completeClose (/Users/jplozgom/Documents/jp/labWeb/cmu/semestre1/FSE/team_SA1_ESN/node_modules/mongodb/lib/cursor.js:929:16)
    at Cursor.close (/Users/jplozgom/Documents/jp/labWeb/cmu/semestre1/FSE/team_SA1_ESN/node_modules/mongodb/lib/cursor.js:948:12)
    at cursor._next (/Users/jplozgom/Documents/jp/labWeb/cmu/semestre1/FSE/team_SA1_ESN/node_modules/mongodb/lib/cursor.js:835:27)</failure>
    </testcase>
    <testcase classname="principal Search Messages getting private  messages from  the database" name="principal Search Messages getting private  messages from  the database" time="0.036">
      <failure>MissingSchemaError: Schema hasn&apos;t been registered for model &quot;User&quot;.
Use mongoose.model(name, schema)
    at new MissingSchemaError (/Users/jplozgom/Documents/jp/labWeb/cmu/semestre1/FSE/team_SA1_ESN/node_modules/mongoose/lib/error/missingSchema.js:22:11)
    at NativeConnection.Object.&lt;anonymous&gt;.Connection.model (/Users/jplozgom/Documents/jp/labWeb/cmu/semestre1/FSE/team_SA1_ESN/node_modules/mongoose/lib/connection.js:1080:11)
    at getModelsMapForPopulate (/Users/jplozgom/Documents/jp/labWeb/cmu/semestre1/FSE/team_SA1_ESN/node_modules/mongoose/lib/helpers/populate/getModelsMapForPopulate.js:262:59)
    at populate (/Users/jplozgom/Documents/jp/labWeb/cmu/semestre1/FSE/team_SA1_ESN/node_modules/mongoose/lib/model.js:4296:21)
    at _populate (/Users/jplozgom/Documents/jp/labWeb/cmu/semestre1/FSE/team_SA1_ESN/node_modules/mongoose/lib/model.js:4266:5)
    at cb (/Users/jplozgom/Documents/jp/labWeb/cmu/semestre1/FSE/team_SA1_ESN/node_modules/mongoose/lib/model.js:4241:5)
    at promiseOrCallback (/Users/jplozgom/Documents/jp/labWeb/cmu/semestre1/FSE/team_SA1_ESN/node_modules/mongoose/lib/helpers/promiseOrCallback.js:9:12)
    at Function.Object.&lt;anonymous&gt;.Model.populate (/Users/jplozgom/Documents/jp/labWeb/cmu/semestre1/FSE/team_SA1_ESN/node_modules/mongoose/lib/model.js:4239:10)
    at cb (/Users/jplozgom/Documents/jp/labWeb/cmu/semestre1/FSE/team_SA1_ESN/node_modules/mongoose/lib/query.js:1934:17)
    at /Users/jplozgom/Documents/jp/labWeb/cmu/semestre1/FSE/team_SA1_ESN/node_modules/mongodb/lib/utils.js:726:5
    at handleCallback (/Users/jplozgom/Documents/jp/labWeb/cmu/semestre1/FSE/team_SA1_ESN/node_modules/mongodb/lib/utils.js:128:55)
    at cursor.close (/Users/jplozgom/Documents/jp/labWeb/cmu/semestre1/FSE/team_SA1_ESN/node_modules/mongodb/lib/cursor.js:835:66)
    at handleCallback (/Users/jplozgom/Documents/jp/labWeb/cmu/semestre1/FSE/team_SA1_ESN/node_modules/mongodb/lib/utils.js:128:55)
    at completeClose (/Users/jplozgom/Documents/jp/labWeb/cmu/semestre1/FSE/team_SA1_ESN/node_modules/mongodb/lib/cursor.js:929:16)
    at Cursor.close (/Users/jplozgom/Documents/jp/labWeb/cmu/semestre1/FSE/team_SA1_ESN/node_modules/mongodb/lib/cursor.js:948:12)
    at cursor._next (/Users/jplozgom/Documents/jp/labWeb/cmu/semestre1/FSE/team_SA1_ESN/node_modules/mongodb/lib/cursor.js:835:27)</failure>
    </testcase>
  </testsuite>
</testsuites>