<?xml version="1.0" encoding="UTF-8"?>
<testsuites name="jest tests" tests="16" failures="0" time="2.612">
  <testsuite name="Emergency Status Detail" errors="0" failures="0" skipped="0" timestamp="2020-04-13T19:40:04" time="1.392" tests="8">
    <testcase classname="Emergency Status Detail Create a new emergency status detail in the database" name="Emergency Status Detail Create a new emergency status detail in the database" time="0.035">
    </testcase>
    <testcase classname="Emergency Status Detail Update emegency status detail - brief description" name="Emergency Status Detail Update emegency status detail - brief description" time="0.009">
    </testcase>
    <testcase classname="Emergency Status Detail Update emegency status detail - location description" name="Emergency Status Detail Update emegency status detail - location description" time="0.001">
    </testcase>
    <testcase classname="Emergency Status Detail get megency status detail" name="Emergency Status Detail get megency status detail" time="0.005">
    </testcase>
    <testcase classname="Picture and Description add a new picture and description in the database" name="Picture and Description add a new picture and description in the database" time="0.007">
    </testcase>
    <testcase classname="Picture and Description update picture description in the database" name="Picture and Description update picture description in the database" time="0.002">
    </testcase>
    <testcase classname="Picture and Description get picture and description in the database" name="Picture and Description get picture and description in the database" time="0.005">
    </testcase>
    <testcase classname="Picture and Description remove picture from the database" name="Picture and Description remove picture from the database" time="0.003">
    </testcase>
  </testsuite>
  <testsuite name="emergency status detail API test" errors="0" failures="0" skipped="0" timestamp="2020-04-13T19:40:04" time="2.229" tests="8">
    <testcase classname="emergency status detail API test User updates emergency status brief description" name="emergency status detail API test User updates emergency status brief description" time="0.012">
    </testcase>
    <testcase classname="emergency status detail API test User updates emergency status location description" name="emergency status detail API test User updates emergency status location description" time="0.006">
    </testcase>
    <testcase classname="emergency status detail API test User gets emergency status brief description" name="emergency status detail API test User gets emergency status brief description" time="0.01">
    </testcase>
    <testcase classname="emergency status detail API test User gets emergency status location description" name="emergency status detail API test User gets emergency status location description" time="0.005">
    </testcase>
    <testcase classname="picture and description API test User adds a picture and discription description" name="picture and description API test User adds a picture and discription description" time="0.022">
    </testcase>
    <testcase classname="picture and description API test User gets all picture and description" name="picture and description API test User gets all picture and description" time="0.017">
    </testcase>
    <testcase classname="picture and description API test User updates description of a picture" name="picture and description API test User updates description of a picture" time="0.011">
    </testcase>
    <testcase classname="picture and description API test User deletes a picture and description from db" name="picture and description API test User deletes a picture and description from db" time="0.006">
    </testcase>
  </testsuite>
</testsuites>