{"/Users/jameshuang304/Documents/CMU/FSE/s20-ESN-SA1/app.js": {"path":"/Users/jameshuang304/Documents/CMU/FSE/s20-ESN-SA1/app.js","statementMap":{"0":{"start":{"line":1,"column":18},"end":{"line":1,"column":40}},"1":{"start":{"line":2,"column":14},"end":{"line":2,"column":32}},"2":{"start":{"line":3,"column":11},"end":{"line":3,"column":26}},"3":{"start":{"line":4,"column":19},"end":{"line":4,"column":43}},"4":{"start":{"line":5,"column":13},"end":{"line":5,"column":30}},"5":{"start":{"line":6,"column":18},"end":{"line":6,"column":40}},"6":{"start":{"line":7,"column":17},"end":{"line":7,"column":39}},"7":{"start":{"line":8,"column":18},"end":{"line":8,"column":43}},"8":{"start":{"line":9,"column":25},"end":{"line":9,"column":57}},"9":{"start":{"line":10,"column":24},"end":{"line":10,"column":55}},"10":{"start":{"line":11,"column":18},"end":{"line":11,"column":43}},"11":{"start":{"line":12,"column":18},"end":{"line":12,"column":43}},"12":{"start":{"line":13,"column":25},"end":{"line":13,"column":57}},"13":{"start":{"line":14,"column":32},"end":{"line":14,"column":71}},"14":{"start":{"line":15,"column":22},"end":{"line":15,"column":51}},"15":{"start":{"line":16,"column":25},"end":{"line":16,"column":58}},"16":{"start":{"line":17,"column":22},"end":{"line":17,"column":51}},"17":{"start":{"line":18,"column":34},"end":{"line":18,"column":75}},"18":{"start":{"line":19,"column":25},"end":{"line":19,"column":55}},"19":{"start":{"line":21,"column":18},"end":{"line":21,"column":31}},"20":{"start":{"line":30,"column":10},"end":{"line":30,"column":19}},"21":{"start":{"line":37,"column":17},"end":{"line":37,"column":23}},"22":{"start":{"line":44,"column":11},"end":{"line":44,"column":15}},"23":{"start":{"line":45,"column":12},"end":{"line":45,"column":16}},"24":{"start":{"line":46,"column":13},"end":{"line":46,"column":17}},"25":{"start":{"line":79,"column":9},"end":{"line":79,"column":37}},"26":{"start":{"line":80,"column":12},"end":{"line":80,"column":13}},"27":{"start":{"line":81,"column":0},"end":{"line":87,"column":3}},"28":{"start":{"line":84,"column":4},"end":{"line":86,"column":7}},"29":{"start":{"line":91,"column":0},"end":{"line":94,"column":3}},"30":{"start":{"line":92,"column":4},"end":{"line":92,"column":16}},"31":{"start":{"line":93,"column":4},"end":{"line":93,"column":11}},"32":{"start":{"line":97,"column":0},"end":{"line":99,"column":4}},"33":{"start":{"line":102,"column":0},"end":{"line":102,"column":43}},"34":{"start":{"line":104,"column":0},"end":{"line":104,"column":48}},"35":{"start":{"line":106,"column":0},"end":{"line":106,"column":30}},"36":{"start":{"line":107,"column":0},"end":{"line":107,"column":23}},"37":{"start":{"line":108,"column":0},"end":{"line":108,"column":24}},"38":{"start":{"line":109,"column":0},"end":{"line":109,"column":56}},"39":{"start":{"line":110,"column":0},"end":{"line":110,"column":84}},"40":{"start":{"line":111,"column":0},"end":{"line":111,"column":26}},"41":{"start":{"line":113,"column":0},"end":{"line":113,"column":35}},"42":{"start":{"line":114,"column":0},"end":{"line":114,"column":33}},"43":{"start":{"line":115,"column":0},"end":{"line":115,"column":35}},"44":{"start":{"line":117,"column":0},"end":{"line":117,"column":50}},"45":{"start":{"line":118,"column":0},"end":{"line":118,"column":65}},"46":{"start":{"line":119,"column":0},"end":{"line":119,"column":43}},"47":{"start":{"line":120,"column":0},"end":{"line":120,"column":49}},"48":{"start":{"line":121,"column":0},"end":{"line":121,"column":42}},"49":{"start":{"line":122,"column":0},"end":{"line":122,"column":66}},"50":{"start":{"line":123,"column":0},"end":{"line":123,"column":46}},"51":{"start":{"line":124,"column":0},"end":{"line":124,"column":98}},"52":{"start":{"line":125,"column":0},"end":{"line":125,"column":86}},"53":{"start":{"line":130,"column":0},"end":{"line":135,"column":3}},"54":{"start":{"line":137,"column":0},"end":{"line":145,"column":3}},"55":{"start":{"line":141,"column":4},"end":{"line":141,"column":71}},"56":{"start":{"line":143,"column":4},"end":{"line":143,"column":34}},"57":{"start":{"line":144,"column":4},"end":{"line":144,"column":24}},"58":{"start":{"line":146,"column":0},"end":{"line":146,"column":20}},"59":{"start":{"line":148,"column":0},"end":{"line":151,"column":2}}},"fnMap":{"0":{"name":"(anonymous_0)","decl":{"start":{"line":81,"column":28},"end":{"line":81,"column":29}},"loc":{"start":{"line":81,"column":45},"end":{"line":87,"column":1}},"line":81},"1":{"name":"(anonymous_1)","decl":{"start":{"line":91,"column":8},"end":{"line":91,"column":9}},"loc":{"start":{"line":91,"column":33},"end":{"line":94,"column":1}},"line":91},"2":{"name":"(anonymous_2)","decl":{"start":{"line":130,"column":13},"end":{"line":130,"column":14}},"loc":{"start":{"line":130,"column":33},"end":{"line":135,"column":1}},"line":130},"3":{"name":"(anonymous_3)","decl":{"start":{"line":137,"column":8},"end":{"line":137,"column":9}},"loc":{"start":{"line":137,"column":38},"end":{"line":145,"column":1}},"line":137}},"branchMap":{"0":{"loc":{"start":{"line":141,"column":23},"end":{"line":141,"column":70}},"type":"cond-expr","locations":[{"start":{"line":141,"column":62},"end":{"line":141,"column":65}},{"start":{"line":141,"column":68},"end":{"line":141,"column":70}}],"line":141},"1":{"loc":{"start":{"line":143,"column":15},"end":{"line":143,"column":32}},"type":"binary-expr","locations":[{"start":{"line":143,"column":15},"end":{"line":143,"column":25}},{"start":{"line":143,"column":29},"end":{"line":143,"column":32}}],"line":143}},"s":{"0":7,"1":7,"2":7,"3":7,"4":7,"5":7,"6":7,"7":7,"8":7,"9":7,"10":7,"11":7,"12":7,"13":7,"14":7,"15":7,"16":7,"17":7,"18":7,"19":7,"20":7,"21":7,"22":7,"23":7,"24":7,"25":7,"26":7,"27":7,"28":0,"29":7,"30":63,"31":63,"32":7,"33":7,"34":7,"35":7,"36":7,"37":7,"38":7,"39":7,"40":7,"41":7,"42":7,"43":7,"44":7,"45":7,"46":7,"47":7,"48":7,"49":7,"50":7,"51":7,"52":7,"53":7,"54":7,"55":0,"56":0,"57":0,"58":7,"59":7},"f":{"0":0,"1":63,"2":0,"3":0},"b":{"0":[0,0],"1":[0,0]},"_coverageSchema":"1a1c01bbd47fc00a2c39e90264f33305004495a9","hash":"16f15b8ee28cbd76ff01463288b9507544b13e4b"}
,"/Users/jameshuang304/Documents/CMU/FSE/s20-ESN-SA1/constants.js": {"path":"/Users/jameshuang304/Documents/CMU/FSE/s20-ESN-SA1/constants.js","statementMap":{"0":{"start":{"line":1,"column":0},"end":{"line":14,"column":2}}},"fnMap":{},"branchMap":{},"s":{"0":11},"f":{},"b":{},"_coverageSchema":"1a1c01bbd47fc00a2c39e90264f33305004495a9","hash":"5afe8927912535e72a8e48b6b1f4683587609441"}
,"/Users/jameshuang304/Documents/CMU/FSE/s20-ESN-SA1/controllers/AnnouncementController.js": {"path":"/Users/jameshuang304/Documents/CMU/FSE/s20-ESN-SA1/controllers/AnnouncementController.js","statementMap":{"0":{"start":{"line":1,"column":21},"end":{"line":1,"column":53}},"1":{"start":{"line":9,"column":26},"end":{"line":9,"column":34}},"2":{"start":{"line":10,"column":22},"end":{"line":10,"column":44}},"3":{"start":{"line":11,"column":22},"end":{"line":11,"column":44}},"4":{"start":{"line":12,"column":30},"end":{"line":12,"column":70}},"5":{"start":{"line":15,"column":8},"end":{"line":29,"column":11}},"6":{"start":{"line":16,"column":12},"end":{"line":20,"column":15}},"7":{"start":{"line":22,"column":12},"end":{"line":22,"column":48}},"8":{"start":{"line":23,"column":12},"end":{"line":23,"column":66}},"9":{"start":{"line":41,"column":25},"end":{"line":41,"column":36}},"10":{"start":{"line":42,"column":22},"end":{"line":42,"column":36}},"11":{"start":{"line":43,"column":20},"end":{"line":43,"column":35}},"12":{"start":{"line":44,"column":21},"end":{"line":44,"column":35}},"13":{"start":{"line":45,"column":24},"end":{"line":45,"column":26}},"14":{"start":{"line":47,"column":8},"end":{"line":74,"column":9}},"15":{"start":{"line":48,"column":12},"end":{"line":52,"column":13}},"16":{"start":{"line":51,"column":16},"end":{"line":51,"column":31}},"17":{"start":{"line":54,"column":12},"end":{"line":62,"column":15}},"18":{"start":{"line":55,"column":16},"end":{"line":55,"column":52}},"19":{"start":{"line":56,"column":16},"end":{"line":56,"column":68}},"20":{"start":{"line":64,"column":12},"end":{"line":64,"column":27}},"21":{"start":{"line":65,"column":12},"end":{"line":73,"column":15}},"22":{"start":{"line":66,"column":16},"end":{"line":66,"column":52}},"23":{"start":{"line":67,"column":16},"end":{"line":67,"column":68}},"24":{"start":{"line":77,"column":0},"end":{"line":77,"column":40}}},"fnMap":{"0":{"name":"(anonymous_0)","decl":{"start":{"line":8,"column":4},"end":{"line":8,"column":5}},"loc":{"start":{"line":8,"column":33},"end":{"line":30,"column":5}},"line":8},"1":{"name":"(anonymous_1)","decl":{"start":{"line":15,"column":48},"end":{"line":15,"column":49}},"loc":{"start":{"line":15,"column":69},"end":{"line":24,"column":9}},"line":15},"2":{"name":"(anonymous_2)","decl":{"start":{"line":24,"column":17},"end":{"line":24,"column":18}},"loc":{"start":{"line":24,"column":26},"end":{"line":29,"column":9}},"line":24},"3":{"name":"(anonymous_3)","decl":{"start":{"line":40,"column":4},"end":{"line":40,"column":5}},"loc":{"start":{"line":40,"column":31},"end":{"line":75,"column":5}},"line":40},"4":{"name":"(anonymous_4)","decl":{"start":{"line":54,"column":65},"end":{"line":54,"column":66}},"loc":{"start":{"line":54,"column":84},"end":{"line":57,"column":13}},"line":54},"5":{"name":"(anonymous_5)","decl":{"start":{"line":57,"column":21},"end":{"line":57,"column":22}},"loc":{"start":{"line":57,"column":30},"end":{"line":62,"column":13}},"line":57},"6":{"name":"(anonymous_6)","decl":{"start":{"line":65,"column":76},"end":{"line":65,"column":77}},"loc":{"start":{"line":65,"column":95},"end":{"line":68,"column":13}},"line":65},"7":{"name":"(anonymous_7)","decl":{"start":{"line":68,"column":21},"end":{"line":68,"column":22}},"loc":{"start":{"line":68,"column":30},"end":{"line":73,"column":13}},"line":68}},"branchMap":{"0":{"loc":{"start":{"line":47,"column":8},"end":{"line":74,"column":9}},"type":"if","locations":[{"start":{"line":47,"column":8},"end":{"line":74,"column":9}},{"start":{"line":47,"column":8},"end":{"line":74,"column":9}}],"line":47},"1":{"loc":{"start":{"line":47,"column":12},"end":{"line":47,"column":98}},"type":"binary-expr","locations":[{"start":{"line":47,"column":12},"end":{"line":47,"column":34}},{"start":{"line":47,"column":38},"end":{"line":47,"column":58}},{"start":{"line":47,"column":62},"end":{"line":47,"column":81}},{"start":{"line":47,"column":85},"end":{"line":47,"column":98}}],"line":47},"2":{"loc":{"start":{"line":48,"column":12},"end":{"line":52,"column":13}},"type":"if","locations":[{"start":{"line":48,"column":12},"end":{"line":52,"column":13}},{"start":{"line":48,"column":12},"end":{"line":52,"column":13}}],"line":48},"3":{"loc":{"start":{"line":48,"column":16},"end":{"line":48,"column":41}},"type":"binary-expr","locations":[{"start":{"line":48,"column":16},"end":{"line":48,"column":33}},{"start":{"line":48,"column":37},"end":{"line":48,"column":41}}],"line":48}},"s":{"0":7,"1":3,"2":3,"3":3,"4":3,"5":3,"6":3,"7":3,"8":3,"9":2,"10":2,"11":2,"12":2,"13":2,"14":2,"15":1,"16":0,"17":1,"18":1,"19":1,"20":1,"21":1,"22":1,"23":1,"24":7},"f":{"0":3,"1":3,"2":0,"3":2,"4":1,"5":0,"6":1,"7":0},"b":{"0":[1,1],"1":[2,1,1,1],"2":[0,1],"3":[1,0]},"_coverageSchema":"1a1c01bbd47fc00a2c39e90264f33305004495a9","hash":"03897fceab0f065942c3d34be3be95c2e1fcc2ec"}
,"/Users/jameshuang304/Documents/CMU/FSE/s20-ESN-SA1/controllers/ChatMessagesController.js": {"path":"/Users/jameshuang304/Documents/CMU/FSE/s20-ESN-SA1/controllers/ChatMessagesController.js","statementMap":{"0":{"start":{"line":1,"column":20},"end":{"line":1,"column":54}},"1":{"start":{"line":2,"column":13},"end":{"line":2,"column":40}},"2":{"start":{"line":3,"column":18},"end":{"line":3,"column":41}},"3":{"start":{"line":13,"column":28},"end":{"line":13,"column":36}},"4":{"start":{"line":14,"column":8},"end":{"line":18,"column":9}},"5":{"start":{"line":15,"column":12},"end":{"line":17,"column":16}},"6":{"start":{"line":19,"column":8},"end":{"line":23,"column":9}},"7":{"start":{"line":20,"column":12},"end":{"line":22,"column":16}},"8":{"start":{"line":24,"column":24},"end":{"line":24,"column":46}},"9":{"start":{"line":25,"column":24},"end":{"line":25,"column":46}},"10":{"start":{"line":26,"column":24},"end":{"line":26,"column":28}},"11":{"start":{"line":27,"column":19},"end":{"line":27,"column":24}},"12":{"start":{"line":29,"column":8},"end":{"line":77,"column":11}},"13":{"start":{"line":30,"column":12},"end":{"line":30,"column":31}},"14":{"start":{"line":37,"column":32},"end":{"line":37,"column":89}},"15":{"start":{"line":39,"column":12},"end":{"line":39,"column":50}},"16":{"start":{"line":42,"column":12},"end":{"line":52,"column":15}},"17":{"start":{"line":55,"column":12},"end":{"line":64,"column":16}},"18":{"start":{"line":86,"column":28},"end":{"line":86,"column":45}},"19":{"start":{"line":87,"column":24},"end":{"line":87,"column":35}},"20":{"start":{"line":88,"column":21},"end":{"line":88,"column":35}},"21":{"start":{"line":90,"column":8},"end":{"line":90,"column":35}},"22":{"start":{"line":91,"column":8},"end":{"line":117,"column":9}},"23":{"start":{"line":93,"column":12},"end":{"line":104,"column":19}},"24":{"start":{"line":96,"column":32},"end":{"line":96,"column":148}},"25":{"start":{"line":97,"column":20},"end":{"line":97,"column":56}},"26":{"start":{"line":98,"column":20},"end":{"line":98,"column":69}},"27":{"start":{"line":103,"column":20},"end":{"line":103,"column":53}},"28":{"start":{"line":107,"column":12},"end":{"line":116,"column":19}},"29":{"start":{"line":109,"column":20},"end":{"line":109,"column":56}},"30":{"start":{"line":110,"column":20},"end":{"line":110,"column":65}},"31":{"start":{"line":120,"column":0},"end":{"line":120,"column":40}}},"fnMap":{"0":{"name":"(anonymous_0)","decl":{"start":{"line":12,"column":4},"end":{"line":12,"column":5}},"loc":{"start":{"line":12,"column":28},"end":{"line":78,"column":5}},"line":12},"1":{"name":"(anonymous_1)","decl":{"start":{"line":29,"column":40},"end":{"line":29,"column":41}},"loc":{"start":{"line":29,"column":52},"end":{"line":40,"column":9}},"line":29},"2":{"name":"(anonymous_2)","decl":{"start":{"line":40,"column":16},"end":{"line":40,"column":17}},"loc":{"start":{"line":40,"column":40},"end":{"line":65,"column":9}},"line":40},"3":{"name":"(anonymous_3)","decl":{"start":{"line":65,"column":17},"end":{"line":65,"column":18}},"loc":{"start":{"line":65,"column":26},"end":{"line":77,"column":9}},"line":65},"4":{"name":"(anonymous_4)","decl":{"start":{"line":85,"column":4},"end":{"line":85,"column":5}},"loc":{"start":{"line":85,"column":30},"end":{"line":118,"column":5}},"line":85},"5":{"name":"(anonymous_5)","decl":{"start":{"line":94,"column":23},"end":{"line":94,"column":24}},"loc":{"start":{"line":94,"column":37},"end":{"line":99,"column":17}},"line":94},"6":{"name":"(anonymous_6)","decl":{"start":{"line":100,"column":24},"end":{"line":100,"column":25}},"loc":{"start":{"line":100,"column":33},"end":{"line":104,"column":17}},"line":100},"7":{"name":"(anonymous_7)","decl":{"start":{"line":108,"column":22},"end":{"line":108,"column":23}},"loc":{"start":{"line":108,"column":34},"end":{"line":111,"column":17}},"line":108},"8":{"name":"(anonymous_8)","decl":{"start":{"line":111,"column":25},"end":{"line":111,"column":26}},"loc":{"start":{"line":111,"column":34},"end":{"line":116,"column":17}},"line":111}},"branchMap":{"0":{"loc":{"start":{"line":14,"column":8},"end":{"line":18,"column":9}},"type":"if","locations":[{"start":{"line":14,"column":8},"end":{"line":18,"column":9}},{"start":{"line":14,"column":8},"end":{"line":18,"column":9}}],"line":14},"1":{"loc":{"start":{"line":19,"column":8},"end":{"line":23,"column":9}},"type":"if","locations":[{"start":{"line":19,"column":8},"end":{"line":23,"column":9}},{"start":{"line":19,"column":8},"end":{"line":23,"column":9}}],"line":19},"2":{"loc":{"start":{"line":91,"column":8},"end":{"line":117,"column":9}},"type":"if","locations":[{"start":{"line":91,"column":8},"end":{"line":117,"column":9}},{"start":{"line":91,"column":8},"end":{"line":117,"column":9}}],"line":91},"3":{"loc":{"start":{"line":91,"column":12},"end":{"line":91,"column":57}},"type":"binary-expr","locations":[{"start":{"line":91,"column":12},"end":{"line":91,"column":33}},{"start":{"line":91,"column":37},"end":{"line":91,"column":57}}],"line":91}},"s":{"0":7,"1":7,"2":7,"3":3,"4":3,"5":1,"6":2,"7":1,"8":1,"9":1,"10":1,"11":1,"12":1,"13":1,"14":1,"15":1,"16":1,"17":1,"18":5,"19":5,"20":5,"21":5,"22":5,"23":2,"24":2,"25":2,"26":2,"27":0,"28":3,"29":3,"30":3,"31":7},"f":{"0":3,"1":1,"2":1,"3":0,"4":5,"5":2,"6":0,"7":3,"8":0},"b":{"0":[1,2],"1":[1,1],"2":[2,3],"3":[5,2]},"_coverageSchema":"1a1c01bbd47fc00a2c39e90264f33305004495a9","hash":"137c09988488fcaee1d78e06ca6379d8929b397e"}
,"/Users/jameshuang304/Documents/CMU/FSE/s20-ESN-SA1/controllers/EmergencyStatusDetailController.js": {"path":"/Users/jameshuang304/Documents/CMU/FSE/s20-ESN-SA1/controllers/EmergencyStatusDetailController.js","statementMap":{"0":{"start":{"line":1,"column":30},"end":{"line":1,"column":74}},"1":{"start":{"line":2,"column":11},"end":{"line":2,"column":24}},"2":{"start":{"line":7,"column":8},"end":{"line":7,"column":34}},"3":{"start":{"line":8,"column":23},"end":{"line":8,"column":40}},"4":{"start":{"line":9,"column":8},"end":{"line":15,"column":15}},"5":{"start":{"line":11,"column":16},"end":{"line":11,"column":52}},"6":{"start":{"line":12,"column":16},"end":{"line":12,"column":74}},"7":{"start":{"line":14,"column":16},"end":{"line":14,"column":49}},"8":{"start":{"line":19,"column":23},"end":{"line":19,"column":40}},"9":{"start":{"line":20,"column":28},"end":{"line":20,"column":48}},"10":{"start":{"line":21,"column":27},"end":{"line":21,"column":46}},"11":{"start":{"line":23,"column":8},"end":{"line":29,"column":15}},"12":{"start":{"line":25,"column":16},"end":{"line":25,"column":52}},"13":{"start":{"line":26,"column":16},"end":{"line":26,"column":74}},"14":{"start":{"line":28,"column":16},"end":{"line":28,"column":49}},"15":{"start":{"line":33,"column":23},"end":{"line":33,"column":40}},"16":{"start":{"line":35,"column":8},"end":{"line":41,"column":15}},"17":{"start":{"line":37,"column":16},"end":{"line":37,"column":52}},"18":{"start":{"line":38,"column":16},"end":{"line":38,"column":74}},"19":{"start":{"line":40,"column":16},"end":{"line":40,"column":49}},"20":{"start":{"line":45,"column":8},"end":{"line":45,"column":49}},"21":{"start":{"line":46,"column":8},"end":{"line":46,"column":30}},"22":{"start":{"line":47,"column":23},"end":{"line":47,"column":40}},"23":{"start":{"line":48,"column":28},"end":{"line":48,"column":41}},"24":{"start":{"line":49,"column":28},"end":{"line":49,"column":45}},"25":{"start":{"line":50,"column":35},"end":{"line":50,"column":62}},"26":{"start":{"line":52,"column":8},"end":{"line":58,"column":15}},"27":{"start":{"line":54,"column":16},"end":{"line":54,"column":52}},"28":{"start":{"line":55,"column":16},"end":{"line":55,"column":71}},"29":{"start":{"line":57,"column":16},"end":{"line":57,"column":49}},"30":{"start":{"line":63,"column":26},"end":{"line":63,"column":46}},"31":{"start":{"line":64,"column":35},"end":{"line":64,"column":62}},"32":{"start":{"line":66,"column":8},"end":{"line":72,"column":15}},"33":{"start":{"line":68,"column":16},"end":{"line":68,"column":52}},"34":{"start":{"line":69,"column":16},"end":{"line":69,"column":78}},"35":{"start":{"line":71,"column":16},"end":{"line":71,"column":49}},"36":{"start":{"line":76,"column":26},"end":{"line":76,"column":46}},"37":{"start":{"line":77,"column":8},"end":{"line":90,"column":15}},"38":{"start":{"line":79,"column":29},"end":{"line":79,"column":48}},"39":{"start":{"line":80,"column":16},"end":{"line":85,"column":18}},"40":{"start":{"line":81,"column":20},"end":{"line":84,"column":21}},"41":{"start":{"line":82,"column":22},"end":{"line":82,"column":40}},"42":{"start":{"line":83,"column":22},"end":{"line":83,"column":28}},"43":{"start":{"line":86,"column":16},"end":{"line":86,"column":52}},"44":{"start":{"line":87,"column":16},"end":{"line":87,"column":68}},"45":{"start":{"line":89,"column":16},"end":{"line":89,"column":49}},"46":{"start":{"line":96,"column":0},"end":{"line":96,"column":49}}},"fnMap":{"0":{"name":"(anonymous_0)","decl":{"start":{"line":6,"column":4},"end":{"line":6,"column":5}},"loc":{"start":{"line":6,"column":39},"end":{"line":16,"column":5}},"line":6},"1":{"name":"(anonymous_1)","decl":{"start":{"line":10,"column":18},"end":{"line":10,"column":19}},"loc":{"start":{"line":10,"column":36},"end":{"line":13,"column":13}},"line":10},"2":{"name":"(anonymous_2)","decl":{"start":{"line":13,"column":21},"end":{"line":13,"column":22}},"loc":{"start":{"line":13,"column":30},"end":{"line":15,"column":13}},"line":13},"3":{"name":"(anonymous_3)","decl":{"start":{"line":18,"column":4},"end":{"line":18,"column":5}},"loc":{"start":{"line":18,"column":42},"end":{"line":30,"column":5}},"line":18},"4":{"name":"(anonymous_4)","decl":{"start":{"line":24,"column":18},"end":{"line":24,"column":19}},"loc":{"start":{"line":24,"column":36},"end":{"line":27,"column":13}},"line":24},"5":{"name":"(anonymous_5)","decl":{"start":{"line":27,"column":21},"end":{"line":27,"column":22}},"loc":{"start":{"line":27,"column":30},"end":{"line":29,"column":13}},"line":27},"6":{"name":"(anonymous_6)","decl":{"start":{"line":32,"column":4},"end":{"line":32,"column":5}},"loc":{"start":{"line":32,"column":42},"end":{"line":42,"column":5}},"line":32},"7":{"name":"(anonymous_7)","decl":{"start":{"line":36,"column":18},"end":{"line":36,"column":19}},"loc":{"start":{"line":36,"column":36},"end":{"line":39,"column":13}},"line":36},"8":{"name":"(anonymous_8)","decl":{"start":{"line":39,"column":21},"end":{"line":39,"column":22}},"loc":{"start":{"line":39,"column":30},"end":{"line":41,"column":13}},"line":39},"9":{"name":"(anonymous_9)","decl":{"start":{"line":44,"column":4},"end":{"line":44,"column":5}},"loc":{"start":{"line":44,"column":39},"end":{"line":60,"column":5}},"line":44},"10":{"name":"(anonymous_10)","decl":{"start":{"line":53,"column":18},"end":{"line":53,"column":19}},"loc":{"start":{"line":53,"column":33},"end":{"line":56,"column":13}},"line":53},"11":{"name":"(anonymous_11)","decl":{"start":{"line":56,"column":21},"end":{"line":56,"column":22}},"loc":{"start":{"line":56,"column":30},"end":{"line":58,"column":13}},"line":56},"12":{"name":"(anonymous_12)","decl":{"start":{"line":62,"column":4},"end":{"line":62,"column":5}},"loc":{"start":{"line":62,"column":39},"end":{"line":73,"column":5}},"line":62},"13":{"name":"(anonymous_13)","decl":{"start":{"line":67,"column":18},"end":{"line":67,"column":19}},"loc":{"start":{"line":67,"column":40},"end":{"line":70,"column":13}},"line":67},"14":{"name":"(anonymous_14)","decl":{"start":{"line":70,"column":21},"end":{"line":70,"column":22}},"loc":{"start":{"line":70,"column":30},"end":{"line":72,"column":13}},"line":70},"15":{"name":"(anonymous_15)","decl":{"start":{"line":75,"column":4},"end":{"line":75,"column":5}},"loc":{"start":{"line":75,"column":42},"end":{"line":91,"column":5}},"line":75},"16":{"name":"(anonymous_16)","decl":{"start":{"line":78,"column":18},"end":{"line":78,"column":19}},"loc":{"start":{"line":78,"column":30},"end":{"line":88,"column":13}},"line":78},"17":{"name":"(anonymous_17)","decl":{"start":{"line":80,"column":32},"end":{"line":80,"column":33}},"loc":{"start":{"line":80,"column":41},"end":{"line":85,"column":17}},"line":80},"18":{"name":"(anonymous_18)","decl":{"start":{"line":88,"column":21},"end":{"line":88,"column":22}},"loc":{"start":{"line":88,"column":30},"end":{"line":90,"column":13}},"line":88}},"branchMap":{"0":{"loc":{"start":{"line":81,"column":20},"end":{"line":84,"column":21}},"type":"if","locations":[{"start":{"line":81,"column":20},"end":{"line":84,"column":21}},{"start":{"line":81,"column":20},"end":{"line":84,"column":21}}],"line":81}},"s":{"0":7,"1":7,"2":2,"3":2,"4":2,"5":2,"6":2,"7":0,"8":2,"9":2,"10":2,"11":2,"12":2,"13":2,"14":0,"15":1,"16":1,"17":1,"18":1,"19":0,"20":1,"21":1,"22":1,"23":1,"24":1,"25":1,"26":1,"27":1,"28":1,"29":0,"30":1,"31":1,"32":1,"33":1,"34":1,"35":0,"36":1,"37":1,"38":1,"39":1,"40":1,"41":0,"42":0,"43":1,"44":1,"45":0,"46":7},"f":{"0":2,"1":2,"2":0,"3":2,"4":2,"5":0,"6":1,"7":1,"8":0,"9":1,"10":1,"11":0,"12":1,"13":1,"14":0,"15":1,"16":1,"17":1,"18":0},"b":{"0":[0,1]},"_coverageSchema":"1a1c01bbd47fc00a2c39e90264f33305004495a9","hash":"6548e76adf770d65000c07f96fcb55b0d18816b6"}
,"/Users/jameshuang304/Documents/CMU/FSE/s20-ESN-SA1/controllers/PrivateChatMessagesController.js": {"path":"/Users/jameshuang304/Documents/CMU/FSE/s20-ESN-SA1/controllers/PrivateChatMessagesController.js","statementMap":{"0":{"start":{"line":1,"column":27},"end":{"line":1,"column":68}},"1":{"start":{"line":2,"column":13},"end":{"line":2,"column":40}},"2":{"start":{"line":3,"column":18},"end":{"line":3,"column":41}},"3":{"start":{"line":13,"column":26},"end":{"line":13,"column":34}},"4":{"start":{"line":14,"column":25},"end":{"line":14,"column":29}},"5":{"start":{"line":15,"column":27},"end":{"line":15,"column":31}},"6":{"start":{"line":17,"column":8},"end":{"line":21,"column":9}},"7":{"start":{"line":18,"column":12},"end":{"line":20,"column":16}},"8":{"start":{"line":22,"column":8},"end":{"line":26,"column":9}},"9":{"start":{"line":23,"column":12},"end":{"line":25,"column":16}},"10":{"start":{"line":27,"column":8},"end":{"line":31,"column":9}},"11":{"start":{"line":28,"column":12},"end":{"line":30,"column":16}},"12":{"start":{"line":33,"column":22},"end":{"line":33,"column":44}},"13":{"start":{"line":34,"column":29},"end":{"line":34,"column":58}},"14":{"start":{"line":35,"column":31},"end":{"line":35,"column":62}},"15":{"start":{"line":37,"column":8},"end":{"line":77,"column":11}},"16":{"start":{"line":39,"column":12},"end":{"line":39,"column":32}},"17":{"start":{"line":41,"column":12},"end":{"line":41,"column":55}},"18":{"start":{"line":44,"column":12},"end":{"line":44,"column":34}},"19":{"start":{"line":46,"column":37},"end":{"line":46,"column":121}},"20":{"start":{"line":48,"column":12},"end":{"line":48,"column":57}},"21":{"start":{"line":51,"column":12},"end":{"line":51,"column":153}},"22":{"start":{"line":52,"column":12},"end":{"line":52,"column":155}},"23":{"start":{"line":56,"column":12},"end":{"line":56,"column":76}},"24":{"start":{"line":59,"column":12},"end":{"line":69,"column":15}},"25":{"start":{"line":85,"column":26},"end":{"line":85,"column":35}},"26":{"start":{"line":88,"column":8},"end":{"line":92,"column":9}},"27":{"start":{"line":89,"column":12},"end":{"line":91,"column":16}},"28":{"start":{"line":93,"column":8},"end":{"line":97,"column":9}},"29":{"start":{"line":94,"column":12},"end":{"line":96,"column":16}},"30":{"start":{"line":99,"column":8},"end":{"line":105,"column":9}},"31":{"start":{"line":101,"column":12},"end":{"line":101,"column":51}},"32":{"start":{"line":104,"column":12},"end":{"line":104,"column":51}},"33":{"start":{"line":120,"column":8},"end":{"line":138,"column":9}},"34":{"start":{"line":143,"column":16},"end":{"line":143,"column":32}},"35":{"start":{"line":144,"column":15},"end":{"line":144,"column":67}},"36":{"start":{"line":145,"column":19},"end":{"line":145,"column":46}},"37":{"start":{"line":146,"column":29},"end":{"line":146,"column":53}},"38":{"start":{"line":147,"column":4},"end":{"line":159,"column":11}},"39":{"start":{"line":150,"column":12},"end":{"line":150,"column":29}},"40":{"start":{"line":163,"column":29},"end":{"line":163,"column":53}},"41":{"start":{"line":164,"column":4},"end":{"line":173,"column":7}},"42":{"start":{"line":166,"column":8},"end":{"line":166,"column":96}},"43":{"start":{"line":167,"column":8},"end":{"line":167,"column":25}},"44":{"start":{"line":177,"column":0},"end":{"line":177,"column":47}}},"fnMap":{"0":{"name":"(anonymous_0)","decl":{"start":{"line":12,"column":4},"end":{"line":12,"column":5}},"loc":{"start":{"line":12,"column":28},"end":{"line":78,"column":5}},"line":12},"1":{"name":"(anonymous_1)","decl":{"start":{"line":37,"column":47},"end":{"line":37,"column":48}},"loc":{"start":{"line":37,"column":57},"end":{"line":42,"column":9}},"line":37},"2":{"name":"(anonymous_2)","decl":{"start":{"line":42,"column":16},"end":{"line":42,"column":17}},"loc":{"start":{"line":42,"column":26},"end":{"line":49,"column":9}},"line":42},"3":{"name":"(anonymous_3)","decl":{"start":{"line":49,"column":16},"end":{"line":49,"column":17}},"loc":{"start":{"line":49,"column":45},"end":{"line":70,"column":9}},"line":49},"4":{"name":"(anonymous_4)","decl":{"start":{"line":70,"column":17},"end":{"line":70,"column":18}},"loc":{"start":{"line":70,"column":24},"end":{"line":77,"column":9}},"line":70},"5":{"name":"(anonymous_5)","decl":{"start":{"line":84,"column":4},"end":{"line":84,"column":5}},"loc":{"start":{"line":84,"column":30},"end":{"line":106,"column":5}},"line":84},"6":{"name":"(anonymous_6)","decl":{"start":{"line":118,"column":4},"end":{"line":118,"column":5}},"loc":{"start":{"line":118,"column":105},"end":{"line":139,"column":5}},"line":118},"7":{"name":"searchPrivateMessage","decl":{"start":{"line":142,"column":9},"end":{"line":142,"column":29}},"loc":{"start":{"line":142,"column":48},"end":{"line":160,"column":1}},"line":142},"8":{"name":"(anonymous_8)","decl":{"start":{"line":149,"column":14},"end":{"line":149,"column":15}},"loc":{"start":{"line":149,"column":24},"end":{"line":152,"column":9}},"line":149},"9":{"name":"(anonymous_9)","decl":{"start":{"line":152,"column":17},"end":{"line":152,"column":18}},"loc":{"start":{"line":152,"column":24},"end":{"line":159,"column":9}},"line":152},"10":{"name":"getAllPrivateMessage","decl":{"start":{"line":162,"column":9},"end":{"line":162,"column":29}},"loc":{"start":{"line":162,"column":48},"end":{"line":174,"column":1}},"line":162},"11":{"name":"(anonymous_11)","decl":{"start":{"line":164,"column":108},"end":{"line":164,"column":109}},"loc":{"start":{"line":164,"column":118},"end":{"line":168,"column":5}},"line":164},"12":{"name":"(anonymous_12)","decl":{"start":{"line":168,"column":13},"end":{"line":168,"column":14}},"loc":{"start":{"line":168,"column":20},"end":{"line":173,"column":5}},"line":168}},"branchMap":{"0":{"loc":{"start":{"line":17,"column":8},"end":{"line":21,"column":9}},"type":"if","locations":[{"start":{"line":17,"column":8},"end":{"line":21,"column":9}},{"start":{"line":17,"column":8},"end":{"line":21,"column":9}}],"line":17},"1":{"loc":{"start":{"line":22,"column":8},"end":{"line":26,"column":9}},"type":"if","locations":[{"start":{"line":22,"column":8},"end":{"line":26,"column":9}},{"start":{"line":22,"column":8},"end":{"line":26,"column":9}}],"line":22},"2":{"loc":{"start":{"line":27,"column":8},"end":{"line":31,"column":9}},"type":"if","locations":[{"start":{"line":27,"column":8},"end":{"line":31,"column":9}},{"start":{"line":27,"column":8},"end":{"line":31,"column":9}}],"line":27},"3":{"loc":{"start":{"line":88,"column":8},"end":{"line":92,"column":9}},"type":"if","locations":[{"start":{"line":88,"column":8},"end":{"line":92,"column":9}},{"start":{"line":88,"column":8},"end":{"line":92,"column":9}}],"line":88},"4":{"loc":{"start":{"line":93,"column":8},"end":{"line":97,"column":9}},"type":"if","locations":[{"start":{"line":93,"column":8},"end":{"line":97,"column":9}},{"start":{"line":93,"column":8},"end":{"line":97,"column":9}}],"line":93},"5":{"loc":{"start":{"line":99,"column":8},"end":{"line":105,"column":9}},"type":"if","locations":[{"start":{"line":99,"column":8},"end":{"line":105,"column":9}},{"start":{"line":99,"column":8},"end":{"line":105,"column":9}}],"line":99},"6":{"loc":{"start":{"line":99,"column":12},"end":{"line":99,"column":73}},"type":"binary-expr","locations":[{"start":{"line":99,"column":12},"end":{"line":99,"column":41}},{"start":{"line":99,"column":45},"end":{"line":99,"column":73}}],"line":99},"7":{"loc":{"start":{"line":120,"column":8},"end":{"line":138,"column":9}},"type":"if","locations":[{"start":{"line":120,"column":8},"end":{"line":138,"column":9}},{"start":{"line":120,"column":8},"end":{"line":138,"column":9}}],"line":120},"8":{"loc":{"start":{"line":120,"column":12},"end":{"line":120,"column":52}},"type":"binary-expr","locations":[{"start":{"line":120,"column":12},"end":{"line":120,"column":32}},{"start":{"line":120,"column":36},"end":{"line":120,"column":52}}],"line":120},"9":{"loc":{"start":{"line":144,"column":15},"end":{"line":144,"column":67}},"type":"cond-expr","locations":[{"start":{"line":144,"column":44},"end":{"line":144,"column":45}},{"start":{"line":144,"column":48},"end":{"line":144,"column":67}}],"line":144}},"s":{"0":7,"1":7,"2":7,"3":4,"4":4,"5":4,"6":4,"7":1,"8":3,"9":1,"10":2,"11":1,"12":1,"13":1,"14":1,"15":1,"16":1,"17":1,"18":1,"19":1,"20":1,"21":1,"22":1,"23":1,"24":1,"25":4,"26":4,"27":1,"28":3,"29":1,"30":2,"31":1,"32":1,"33":2,"34":1,"35":1,"36":1,"37":1,"38":1,"39":1,"40":1,"41":1,"42":1,"43":1,"44":7},"f":{"0":4,"1":1,"2":1,"3":1,"4":0,"5":4,"6":2,"7":1,"8":1,"9":0,"10":1,"11":1,"12":0},"b":{"0":[1,3],"1":[1,2],"2":[1,1],"3":[1,3],"4":[1,2],"5":[1,1],"6":[2,1],"7":[0,2],"8":[2,0],"9":[1,0]},"_coverageSchema":"1a1c01bbd47fc00a2c39e90264f33305004495a9","hash":"8ddb59e48478fd3394dc4965add1379e2f69a1ce"}
,"/Users/jameshuang304/Documents/CMU/FSE/s20-ESN-SA1/controllers/ResourceController.js": {"path":"/Users/jameshuang304/Documents/CMU/FSE/s20-ESN-SA1/controllers/ResourceController.js","statementMap":{"0":{"start":{"line":1,"column":17},"end":{"line":1,"column":45}},"1":{"start":{"line":2,"column":13},"end":{"line":2,"column":40}},"2":{"start":{"line":3,"column":20},"end":{"line":3,"column":54}},"3":{"start":{"line":13,"column":8},"end":{"line":13,"column":43}},"4":{"start":{"line":14,"column":8},"end":{"line":14,"column":31}},"5":{"start":{"line":15,"column":8},"end":{"line":15,"column":31}},"6":{"start":{"line":17,"column":28},"end":{"line":17,"column":36}},"7":{"start":{"line":18,"column":8},"end":{"line":18,"column":41}},"8":{"start":{"line":20,"column":24},"end":{"line":20,"column":43}},"9":{"start":{"line":21,"column":29},"end":{"line":21,"column":56}},"10":{"start":{"line":22,"column":21},"end":{"line":22,"column":40}},"11":{"start":{"line":23,"column":25},"end":{"line":23,"column":48}},"12":{"start":{"line":24,"column":28},"end":{"line":24,"column":54}},"13":{"start":{"line":25,"column":28},"end":{"line":25,"column":54}},"14":{"start":{"line":26,"column":28},"end":{"line":26,"column":54}},"15":{"start":{"line":27,"column":30},"end":{"line":27,"column":58}},"16":{"start":{"line":28,"column":22},"end":{"line":28,"column":42}},"17":{"start":{"line":29,"column":28},"end":{"line":29,"column":54}},"18":{"start":{"line":31,"column":8},"end":{"line":31,"column":49}},"19":{"start":{"line":32,"column":8},"end":{"line":32,"column":49}},"20":{"start":{"line":37,"column":8},"end":{"line":43,"column":9}},"21":{"start":{"line":38,"column":12},"end":{"line":38,"column":22}},"22":{"start":{"line":39,"column":12},"end":{"line":39,"column":24}},"23":{"start":{"line":41,"column":12},"end":{"line":41,"column":34}},"24":{"start":{"line":42,"column":12},"end":{"line":42,"column":41}},"25":{"start":{"line":45,"column":25},"end":{"line":46,"column":76}},"26":{"start":{"line":48,"column":8},"end":{"line":83,"column":11}},"27":{"start":{"line":50,"column":16},"end":{"line":76,"column":22}},"28":{"start":{"line":54,"column":44},"end":{"line":55,"column":60}},"29":{"start":{"line":57,"column":24},"end":{"line":75,"column":30}},"30":{"start":{"line":60,"column":32},"end":{"line":69,"column":35}},"31":{"start":{"line":73,"column":32},"end":{"line":73,"column":68}},"32":{"start":{"line":74,"column":32},"end":{"line":74,"column":82}},"33":{"start":{"line":80,"column":12},"end":{"line":82,"column":16}},"34":{"start":{"line":94,"column":27},"end":{"line":94,"column":48}},"35":{"start":{"line":97,"column":8},"end":{"line":120,"column":9}},"36":{"start":{"line":98,"column":12},"end":{"line":107,"column":15}},"37":{"start":{"line":100,"column":20},"end":{"line":100,"column":56}},"38":{"start":{"line":101,"column":20},"end":{"line":101,"column":74}},"39":{"start":{"line":104,"column":20},"end":{"line":106,"column":20}},"40":{"start":{"line":110,"column":12},"end":{"line":119,"column":19}},"41":{"start":{"line":112,"column":20},"end":{"line":112,"column":56}},"42":{"start":{"line":113,"column":20},"end":{"line":113,"column":75}},"43":{"start":{"line":116,"column":20},"end":{"line":118,"column":24}},"44":{"start":{"line":125,"column":0},"end":{"line":125,"column":35}}},"fnMap":{"0":{"name":"(anonymous_0)","decl":{"start":{"line":12,"column":4},"end":{"line":12,"column":5}},"loc":{"start":{"line":12,"column":29},"end":{"line":85,"column":5}},"line":12},"1":{"name":"(anonymous_1)","decl":{"start":{"line":49,"column":19},"end":{"line":49,"column":20}},"loc":{"start":{"line":49,"column":33},"end":{"line":79,"column":9}},"line":49},"2":{"name":"(anonymous_2)","decl":{"start":{"line":51,"column":26},"end":{"line":51,"column":27}},"loc":{"start":{"line":51,"column":39},"end":{"line":76,"column":21}},"line":51},"3":{"name":"(anonymous_3)","decl":{"start":{"line":58,"column":34},"end":{"line":58,"column":35}},"loc":{"start":{"line":58,"column":56},"end":{"line":75,"column":29}},"line":58},"4":{"name":"(anonymous_4)","decl":{"start":{"line":79,"column":18},"end":{"line":79,"column":19}},"loc":{"start":{"line":79,"column":27},"end":{"line":83,"column":9}},"line":79},"5":{"name":"(anonymous_5)","decl":{"start":{"line":93,"column":4},"end":{"line":93,"column":5}},"loc":{"start":{"line":93,"column":24},"end":{"line":121,"column":5}},"line":93},"6":{"name":"(anonymous_6)","decl":{"start":{"line":99,"column":22},"end":{"line":99,"column":23}},"loc":{"start":{"line":99,"column":33},"end":{"line":102,"column":17}},"line":99},"7":{"name":"(anonymous_7)","decl":{"start":{"line":103,"column":23},"end":{"line":103,"column":24}},"loc":{"start":{"line":103,"column":32},"end":{"line":107,"column":13}},"line":103},"8":{"name":"(anonymous_8)","decl":{"start":{"line":111,"column":22},"end":{"line":111,"column":23}},"loc":{"start":{"line":111,"column":34},"end":{"line":114,"column":17}},"line":111},"9":{"name":"(anonymous_9)","decl":{"start":{"line":115,"column":23},"end":{"line":115,"column":24}},"loc":{"start":{"line":115,"column":32},"end":{"line":119,"column":17}},"line":115}},"branchMap":{"0":{"loc":{"start":{"line":37,"column":8},"end":{"line":43,"column":9}},"type":"if","locations":[{"start":{"line":37,"column":8},"end":{"line":43,"column":9}},{"start":{"line":37,"column":8},"end":{"line":43,"column":9}}],"line":37},"1":{"loc":{"start":{"line":97,"column":8},"end":{"line":120,"column":9}},"type":"if","locations":[{"start":{"line":97,"column":8},"end":{"line":120,"column":9}},{"start":{"line":97,"column":8},"end":{"line":120,"column":9}}],"line":97}},"s":{"0":7,"1":7,"2":7,"3":5,"4":5,"5":5,"6":5,"7":5,"8":5,"9":5,"10":5,"11":5,"12":5,"13":5,"14":5,"15":5,"16":5,"17":5,"18":5,"19":5,"20":5,"21":0,"22":0,"23":5,"24":5,"25":5,"26":5,"27":5,"28":5,"29":5,"30":5,"31":5,"32":5,"33":0,"34":2,"35":2,"36":1,"37":1,"38":1,"39":0,"40":1,"41":1,"42":1,"43":0,"44":7},"f":{"0":5,"1":5,"2":5,"3":5,"4":0,"5":2,"6":1,"7":0,"8":1,"9":0},"b":{"0":[0,5],"1":[1,1]},"_coverageSchema":"1a1c01bbd47fc00a2c39e90264f33305004495a9","hash":"050ecee7b6a904762c35c67d78ca834f6c545cfa"}
,"/Users/jameshuang304/Documents/CMU/FSE/s20-ESN-SA1/controllers/SpamReportController.js": {"path":"/Users/jameshuang304/Documents/CMU/FSE/s20-ESN-SA1/controllers/SpamReportController.js","statementMap":{"0":{"start":{"line":1,"column":18},"end":{"line":1,"column":41}},"1":{"start":{"line":2,"column":19},"end":{"line":2,"column":49}},"2":{"start":{"line":3,"column":20},"end":{"line":3,"column":51}},"3":{"start":{"line":4,"column":13},"end":{"line":4,"column":37}},"4":{"start":{"line":13,"column":8},"end":{"line":13,"column":30}},"5":{"start":{"line":14,"column":28},"end":{"line":14,"column":36}},"6":{"start":{"line":15,"column":22},"end":{"line":16,"column":67}},"7":{"start":{"line":17,"column":21},"end":{"line":17,"column":40}},"8":{"start":{"line":18,"column":28},"end":{"line":18,"column":54}},"9":{"start":{"line":19,"column":26},"end":{"line":19,"column":66}},"10":{"start":{"line":20,"column":30},"end":{"line":20,"column":60}},"11":{"start":{"line":22,"column":8},"end":{"line":77,"column":9}},"12":{"start":{"line":23,"column":35},"end":{"line":23,"column":66}},"13":{"start":{"line":24,"column":27},"end":{"line":24,"column":32}},"14":{"start":{"line":26,"column":12},"end":{"line":49,"column":19}},"15":{"start":{"line":28,"column":20},"end":{"line":28,"column":41}},"16":{"start":{"line":29,"column":20},"end":{"line":29,"column":69}},"17":{"start":{"line":30,"column":20},"end":{"line":30,"column":54}},"18":{"start":{"line":33,"column":20},"end":{"line":39,"column":23}},"19":{"start":{"line":40,"column":20},"end":{"line":40,"column":56}},"20":{"start":{"line":41,"column":20},"end":{"line":41,"column":52}},"21":{"start":{"line":46,"column":20},"end":{"line":48,"column":23}},"22":{"start":{"line":51,"column":36},"end":{"line":51,"column":61}},"23":{"start":{"line":52,"column":30},"end":{"line":52,"column":35}},"24":{"start":{"line":54,"column":12},"end":{"line":76,"column":19}},"25":{"start":{"line":56,"column":20},"end":{"line":56,"column":47}},"26":{"start":{"line":57,"column":20},"end":{"line":57,"column":75}},"27":{"start":{"line":58,"column":20},"end":{"line":58,"column":54}},"28":{"start":{"line":61,"column":20},"end":{"line":67,"column":23}},"29":{"start":{"line":68,"column":20},"end":{"line":68,"column":56}},"30":{"start":{"line":69,"column":20},"end":{"line":69,"column":52}},"31":{"start":{"line":80,"column":0},"end":{"line":80,"column":38}}},"fnMap":{"0":{"name":"(anonymous_0)","decl":{"start":{"line":12,"column":4},"end":{"line":12,"column":5}},"loc":{"start":{"line":12,"column":31},"end":{"line":78,"column":5}},"line":12},"1":{"name":"(anonymous_1)","decl":{"start":{"line":27,"column":22},"end":{"line":27,"column":23}},"loc":{"start":{"line":27,"column":30},"end":{"line":31,"column":17}},"line":27},"2":{"name":"(anonymous_2)","decl":{"start":{"line":32,"column":22},"end":{"line":32,"column":23}},"loc":{"start":{"line":32,"column":37},"end":{"line":42,"column":17}},"line":32},"3":{"name":"(anonymous_3)","decl":{"start":{"line":43,"column":23},"end":{"line":43,"column":24}},"loc":{"start":{"line":43,"column":32},"end":{"line":49,"column":17}},"line":43},"4":{"name":"(anonymous_4)","decl":{"start":{"line":55,"column":22},"end":{"line":55,"column":23}},"loc":{"start":{"line":55,"column":33},"end":{"line":59,"column":17}},"line":55},"5":{"name":"(anonymous_5)","decl":{"start":{"line":60,"column":22},"end":{"line":60,"column":23}},"loc":{"start":{"line":60,"column":37},"end":{"line":70,"column":17}},"line":60},"6":{"name":"(anonymous_6)","decl":{"start":{"line":71,"column":23},"end":{"line":71,"column":24}},"loc":{"start":{"line":71,"column":32},"end":{"line":76,"column":17}},"line":71}},"branchMap":{"0":{"loc":{"start":{"line":15,"column":22},"end":{"line":16,"column":67}},"type":"cond-expr","locations":[{"start":{"line":16,"column":12},"end":{"line":16,"column":40}},{"start":{"line":16,"column":42},"end":{"line":16,"column":67}}],"line":15},"1":{"loc":{"start":{"line":22,"column":8},"end":{"line":77,"column":9}},"type":"if","locations":[{"start":{"line":22,"column":8},"end":{"line":77,"column":9}},{"start":{"line":22,"column":8},"end":{"line":77,"column":9}}],"line":22}},"s":{"0":7,"1":7,"2":7,"3":7,"4":2,"5":2,"6":2,"7":2,"8":2,"9":2,"10":2,"11":2,"12":1,"13":1,"14":1,"15":1,"16":1,"17":1,"18":1,"19":1,"20":1,"21":0,"22":1,"23":1,"24":1,"25":1,"26":1,"27":1,"28":1,"29":1,"30":1,"31":7},"f":{"0":2,"1":1,"2":1,"3":0,"4":1,"5":1,"6":0},"b":{"0":[1,1],"1":[1,1]},"_coverageSchema":"1a1c01bbd47fc00a2c39e90264f33305004495a9","hash":"c7e520c053ca36341dff808de88a6eae0b3ae05b"}
,"/Users/jameshuang304/Documents/CMU/FSE/s20-ESN-SA1/controllers/UserListController.js": {"path":"/Users/jameshuang304/Documents/CMU/FSE/s20-ESN-SA1/controllers/UserListController.js","statementMap":{"0":{"start":{"line":8,"column":0},"end":{"line":8,"column":36}}},"fnMap":{},"branchMap":{},"s":{"0":7},"f":{},"b":{},"_coverageSchema":"1a1c01bbd47fc00a2c39e90264f33305004495a9","hash":"c227c0196244669c7c58b5f7b765e9fd71b58d5e"}
,"/Users/jameshuang304/Documents/CMU/FSE/s20-ESN-SA1/controllers/usersController.js": {"path":"/Users/jameshuang304/Documents/CMU/FSE/s20-ESN-SA1/controllers/usersController.js","statementMap":{"0":{"start":{"line":1,"column":13},"end":{"line":1,"column":40}},"1":{"start":{"line":2,"column":30},"end":{"line":2,"column":74}},"2":{"start":{"line":12,"column":27},"end":{"line":12,"column":35}},"3":{"start":{"line":14,"column":8},"end":{"line":16,"column":9}},"4":{"start":{"line":15,"column":12},"end":{"line":15,"column":40}},"5":{"start":{"line":17,"column":8},"end":{"line":19,"column":9}},"6":{"start":{"line":18,"column":12},"end":{"line":18,"column":40}},"7":{"start":{"line":21,"column":28},"end":{"line":21,"column":38}},"8":{"start":{"line":22,"column":8},"end":{"line":22,"column":90}},"9":{"start":{"line":24,"column":8},"end":{"line":95,"column":11}},"10":{"start":{"line":26,"column":12},"end":{"line":88,"column":13}},"11":{"start":{"line":28,"column":31},"end":{"line":28,"column":35}},"12":{"start":{"line":29,"column":16},"end":{"line":59,"column":19}},"13":{"start":{"line":31,"column":20},"end":{"line":31,"column":56}},"14":{"start":{"line":33,"column":20},"end":{"line":33,"column":40}},"15":{"start":{"line":34,"column":20},"end":{"line":34,"column":53}},"16":{"start":{"line":35,"column":20},"end":{"line":35,"column":58}},"17":{"start":{"line":37,"column":45},"end":{"line":37,"column":47}},"18":{"start":{"line":38,"column":20},"end":{"line":45,"column":22}},"19":{"start":{"line":46,"column":20},"end":{"line":46,"column":56}},"20":{"start":{"line":47,"column":20},"end":{"line":47,"column":56}},"21":{"start":{"line":48,"column":20},"end":{"line":48,"column":82}},"22":{"start":{"line":51,"column":61},"end":{"line":51,"column":100}},"23":{"start":{"line":52,"column":20},"end":{"line":52,"column":90}},"24":{"start":{"line":54,"column":20},"end":{"line":54,"column":56}},"25":{"start":{"line":55,"column":20},"end":{"line":55,"column":37}},"26":{"start":{"line":56,"column":20},"end":{"line":58,"column":29}},"27":{"start":{"line":62,"column":31},"end":{"line":62,"column":35}},"28":{"start":{"line":63,"column":16},"end":{"line":87,"column":19}},"29":{"start":{"line":64,"column":20},"end":{"line":64,"column":40}},"30":{"start":{"line":65,"column":20},"end":{"line":65,"column":53}},"31":{"start":{"line":66,"column":20},"end":{"line":66,"column":58}},"32":{"start":{"line":68,"column":45},"end":{"line":68,"column":47}},"33":{"start":{"line":69,"column":20},"end":{"line":76,"column":22}},"34":{"start":{"line":77,"column":20},"end":{"line":77,"column":56}},"35":{"start":{"line":78,"column":20},"end":{"line":78,"column":56}},"36":{"start":{"line":79,"column":20},"end":{"line":79,"column":82}},"37":{"start":{"line":83,"column":20},"end":{"line":83,"column":37}},"38":{"start":{"line":84,"column":20},"end":{"line":86,"column":29}},"39":{"start":{"line":92,"column":12},"end":{"line":94,"column":21}},"40":{"start":{"line":104,"column":30},"end":{"line":104,"column":40}},"41":{"start":{"line":105,"column":23},"end":{"line":105,"column":40}},"42":{"start":{"line":106,"column":8},"end":{"line":106,"column":30}},"43":{"start":{"line":108,"column":8},"end":{"line":134,"column":11}},"44":{"start":{"line":110,"column":35},"end":{"line":110,"column":37}},"45":{"start":{"line":111,"column":12},"end":{"line":119,"column":14}},"46":{"start":{"line":120,"column":12},"end":{"line":122,"column":13}},"47":{"start":{"line":125,"column":12},"end":{"line":125,"column":48}},"48":{"start":{"line":126,"column":12},"end":{"line":126,"column":74}},"49":{"start":{"line":143,"column":24},"end":{"line":143,"column":28}},"50":{"start":{"line":145,"column":8},"end":{"line":145,"column":56}},"51":{"start":{"line":147,"column":23},"end":{"line":147,"column":40}},"52":{"start":{"line":148,"column":8},"end":{"line":148,"column":45}},"53":{"start":{"line":150,"column":8},"end":{"line":162,"column":11}},"54":{"start":{"line":152,"column":12},"end":{"line":152,"column":48}},"55":{"start":{"line":153,"column":12},"end":{"line":153,"column":47}},"56":{"start":{"line":154,"column":12},"end":{"line":154,"column":62}},"57":{"start":{"line":172,"column":24},"end":{"line":172,"column":28}},"58":{"start":{"line":174,"column":8},"end":{"line":174,"column":56}},"59":{"start":{"line":175,"column":23},"end":{"line":175,"column":40}},"60":{"start":{"line":177,"column":8},"end":{"line":179,"column":9}},"61":{"start":{"line":178,"column":12},"end":{"line":178,"column":58}},"62":{"start":{"line":181,"column":41},"end":{"line":181,"column":75}},"63":{"start":{"line":184,"column":8},"end":{"line":190,"column":11}},"64":{"start":{"line":186,"column":12},"end":{"line":186,"column":48}},"65":{"start":{"line":187,"column":12},"end":{"line":187,"column":62}},"66":{"start":{"line":189,"column":12},"end":{"line":189,"column":45}},"67":{"start":{"line":199,"column":25},"end":{"line":199,"column":42}},"68":{"start":{"line":200,"column":23},"end":{"line":200,"column":40}},"69":{"start":{"line":202,"column":8},"end":{"line":210,"column":11}},"70":{"start":{"line":203,"column":12},"end":{"line":203,"column":55}},"71":{"start":{"line":205,"column":12},"end":{"line":205,"column":48}},"72":{"start":{"line":206,"column":12},"end":{"line":206,"column":62}},"73":{"start":{"line":219,"column":25},"end":{"line":219,"column":44}},"74":{"start":{"line":220,"column":23},"end":{"line":220,"column":40}},"75":{"start":{"line":222,"column":8},"end":{"line":231,"column":11}},"76":{"start":{"line":223,"column":12},"end":{"line":223,"column":55}},"77":{"start":{"line":225,"column":12},"end":{"line":225,"column":48}},"78":{"start":{"line":226,"column":12},"end":{"line":226,"column":62}},"79":{"start":{"line":230,"column":12},"end":{"line":230,"column":45}},"80":{"start":{"line":240,"column":30},"end":{"line":240,"column":40}},"81":{"start":{"line":241,"column":23},"end":{"line":241,"column":40}},"82":{"start":{"line":242,"column":23},"end":{"line":242,"column":38}},"83":{"start":{"line":244,"column":8},"end":{"line":259,"column":11}},"84":{"start":{"line":245,"column":37},"end":{"line":245,"column":39}},"85":{"start":{"line":246,"column":12},"end":{"line":253,"column":14}},"86":{"start":{"line":254,"column":12},"end":{"line":254,"column":48}},"87":{"start":{"line":255,"column":12},"end":{"line":255,"column":74}},"88":{"start":{"line":268,"column":8},"end":{"line":268,"column":45}},"89":{"start":{"line":269,"column":25},"end":{"line":269,"column":43}},"90":{"start":{"line":270,"column":23},"end":{"line":270,"column":39}},"91":{"start":{"line":271,"column":8},"end":{"line":271,"column":44}},"92":{"start":{"line":273,"column":8},"end":{"line":294,"column":9}},"93":{"start":{"line":275,"column":12},"end":{"line":284,"column":15}},"94":{"start":{"line":279,"column":16},"end":{"line":279,"column":67}},"95":{"start":{"line":283,"column":16},"end":{"line":283,"column":49}},"96":{"start":{"line":287,"column":12},"end":{"line":293,"column":15}},"97":{"start":{"line":288,"column":16},"end":{"line":288,"column":67}},"98":{"start":{"line":292,"column":16},"end":{"line":292,"column":49}},"99":{"start":{"line":297,"column":0},"end":{"line":297,"column":33}}},"fnMap":{"0":{"name":"(anonymous_0)","decl":{"start":{"line":11,"column":4},"end":{"line":11,"column":5}},"loc":{"start":{"line":11,"column":25},"end":{"line":96,"column":5}},"line":11},"1":{"name":"(anonymous_1)","decl":{"start":{"line":24,"column":61},"end":{"line":24,"column":62}},"loc":{"start":{"line":24,"column":71},"end":{"line":89,"column":9}},"line":24},"2":{"name":"(anonymous_2)","decl":{"start":{"line":30,"column":22},"end":{"line":30,"column":23}},"loc":{"start":{"line":30,"column":39},"end":{"line":32,"column":17}},"line":30},"3":{"name":"(anonymous_3)","decl":{"start":{"line":32,"column":24},"end":{"line":32,"column":25}},"loc":{"start":{"line":32,"column":43},"end":{"line":36,"column":17}},"line":32},"4":{"name":"(anonymous_4)","decl":{"start":{"line":36,"column":24},"end":{"line":36,"column":25}},"loc":{"start":{"line":36,"column":36},"end":{"line":49,"column":17}},"line":36},"5":{"name":"(anonymous_5)","decl":{"start":{"line":49,"column":24},"end":{"line":49,"column":25}},"loc":{"start":{"line":49,"column":33},"end":{"line":53,"column":17}},"line":49},"6":{"name":"(anonymous_6)","decl":{"start":{"line":53,"column":25},"end":{"line":53,"column":26}},"loc":{"start":{"line":53,"column":34},"end":{"line":59,"column":17}},"line":53},"7":{"name":"(anonymous_7)","decl":{"start":{"line":63,"column":53},"end":{"line":63,"column":54}},"loc":{"start":{"line":63,"column":72},"end":{"line":67,"column":17}},"line":63},"8":{"name":"(anonymous_8)","decl":{"start":{"line":67,"column":24},"end":{"line":67,"column":25}},"loc":{"start":{"line":67,"column":36},"end":{"line":80,"column":17}},"line":67},"9":{"name":"(anonymous_9)","decl":{"start":{"line":80,"column":25},"end":{"line":80,"column":26}},"loc":{"start":{"line":80,"column":34},"end":{"line":87,"column":17}},"line":80},"10":{"name":"(anonymous_10)","decl":{"start":{"line":89,"column":17},"end":{"line":89,"column":18}},"loc":{"start":{"line":89,"column":26},"end":{"line":95,"column":9}},"line":89},"11":{"name":"(anonymous_11)","decl":{"start":{"line":103,"column":4},"end":{"line":103,"column":5}},"loc":{"start":{"line":103,"column":25},"end":{"line":135,"column":5}},"line":103},"12":{"name":"(anonymous_12)","decl":{"start":{"line":109,"column":14},"end":{"line":109,"column":15}},"loc":{"start":{"line":109,"column":23},"end":{"line":127,"column":9}},"line":109},"13":{"name":"(anonymous_13)","decl":{"start":{"line":127,"column":17},"end":{"line":127,"column":18}},"loc":{"start":{"line":127,"column":26},"end":{"line":134,"column":9}},"line":127},"14":{"name":"(anonymous_14)","decl":{"start":{"line":141,"column":4},"end":{"line":141,"column":5}},"loc":{"start":{"line":141,"column":22},"end":{"line":163,"column":5}},"line":141},"15":{"name":"(anonymous_15)","decl":{"start":{"line":151,"column":14},"end":{"line":151,"column":15}},"loc":{"start":{"line":151,"column":24},"end":{"line":155,"column":9}},"line":151},"16":{"name":"(anonymous_16)","decl":{"start":{"line":155,"column":17},"end":{"line":155,"column":18}},"loc":{"start":{"line":155,"column":26},"end":{"line":162,"column":9}},"line":155},"17":{"name":"(anonymous_17)","decl":{"start":{"line":170,"column":4},"end":{"line":170,"column":5}},"loc":{"start":{"line":170,"column":37},"end":{"line":191,"column":5}},"line":170},"18":{"name":"(anonymous_18)","decl":{"start":{"line":185,"column":14},"end":{"line":185,"column":15}},"loc":{"start":{"line":185,"column":27},"end":{"line":188,"column":9}},"line":185},"19":{"name":"(anonymous_19)","decl":{"start":{"line":188,"column":17},"end":{"line":188,"column":18}},"loc":{"start":{"line":188,"column":26},"end":{"line":190,"column":9}},"line":188},"20":{"name":"(anonymous_20)","decl":{"start":{"line":198,"column":4},"end":{"line":198,"column":5}},"loc":{"start":{"line":198,"column":27},"end":{"line":211,"column":5}},"line":198},"21":{"name":"(anonymous_21)","decl":{"start":{"line":202,"column":39},"end":{"line":202,"column":40}},"loc":{"start":{"line":202,"column":49},"end":{"line":204,"column":9}},"line":202},"22":{"name":"(anonymous_22)","decl":{"start":{"line":204,"column":16},"end":{"line":204,"column":17}},"loc":{"start":{"line":204,"column":26},"end":{"line":207,"column":9}},"line":204},"23":{"name":"(anonymous_23)","decl":{"start":{"line":207,"column":17},"end":{"line":207,"column":18}},"loc":{"start":{"line":207,"column":26},"end":{"line":210,"column":9}},"line":207},"24":{"name":"(anonymous_24)","decl":{"start":{"line":218,"column":4},"end":{"line":218,"column":5}},"loc":{"start":{"line":218,"column":27},"end":{"line":232,"column":5}},"line":218},"25":{"name":"(anonymous_25)","decl":{"start":{"line":222,"column":39},"end":{"line":222,"column":40}},"loc":{"start":{"line":222,"column":49},"end":{"line":224,"column":9}},"line":222},"26":{"name":"(anonymous_26)","decl":{"start":{"line":224,"column":16},"end":{"line":224,"column":17}},"loc":{"start":{"line":224,"column":26},"end":{"line":227,"column":9}},"line":224},"27":{"name":"(anonymous_27)","decl":{"start":{"line":227,"column":17},"end":{"line":227,"column":18}},"loc":{"start":{"line":227,"column":26},"end":{"line":231,"column":9}},"line":227},"28":{"name":"(anonymous_28)","decl":{"start":{"line":239,"column":4},"end":{"line":239,"column":5}},"loc":{"start":{"line":239,"column":31},"end":{"line":260,"column":5}},"line":239},"29":{"name":"(anonymous_29)","decl":{"start":{"line":244,"column":56},"end":{"line":244,"column":57}},"loc":{"start":{"line":244,"column":65},"end":{"line":256,"column":9}},"line":244},"30":{"name":"(anonymous_30)","decl":{"start":{"line":256,"column":17},"end":{"line":256,"column":18}},"loc":{"start":{"line":256,"column":26},"end":{"line":259,"column":9}},"line":256},"31":{"name":"(anonymous_31)","decl":{"start":{"line":267,"column":4},"end":{"line":267,"column":5}},"loc":{"start":{"line":267,"column":23},"end":{"line":295,"column":5}},"line":267},"32":{"name":"(anonymous_32)","decl":{"start":{"line":278,"column":20},"end":{"line":278,"column":21}},"loc":{"start":{"line":278,"column":31},"end":{"line":280,"column":13}},"line":278},"33":{"name":"(anonymous_33)","decl":{"start":{"line":280,"column":21},"end":{"line":280,"column":22}},"loc":{"start":{"line":280,"column":30},"end":{"line":284,"column":13}},"line":280},"34":{"name":"(anonymous_34)","decl":{"start":{"line":287,"column":33},"end":{"line":287,"column":34}},"loc":{"start":{"line":287,"column":44},"end":{"line":289,"column":13}},"line":287},"35":{"name":"(anonymous_35)","decl":{"start":{"line":289,"column":21},"end":{"line":289,"column":22}},"loc":{"start":{"line":289,"column":30},"end":{"line":293,"column":13}},"line":289}},"branchMap":{"0":{"loc":{"start":{"line":14,"column":8},"end":{"line":16,"column":9}},"type":"if","locations":[{"start":{"line":14,"column":8},"end":{"line":16,"column":9}},{"start":{"line":14,"column":8},"end":{"line":16,"column":9}}],"line":14},"1":{"loc":{"start":{"line":17,"column":8},"end":{"line":19,"column":9}},"type":"if","locations":[{"start":{"line":17,"column":8},"end":{"line":19,"column":9}},{"start":{"line":17,"column":8},"end":{"line":19,"column":9}}],"line":17},"2":{"loc":{"start":{"line":26,"column":12},"end":{"line":88,"column":13}},"type":"if","locations":[{"start":{"line":26,"column":12},"end":{"line":88,"column":13}},{"start":{"line":26,"column":12},"end":{"line":88,"column":13}}],"line":26},"3":{"loc":{"start":{"line":120,"column":12},"end":{"line":122,"column":13}},"type":"if","locations":[{"start":{"line":120,"column":12},"end":{"line":122,"column":13}},{"start":{"line":120,"column":12},"end":{"line":122,"column":13}}],"line":120},"4":{"loc":{"start":{"line":177,"column":8},"end":{"line":179,"column":9}},"type":"if","locations":[{"start":{"line":177,"column":8},"end":{"line":179,"column":9}},{"start":{"line":177,"column":8},"end":{"line":179,"column":9}}],"line":177},"5":{"loc":{"start":{"line":273,"column":8},"end":{"line":294,"column":9}},"type":"if","locations":[{"start":{"line":273,"column":8},"end":{"line":294,"column":9}},{"start":{"line":273,"column":8},"end":{"line":294,"column":9}}],"line":273},"6":{"loc":{"start":{"line":273,"column":12},"end":{"line":273,"column":110}},"type":"binary-expr","locations":[{"start":{"line":273,"column":13},"end":{"line":273,"column":35}},{"start":{"line":273,"column":39},"end":{"line":273,"column":60}},{"start":{"line":273,"column":66},"end":{"line":273,"column":86}},{"start":{"line":273,"column":90},"end":{"line":273,"column":109}}],"line":273}},"s":{"0":7,"1":7,"2":16,"3":16,"4":0,"5":16,"6":1,"7":16,"8":16,"9":16,"10":16,"11":15,"12":15,"13":14,"14":14,"15":14,"16":14,"17":14,"18":14,"19":14,"20":14,"21":14,"22":14,"23":14,"24":1,"25":1,"26":1,"27":1,"28":1,"29":1,"30":1,"31":1,"32":1,"33":1,"34":1,"35":1,"36":1,"37":0,"38":0,"39":0,"40":1,"41":1,"42":1,"43":1,"44":1,"45":1,"46":1,"47":1,"48":1,"49":1,"50":1,"51":1,"52":1,"53":1,"54":1,"55":1,"56":1,"57":0,"58":0,"59":0,"60":0,"61":0,"62":0,"63":0,"64":0,"65":0,"66":0,"67":2,"68":2,"69":2,"70":2,"71":2,"72":2,"73":1,"74":1,"75":1,"76":1,"77":1,"78":1,"79":0,"80":1,"81":1,"82":1,"83":1,"84":1,"85":1,"86":1,"87":1,"88":3,"89":3,"90":3,"91":3,"92":3,"93":2,"94":2,"95":0,"96":1,"97":1,"98":0,"99":7},"f":{"0":16,"1":16,"2":14,"3":14,"4":14,"5":14,"6":1,"7":1,"8":1,"9":0,"10":0,"11":1,"12":1,"13":0,"14":1,"15":1,"16":0,"17":0,"18":0,"19":0,"20":2,"21":2,"22":2,"23":0,"24":1,"25":1,"26":1,"27":0,"28":1,"29":1,"30":0,"31":3,"32":2,"33":0,"34":1,"35":0},"b":{"0":[0,16],"1":[1,15],"2":[15,1],"3":[1,0],"4":[0,0],"5":[2,1],"6":[3,1,2,1]},"_coverageSchema":"1a1c01bbd47fc00a2c39e90264f33305004495a9","hash":"4925aa128dc1716b2f108bff8a7ea7a64ea97048"}
,"/Users/jameshuang304/Documents/CMU/FSE/s20-ESN-SA1/middleware/TokenServer.js": {"path":"/Users/jameshuang304/Documents/CMU/FSE/s20-ESN-SA1/middleware/TokenServer.js","statementMap":{"0":{"start":{"line":1,"column":12},"end":{"line":1,"column":35}},"1":{"start":{"line":2,"column":23},"end":{"line":2,"column":27}},"2":{"start":{"line":3,"column":31},"end":{"line":3,"column":36}},"3":{"start":{"line":4,"column":22},"end":{"line":4,"column":88}},"4":{"start":{"line":9,"column":8},"end":{"line":17,"column":11}},"5":{"start":{"line":10,"column":12},"end":{"line":16,"column":13}},"6":{"start":{"line":11,"column":32},"end":{"line":11,"column":64}},"7":{"start":{"line":12,"column":16},"end":{"line":12,"column":33}},"8":{"start":{"line":21,"column":8},"end":{"line":21,"column":40}},"9":{"start":{"line":22,"column":22},"end":{"line":22,"column":49}},"10":{"start":{"line":23,"column":8},"end":{"line":39,"column":9}},"11":{"start":{"line":24,"column":12},"end":{"line":34,"column":19}},"12":{"start":{"line":26,"column":20},"end":{"line":26,"column":50}},"13":{"start":{"line":27,"column":20},"end":{"line":27,"column":58}},"14":{"start":{"line":28,"column":20},"end":{"line":28,"column":27}},"15":{"start":{"line":33,"column":20},"end":{"line":33,"column":67}},"16":{"start":{"line":38,"column":12},"end":{"line":38,"column":68}},"17":{"start":{"line":44,"column":8},"end":{"line":63,"column":11}},"18":{"start":{"line":48,"column":12},"end":{"line":54,"column":13}},"19":{"start":{"line":49,"column":16},"end":{"line":49,"column":53}},"20":{"start":{"line":50,"column":16},"end":{"line":50,"column":41}},"21":{"start":{"line":52,"column":16},"end":{"line":52,"column":54}},"22":{"start":{"line":53,"column":16},"end":{"line":53,"column":49}},"23":{"start":{"line":55,"column":12},"end":{"line":60,"column":14}},"24":{"start":{"line":62,"column":12},"end":{"line":62,"column":36}},"25":{"start":{"line":83,"column":0},"end":{"line":83,"column":29}}},"fnMap":{"0":{"name":"(anonymous_0)","decl":{"start":{"line":8,"column":4},"end":{"line":8,"column":5}},"loc":{"start":{"line":8,"column":30},"end":{"line":18,"column":5}},"line":8},"1":{"name":"(anonymous_1)","decl":{"start":{"line":9,"column":27},"end":{"line":9,"column":28}},"loc":{"start":{"line":9,"column":50},"end":{"line":17,"column":9}},"line":9},"2":{"name":"(anonymous_2)","decl":{"start":{"line":20,"column":4},"end":{"line":20,"column":5}},"loc":{"start":{"line":20,"column":41},"end":{"line":40,"column":5}},"line":20},"3":{"name":"(anonymous_3)","decl":{"start":{"line":25,"column":22},"end":{"line":25,"column":23}},"loc":{"start":{"line":25,"column":34},"end":{"line":29,"column":17}},"line":25},"4":{"name":"(anonymous_4)","decl":{"start":{"line":30,"column":23},"end":{"line":30,"column":24}},"loc":{"start":{"line":30,"column":32},"end":{"line":34,"column":17}},"line":30},"5":{"name":"(anonymous_5)","decl":{"start":{"line":43,"column":4},"end":{"line":43,"column":5}},"loc":{"start":{"line":43,"column":47},"end":{"line":64,"column":5}},"line":43},"6":{"name":"(anonymous_6)","decl":{"start":{"line":44,"column":27},"end":{"line":44,"column":28}},"loc":{"start":{"line":44,"column":48},"end":{"line":63,"column":9}},"line":44}},"branchMap":{"0":{"loc":{"start":{"line":23,"column":8},"end":{"line":39,"column":9}},"type":"if","locations":[{"start":{"line":23,"column":8},"end":{"line":39,"column":9}},{"start":{"line":23,"column":8},"end":{"line":39,"column":9}}],"line":23},"1":{"loc":{"start":{"line":48,"column":12},"end":{"line":54,"column":13}},"type":"if","locations":[{"start":{"line":48,"column":12},"end":{"line":54,"column":13}},{"start":{"line":48,"column":12},"end":{"line":54,"column":13}}],"line":48}},"s":{"0":8,"1":8,"2":8,"3":8,"4":47,"5":47,"6":47,"7":47,"8":47,"9":47,"10":47,"11":47,"12":47,"13":47,"14":47,"15":0,"16":0,"17":32,"18":32,"19":16,"20":16,"21":16,"22":16,"23":32,"24":32,"25":8},"f":{"0":47,"1":47,"2":47,"3":47,"4":0,"5":32,"6":32},"b":{"0":[47,0],"1":[16,16]},"_coverageSchema":"1a1c01bbd47fc00a2c39e90264f33305004495a9","hash":"6dcf819a1ab7e0914a3f7ba4552eecea1cb6bff0"}
,"/Users/jameshuang304/Documents/CMU/FSE/s20-ESN-SA1/model/announcement.js": {"path":"/Users/jameshuang304/Documents/CMU/FSE/s20-ESN-SA1/model/announcement.js","statementMap":{"0":{"start":{"line":1,"column":26},"end":{"line":1,"column":63}},"1":{"start":{"line":2,"column":18},"end":{"line":2,"column":47}},"2":{"start":{"line":3,"column":18},"end":{"line":3,"column":41}},"3":{"start":{"line":10,"column":8},"end":{"line":10,"column":24}},"4":{"start":{"line":11,"column":8},"end":{"line":11,"column":31}},"5":{"start":{"line":12,"column":8},"end":{"line":12,"column":31}},"6":{"start":{"line":13,"column":8},"end":{"line":13,"column":34}},"7":{"start":{"line":21,"column":8},"end":{"line":42,"column":10}},"8":{"start":{"line":23,"column":12},"end":{"line":25,"column":13}},"9":{"start":{"line":24,"column":16},"end":{"line":24,"column":95}},"10":{"start":{"line":27,"column":34},"end":{"line":31,"column":14}},"11":{"start":{"line":32,"column":12},"end":{"line":41,"column":18}},"12":{"start":{"line":34,"column":20},"end":{"line":34,"column":41}},"13":{"start":{"line":35,"column":20},"end":{"line":35,"column":36}},"14":{"start":{"line":40,"column":20},"end":{"line":40,"column":32}},"15":{"start":{"line":52,"column":8},"end":{"line":67,"column":10}},"16":{"start":{"line":53,"column":12},"end":{"line":66,"column":19}},"17":{"start":{"line":59,"column":20},"end":{"line":59,"column":36}},"18":{"start":{"line":65,"column":20},"end":{"line":65,"column":74}},"19":{"start":{"line":76,"column":8},"end":{"line":98,"column":10}},"20":{"start":{"line":77,"column":28},"end":{"line":77,"column":63}},"21":{"start":{"line":78,"column":12},"end":{"line":78,"column":62}},"22":{"start":{"line":79,"column":12},"end":{"line":97,"column":14}},"23":{"start":{"line":80,"column":16},"end":{"line":80,"column":73}},"24":{"start":{"line":81,"column":16},"end":{"line":96,"column":23}},"25":{"start":{"line":90,"column":24},"end":{"line":90,"column":40}},"26":{"start":{"line":95,"column":24},"end":{"line":95,"column":36}},"27":{"start":{"line":104,"column":0},"end":{"line":104,"column":30}}},"fnMap":{"0":{"name":"(anonymous_0)","decl":{"start":{"line":9,"column":4},"end":{"line":9,"column":5}},"loc":{"start":{"line":9,"column":47},"end":{"line":14,"column":5}},"line":9},"1":{"name":"(anonymous_1)","decl":{"start":{"line":20,"column":4},"end":{"line":20,"column":5}},"loc":{"start":{"line":20,"column":23},"end":{"line":43,"column":5}},"line":20},"2":{"name":"(anonymous_2)","decl":{"start":{"line":21,"column":27},"end":{"line":21,"column":28}},"loc":{"start":{"line":21,"column":48},"end":{"line":42,"column":9}},"line":21},"3":{"name":"(anonymous_3)","decl":{"start":{"line":33,"column":22},"end":{"line":33,"column":23}},"loc":{"start":{"line":33,"column":32},"end":{"line":36,"column":17}},"line":33},"4":{"name":"(anonymous_4)","decl":{"start":{"line":37,"column":23},"end":{"line":37,"column":24}},"loc":{"start":{"line":37,"column":30},"end":{"line":41,"column":17}},"line":37},"5":{"name":"(anonymous_5)","decl":{"start":{"line":51,"column":4},"end":{"line":51,"column":5}},"loc":{"start":{"line":51,"column":46},"end":{"line":68,"column":5}},"line":51},"6":{"name":"(anonymous_6)","decl":{"start":{"line":52,"column":27},"end":{"line":52,"column":28}},"loc":{"start":{"line":52,"column":48},"end":{"line":67,"column":9}},"line":52},"7":{"name":"(anonymous_7)","decl":{"start":{"line":58,"column":22},"end":{"line":58,"column":23}},"loc":{"start":{"line":58,"column":32},"end":{"line":60,"column":17}},"line":58},"8":{"name":"(anonymous_8)","decl":{"start":{"line":61,"column":23},"end":{"line":61,"column":24}},"loc":{"start":{"line":61,"column":32},"end":{"line":66,"column":17}},"line":61},"9":{"name":"(anonymous_9)","decl":{"start":{"line":75,"column":4},"end":{"line":75,"column":5}},"loc":{"start":{"line":75,"column":57},"end":{"line":99,"column":5}},"line":75},"10":{"name":"(anonymous_10)","decl":{"start":{"line":76,"column":27},"end":{"line":76,"column":28}},"loc":{"start":{"line":76,"column":48},"end":{"line":98,"column":9}},"line":76},"11":{"name":"(anonymous_11)","decl":{"start":{"line":79,"column":53},"end":{"line":79,"column":54}},"loc":{"start":{"line":79,"column":73},"end":{"line":97,"column":13}},"line":79},"12":{"name":"(anonymous_12)","decl":{"start":{"line":89,"column":26},"end":{"line":89,"column":27}},"loc":{"start":{"line":89,"column":36},"end":{"line":91,"column":21}},"line":89},"13":{"name":"(anonymous_13)","decl":{"start":{"line":92,"column":27},"end":{"line":92,"column":28}},"loc":{"start":{"line":92,"column":41},"end":{"line":96,"column":21}},"line":92}},"branchMap":{"0":{"loc":{"start":{"line":23,"column":12},"end":{"line":25,"column":13}},"type":"if","locations":[{"start":{"line":23,"column":12},"end":{"line":25,"column":13}},{"start":{"line":23,"column":12},"end":{"line":25,"column":13}}],"line":23}},"s":{"0":8,"1":8,"2":8,"3":10,"4":10,"5":10,"6":10,"7":9,"8":9,"9":1,"10":9,"11":9,"12":9,"13":9,"14":0,"15":2,"16":2,"17":2,"18":0,"19":2,"20":2,"21":2,"22":2,"23":2,"24":2,"25":2,"26":0,"27":8},"f":{"0":10,"1":9,"2":9,"3":9,"4":0,"5":2,"6":2,"7":2,"8":0,"9":2,"10":2,"11":2,"12":2,"13":0},"b":{"0":[1,8]},"_coverageSchema":"1a1c01bbd47fc00a2c39e90264f33305004495a9","hash":"6b94a49c73e8e0b40c72098f2ea297047ad13701"}
,"/Users/jameshuang304/Documents/CMU/FSE/s20-ESN-SA1/model/chatMessage.js": {"path":"/Users/jameshuang304/Documents/CMU/FSE/s20-ESN-SA1/model/chatMessage.js","statementMap":{"0":{"start":{"line":1,"column":25},"end":{"line":1,"column":61}},"1":{"start":{"line":2,"column":18},"end":{"line":2,"column":47}},"2":{"start":{"line":3,"column":18},"end":{"line":3,"column":41}},"3":{"start":{"line":7,"column":8},"end":{"line":7,"column":24}},"4":{"start":{"line":8,"column":8},"end":{"line":8,"column":31}},"5":{"start":{"line":9,"column":8},"end":{"line":9,"column":31}},"6":{"start":{"line":10,"column":8},"end":{"line":10,"column":49}},"7":{"start":{"line":18,"column":8},"end":{"line":36,"column":11}},"8":{"start":{"line":19,"column":35},"end":{"line":23,"column":14}},"9":{"start":{"line":24,"column":12},"end":{"line":35,"column":19}},"10":{"start":{"line":26,"column":20},"end":{"line":26,"column":51}},"11":{"start":{"line":27,"column":20},"end":{"line":27,"column":41}},"12":{"start":{"line":28,"column":20},"end":{"line":28,"column":44}},"13":{"start":{"line":33,"column":20},"end":{"line":33,"column":37}},"14":{"start":{"line":34,"column":20},"end":{"line":34,"column":32}},"15":{"start":{"line":44,"column":8},"end":{"line":55,"column":11}},"16":{"start":{"line":45,"column":12},"end":{"line":54,"column":19}},"17":{"start":{"line":48,"column":20},"end":{"line":48,"column":36}},"18":{"start":{"line":53,"column":20},"end":{"line":53,"column":32}},"19":{"start":{"line":63,"column":8},"end":{"line":75,"column":11}},"20":{"start":{"line":64,"column":12},"end":{"line":74,"column":15}},"21":{"start":{"line":65,"column":16},"end":{"line":73,"column":23}},"22":{"start":{"line":69,"column":24},"end":{"line":69,"column":42}},"23":{"start":{"line":79,"column":8},"end":{"line":88,"column":11}},"24":{"start":{"line":80,"column":12},"end":{"line":87,"column":15}},"25":{"start":{"line":83,"column":16},"end":{"line":83,"column":33}},"26":{"start":{"line":98,"column":8},"end":{"line":113,"column":11}},"27":{"start":{"line":99,"column":12},"end":{"line":112,"column":15}},"28":{"start":{"line":104,"column":16},"end":{"line":104,"column":65}},"29":{"start":{"line":105,"column":16},"end":{"line":105,"column":102}},"30":{"start":{"line":106,"column":16},"end":{"line":106,"column":38}},"31":{"start":{"line":108,"column":16},"end":{"line":108,"column":33}},"32":{"start":{"line":117,"column":0},"end":{"line":117,"column":29}}},"fnMap":{"0":{"name":"(anonymous_0)","decl":{"start":{"line":6,"column":4},"end":{"line":6,"column":5}},"loc":{"start":{"line":6,"column":47},"end":{"line":11,"column":5}},"line":6},"1":{"name":"(anonymous_1)","decl":{"start":{"line":17,"column":4},"end":{"line":17,"column":5}},"loc":{"start":{"line":17,"column":23},"end":{"line":37,"column":5}},"line":17},"2":{"name":"(anonymous_2)","decl":{"start":{"line":18,"column":27},"end":{"line":18,"column":28}},"loc":{"start":{"line":18,"column":48},"end":{"line":36,"column":9}},"line":18},"3":{"name":"(anonymous_3)","decl":{"start":{"line":25,"column":22},"end":{"line":25,"column":23}},"loc":{"start":{"line":25,"column":34},"end":{"line":29,"column":17}},"line":25},"4":{"name":"(anonymous_4)","decl":{"start":{"line":30,"column":23},"end":{"line":30,"column":24}},"loc":{"start":{"line":30,"column":37},"end":{"line":35,"column":17}},"line":30},"5":{"name":"(anonymous_5)","decl":{"start":{"line":43,"column":4},"end":{"line":43,"column":5}},"loc":{"start":{"line":43,"column":22},"end":{"line":56,"column":5}},"line":43},"6":{"name":"(anonymous_6)","decl":{"start":{"line":44,"column":27},"end":{"line":44,"column":28}},"loc":{"start":{"line":44,"column":48},"end":{"line":55,"column":9}},"line":44},"7":{"name":"(anonymous_7)","decl":{"start":{"line":47,"column":22},"end":{"line":47,"column":23}},"loc":{"start":{"line":47,"column":34},"end":{"line":49,"column":17}},"line":47},"8":{"name":"(anonymous_8)","decl":{"start":{"line":50,"column":23},"end":{"line":50,"column":24}},"loc":{"start":{"line":50,"column":37},"end":{"line":54,"column":17}},"line":50},"9":{"name":"(anonymous_9)","decl":{"start":{"line":62,"column":4},"end":{"line":62,"column":5}},"loc":{"start":{"line":62,"column":42},"end":{"line":76,"column":5}},"line":62},"10":{"name":"(anonymous_10)","decl":{"start":{"line":63,"column":27},"end":{"line":63,"column":28}},"loc":{"start":{"line":63,"column":48},"end":{"line":75,"column":9}},"line":63},"11":{"name":"(anonymous_11)","decl":{"start":{"line":64,"column":52},"end":{"line":64,"column":53}},"loc":{"start":{"line":64,"column":74},"end":{"line":74,"column":13}},"line":64},"12":{"name":"(anonymous_12)","decl":{"start":{"line":68,"column":26},"end":{"line":68,"column":27}},"loc":{"start":{"line":68,"column":40},"end":{"line":70,"column":21}},"line":68},"13":{"name":"(anonymous_13)","decl":{"start":{"line":70,"column":29},"end":{"line":70,"column":30}},"loc":{"start":{"line":70,"column":38},"end":{"line":73,"column":21}},"line":70},"14":{"name":"(anonymous_14)","decl":{"start":{"line":78,"column":4},"end":{"line":78,"column":5}},"loc":{"start":{"line":78,"column":31},"end":{"line":89,"column":5}},"line":78},"15":{"name":"(anonymous_15)","decl":{"start":{"line":79,"column":27},"end":{"line":79,"column":28}},"loc":{"start":{"line":79,"column":48},"end":{"line":88,"column":9}},"line":79},"16":{"name":"(anonymous_16)","decl":{"start":{"line":82,"column":27},"end":{"line":82,"column":28}},"loc":{"start":{"line":82,"column":40},"end":{"line":84,"column":13}},"line":82},"17":{"name":"(anonymous_17)","decl":{"start":{"line":84,"column":21},"end":{"line":84,"column":22}},"loc":{"start":{"line":84,"column":30},"end":{"line":87,"column":13}},"line":84},"18":{"name":"(anonymous_18)","decl":{"start":{"line":97,"column":4},"end":{"line":97,"column":5}},"loc":{"start":{"line":97,"column":52},"end":{"line":114,"column":5}},"line":97},"19":{"name":"(anonymous_19)","decl":{"start":{"line":98,"column":27},"end":{"line":98,"column":28}},"loc":{"start":{"line":98,"column":48},"end":{"line":113,"column":9}},"line":98},"20":{"name":"(anonymous_20)","decl":{"start":{"line":99,"column":56},"end":{"line":99,"column":57}},"loc":{"start":{"line":99,"column":69},"end":{"line":107,"column":13}},"line":99},"21":{"name":"(anonymous_21)","decl":{"start":{"line":107,"column":20},"end":{"line":107,"column":21}},"loc":{"start":{"line":107,"column":33},"end":{"line":109,"column":13}},"line":107},"22":{"name":"(anonymous_22)","decl":{"start":{"line":109,"column":21},"end":{"line":109,"column":22}},"loc":{"start":{"line":109,"column":30},"end":{"line":112,"column":13}},"line":109}},"branchMap":{"0":{"loc":{"start":{"line":10,"column":22},"end":{"line":10,"column":48}},"type":"binary-expr","locations":[{"start":{"line":10,"column":22},"end":{"line":10,"column":33}},{"start":{"line":10,"column":37},"end":{"line":10,"column":48}}],"line":10}},"s":{"0":8,"1":8,"2":8,"3":19,"4":19,"5":19,"6":19,"7":13,"8":13,"9":13,"10":13,"11":13,"12":13,"13":0,"14":0,"15":4,"16":4,"17":4,"18":0,"19":4,"20":4,"21":4,"22":4,"23":3,"24":3,"25":3,"26":2,"27":2,"28":2,"29":2,"30":2,"31":2,"32":8},"f":{"0":19,"1":13,"2":13,"3":13,"4":0,"5":4,"6":4,"7":4,"8":0,"9":4,"10":4,"11":4,"12":4,"13":0,"14":3,"15":3,"16":3,"17":0,"18":2,"19":2,"20":2,"21":2,"22":0},"b":{"0":[19,13]},"_coverageSchema":"1a1c01bbd47fc00a2c39e90264f33305004495a9","hash":"723cf891d61d457c830abc7b26cf70de1ee04a16"}
,"/Users/jameshuang304/Documents/CMU/FSE/s20-ESN-SA1/model/emergencyStatusDetail.js": {"path":"/Users/jameshuang304/Documents/CMU/FSE/s20-ESN-SA1/model/emergencyStatusDetail.js","statementMap":{"0":{"start":{"line":1,"column":35},"end":{"line":1,"column":80}},"1":{"start":{"line":2,"column":35},"end":{"line":2,"column":80}},"2":{"start":{"line":7,"column":8},"end":{"line":7,"column":24}},"3":{"start":{"line":8,"column":8},"end":{"line":8,"column":31}},"4":{"start":{"line":9,"column":8},"end":{"line":9,"column":39}},"5":{"start":{"line":10,"column":8},"end":{"line":10,"column":35}},"6":{"start":{"line":15,"column":8},"end":{"line":33,"column":11}},"7":{"start":{"line":16,"column":45},"end":{"line":21,"column":14}},"8":{"start":{"line":22,"column":12},"end":{"line":32,"column":19}},"9":{"start":{"line":24,"column":20},"end":{"line":24,"column":68}},"10":{"start":{"line":25,"column":20},"end":{"line":25,"column":40}},"11":{"start":{"line":26,"column":20},"end":{"line":26,"column":54}},"12":{"start":{"line":29,"column":20},"end":{"line":29,"column":76}},"13":{"start":{"line":30,"column":20},"end":{"line":30,"column":37}},"14":{"start":{"line":31,"column":20},"end":{"line":31,"column":32}},"15":{"start":{"line":37,"column":8},"end":{"line":45,"column":11}},"16":{"start":{"line":38,"column":12},"end":{"line":44,"column":15}},"17":{"start":{"line":41,"column":16},"end":{"line":41,"column":38}},"18":{"start":{"line":43,"column":16},"end":{"line":43,"column":28}},"19":{"start":{"line":49,"column":9},"end":{"line":65,"column":12}},"20":{"start":{"line":50,"column":27},"end":{"line":50,"column":44}},"21":{"start":{"line":52,"column":12},"end":{"line":56,"column":13}},"22":{"start":{"line":53,"column":16},"end":{"line":53,"column":59}},"23":{"start":{"line":55,"column":16},"end":{"line":55,"column":55}},"24":{"start":{"line":57,"column":12},"end":{"line":63,"column":17}},"25":{"start":{"line":60,"column":16},"end":{"line":60,"column":45}},"26":{"start":{"line":62,"column":18},"end":{"line":62,"column":30}},"27":{"start":{"line":69,"column":8},"end":{"l
[...]
301,"column":20},"end":{"line":301,"column":33}},{"start":{"line":301,"column":37},"end":{"line":301,"column":63}},{"start":{"line":301,"column":67},"end":{"line":301,"column":92}}],"line":301},"41":{"loc":{"start":{"line":346,"column":16},"end":{"line":350,"column":17}},"type":"if","locations":[{"start":{"line":346,"column":16},"end":{"line":350,"column":17}},{"start":{"line":346,"column":16},"end":{"line":350,"column":17}}],"line":346},"42":{"loc":{"start":{"line":346,"column":20},"end":{"line":346,"column":54}},"type":"binary-expr","locations":[{"start":{"line":346,"column":20},"end":{"line":346,"column":35}},{"start":{"line":346,"column":39},"end":{"line":346,"column":54}}],"line":346},"43":{"loc":{"start":{"line":368,"column":16},"end":{"line":374,"column":17}},"type":"if","locations":[{"start":{"line":368,"column":16},"end":{"line":374,"column":17}},{"start":{"line":368,"column":16},"end":{"line":374,"column":17}}],"line":368},"44":{"loc":{"start":{"line":377,"column":16},"end":{"line":381,"column":17}},"type":"if","locations":[{"start":{"line":377,"column":16},"end":{"line":381,"column":17}},{"start":{"line":377,"column":16},"end":{"line":381,"column":17}}],"line":377},"45":{"loc":{"start":{"line":378,"column":20},"end":{"line":380,"column":21}},"type":"if","locations":[{"start":{"line":378,"column":20},"end":{"line":380,"column":21}},{"start":{"line":378,"column":20},"end":{"line":380,"column":21}}],"line":378},"46":{"loc":{"start":{"line":378,"column":24},"end":{"line":378,"column":264}},"type":"binary-expr","locations":[{"start":{"line":378,"column":24},"end":{"line":378,"column":59}},{"start":{"line":378,"column":63},"end":{"line":378,"column":111}},{"start":{"line":378,"column":115},"end":{"line":378,"column":150}},{"start":{"line":378,"column":154},"end":{"line":378,"column":182}},{"start":{"line":378,"column":186},"end":{"line":378,"column":264}}],"line":378},"47":{"loc":{"start":{"line":432,"column":12},"end":{"line":436,"column":13}},"type":"if","locations":[{"start":{"line":432,"column":12},"end":{"line":436,"column":13}},{"start":{"line":432,"column":12},"end":{"line":436,"column":13}}],"line":432},"48":{"loc":{"start":{"line":432,"column":16},"end":{"line":432,"column":74}},"type":"binary-expr","locations":[{"start":{"line":432,"column":16},"end":{"line":432,"column":44}},{"start":{"line":432,"column":48},"end":{"line":432,"column":74}}],"line":432},"49":{"loc":{"start":{"line":437,"column":12},"end":{"line":439,"column":13}},"type":"if","locations":[{"start":{"line":437,"column":12},"end":{"line":439,"column":13}},{"start":{"line":437,"column":12},"end":{"line":439,"column":13}}],"line":437},"50":{"loc":{"start":{"line":437,"column":16},"end":{"line":437,"column":70}},"type":"binary-expr","locations":[{"start":{"line":437,"column":16},"end":{"line":437,"column":42}},{"start":{"line":437,"column":46},"end":{"line":437,"column":70}}],"line":437},"51":{"loc":{"start":{"line":513,"column":16},"end":{"line":515,"column":17}},"type":"if","locations":[{"start":{"line":513,"column":16},"end":{"line":515,"column":17}},{"start":{"line":513,"column":16},"end":{"line":515,"column":17}}],"line":513},"52":{"loc":{"start":{"line":518,"column":16},"end":{"line":522,"column":17}},"type":"if","locations":[{"start":{"line":518,"column":16},"end":{"line":522,"column":17}},{"start":{"line":518,"column":16},"end":{"line":522,"column":17}}],"line":518},"53":{"loc":{"start":{"line":581,"column":20},"end":{"line":585,"column":21}},"type":"if","locations":[{"start":{"line":581,"column":20},"end":{"line":585,"column":21}},{"start":{"line":581,"column":20},"end":{"line":585,"column":21}}],"line":581}},"s":{"0":8,"1":8,"2":8,"3":8,"4":8,"5":97,"6":97,"7":97,"8":97,"9":97,"10":97,"11":97,"12":97,"13":97,"14":78,"15":78,"16":15,"17":15,"18":15,"19":15,"20":14,"21":14,"22":14,"23":14,"24":1,"25":1,"26":1,"27":4,"28":4,"29":4,"30":3,"31":2,"32":1,"33":1,"34":16,"35":16,"36":1,"37":16,"38":15,"39":15,"40":1,"41":14,"42":35,"43":35,"44":35,"45":17,"46":35,"47":3,"48":32,"49":6,"50":35,"51":9,"52":35,"53":29,"54":29,"55":28,"56":28,"57":7,"58":7,"59":7,"60":35,"61":35,"62":17,"63":2,"64":15,"65":1,"66":14,"67":0,"68":18,"69":3,"70":1,"71":2,"72":1,"73":15,"74":6,"75":6,"76":6,"77":0,"78":6,"79":1,"80":35,"81":29,"82":29,"83":14,"84":0,"85":14,"86":1,"87":15,"88":1,"89":0,"90":1,"91":0,"92":29,"93":69,"94":69,"95":69,"96":35,"97":35,"98":28,"99":28,"100":7,"101":21,"102":21,"103":21,"104":69,"105":17,"106":17,"107":17,"108":2,"109":15,"110":2,"111":2,"112":2,"113":1,"114":1,"115":16,"116":16,"117":16,"118":16,"119":16,"120":16,"121":16,"122":2,"123":2,"124":2,"125":1,"126":1,"127":5,"128":5,"129":5,"130":5,"131":5,"132":1,"133":4,"134":5,"135":4,"136":1,"137":5,"138":0,"139":35,"140":35,"141":35,"142":2,"143":2,"144":2,"145":6,"146":6,"147":6,"148":3,"149":6,"150":3,"151":6,"152":6,"153":6,"154":0,"155":0,"156":0,"157":4,"158":4,"159":4,"160":4,"161":4,"162":3,"163":3,"164":3,"165":1,"166":3,"167":3,"168":2,"169":1,"170":3,"171":3,"172":3,"173":3,"174":3,"175":2,"176":2,"177":1,"178":2,"179":2,"180":2,"181":1,"182":1,"183":0,"184":2,"185":2,"186":2,"187":2,"188":2,"189":2,"190":8},"f":{"0":97,"1":78,"2":15,"3":15,"4":15,"5":14,"6":14,"7":1,"8":4,"9":4,"10":4,"11":0,"12":16,"13":16,"14":15,"15":15,"16":35,"17":35,"18":29,"19":28,"20":7,"21":35,"22":35,"23":29,"24":29,"25":69,"26":35,"27":35,"28":28,"29":28,"30":7,"31":21,"32":21,"33":21,"34":0,"35":69,"36":17,"37":17,"38":2,"39":2,"40":2,"41":0,"42":16,"43":16,"44":16,"45":16,"46":0,"47":0,"48":2,"49":2,"50":2,"51":0,"52":5,"53":5,"54":5,"55":5,"56":0,"57":35,"58":35,"59":35,"60":0,"61":2,"62":2,"63":2,"64":0,"65":6,"66":6,"67":6,"68":0,"69":0,"70":0,"71":0,"72":0,"73":4,"74":4,"75":4,"76":4,"77":4,"78":0,"79":3,"80":3,"81":3,"82":3,"83":3,"84":0,"85":3,"86":3,"87":3,"88":2,"89":2,"90":1,"91":2,"92":2,"93":2,"94":0,"95":2,"96":2,"97":2,"98":2,"99":0},"b":{"0":[3,1],"1":[2,1],"2":[1,15],"3":[1,14],"4":[17,18],"5":[35,26],"6":[3,32],"7":[35,26],"8":[6,26],"9":[32,23],"10":[9,26],"11":[17,18],"12":[2,15],"13":[17,17,17,17,17,17,16,16,16,16],"14":[1,14],"15":[15,14],"16":[0,14],"17":[14,14,14,14,14,14,14,14,14,14],"18":[3,15],"19":[1,2],"20":[3,3],"21":[1,1],"22":[2,1],"23":[6,9],"24":[6,0],"25":[0,6],"26":[6,0],"27":[1,5],"28":[6,6],"29":[14,15],"30":[0,14],"31":[14,14],"32":[1,13],"33":[14,13],"34":[1,14],"35":[0,1],"36":[0,1],"37":[1,1],"38":[2,15],"39":[1,1],"40":[2,1,1],"41":[1,1],"42":[2,1],"43":[1,4],"44":[4,1],"45":[1,3],"46":[4,4,4,4,4],"47":[3,3],"48":[6,3],"49":[3,3],"50":[6,3],"51":[1,2],"52":[2,1],"53":[1,1]},"_coverageSchema":"1a1c01bbd47fc00a2c39e90264f33305004495a9","hash":"8cb188e27f3a525b4dd48825e88147b97d0a5813"}
,"/Users/jameshuang304/Documents/CMU/FSE/s20-ESN-SA1/routes/announcements.js": {"path":"/Users/jameshuang304/Documents/CMU/FSE/s20-ESN-SA1/routes/announcements.js","statementMap":{"0":{"start":{"line":1,"column":16},"end":{"line":1,"column":34}},"1":{"start":{"line":2,"column":15},"end":{"line":2,"column":31}},"2":{"start":{"line":3,"column":19},"end":{"line":3,"column":41}},"3":{"start":{"line":4,"column":25},"end":{"line":4,"column":61}},"4":{"start":{"line":6,"column":19},"end":{"line":6,"column":36}},"5":{"start":{"line":7,"column":31},"end":{"line":7,"column":92}},"6":{"start":{"line":9,"column":31},"end":{"line":9,"column":59}},"7":{"start":{"line":13,"column":0},"end":{"line":13,"column":104}},"8":{"start":{"line":16,"column":0},"end":{"line":16,"column":101}},"9":{"start":{"line":19,"column":0},"end":{"line":19,"column":24}}},"fnMap":{},"branchMap":{},"s":{"0":7,"1":7,"2":7,"3":7,"4":7,"5":7,"6":7,"7":7,"8":7,"9":7},"f":{},"b":{},"_coverageSchema":"1a1c01bbd47fc00a2c39e90264f33305004495a9","hash":"e2f00d9bd9165839b5fb06f870ff94eda32fa955"}
,"/Users/jameshuang304/Documents/CMU/FSE/s20-ESN-SA1/routes/application.js": {"path":"/Users/jameshuang304/Documents/CMU/FSE/s20-ESN-SA1/routes/application.js","statementMap":{"0":{"start":{"line":1,"column":16},"end":{"line":1,"column":34}},"1":{"start":{"line":2,"column":15},"end":{"line":2,"column":31}},"2":{"start":{"line":5,"column":0},"end":{"line":12,"column":3}},"3":{"start":{"line":9,"column":4},"end":{"line":11,"column":7}},"4":{"start":{"line":14,"column":0},"end":{"line":14,"column":24}}},"fnMap":{"0":{"name":"(anonymous_0)","decl":{"start":{"line":5,"column":16},"end":{"line":5,"column":17}},"loc":{"start":{"line":5,"column":41},"end":{"line":12,"column":1}},"line":5}},"branchMap":{},"s":{"0":7,"1":7,"2":7,"3":0,"4":7},"f":{"0":0},"b":{},"_coverageSchema":"1a1c01bbd47fc00a2c39e90264f33305004495a9","hash":"1d9bcb3e1a27526a0a5be76fd75a00926ebeb73c"}
,"/Users/jameshuang304/Documents/CMU/FSE/s20-ESN-SA1/routes/chatMessages.js": {"path":"/Users/jameshuang304/Documents/CMU/FSE/s20-ESN-SA1/routes/chatMessages.js","statementMap":{"0":{"start":{"line":1,"column":16},"end":{"line":1,"column":34}},"1":{"start":{"line":2,"column":15},"end":{"line":2,"column":31}},"2":{"start":{"line":3,"column":31},"end":{"line":3,"column":92}},"3":{"start":{"line":4,"column":19},"end":{"line":4,"column":41}},"4":{"start":{"line":5,"column":25},"end":{"line":5,"column":61}},"5":{"start":{"line":7,"column":19},"end":{"line":7,"column":36}},"6":{"start":{"line":10,"column":31},"end":{"line":10,"column":59}},"7":{"start":{"line":14,"column":0},"end":{"line":14,"column":100}},"8":{"start":{"line":17,"column":0},"end":{"line":17,"column":99}},"9":{"start":{"line":24,"column":0},"end":{"line":24,"column":24}}},"fnMap":{},"branchMap":{},"s":{"0":7,"1":7,"2":7,"3":7,"4":7,"5":7,"6":7,"7":7,"8":7,"9":7},"f":{},"b":{},"_coverageSchema":"1a1c01bbd47fc00a2c39e90264f33305004495a9","hash":"9820b120621f66e91ec18b4dae4d22512d9f852f"}
,"/Users/jameshuang304/Documents/CMU/FSE/s20-ESN-SA1/routes/emergencyStatusDetail.js": {"path":"/Users/jameshuang304/Documents/CMU/FSE/s20-ESN-SA1/routes/emergencyStatusDetail.js","statementMap":{"0":{"start":{"line":1,"column":16},"end":{"line":1,"column":34}},"1":{"start":{"line":2,"column":15},"end":{"line":2,"column":31}},"2":{"start":{"line":3,"column":40},"end":{"line":3,"column":110}},"3":{"start":{"line":4,"column":19},"end":{"line":4,"column":41}},"4":{"start":{"line":5,"column":25},"end":{"line":5,"column":61}},"5":{"start":{"line":6,"column":15},"end":{"line":6,"column":32}},"6":{"start":{"line":7,"column":15},"end":{"line":7,"column":49}},"7":{"start":{"line":10,"column":19},"end":{"line":10,"column":36}},"8":{"start":{"line":13,"column":40},"end":{"line":13,"column":77}},"9":{"start":{"line":16,"column":0},"end":{"line":16,"column":125}},"10":{"start":{"line":19,"column":0},"end":{"line":19,"column":128}},"11":{"start":{"line":22,"column":0},"end":{"line":22,"column":136}},"12":{"start":{"line":25,"column":0},"end":{"line":25,"column":149}},"13":{"start":{"line":28,"column":0},"end":{"line":28,"column":142}},"14":{"start":{"line":31,"column":0},"end":{"line":31,"column":136}},"15":{"start":{"line":33,"column":0},"end":{"line":33,"column":24}}},"fnMap":{},"branchMap":{},"s":{"0":7,"1":7,"2":7,"3":7,"4":7,"5":7,"6":7,"7":7,"8":7,"9":7,"10":7,"11":7,"12":7,"13":7,"14":7,"15":7},"f":{},"b":{},"_coverageSchema":"1a1c01bbd47fc00a2c39e90264f33305004495a9","hash":"27364b227050bbc3132f03e7fa6f9e93e6380673"}
,"/Users/jameshuang304/Documents/CMU/FSE/s20-ESN-SA1/routes/index.js": {"path":"/Users/jameshuang304/Documents/CMU/FSE/s20-ESN-SA1/routes/index.js","statementMap":{"0":{"start":{"line":1,"column":16},"end":{"line":1,"column":34}},"1":{"start":{"line":2,"column":15},"end":{"line":2,"column":31}},"2":{"start":{"line":4,"column":0},"end":{"line":9,"column":3}},"3":{"start":{"line":11,"column":0},"end":{"line":16,"column":3}},"4":{"start":{"line":17,"column":0},"end":{"line":17,"column":24}}},"fnMap":{"0":{"name":"(anonymous_0)","decl":{"start":{"line":4,"column":16},"end":{"line":4,"column":17}},"loc":{"start":{"line":4,"column":41},"end":{"line":9,"column":1}},"line":4},"1":{"name":"(anonymous_1)","decl":{"start":{"line":11,"column":23},"end":{"line":11,"column":24}},"loc":{"start":{"line":11,"column":48},"end":{"line":16,"column":1}},"line":11}},"branchMap":{},"s":{"0":7,"1":7,"2":7,"3":7,"4":7},"f":{"0":0,"1":0},"b":{},"_coverageSchema":"1a1c01bbd47fc00a2c39e90264f33305004495a9","hash":"2e84a3b2b4796cd3b70b759ce972c46eb9637d2d"}
,"/Users/jameshuang304/Documents/CMU/FSE/s20-ESN-SA1/routes/privateChatMessages.js": {"path":"/Users/jameshuang304/Documents/CMU/FSE/s20-ESN-SA1/routes/privateChatMessages.js","statementMap":{"0":{"start":{"line":1,"column":16},"end":{"line":1,"column":34}},"1":{"start":{"line":2,"column":15},"end":{"line":2,"column":31}},"2":{"start":{"line":3,"column":38},"end":{"line":3,"column":106}},"3":{"start":{"line":4,"column":19},"end":{"line":4,"column":41}},"4":{"start":{"line":5,"column":25},"end":{"line":5,"column":61}},"5":{"start":{"line":7,"column":19},"end":{"line":7,"column":36}},"6":{"start":{"line":10,"column":38},"end":{"line":10,"column":73}},"7":{"start":{"line":14,"column":0},"end":{"line":14,"column":107}},"8":{"start":{"line":17,"column":0},"end":{"line":17,"column":106}},"9":{"start":{"line":23,"column":0},"end":{"line":23,"column":24}}},"fnMap":{},"branchMap":{},"s":{"0":7,"1":7,"2":7,"3":7,"4":7,"5":7,"6":7,"7":7,"8":7,"9":7},"f":{},"b":{},"_coverageSchema":"1a1c01bbd47fc00a2c39e90264f33305004495a9","hash":"837eb4d79f20240118e8e41932f295b1939b9279"}
,"/Users/jameshuang304/Documents/CMU/FSE/s20-ESN-SA1/routes/registration.js": {"path":"/Users/jameshuang304/Documents/CMU/FSE/s20-ESN-SA1/routes/registration.js","statementMap":{"0":{"start":{"line":1,"column":16},"end":{"line":1,"column":34}},"1":{"start":{"line":2,"column":15},"end":{"line":2,"column":31}},"2":{"start":{"line":4,"column":0},"end":{"line":7,"column":3}},"3":{"start":{"line":8,"column":0},"end":{"line":8,"column":24}}},"fnMap":{"0":{"name":"(anonymous_0)","decl":{"start":{"line":4,"column":16},"end":{"line":4,"column":17}},"loc":{"start":{"line":4,"column":41},"end":{"line":7,"column":1}},"line":4}},"branchMap":{},"s":{"0":7,"1":7,"2":7,"3":7},"f":{"0":0},"b":{},"_coverageSchema":"1a1c01bbd47fc00a2c39e90264f33305004495a9","hash":"fdd1e2eba8e9a23084171f30fcf973881aa184ff"}
,"/Users/jameshuang304/Documents/CMU/FSE/s20-ESN-SA1/routes/resources.js": {"path":"/Users/jameshuang304/Documents/CMU/FSE/s20-ESN-SA1/routes/resources.js","statementMap":{"0":{"start":{"line":1,"column":16},"end":{"line":1,"column":34}},"1":{"start":{"line":2,"column":15},"end":{"line":2,"column":31}},"2":{"start":{"line":3,"column":19},"end":{"line":3,"column":41}},"3":{"start":{"line":4,"column":25},"end":{"line":4,"column":61}},"4":{"start":{"line":5,"column":14},"end":{"line":5,"column":31}},"5":{"start":{"line":6,"column":14},"end":{"line":6,"column":36}},"6":{"start":{"line":7,"column":13},"end":{"line":7,"column":71}},"7":{"start":{"line":9,"column":19},"end":{"line":9,"column":36}},"8":{"start":{"line":10,"column":27},"end":{"line":10,"column":84}},"9":{"start":{"line":12,"column":27},"end":{"line":12,"column":51}},"10":{"start":{"line":16,"column":4},"end":{"line":16,"column":133}},"11":{"start":{"line":21,"column":0},"end":{"line":21,"column":91}},"12":{"start":{"line":25,"column":0},"end":{"line":25,"column":103}},"13":{"start":{"line":28,"column":0},"end":{"line":28,"column":24}}},"fnMap":{},"branchMap":{},"s":{"0":7,"1":7,"2":7,"3":7,"4":7,"5":7,"6":7,"7":7,"8":7,"9":7,"10":7,"11":7,"12":7,"13":7},"f":{},"b":{},"_coverageSchema":"1a1c01bbd47fc00a2c39e90264f33305004495a9","hash":"8d86898fe898bbc70bf326de61df6948a395985b"}
,"/Users/jameshuang304/Documents/CMU/FSE/s20-ESN-SA1/routes/spamReport.js": {"path":"/Users/jameshuang304/Documents/CMU/FSE/s20-ESN-SA1/routes/spamReport.js","statementMap":{"0":{"start":{"line":1,"column":16},"end":{"line":1,"column":34}},"1":{"start":{"line":2,"column":15},"end":{"line":2,"column":35}},"2":{"start":{"line":3,"column":19},"end":{"line":3,"column":41}},"3":{"start":{"line":4,"column":25},"end":{"line":4,"column":61}},"4":{"start":{"line":5,"column":19},"end":{"line":5,"column":36}},"5":{"start":{"line":6,"column":29},"end":{"line":6,"column":75}},"6":{"start":{"line":7,"column":29},"end":{"line":7,"column":55}},"7":{"start":{"line":9,"column":0},"end":{"line":9,"column":100}},"8":{"start":{"line":12,"column":0},"end":{"line":12,"column":24}}},"fnMap":{},"branchMap":{},"s":{"0":7,"1":7,"2":7,"3":7,"4":7,"5":7,"6":7,"7":7,"8":7},"f":{},"b":{},"_coverageSchema":"1a1c01bbd47fc00a2c39e90264f33305004495a9","hash":"7cbbeee0b48984ee93f192b14b373b2c487c3f99"}
,"/Users/jameshuang304/Documents/CMU/FSE/s20-ESN-SA1/routes/users.js": {"path":"/Users/jameshuang304/Documents/CMU/FSE/s20-ESN-SA1/routes/users.js","statementMap":{"0":{"start":{"line":1,"column":16},"end":{"line":1,"column":34}},"1":{"start":{"line":2,"column":15},"end":{"line":2,"column":31}},"2":{"start":{"line":3,"column":24},"end":{"line":3,"column":78}},"3":{"start":{"line":4,"column":19},"end":{"line":4,"column":41}},"4":{"start":{"line":5,"column":25},"end":{"line":5,"column":61}},"5":{"start":{"line":8,"column":19},"end":{"line":8,"column":36}},"6":{"start":{"line":10,"column":24},"end":{"line":10,"column":45}},"7":{"start":{"line":13,"column":0},"end":{"line":13,"column":117}},"8":{"start":{"line":14,"column":0},"end":{"line":14,"column":105}},"9":{"start":{"line":15,"column":0},"end":{"line":15,"column":95}},"10":{"start":{"line":18,"column":0},"end":{"line":18,"column":86}},"11":{"start":{"line":20,"column":0},"end":{"line":20,"column":92}},"12":{"start":{"line":21,"column":0},"end":{"line":21,"column":124}},"13":{"start":{"line":23,"column":0},"end":{"line":23,"column":57}},"14":{"start":{"line":25,"column":0},"end":{"line":25,"column":108}},"15":{"start":{"line":28,"column":0},"end":{"line":28,"column":24}}},"fnMap":{},"branchMap":{},"s":{"0":7,"1":7,"2":7,"3":7,"4":7,"5":7,"6":7,"7":7,"8":7,"9":7,"10":7,"11":7,"12":7,"13":7,"14":7,"15":7},"f":{},"b":{},"_coverageSchema":"1a1c01bbd47fc00a2c39e90264f33305004495a9","hash":"c7bf386766ea0c4721539260f040eded64cc7818"}
,"/Users/jameshuang304/Documents/CMU/FSE/s20-ESN-SA1/routes/usersList.js": {"path":"/Users/jameshuang304/Documents/CMU/FSE/s20-ESN-SA1/routes/usersList.js","statementMap":{"0":{"start":{"line":1,"column":16},"end":{"line":1,"column":34}},"1":{"start":{"line":2,"column":15},"end":{"line":2,"column":31}},"2":{"start":{"line":3,"column":27},"end":{"line":3,"column":84}},"3":{"start":{"line":4,"column":19},"end":{"line":4,"column":41}},"4":{"start":{"line":5,"column":25},"end":{"line":5,"column":61}},"5":{"start":{"line":8,"column":19},"end":{"line":8,"column":36}},"6":{"start":{"line":10,"column":27},"end":{"line":10,"column":51}},"7":{"start":{"line":13,"column":0},"end":{"line":13,"column":95}},"8":{"start":{"line":16,"column":0},"end":{"line":16,"column":24}}},"fnMap":{},"branchMap":{},"s":{"0":7,"1":7,"2":7,"3":7,"4":7,"5":7,"6":7,"7":7,"8":7},"f":{},"b":{},"_coverageSchema":"1a1c01bbd47fc00a2c39e90264f33305004495a9","hash":"ccc3961abda125c058c955771947cfa04537a96b"}
,"/Users/jameshuang304/Documents/CMU/FSE/s20-ESN-SA1/utils/StopWords.js": {"path":"/Users/jameshuang304/Documents/CMU/FSE/s20-ESN-SA1/utils/StopWords.js","statementMap":{"0":{"start":{"line":1,"column":18},"end":{"line":1,"column":48}},"1":{"start":{"line":3,"column":23},"end":{"line":29,"column":198}},"2":{"start":{"line":31,"column":20},"end":{"line":31,"column":41}},"3":{"start":{"line":41,"column":8},"end":{"line":41,"column":42}},"4":{"start":{"line":42,"column":8},"end":{"line":42,"column":36}},"5":{"start":{"line":43,"column":8},"end":{"line":43,"column":51}},"6":{"start":{"line":47,"column":0},"end":{"line":47,"column":26}}},"fnMap":{"0":{"name":"(anonymous_0)","decl":{"start":{"line":40,"column":4},"end":{"line":40,"column":5}},"loc":{"start":{"line":40,"column":42},"end":{"line":44,"column":5}},"line":40}},"branchMap":{},"s":{"0":10,"1":10,"2":10,"3":8,"4":8,"5":8,"6":10},"f":{"0":8},"b":{},"_coverageSchema":"1a1c01bbd47fc00a2c39e90264f33305004495a9","hash":"9a3b8781026f35609fe13368c768b164f33fd320"}
}
