{"/Users/dgs/IdeaProjects/team_SA1_ESN/app.js": {"path":"/Users/dgs/IdeaProjects/team_SA1_ESN/app.js","statementMap":{"0":{"start":{"line":1,"column":18},"end":{"line":1,"column":40}},"1":{"start":{"line":2,"column":14},"end":{"line":2,"column":32}},"2":{"start":{"line":3,"column":11},"end":{"line":3,"column":26}},"3":{"start":{"line":4,"column":19},"end":{"line":4,"column":43}},"4":{"start":{"line":5,"column":13},"end":{"line":5,"column":30}},"5":{"start":{"line":6,"column":18},"end":{"line":6,"column":40}},"6":{"start":{"line":7,"column":17},"end":{"line":7,"column":39}},"7":{"start":{"line":8,"column":18},"end":{"line":8,"column":43}},"8":{"start":{"line":9,"column":25},"end":{"line":9,"column":57}},"9":{"start":{"line":10,"column":24},"end":{"line":10,"column":55}},"10":{"start":{"line":11,"column":18},"end":{"line":11,"column":43}},"11":{"start":{"line":12,"column":25},"end":{"line":12,"column":57}},"12":{"start":{"line":13,"column":32},"end":{"line":13,"column":71}},"13":{"start":{"line":14,"column":22},"end":{"line":14,"column":51}},"14":{"start":{"line":15,"column":25},"end":{"line":15,"column":58}},"15":{"start":{"line":16,"column":22},"end":{"line":16,"column":51}},"16":{"start":{"line":17,"column":34},"end":{"line":17,"column":75}},"17":{"start":{"line":18,"column":17},"end":{"line":18,"column":46}},"18":{"start":{"line":19,"column":25},"end":{"line":19,"column":55}},"19":{"start":{"line":21,"column":18},"end":{"line":21,"column":31}},"20":{"start":{"line":30,"column":12},"end":{"line":30,"column":21}},"21":{"start":{"line":37,"column":17},"end":{"line":37,"column":23}},"22":{"start":{"line":44,"column":11},"end":{"line":44,"column":15}},"23":{"start":{"line":45,"column":12},"end":{"line":45,"column":16}},"24":{"start":{"line":46,"column":13},"end":{"line":46,"column":17}},"25":{"start":{"line":79,"column":11},"end":{"line":79,"column":39}},"26":{"start":{"line":80,"column":12},"end":{"line":80,"column":13}},"27":{"start":{"line":81,"column":0},"end":{"line":87,"column":3}},"28":{"start":{"line":84,"column":4},"end":{"line":86,"column":7}},"29":{"start":{"line":91,"column":0},"end":{"line":94,"column":3}},"30":{"start":{"line":92,"column":4},"end":{"line":92,"column":16}},"31":{"start":{"line":93,"column":4},"end":{"line":93,"column":11}},"32":{"start":{"line":97,"column":0},"end":{"line":99,"column":4}},"33":{"start":{"line":102,"column":0},"end":{"line":102,"column":41}},"34":{"start":{"line":104,"column":0},"end":{"line":104,"column":48}},"35":{"start":{"line":106,"column":0},"end":{"line":106,"column":30}},"36":{"start":{"line":107,"column":0},"end":{"line":107,"column":23}},"37":{"start":{"line":108,"column":0},"end":{"line":108,"column":24}},"38":{"start":{"line":109,"column":0},"end":{"line":109,"column":56}},"39":{"start":{"line":110,"column":0},"end":{"line":110,"column":85}},"40":{"start":{"line":111,"column":0},"end":{"line":111,"column":26}},"41":{"start":{"line":113,"column":0},"end":{"line":113,"column":35}},"42":{"start":{"line":114,"column":0},"end":{"line":114,"column":33}},"43":{"start":{"line":115,"column":0},"end":{"line":115,"column":35}},"44":{"start":{"line":117,"column":0},"end":{"line":117,"column":50}},"45":{"start":{"line":118,"column":0},"end":{"line":118,"column":65}},"46":{"start":{"line":119,"column":0},"end":{"line":119,"column":43}},"47":{"start":{"line":120,"column":0},"end":{"line":120,"column":50}},"48":{"start":{"line":121,"column":0},"end":{"line":121,"column":43}},"49":{"start":{"line":122,"column":0},"end":{"line":122,"column":67}},"50":{"start":{"line":123,"column":0},"end":{"line":123,"column":46}},"51":{"start":{"line":124,"column":0},"end":{"line":124,"column":98}},"52":{"start":{"line":125,"column":0},"end":{"line":125,"column":86}},"53":{"start":{"line":126,"column":0},"end":{"line":126,"column":33}},"54":{"start":{"line":131,"column":0},"end":{"line":136,"column":3}},"55":{"start":{"line":138,"column":0},"end":{"line":146,"column":3}},"56":{"start":{"line":142,"column":4},"end":{"line":142,"column":71}},"57":{"start":{"line":144,"column":4},"end":{"line":144,"column":34}},"58":{"start":{"line":145,"column":4},"end":{"line":145,"column":24}},"59":{"start":{"line":147,"column":0},"end":{"line":147,"column":20}},"60":{"start":{"line":149,"column":0},"end":{"line":152,"column":2}}},"fnMap":{"0":{"name":"(anonymous_0)","decl":{"start":{"line":81,"column":28},"end":{"line":81,"column":29}},"loc":{"start":{"line":81,"column":45},"end":{"line":87,"column":1}},"line":81},"1":{"name":"(anonymous_1)","decl":{"start":{"line":91,"column":8},"end":{"line":91,"column":9}},"loc":{"start":{"line":91,"column":33},"end":{"line":94,"column":1}},"line":91},"2":{"name":"(anonymous_2)","decl":{"start":{"line":131,"column":13},"end":{"line":131,"column":14}},"loc":{"start":{"line":131,"column":33},"end":{"line":136,"column":1}},"line":131},"3":{"name":"(anonymous_3)","decl":{"start":{"line":138,"column":8},"end":{"line":138,"column":9}},"loc":{"start":{"line":138,"column":38},"end":{"line":146,"column":1}},"line":138}},"branchMap":{"0":{"loc":{"start":{"line":142,"column":23},"end":{"line":142,"column":70}},"type":"cond-expr","locations":[{"start":{"line":142,"column":62},"end":{"line":142,"column":65}},{"start":{"line":142,"column":68},"end":{"line":142,"column":70}}],"line":142},"1":{"loc":{"start":{"line":144,"column":15},"end":{"line":144,"column":32}},"type":"binary-expr","locations":[{"start":{"line":144,"column":15},"end":{"line":144,"column":25}},{"start":{"line":144,"column":29},"end":{"line":144,"column":32}}],"line":144}},"s":{"0":7,"1":7,"2":7,"3":7,"4":7,"5":7,"6":7,"7":7,"8":7,"9":7,"10":7,"11":7,"12":7,"13":7,"14":7,"15":7,"16":7,"17":7,"18":7,"19":7,"20":7,"21":7,"22":7,"23":7,"24":7,"25":7,"26":7,"27":7,"28":0,"29":7,"30":63,"31":63,"32":7,"33":7,"34":7,"35":7,"36":7,"37":7,"38":7,"39":7,"40":7,"41":7,"42":7,"43":7,"44":7,"45":7,"46":7,"47":7,"48":7,"49":7,"50":7,"51":7,"52":7,"53":7,"54":7,"55":7,"56":0,"57":0,"58":0,"59":7,"60":7},"f":{"0":0,"1":63,"2":0,"3":0},"b":{"0":[0,0],"1":[0,0]},"_coverageSchema":"1a1c01bbd47fc00a2c39e90264f33305004495a9","hash":"b4d297e69c46a0b312e8aa9eae4b65b5eef63281"}
,"/Users/dgs/IdeaProjects/team_SA1_ESN/constants.js": {"path":"/Users/dgs/IdeaProjects/team_SA1_ESN/constants.js","statementMap":{"0":{"start":{"line":1,"column":0},"end":{"line":14,"column":2}}},"fnMap":{},"branchMap":{},"s":{"0":13},"f":{},"b":{},"_coverageSchema":"1a1c01bbd47fc00a2c39e90264f33305004495a9","hash":"ad05611b9774387f719245eae6094576b152852f"}
,"/Users/dgs/IdeaProjects/team_SA1_ESN/controllers/AnnouncementController.js": {"path":"/Users/dgs/IdeaProjects/team_SA1_ESN/controllers/AnnouncementController.js","statementMap":{"0":{"start":{"line":1,"column":21},"end":{"line":1,"column":53}},"1":{"start":{"line":2,"column":17},"end":{"line":2,"column":48}},"2":{"start":{"line":3,"column":13},"end":{"line":3,"column":40}},"3":{"start":{"line":4,"column":14},"end":{"line":4,"column":42}},"4":{"start":{"line":17,"column":28},"end":{"line":17,"column":36}},"5":{"start":{"line":18,"column":24},"end":{"line":18,"column":46}},"6":{"start":{"line":19,"column":23},"end":{"line":19,"column":45}},"7":{"start":{"line":20,"column":32},"end":{"line":20,"column":71}},"8":{"start":{"line":23,"column":8},"end":{"line":39,"column":11}},"9":{"start":{"line":24,"column":33},"end":{"line":28,"column":13}},"10":{"start":{"line":29,"column":29},"end":{"line":29,"column":49}},"11":{"start":{"line":30,"column":12},"end":{"line":30,"column":67}},"12":{"start":{"line":32,"column":12},"end":{"line":32,"column":48}},"13":{"start":{"line":33,"column":12},"end":{"line":33,"column":66}},"14":{"start":{"line":51,"column":25},"end":{"line":51,"column":36}},"15":{"start":{"line":52,"column":22},"end":{"line":52,"column":36}},"16":{"start":{"line":53,"column":20},"end":{"line":53,"column":35}},"17":{"start":{"line":54,"column":21},"end":{"line":54,"column":35}},"18":{"start":{"line":55,"column":23},"end":{"line":55,"column":25}},"19":{"start":{"line":57,"column":8},"end":{"line":93,"column":15}},"20":{"start":{"line":59,"column":16},"end":{"line":87,"column":17}},"21":{"start":{"line":60,"column":20},"end":{"line":64,"column":21}},"22":{"start":{"line":63,"column":24},"end":{"line":63,"column":38}},"23":{"start":{"line":65,"column":20},"end":{"line":74,"column":27}},"24":{"start":{"line":67,"column":28},"end":{"line":67,"column":64}},"25":{"start":{"line":68,"column":28},"end":{"line":68,"column":80}},"26":{"start":{"line":76,"column":20},"end":{"line":76,"column":34}},"27":{"start":{"line":77,"column":20},"end":{"line":86,"column":27}},"28":{"start":{"line":79,"column":28},"end":{"line":79,"column":64}},"29":{"start":{"line":80,"column":28},"end":{"line":80,"column":80}},"30":{"start":{"line":92,"column":16},"end":{"line":92,"column":49}},"31":{"start":{"line":96,"column":0},"end":{"line":96,"column":40}}},"fnMap":{"0":{"name":"(anonymous_0)","decl":{"start":{"line":16,"column":4},"end":{"line":16,"column":5}},"loc":{"start":{"line":16,"column":33},"end":{"line":40,"column":5}},"line":16},"1":{"name":"(anonymous_1)","decl":{"start":{"line":23,"column":48},"end":{"line":23,"column":49}},"loc":{"start":{"line":23,"column":69},"end":{"line":34,"column":9}},"line":23},"2":{"name":"(anonymous_2)","decl":{"start":{"line":34,"column":17},"end":{"line":34,"column":18}},"loc":{"start":{"line":34,"column":26},"end":{"line":39,"column":9}},"line":34},"3":{"name":"(anonymous_3)","decl":{"start":{"line":50,"column":4},"end":{"line":50,"column":5}},"loc":{"start":{"line":50,"column":31},"end":{"line":94,"column":5}},"line":50},"4":{"name":"(anonymous_4)","decl":{"start":{"line":58,"column":18},"end":{"line":58,"column":19}},"loc":{"start":{"line":58,"column":32},"end":{"line":88,"column":13}},"line":58},"5":{"name":"(anonymous_5)","decl":{"start":{"line":66,"column":30},"end":{"line":66,"column":31}},"loc":{"start":{"line":66,"column":49},"end":{"line":69,"column":25}},"line":66},"6":{"name":"(anonymous_6)","decl":{"start":{"line":69,"column":33},"end":{"line":69,"column":34}},"loc":{"start":{"line":69,"column":42},"end":{"line":74,"column":25}},"line":69},"7":{"name":"(anonymous_7)","decl":{"start":{"line":78,"column":30},"end":{"line":78,"column":31}},"loc":{"start":{"line":78,"column":49},"end":{"line":81,"column":25}},"line":78},"8":{"name":"(anonymous_8)","decl":{"start":{"line":81,"column":33},"end":{"line":81,"column":34}},"loc":{"start":{"line":81,"column":42},"end":{"line":86,"column":25}},"line":81},"9":{"name":"(anonymous_9)","decl":{"start":{"line":89,"column":20},"end":{"line":89,"column":21}},"loc":{"start":{"line":89,"column":29},"end":{"line":93,"column":13}},"line":89}},"branchMap":{"0":{"loc":{"start":{"line":59,"column":16},"end":{"line":87,"column":17}},"type":"if","locations":[{"start":{"line":59,"column":16},"end":{"line":87,"column":17}},{"start":{"line":59,"column":16},"end":{"line":87,"column":17}}],"line":59},"1":{"loc":{"start":{"line":59,"column":20},"end":{"line":59,"column":106}},"type":"binary-expr","locations":[{"start":{"line":59,"column":20},"end":{"line":59,"column":42}},{"start":{"line":59,"column":46},"end":{"line":59,"column":66}},{"start":{"line":59,"column":70},"end":{"line":59,"column":89}},{"start":{"line":59,"column":93},"end":{"line":59,"column":106}}],"line":59},"2":{"loc":{"start":{"line":60,"column":20},"end":{"line":64,"column":21}},"type":"if","locations":[{"start":{"line":60,"column":20},"end":{"line":64,"column":21}},{"start":{"line":60,"column":20},"end":{"line":64,"column":21}}],"line":60},"3":{"loc":{"start":{"line":60,"column":24},"end":{"line":60,"column":49}},"type":"binary-expr","locations":[{"start":{"line":60,"column":24},"end":{"line":60,"column":41}},{"start":{"line":60,"column":45},"end":{"line":60,"column":49}}],"line":60}},"s":{"0":7,"1":7,"2":7,"3":7,"4":3,"5":3,"6":3,"7":3,"8":3,"9":3,"10":3,"11":3,"12":3,"13":3,"14":2,"15":2,"16":2,"17":2,"18":2,"19":2,"20":2,"21":1,"22":0,"23":1,"24":1,"25":1,"26":1,"27":1,"28":1,"29":1,"30":0,"31":7},"f":{"0":3,"1":3,"2":0,"3":2,"4":2,"5":1,"6":0,"7":1,"8":0,"9":0},"b":{"0":[1,1],"1":[2,1,1,1],"2":[0,1],"3":[1,0]},"_coverageSchema":"1a1c01bbd47fc00a2c39e90264f33305004495a9","hash":"73ad0c37e2fdbdf50b642740be9cd923f97d9a9e"}
,"/Users/dgs/IdeaProjects/team_SA1_ESN/controllers/ChatMessagesController.js": {"path":"/Users/dgs/IdeaProjects/team_SA1_ESN/controllers/ChatMessagesController.js","statementMap":{"0":{"start":{"line":1,"column":20},"end":{"line":1,"column":54}},"1":{"start":{"line":2,"column":13},"end":{"line":2,"column":40}},"2":{"start":{"line":3,"column":18},"end":{"line":3,"column":41}},"3":{"start":{"line":4,"column":17},"end":{"line":4,"column":48}},"4":{"start":{"line":5,"column":14},"end":{"line":5,"column":42}},"5":{"start":{"line":18,"column":28},"end":{"line":18,"column":36}},"6":{"start":{"line":19,"column":8},"end":{"line":23,"column":9}},"7":{"start":{"line":20,"column":12},"end":{"line":22,"column":16}},"8":{"start":{"line":24,"column":8},"end":{"line":28,"column":9}},"9":{"start":{"line":25,"column":12},"end":{"line":27,"column":16}},"10":{"start":{"line":29,"column":24},"end":{"line":29,"column":46}},"11":{"start":{"line":30,"column":23},"end":{"line":30,"column":45}},"12":{"start":{"line":31,"column":24},"end":{"line":31,"column":28}},"13":{"start":{"line":32,"column":19},"end":{"line":32,"column":24}},"14":{"start":{"line":34,"column":8},"end":{"line":86,"column":11}},"15":{"start":{"line":35,"column":12},"end":{"line":35,"column":31}},"16":{"start":{"line":42,"column":32},"end":{"line":42,"column":89}},"17":{"start":{"line":44,"column":12},"end":{"line":44,"column":50}},"18":{"start":{"line":47,"column":27},"end":{"line":57,"column":13}},"19":{"start":{"line":59,"column":29},"end":{"line":59,"column":49}},"20":{"start":{"line":60,"column":12},"end":{"line":60,"column":62}},"21":{"start":{"line":62,"column":12},"end":{"line":62,"column":48}},"22":{"start":{"line":63,"column":12},"end":{"line":72,"column":16}},"23":{"start":{"line":95,"column":28},"end":{"line":95,"column":45}},"24":{"start":{"line":96,"column":24},"end":{"line":96,"column":35}},"25":{"start":{"line":97,"column":21},"end":{"line":97,"column":35}},"26":{"start":{"line":99,"column":8},"end":{"line":99,"column":35}},"27":{"start":{"line":100,"column":8},"end":{"line":100,"column":44}},"28":{"start":{"line":102,"column":8},"end":{"line":134,"column":15}},"29":{"start":{"line":104,"column":16},"end":{"line":128,"column":17}},"30":{"start":{"line":106,"column":20},"end":{"line":116,"column":27}},"31":{"start":{"line":109,"column":40},"end":{"line":109,"column":156}},"32":{"start":{"line":110,"column":28},"end":{"line":110,"column":77}},"33":{"start":{"line":115,"column":28},"end":{"line":115,"column":61}},"34":{"start":{"line":119,"column":20},"end":{"line":127,"column":27}},"35":{"start":{"line":121,"column":28},"end":{"line":121,"column":73}},"36":{"start":{"line":133,"column":16},"end":{"line":133,"column":49}},"37":{"start":{"line":137,"column":0},"end":{"line":137,"column":40}}},"fnMap":{"0":{"name":"(anonymous_0)","decl":{"start":{"line":17,"column":4},"end":{"line":17,"column":5}},"loc":{"start":{"line":17,"column":28},"end":{"line":87,"column":5}},"line":17},"1":{"name":"(anonymous_1)","decl":{"start":{"line":34,"column":39},"end":{"line":34,"column":40}},"loc":{"start":{"line":34,"column":51},"end":{"line":45,"column":9}},"line":34},"2":{"name":"(anonymous_2)","decl":{"start":{"line":45,"column":16},"end":{"line":45,"column":17}},"loc":{"start":{"line":45,"column":40},"end":{"line":73,"column":9}},"line":45},"3":{"name":"(anonymous_3)","decl":{"start":{"line":73,"column":17},"end":{"line":73,"column":18}},"loc":{"start":{"line":73,"column":26},"end":{"line":86,"column":9}},"line":73},"4":{"name":"(anonymous_4)","decl":{"start":{"line":94,"column":4},"end":{"line":94,"column":5}},"loc":{"start":{"line":94,"column":30},"end":{"line":135,"column":5}},"line":94},"5":{"name":"(anonymous_5)","decl":{"start":{"line":103,"column":18},"end":{"line":103,"column":19}},"loc":{"start":{"line":103,"column":32},"end":{"line":129,"column":13}},"line":103},"6":{"name":"(anonymous_6)","decl":{"start":{"line":107,"column":31},"end":{"line":107,"column":32}},"loc":{"start":{"line":107,"column":45},"end":{"line":111,"column":25}},"line":107},"7":{"name":"(anonymous_7)","decl":{"start":{"line":112,"column":32},"end":{"line":112,"column":33}},"loc":{"start":{"line":112,"column":41},"end":{"line":116,"column":25}},"line":112},"8":{"name":"(anonymous_8)","decl":{"start":{"line":120,"column":30},"end":{"line":120,"column":31}},"loc":{"start":{"line":120,"column":42},"end":{"line":122,"column":25}},"line":120},"9":{"name":"(anonymous_9)","decl":{"start":{"line":122,"column":33},"end":{"line":122,"column":34}},"loc":{"start":{"line":122,"column":42},"end":{"line":127,"column":25}},"line":122},"10":{"name":"(anonymous_10)","decl":{"start":{"line":130,"column":20},"end":{"line":130,"column":21}},"loc":{"start":{"line":130,"column":29},"end":{"line":134,"column":13}},"line":130}},"branchMap":{"0":{"loc":{"start":{"line":19,"column":8},"end":{"line":23,"column":9}},"type":"if","locations":[{"start":{"line":19,"column":8},"end":{"line":23,"column":9}},{"start":{"line":19,"column":8},"end":{"line":23,"column":9}}],"line":19},"1":{"loc":{"start":{"line":24,"column":8},"end":{"line":28,"column":9}},"type":"if","locations":[{"start":{"line":24,"column":8},"end":{"line":28,"column":9}},{"start":{"line":24,"column":8},"end":{"line":28,"column":9}}],"line":24},"2":{"loc":{"start":{"line":104,"column":16},"end":{"line":128,"column":17}},"type":"if","locations":[{"start":{"line":104,"column":16},"end":{"line":128,"column":17}},{"start":{"line":104,"column":16},"end":{"line":128,"column":17}}],"line":104},"3":{"loc":{"start":{"line":104,"column":20},"end":{"line":104,"column":65}},"type":"binary-expr","locations":[{"start":{"line":104,"column":20},"end":{"line":104,"column":41}},{"start":{"line":104,"column":45},"end":{"line":104,"column":65}}],"line":104}},"s":{"0":7,"1":7,"2":7,"3":7,"4":7,"5":3,"6":3,"7":1,"8":2,"9":1,"10":1,"11":1,"12":1,"13":1,"14":1,"15":1,"16":1,"17":1,"18":1,"19":1,"20":1,"21":1,"22":1,"23":5,"24":5,"25":5,"26":5,"27":5,"28":5,"29":5,"30":2,"31":2,"32":2,"33":0,"34":3,"35":3,"36":0,"37":7},"f":{"0":3,"1":1,"2":1,"3":0,"4":5,"5":5,"6":2,"7":0,"8":3,"9":0,"10":0},"b":{"0":[1,2],"1":[1,1],"2":[2,3],"3":[5,2]},"_coverageSchema":"1a1c01bbd47fc00a2c39e90264f33305004495a9","hash":"46577a652b6aa4bda4a3b0b4e59216ab281cb3c9"}
,"/Users/dgs/IdeaProjects/team_SA1_ESN/controllers/EmergencyStatusDetailController.js": {"path":"/Users/dgs/IdeaProjects/team_SA1_ESN/controllers/EmergencyStatusDetailController.js","statementMap":{"0":{"start":{"line":1,"column":30},"end":{"line":1,"column":74}},"1":{"start":{"line":2,"column":11},"end":{"line":2,"column":24}},"2":{"start":{"line":14,"column":23},"end":{"line":14,"column":40}},"3":{"start":{"line":15,"column":8},"end":{"line":21,"column":15}},"4":{"start":{"line":17,"column":16},"end":{"line":17,"column":52}},"5":{"start":{"line":18,"column":16},"end":{"line":18,"column":74}},"6":{"start":{"line":20,"column":16},"end":{"line":20,"column":49}},"7":{"start":{"line":30,"column":23},"end":{"line":30,"column":40}},"8":{"start":{"line":31,"column":28},"end":{"line":31,"column":48}},"9":{"start":{"line":32,"column":27},"end":{"line":32,"column":46}},"10":{"start":{"line":34,"column":8},"end":{"line":40,"column":15}},"11":{"start":{"line":36,"column":16},"end":{"line":36,"column":52}},"12":{"start":{"line":37,"column":16},"end":{"line":37,"column":74}},"13":{"start":{"line":39,"column":16},"end":{"line":39,"column":49}},"14":{"start":{"line":49,"column":23},"end":{"line":49,"column":40}},"15":{"start":{"line":51,"column":8},"end":{"line":57,"column":15}},"16":{"start":{"line":53,"column":16},"end":{"line":53,"column":52}},"17":{"start":{"line":54,"column":16},"end":{"line":54,"column":74}},"18":{"start":{"line":56,"column":16},"end":{"line":56,"column":49}},"19":{"start":{"line":66,"column":23},"end":{"line":66,"column":40}},"20":{"start":{"line":67,"column":28},"end":{"line":67,"column":41}},"21":{"start":{"line":68,"column":28},"end":{"line":68,"column":45}},"22":{"start":{"line":69,"column":35},"end":{"line":69,"column":62}},"23":{"start":{"line":71,"column":8},"end":{"line":77,"column":15}},"24":{"start":{"line":73,"column":16},"end":{"line":73,"column":52}},"25":{"start":{"line":74,"column":16},"end":{"line":74,"column":71}},"26":{"start":{"line":76,"column":16},"end":{"line":76,"column":49}},"27":{"start":{"line":86,"column":26},"end":{"line":86,"column":46}},"28":{"start":{"line":87,"column":35},"end":{"line":87,"column":62}},"29":{"start":{"line":89,"column":8},"end":{"line":95,"column":15}},"30":{"start":{"line":91,"column":16},"end":{"line":91,"column":52}},"31":{"start":{"line":92,"column":16},"end":{"line":92,"column":78}},"32":{"start":{"line":94,"column":16},"end":{"line":94,"column":49}},"33":{"start":{"line":104,"column":26},"end":{"line":104,"column":46}},"34":{"start":{"line":105,"column":8},"end":{"line":117,"column":15}},"35":{"start":{"line":107,"column":29},"end":{"line":107,"column":48}},"36":{"start":{"line":108,"column":16},"end":{"line":112,"column":19}},"37":{"start":{"line":109,"column":20},"end":{"line":111,"column":21}},"38":{"start":{"line":110,"column":24},"end":{"line":110,"column":43}},"39":{"start":{"line":113,"column":16},"end":{"line":113,"column":52}},"40":{"start":{"line":114,"column":16},"end":{"line":114,"column":68}},"41":{"start":{"line":116,"column":16},"end":{"line":116,"column":49}},"42":{"start":{"line":121,"column":0},"end":{"line":121,"column":49}}},"fnMap":{"0":{"name":"(anonymous_0)","decl":{"start":{"line":13,"column":4},"end":{"line":13,"column":5}},"loc":{"start":{"line":13,"column":39},"end":{"line":22,"column":5}},"line":13},"1":{"name":"(anonymous_1)","decl":{"start":{"line":16,"column":18},"end":{"line":16,"column":19}},"loc":{"start":{"line":16,"column":36},"end":{"line":19,"column":13}},"line":16},"2":{"name":"(anonymous_2)","decl":{"start":{"line":19,"column":21},"end":{"line":19,"column":22}},"loc":{"start":{"line":19,"column":30},"end":{"line":21,"column":13}},"line":19},"3":{"name":"(anonymous_3)","decl":{"start":{"line":29,"column":4},"end":{"line":29,"column":5}},"loc":{"start":{"line":29,"column":42},"end":{"line":41,"column":5}},"line":29},"4":{"name":"(anonymous_4)","decl":{"start":{"line":35,"column":18},"end":{"line":35,"column":19}},"loc":{"start":{"line":35,"column":36},"end":{"line":38,"column":13}},"line":35},"5":{"name":"(anonymous_5)","decl":{"start":{"line":38,"column":21},"end":{"line":38,"column":22}},"loc":{"start":{"line":38,"column":30},"end":{"line":40,"column":13}},"line":38},"6":{"name":"(anonymous_6)","decl":{"start":{"line":48,"column":4},"end":{"line":48,"column":5}},"loc":{"start":{"line":48,"column":42},"end":{"line":58,"column":5}},"line":48},"7":{"name":"(anonymous_7)","decl":{"start":{"line":52,"column":18},"end":{"line":52,"column":19}},"loc":{"start":{"line":52,"column":36},"end":{"line":55,"column":13}},"line":52},"8":{"name":"(anonymous_8)","decl":{"start":{"line":55,"column":21},"end":{"line":55,"column":22}},"loc":{"start":{"line":55,"column":30},"end":{"line":57,"column":13}},"line":55},"9":{"name":"(anonymous_9)","decl":{"start":{"line":65,"column":4},"end":{"line":65,"column":5}},"loc":{"start":{"line":65,"column":39},"end":{"line":78,"column":5}},"line":65},"10":{"name":"(anonymous_10)","decl":{"start":{"line":72,"column":18},"end":{"line":72,"column":19}},"loc":{"start":{"line":72,"column":33},"end":{"line":75,"column":13}},"line":72},"11":{"name":"(anonymous_11)","decl":{"start":{"line":75,"column":21},"end":{"line":75,"column":22}},"loc":{"start":{"line":75,"column":30},"end":{"line":77,"column":13}},"line":75},"12":{"name":"(anonymous_12)","decl":{"start":{"line":85,"column":4},"end":{"line":85,"column":5}},"loc":{"start":{"line":85,"column":39},"end":{"line":96,"column":5}},"line":85},"13":{"name":"(anonymous_13)","decl":{"start":{"line":90,"column":18},"end":{"line":90,"column":19}},"loc":{"start":{"line":90,"column":40},"end":{"line":93,"column":13}},"line":90},"14":{"name":"(anonymous_14)","decl":{"start":{"line":93,"column":21},"end":{"line":93,"column":22}},"loc":{"start":{"line":93,"column":30},"end":{"line":95,"column":13}},"line":93},"15":{"name":"(anonymous_15)","decl":{"start":{"line":103,"column":4},"end":{"line":103,"column":5}},"loc":{"start":{"line":103,"column":42},"end":{"line":118,"column":5}},"line":103},"16":{"name":"(anonymous_16)","decl":{"start":{"line":106,"column":18},"end":{"line":106,"column":19}},"loc":{"start":{"line":106,"column":30},"end":{"line":115,"column":13}},"line":106},"17":{"name":"(anonymous_17)","decl":{"start":{"line":108,"column":32},"end":{"line":108,"column":33}},"loc":{"start":{"line":108,"column":41},"end":{"line":112,"column":17}},"line":108},"18":{"name":"(anonymous_18)","decl":{"start":{"line":115,"column":21},"end":{"line":115,"column":22}},"loc":{"start":{"line":115,"column":30},"end":{"line":117,"column":13}},"line":115}},"branchMap":{"0":{"loc":{"start":{"line":109,"column":20},"end":{"line":111,"column":21}},"type":"if","locations":[{"start":{"line":109,"column":20},"end":{"line":111,"column":21}},{"start":{"line":109,"column":20},"end":{"line":111,"column":21}}],"line":109}},"s":{"0":7,"1":7,"2":2,"3":2,"4":2,"5":2,"6":0,"7":2,"8":2,"9":2,"10":2,"11":2,"12":2,"13":0,"14":1,"15":1,"16":1,"17":1,"18":0,"19":1,"20":1,"21":1,"22":1,"23":1,"24":1,"25":1,"26":0,"27":1,"28":1,"29":1,"30":1,"31":1,"32":0,"33":1,"34":1,"35":1,"36":1,"37":1,"38":0,"39":1,"40":1,"41":0,"42":7},"f":{"0":2,"1":2,"2":0,"3":2,"4":2,"5":0,"6":1,"7":1,"8":0,"9":1,"10":1,"11":0,"12":1,"13":1,"14":0,"15":1,"16":1,"17":1,"18":0},"b":{"0":[0,1]},"_coverageSchema":"1a1c01bbd47fc00a2c39e90264f33305004495a9","hash":"ef4c2a6e6fe2758a55369285a1952f9303ef6a60"}
,"/Users/dgs/IdeaProjects/team_SA1_ESN/controllers/GlobalController.js": {"path":"/Users/dgs/IdeaProjects/team_SA1_ESN/controllers/GlobalController.js","statementMap":{"0":{"start":{"line":4,"column":8},"end":{"line":4,"column":31}},"1":{"start":{"line":18,"column":8},"end":{"line":20,"column":9}},"2":{"start":{"line":19,"column":12},"end":{"line":19,"column":24}},"3":{"start":{"line":21,"column":8},"end":{"line":21,"column":21}},"4":{"start":{"line":25,"column":0},"end":{"line":25,"column":34}}},"fnMap":{"0":{"name":"(anonymous_0)","decl":{"start":{"line":3,"column":4},"end":{"line":3,"column":5}},"loc":{"start":{"line":3,"column":17},"end":{"line":7,"column":5}},"line":3},"1":{"name":"(anonymous_1)","decl":{"start":{"line":17,"column":4},"end":{"line":17,"column":5}},"loc":{"start":{"line":17,"column":20},"end":{"line":22,"column":5}},"line":17}},"branchMap":{"0":{"loc":{"start":{"line":18,"column":8},"end":{"line":20,"column":9}},"type":"if","locations":[{"start":{"line":18,"column":8},"end":{"line":20,"column":9}},{"start":{"line":18,"column":8},"end":{"line":20,"column":9}}],"line":18}},"s":{"0":0,"1":0,"2":0,"3":0,"4":0},"f":{"0":0,"1":0},"b":{"0":[0,0]}}
,"/Users/dgs/IdeaProjects/team_SA1_ESN/controllers/PrivateChatMessagesController.js": {"path":"/Users/dgs/IdeaProjects/team_SA1_ESN/controllers/PrivateChatMessagesController.js","statementMap":{"0":{"start":{"line":1,"column":27},"end":{"line":1,"column":68}},"1":{"start":{"line":2,"column":13},"end":{"line":2,"column":40}},"2":{"start":{"line":3,"column":18},"end":{"line":3,"column":41}},"3":{"start":{"line":4,"column":17},"end":{"line":4,"column":48}},"4":{"start":{"line":17,"column":28},"end":{"line":17,"column":36}},"5":{"start":{"line":18,"column":25},"end":{"line":18,"column":29}},"6":{"start":{"line":19,"column":27},"end":{"line":19,"column":31}},"7":{"start":{"line":21,"column":8},"end":{"line":25,"column":9}},"8":{"start":{"line":22,"column":12},"end":{"line":24,"column":16}},"9":{"start":{"line":26,"column":8},"end":{"line":30,"column":9}},"10":{"start":{"line":27,"column":12},"end":{"line":29,"column":16}},"11":{"start":{"line":31,"column":8},"end":{"line":35,"column":9}},"12":{"start":{"line":32,"column":12},"end":{"line":34,"column":16}},"13":{"start":{"line":37,"column":24},"end":{"line":37,"column":46}},"14":{"start":{"line":38,"column":28},"end":{"line":38,"column":57}},"15":{"start":{"line":39,"column":31},"end":{"line":39,"column":62}},"16":{"start":{"line":41,"column":8},"end":{"line":78,"column":11}},"17":{"start":{"line":43,"column":12},"end":{"line":43,"column":32}},"18":{"start":{"line":45,"column":12},"end":{"line":45,"column":53}},"19":{"start":{"line":48,"column":12},"end":{"line":48,"column":34}},"20":{"start":{"line":50,"column":39},"end":{"line":50,"column":118}},"21":{"start":{"line":52,"column":12},"end":{"line":52,"column":57}},"22":{"start":{"line":55,"column":12},"end":{"line":55,"column":153}},"23":{"start":{"line":56,"column":12},"end":{"line":56,"column":155}},"24":{"start":{"line":58,"column":12},"end":{"line":58,"column":57}},"25":{"start":{"line":60,"column":12},"end":{"line":70,"column":15}},"26":{"start":{"line":86,"column":28},"end":{"line":86,"column":37}},"27":{"start":{"line":88,"column":8},"end":{"line":92,"column":9}},"28":{"start":{"line":89,"column":12},"end":{"line":91,"column":16}},"29":{"start":{"line":93,"column":8},"end":{"line":97,"column":9}},"30":{"start":{"line":94,"column":12},"end":{"line":96,"column":16}},"31":{"start":{"line":100,"column":8},"end":{"line":104,"column":9}},"32":{"start":{"line":101,"column":12},"end":{"line":101,"column":56}},"33":{"start":{"line":103,"column":12},"end":{"line":103,"column":54}},"34":{"start":{"line":106,"column":8},"end":{"line":121,"column":15}},"35":{"start":{"line":110,"column":16},"end":{"line":120,"column":17}},"36":{"start":{"line":111,"column":20},"end":{"line":111,"column":52}},"37":{"start":{"line":113,"column":20},"end":{"line":119,"column":21}},"38":{"start":{"line":115,"column":24},"end":{"line":115,"column":63}},"39":{"start":{"line":118,"column":24},"end":{"line":118,"column":63}},"40":{"start":{"line":135,"column":8},"end":{"line":156,"column":9}},"41":{"start":{"line":136,"column":35},"end":{"line":149,"column":13}},"42":{"start":{"line":166,"column":18},"end":{"line":166,"column":34}},"43":{"start":{"line":167,"column":17},"end":{"line":167,"column":69}},"44":{"start":{"line":168,"column":21},"end":{"line":168,"column":48}},"45":{"start":{"line":169,"column":31},"end":{"line":169,"column":55}},"46":{"start":{"line":172,"column":4},"end":{"line":176,"column":5}},"47":{"start":{"line":173,"column":8},"end":{"line":173,"column":52}},"48":{"start":{"line":175,"column":8},"end":{"line":175,"column":50}},"49":{"start":{"line":177,"column":4},"end":{"line":199,"column":11}},"50":{"start":{"line":181,"column":12},"end":{"line":193,"column":13}},"51":{"start":{"line":182,"column":16},"end":{"line":182,"column":48}},"52":{"start":{"line":184,"column":16},"end":{"line":192,"column":23}},"53":{"start":{"line":186,"column":24},"end":{"line":186,"column":41}},"54":{"start":{"line":188,"column":24},"end":{"line":188,"column":41}},"55":{"start":{"line":189,"column":24},"end":{"line":191,"column":27}},"56":{"start":{"line":195,"column":12},"end":{"line":195,"column":29}},"57":{"start":{"line":196,"column":12},"end":{"line":198,"column":15}},"58":{"start":{"line":208,"column":31},"end":{"line":208,"column":55}},"59":{"start":{"line":209,"column":23},"end":{"line":209,"column":27}},"60":{"start":{"line":210,"column":4},"end":{"line":222,"column":7}},"61":{"start":{"line":211,"column":8},"end":{"line":211,"column":30}},"62":{"start":{"line":212,"column":8},"end":{"line":212,"column":114}},"63":{"start":{"line":215,"column":8},"end":{"line":215,"column":79}},"64":{"start":{"line":216,"column":8},"end":{"line":216,"column":25}},"65":{"start":{"line":224,"column":0},"end":{"line":224,"column":47}}},"fnMap":{"0":{"name":"(anonymous_0)","decl":{"start":{"line":16,"column":4},"end":{"line":16,"column":5}},"loc":{"start":{"line":16,"column":28},"end":{"line":79,"column":5}},"line":16},"1":{"name":"(anonymous_1)","decl":{"start":{"line":41,"column":44},"end":{"line":41,"column":45}},"loc":{"start":{"line":41,"column":56},"end":{"line":46,"column":9}},"line":41},"2":{"name":"(anonymous_2)","decl":{"start":{"line":46,"column":16},"end":{"line":46,"column":17}},"loc":{"start":{"line":46,"column":28},"end":{"line":53,"column":9}},"line":46},"3":{"name":"(anonymous_3)","decl":{"start":{"line":53,"column":16},"end":{"line":53,"column":17}},"loc":{"start":{"line":53,"column":47},"end":{"line":71,"column":9}},"line":53},"4":{"name":"(anonymous_4)","decl":{"start":{"line":71,"column":17},"end":{"line":71,"column":18}},"loc":{"start":{"line":71,"column":26},"end":{"line":78,"column":9}},"line":71},"5":{"name":"(anonymous_5)","decl":{"start":{"line":85,"column":4},"end":{"line":85,"column":5}},"loc":{"start":{"line":85,"column":30},"end":{"line":122,"column":5}},"line":85},"6":{"name":"(anonymous_6)","decl":{"start":{"line":107,"column":18},"end":{"line":107,"column":19}},"loc":{"start":{"line":107,"column":28},"end":{"line":121,"column":13}},"line":107},"7":{"name":"(anonymous_7)","decl":{"start":{"line":133,"column":4},"end":{"line":133,"column":5}},"loc":{"start":{"line":133,"column":105},"end":{"line":157,"column":5}},"line":133},"8":{"name":"searchPrivateMessage","decl":{"start":{"line":165,"column":9},"end":{"line":165,"column":29}},"loc":{"start":{"line":165,"column":48},"end":{"line":200,"column":1}},"line":165},"9":{"name":"(anonymous_9)","decl":{"start":{"line":178,"column":14},"end":{"line":178,"column":15}},"loc":{"start":{"line":178,"column":24},"end":{"line":194,"column":9}},"line":178},"10":{"name":"(anonymous_10)","decl":{"start":{"line":185,"column":26},"end":{"line":185,"column":27}},"loc":{"start":{"line":185,"column":38},"end":{"line":187,"column":21}},"line":185},"11":{"name":"(anonymous_11)","decl":{"start":{"line":187,"column":29},"end":{"line":187,"column":30}},"loc":{"start":{"line":187,"column":38},"end":{"line":192,"column":21}},"line":187},"12":{"name":"(anonymous_12)","decl":{"start":{"line":194,"column":17},"end":{"line":194,"column":18}},"loc":{"start":{"line":194,"column":26},"end":{"line":199,"column":9}},"line":194},"13":{"name":"getAllPrivateMessage","decl":{"start":{"line":207,"column":9},"end":{"line":207,"column":29}},"loc":{"start":{"line":207,"column":48},"end":{"line":223,"column":1}},"line":207},"14":{"name":"(anonymous_14)","decl":{"start":{"line":210,"column":58},"end":{"line":210,"column":59}},"loc":{"start":{"line":210,"column":70},"end":{"line":213,"column":5}},"line":210},"15":{"name":"(anonymous_15)","decl":{"start":{"line":213,"column":12},"end":{"line":213,"column":13}},"loc":{"start":{"line":213,"column":24},"end":{"line":217,"column":5}},"line":213},"16":{"name":"(anonymous_16)","decl":{"start":{"line":217,"column":13},"end":{"line":217,"column":14}},"loc":{"start":{"line":217,"column":22},"end":{"line":222,"column":5}},"line":217}},"branchMap":{"0":{"loc":{"start":{"line":21,"column":8},"end":{"line":25,"column":9}},"type":"if","locations":[{"start":{"line":21,"column":8},"end":{"line":25,"column":9}},{"start":{"line":21,"column":8},"end":{"line":25,"column":9}}],"line":21},"1":{"loc":{"start":{"line":26,"column":8},"end":{"line":30,"column":9}},"type":"if","locations":[{"start":{"line":26,"column":8},"end":{"line":30,"column":9}},{"start":{"line":26,"column":8},"end":{"line":30,"column":9}}],"line":26},"2":{"loc":{"start":{"line":31,"column":8},"end":{"line":35,"column":9}},"type":"if","locations":[{"start":{"line":31,"column":8},"end":{"line":35,"column":9}},{"start":{"line":31,"column":8},"end":{"line":35,"column":9}}],"line":31},"3":{"loc":{"start":{"line":88,"column":8},"end":{"line":92,"column":9}},"type":"if","locations":[{"start":{"line":88,"column":8},"end":{"line":92,"column":9}},{"start":{"line":88,"column":8},"end":{"line":92,"column":9}}],"line":88},"4":{"loc":{"start":{"line":93,"column":8},"end":{"line":97,"column":9}},"type":"if","locations":[{"start":{"line":93,"column":8},"end":{"line":97,"column":9}},{"start":{"line":93,"column":8},"end":{"line":97,"column":9}}],"line":93},"5":{"loc":{"start":{"line":100,"column":8},"end":{"line":104,"column":9}},"type":"if","locations":[{"start":{"line":100,"column":8},"end":{"line":104,"column":9}},{"start":{"line":100,"column":8},"end":{"line":104,"column":9}}],"line":100},"6":{"loc":{"start":{"line":110,"column":16},"end":{"line":120,"column":17}},"type":"if","locations":[{"start":{"line":110,"column":16},"end":{"line":120,"column":17}},{"start":{"line":110,"column":16},"end":{"line":120,"column":17}}],"line":110},"7":{"loc":{"start":{"line":113,"column":20},"end":{"line":119,"column":21}},"type":"if","locations":[{"start":{"line":113,"column":20},"end":{"line":119,"column":21}},{"start":{"line":113,"column":20},"end":{"line":119,"column":21}}],"line":113},"8":{"loc":{"start":{"line":113,"column":24},"end":{"line":113,"column":85}},"type":"binary-expr","locations":[{"start":{"line":113,"column":24},"end":{"line":113,"column":53}},{"start":{"line":113,"column":57},"end":{"line":113,"column":85}}],"line":113},"9":{"loc":{"start":{"line":135,"column":8},"end":{"line":156,"column":9}},"type":"if","locations":[{"start":{"line":135,"column":8},"end":{"line":156,"column":9}},{"start":{"line":135,"column":8},"end":{"line":156,"column":9}}],"line":135},"10":{"loc":{"start":{"line":135,"column":12},"end":{"line":135,"column":52}},"type":"binary-expr","locations":[{"start":{"line":135,"column":12},"end":{"line":135,"column":32}},{"start":{"line":135,"column":36},"end":{"line":135,"column":52}}],"line":135},"11":{"loc":{"start":{"line":167,"column":17},"end":{"line":167,"column":69}},"type":"cond-expr","locations":[{"start":{"line":167,"column":46},"end":{"line":167,"column":47}},{"start":{"line":167,"column":50},"end":{"line":167,"column":69}}],"line":167},"12":{"loc":{"start":{"line":172,"column":4},"end":{"line":176,"column":5}},"type":"if","locations":[{"start":{"line":172,"column":4},"end":{"line":176,"column":5}},{"start":{"line":172,"column":4},"end":{"line":176,"column":5}}],"line":172},"13":{"loc":{"start":{"line":181,"column":12},"end":{"line":193,"column":13}},"type":"if","locations":[{"start":{"line":181,"column":12},"end":{"line":193,"column":13}},{"start":{"line":181,"column":12},"end":{"line":193,"column":13}}],"line":181}},"s":{"0":7,"1":7,"2":7,"3":7,"4":4,"5":4,"6":4,"7":4,"8":1,"9":3,"10":1,"11":2,"12":1,"13":1,"14":1,"15":1,"16":1,"17":1,"18":1,"19":1,"20":1,"21":1,"22":1,"23":1,"24":1,"25":1,"26":4,"27":4,"28":1,"29":3,"30":1,"31":2,"32":0,"33":2,"34":2,"35":2,"36":0,"37":2,"38":1,"39":1,"40":2,"41":0,"42":1,"43":1,"44":1,"45":1,"46":1,"47":0,"48":1,"49":1,"50":1,"51":0,"52":1,"53":1,"54":0,"55":0,"56":0,"57":0,"58":1,"59":1,"60":1,"61":1,"62":1,"63":1,"64":1,"65":7},"f":{"0":4,"1":1,"2":1,"3":1,"4":0,"5":4,"6":2,"7":2,"8":1,"9":1,"10":1,"11":0,"12":0,"13":1,"14":1,"15":1,"16":0},"b":{"0":[1,3],"1":[1,2],"2":[1,1],"3":[1,3],"4":[1,2],"5":[0,2],"6":[0,2],"7":[1,1],"8":[2,1],"9":[0,2],"10":[2,0],"11":[1,0],"12":[0,1],"13":[0,1]},"_coverageSchema":"1a1c01bbd47fc00a2c39e90264f33305004495a9","hash":"2e79810d4fd4b1343d02009781372b19a45cbc2e"}
,"/Users/dgs/IdeaProjects/team_SA1_ESN/controllers/ResourceController.js": {"path":"/Users/dgs/IdeaProjects/team_SA1_ESN/controllers/ResourceController.js","statementMap":{"0":{"start":{"line":1,"column":17},"end":{"line":1,"column":45}},"1":{"start":{"line":2,"column":13},"end":{"line":2,"column":40}},"2":{"start":{"line":3,"column":20},"end":{"line":3,"column":54}},"3":{"start":{"line":4,"column":17},"end":{"line":4,"column":48}},"4":{"start":{"line":16,"column":8},"end":{"line":16,"column":44}},"5":{"start":{"line":17,"column":8},"end":{"line":17,"column":31}},"6":{"start":{"line":18,"column":8},"end":{"line":18,"column":31}},"7":{"start":{"line":20,"column":28},"end":{"line":20,"column":36}},"8":{"start":{"line":21,"column":8},"end":{"line":21,"column":41}},"9":{"start":{"line":23,"column":23},"end":{"line":23,"column":42}},"10":{"start":{"line":24,"column":29},"end":{"line":24,"column":56}},"11":{"start":{"line":25,"column":21},"end":{"line":25,"column":40}},"12":{"start":{"line":26,"column":25},"end":{"line":26,"column":48}},"13":{"start":{"line":27,"column":28},"end":{"line":27,"column":54}},"14":{"start":{"line":28,"column":28},"end":{"line":28,"column":54}},"15":{"start":{"line":29,"column":28},"end":{"line":29,"column":54}},"16":{"start":{"line":30,"column":30},"end":{"line":30,"column":58}},"17":{"start":{"line":32,"column":8},"end":{"line":32,"column":49}},"18":{"start":{"line":33,"column":8},"end":{"line":33,"column":49}},"19":{"start":{"line":38,"column":8},"end":{"line":44,"column":9}},"20":{"start":{"line":39,"column":12},"end":{"line":39,"column":22}},"21":{"start":{"line":40,"column":12},"end":{"line":40,"column":24}},"22":{"start":{"line":42,"column":12},"end":{"line":42,"column":34}},"23":{"start":{"line":43,"column":12},"end":{"line":43,"column":41}},"24":{"start":{"line":46,"column":25},"end":{"line":47,"column":81}},"25":{"start":{"line":49,"column":8},"end":{"line":82,"column":15}},"26":{"start":{"line":51,"column":16},"end":{"line":77,"column":23}},"27":{"start":{"line":55,"column":44},"end":{"line":56,"column":60}},"28":{"start":{"line":58,"column":24},"end":{"line":76,"column":31}},"29":{"start":{"line":60,"column":48},"end":{"line":69,"column":33}},"30":{"start":{"line":71,"column":49},"end":{"line":71,"column":69}},"31":{"start":{"line":72,"column":32},"end":{"line":72,"column":82}},"32":{"start":{"line":74,"column":32},"end":{"line":74,"column":68}},"33":{"start":{"line":75,"column":32},"end":{"line":75,"column":82}},"34":{"start":{"line":79,"column":16},"end":{"line":81,"column":20}},"35":{"start":{"line":92,"column":27},"end":{"line":92,"column":48}},"36":{"start":{"line":95,"column":8},"end":{"line":118,"column":9}},"37":{"start":{"line":96,"column":12},"end":{"line":105,"column":19}},"38":{"start":{"line":98,"column":20},"end":{"line":98,"column":56}},"39":{"start":{"line":99,"column":20},"end":{"line":99,"column":74}},"40":{"start":{"line":102,"column":20},"end":{"line":104,"column":24}},"41":{"start":{"line":108,"column":12},"end":{"line":117,"column":19}},"42":{"start":{"line":110,"column":20},"end":{"line":110,"column":56}},"43":{"start":{"line":111,"column":20},"end":{"line":111,"column":75}},"44":{"start":{"line":114,"column":20},"end":{"line":116,"column":24}},"45":{"start":{"line":122,"column":0},"end":{"line":122,"column":36}}},"fnMap":{"0":{"name":"(anonymous_0)","decl":{"start":{"line":15,"column":4},"end":{"line":15,"column":5}},"loc":{"start":{"line":15,"column":31},"end":{"line":83,"column":5}},"line":15},"1":{"name":"(anonymous_1)","decl":{"start":{"line":50,"column":19},"end":{"line":50,"column":20}},"loc":{"start":{"line":50,"column":35},"end":{"line":78,"column":13}},"line":50},"2":{"name":"(anonymous_2)","decl":{"start":{"line":52,"column":26},"end":{"line":52,"column":27}},"loc":{"start":{"line":52,"column":39},"end":{"line":77,"column":21}},"line":52},"3":{"name":"(anonymous_3)","decl":{"start":{"line":59,"column":34},"end":{"line":59,"column":35}},"loc":{"start":{"line":59,"column":56},"end":{"line":76,"column":29}},"line":59},"4":{"name":"(anonymous_4)","decl":{"start":{"line":78,"column":22},"end":{"line":78,"column":23}},"loc":{"start":{"line":78,"column":31},"end":{"line":82,"column":13}},"line":78},"5":{"name":"(anonymous_5)","decl":{"start":{"line":91,"column":4},"end":{"line":91,"column":5}},"loc":{"start":{"line":91,"column":26},"end":{"line":119,"column":5}},"line":91},"6":{"name":"(anonymous_6)","decl":{"start":{"line":97,"column":22},"end":{"line":97,"column":23}},"loc":{"start":{"line":97,"column":35},"end":{"line":100,"column":17}},"line":97},"7":{"name":"(anonymous_7)","decl":{"start":{"line":101,"column":23},"end":{"line":101,"column":24}},"loc":{"start":{"line":101,"column":32},"end":{"line":105,"column":17}},"line":101},"8":{"name":"(anonymous_8)","decl":{"start":{"line":109,"column":22},"end":{"line":109,"column":23}},"loc":{"start":{"line":109,"column":36},"end":{"line":112,"column":17}},"line":109},"9":{"name":"(anonymous_9)","decl":{"start":{"line":113,"column":23},"end":{"line":113,"column":24}},"loc":{"start":{"line":113,"column":32},"end":{"line":117,"column":17}},"line":113}},"branchMap":{"0":{"loc":{"start":{"line":38,"column":8},"end":{"line":44,"column":9}},"type":"if","locations":[{"start":{"line":38,"column":8},"end":{"line":44,"column":9}},{"start":{"line":38,"column":8},"end":{"line":44,"column":9}}],"line":38},"1":{"loc":{"start":{"line":95,"column":8},"end":{"line":118,"column":9}},"type":"if","locations":[{"start":{"line":95,"column":8},"end":{"line":118,"column":9}},{"start":{"line":95,"column":8},"end":{"line":118,"column":9}}],"line":95}},"s":{"0":7,"1":7,"2":7,"3":7,"4":5,"5":5,"6":5,"7":5,"8":5,"9":5,"10":5,"11":5,"12":5,"13":5,"14":5,"15":5,"16":5,"17":5,"18":5,"19":5,"20":0,"21":0,"22":5,"23":5,"24":5,"25":5,"26":5,"27":5,"28":5,"29":5,"30":5,"31":5,"32":5,"33":5,"34":0,"35":2,"36":2,"37":1,"38":1,"39":1,"40":0,"41":1,"42":1,"43":1,"44":0,"45":7},"f":{"0":5,"1":5,"2":5,"3":5,"4":0,"5":2,"6":1,"7":0,"8":1,"9":0},"b":{"0":[0,5],"1":[1,1]},"_coverageSchema":"1a1c01bbd47fc00a2c39e90264f33305004495a9","hash":"5ecbe157cef81b746aef15af44ba7861931f0b74"}
,"/Users/dgs/IdeaProjects/team_SA1_ESN/controllers/SpamReportController.js": {"path":"/Users/dgs/IdeaProjects/team_SA1_ESN/controllers/SpamReportController.js","statementMap":{"0":{"start":{"line":1,"column":18},"end":{"line":1,"column":41}},"1":{"start":{"line":2,"column":19},"end":{"line":2,"column":49}},"2":{"start":{"line":3,"column":20},"end":{"line":3,"column":51}},"3":{"start":{"line":4,"column":13},"end":{"line":4,"column":37}},"4":{"start":{"line":5,"column":17},"end":{"line":5,"column":48}},"5":{"start":{"line":17,"column":8},"end":{"line":17,"column":30}},"6":{"start":{"line":18,"column":28},"end":{"line":18,"column":36}},"7":{"start":{"line":19,"column":22},"end":{"line":20,"column":67}},"8":{"start":{"line":21,"column":21},"end":{"line":21,"column":40}},"9":{"start":{"line":22,"column":28},"end":{"line":22,"column":54}},"10":{"start":{"line":23,"column":26},"end":{"line":23,"column":66}},"11":{"start":{"line":24,"column":30},"end":{"line":24,"column":60}},"12":{"start":{"line":26,"column":8},"end":{"line":86,"column":9}},"13":{"start":{"line":27,"column":35},"end":{"line":27,"column":66}},"14":{"start":{"line":28,"column":27},"end":{"line":28,"column":32}},"15":{"start":{"line":30,"column":12},"end":{"line":56,"column":19}},"16":{"start":{"line":32,"column":20},"end":{"line":32,"column":41}},"17":{"start":{"line":33,"column":20},"end":{"line":33,"column":69}},"18":{"start":{"line":34,"column":20},"end":{"line":34,"column":54}},"19":{"start":{"line":37,"column":34},"end":{"line":43,"column":21}},"20":{"start":{"line":44,"column":37},"end":{"line":44,"column":57}},"21":{"start":{"line":45,"column":20},"end":{"line":45,"column":73}},"22":{"start":{"line":47,"column":20},"end":{"line":47,"column":56}},"23":{"start":{"line":48,"column":20},"end":{"line":48,"column":52}},"24":{"start":{"line":53,"column":20},"end":{"line":55,"column":23}},"25":{"start":{"line":58,"column":36},"end":{"line":58,"column":61}},"26":{"start":{"line":59,"column":30},"end":{"line":59,"column":35}},"27":{"start":{"line":61,"column":12},"end":{"line":85,"column":19}},"28":{"start":{"line":63,"column":20},"end":{"line":63,"column":47}},"29":{"start":{"line":64,"column":20},"end":{"line":64,"column":75}},"30":{"start":{"line":65,"column":20},"end":{"line":65,"column":54}},"31":{"start":{"line":68,"column":35},"end":{"line":74,"column":21}},"32":{"start":{"line":75,"column":37},"end":{"line":75,"column":57}},"33":{"start":{"line":76,"column":20},"end":{"line":76,"column":73}},"34":{"start":{"line":77,"column":20},"end":{"line":77,"column":56}},"35":{"start":{"line":78,"column":20},"end":{"line":78,"column":52}},"36":{"start":{"line":89,"column":0},"end":{"line":89,"column":38}}},"fnMap":{"0":{"name":"(anonymous_0)","decl":{"start":{"line":16,"column":4},"end":{"line":16,"column":5}},"loc":{"start":{"line":16,"column":31},"end":{"line":87,"column":5}},"line":16},"1":{"name":"(anonymous_1)","decl":{"start":{"line":31,"column":22},"end":{"line":31,"column":23}},"loc":{"start":{"line":31,"column":32},"end":{"line":35,"column":17}},"line":31},"2":{"name":"(anonymous_2)","decl":{"start":{"line":36,"column":22},"end":{"line":36,"column":23}},"loc":{"start":{"line":36,"column":37},"end":{"line":49,"column":17}},"line":36},"3":{"name":"(anonymous_3)","decl":{"start":{"line":50,"column":23},"end":{"line":50,"column":24}},"loc":{"start":{"line":50,"column":32},"end":{"line":56,"column":17}},"line":50},"4":{"name":"(anonymous_4)","decl":{"start":{"line":62,"column":22},"end":{"line":62,"column":23}},"loc":{"start":{"line":62,"column":35},"end":{"line":66,"column":17}},"line":62},"5":{"name":"(anonymous_5)","decl":{"start":{"line":67,"column":22},"end":{"line":67,"column":23}},"loc":{"start":{"line":67,"column":37},"end":{"line":79,"column":17}},"line":67},"6":{"name":"(anonymous_6)","decl":{"start":{"line":80,"column":23},"end":{"line":80,"column":24}},"loc":{"start":{"line":80,"column":32},"end":{"line":85,"column":17}},"line":80}},"branchMap":{"0":{"loc":{"start":{"line":19,"column":22},"end":{"line":20,"column":67}},"type":"cond-expr","locations":[{"start":{"line":20,"column":12},"end":{"line":20,"column":40}},{"start":{"line":20,"column":42},"end":{"line":20,"column":67}}],"line":19},"1":{"loc":{"start":{"line":26,"column":8},"end":{"line":86,"column":9}},"type":"if","locations":[{"start":{"line":26,"column":8},"end":{"line":86,"column":9}},{"start":{"line":26,"column":8},"end":{"line":86,"column":9}}],"line":26}},"s":{"0":7,"1":7,"2":7,"3":7,"4":7,"5":2,"6":2,"7":2,"8":2,"9":2,"10":2,"11":2,"12":2,"13":1,"14":1,"15":1,"16":1,"17":1,"18":1,"19":1,"20":1,"21":1,"22":1,"23":1,"24":0,"25":1,"26":1,"27":1,"28":1,"29":1,"30":1,"31":1,"32":1,"33":1,"34":1,"35":1,"36":7},"f":{"0":2,"1":1,"2":1,"3":0,"4":1,"5":1,"6":0},"b":{"0":[1,1],"1":[1,1]},"_coverageSchema":"1a1c01bbd47fc00a2c39e90264f33305004495a9","hash":"0e7453e66799dea36835ad5df15dca98a606be25"}
,"/Users/dgs/IdeaProjects/team_SA1_ESN/controllers/UserListController.js": {"path":"/Users/dgs/IdeaProjects/team_SA1_ESN/controllers/UserListController.js","statementMap":{"0":{"start":{"line":1,"column":17},"end":{"line":1,"column":48}},"1":{"start":{"line":18,"column":0},"end":{"line":18,"column":36}}},"fnMap":{},"branchMap":{},"s":{"0":7,"1":7},"f":{},"b":{},"_coverageSchema":"1a1c01bbd47fc00a2c39e90264f33305004495a9","hash":"3fd414da54463cd1c7d06b253738232f9ee50e43"}
,"/Users/dgs/IdeaProjects/team_SA1_ESN/controllers/usersController.js": {"path":"/Users/dgs/IdeaProjects/team_SA1_ESN/controllers/usersController.js","statementMap":{"0":{"start":{"line":1,"column":13},"end":{"line":1,"column":40}},"1":{"start":{"line":2,"column":30},"end":{"line":2,"column":74}},"2":{"start":{"line":3,"column":17},"end":{"line":3,"column":48}},"3":{"start":{"line":9,"column":8},"end":{"line":9,"column":53}},"4":{"start":{"line":19,"column":27},"end":{"line":19,"column":35}},"5":{"start":{"line":21,"column":8},"end":{"line":23,"column":9}},"6":{"start":{"line":22,"column":12},"end":{"line":22,"column":40}},"7":{"start":{"line":24,"column":8},"end":{"line":26,"column":9}},"8":{"start":{"line":25,"column":12},"end":{"line":25,"column":40}},"9":{"start":{"line":28,"column":33},"end":{"line":28,"column":35}},"10":{"start":{"line":31,"column":8},"end":{"line":95,"column":15}},"11":{"start":{"line":33,"column":35},"end":{"line":33,"column":39}},"12":{"start":{"line":35,"column":16},"end":{"line":88,"column":17}},"13":{"start":{"line":36,"column":20},"end":{"line":36,"column":46}},"14":{"start":{"line":37,"column":20},"end":{"line":37,"column":101}},"15":{"start":{"line":40,"column":20},"end":{"line":60,"column":27}},"16":{"start":{"line":42,"column":28},"end":{"line":42,"column":63}},"17":{"start":{"line":44,"column":28},"end":{"line":44,"column":65}},"18":{"start":{"line":46,"column":28},"end":{"line":46,"column":89}},"19":{"start":{"line":47,"column":28},"end":{"line":47,"column":87}},"20":{"start":{"line":48,"column":28},"end":{"line":48,"column":61}},"21":{"start":{"line":49,"column":28},"end":{"line":49,"column":64}},"22":{"start":{"line":50,"column":28},"end":{"line":50,"column":90}},"23":{"start":{"line":52,"column":69},"end":{"line":52,"column":112}},"24":{"start":{"line":53,"column":28},"end":{"line":53,"column":98}},"25":{"start":{"line":55,"column":28},"end":{"line":55,"column":64}},"26":{"start":{"line":56,"column":28},"end":{"line":56,"column":45}},"27":{"start":{"line":57,"column":28},"end":{"line":59,"column":37}},"28":{"start":{"line":63,"column":20},"end":{"line":87,"column":27}},"29":{"start":{"line":66,"column":28},"end":{"line":79,"column":29}},"30":{"start":{"line":67,"column":32},"end":{"line":74,"column":39}},"31":{"start":{"line":69,"column":40},"end":{"line":69,"column":101}},"32":{"start":{"line":70,"column":40},"end":{"line":70,"column":99}},"33":{"start":{"line":71,"column":40},"end":{"line":71,"column":73}},"34":{"start":{"line":72,"column":40},"end":{"line":72,"column":76}},"35":{"start":{"line":73,"column":40},"end":{"line":73,"column":102}},"36":{"start":{"line":76,"column":32},"end":{"line":78,"column":41}},"37":{"start":{"line":83,"column":28},"end":{"line":83,"column":45}},"38":{"start":{"line":84,"column":28},"end":{"line":86,"column":37}},"39":{"start":{"line":92,"column":16},"end":{"line":94,"column":25}},"40":{"start":{"line":99,"column":8},"end":{"line":109,"column":9}},"41":{"start":{"line":102,"column":28},"end":{"line":102,"column":44}},"42":{"start":{"line":103,"column":12},"end":{"line":108,"column":13}},"43":{"start":{"line":104,"column":16},"end":{"line":107,"column":19}},"44":{"start":{"line":105,"column":37},"end":{"line":105,"column":70}},"45":{"start":{"line":106,"column":20},"end":{"line":106,"column":98}},"46":{"start":{"line":119,"column":27},"end":{"line":119,"column":31}},"47":{"start":{"line":120,"column":23},"end":{"line":120,"column":40}},"48":{"start":{"line":122,"column":8},"end":{"line":139,"column":11}},"49":{"start":{"line":123,"column":12},"end":{"line":123,"column":32}},"50":{"start":{"line":124,"column":12},"end":{"line":124,"column":63}},"51":{"start":{"line":125,"column":12},"end":{"line":125,"column":53}},"52":{"start":{"line":127,"column":35},"end":{"line":127,"column":37}},"53":{"start":{"line":128,"column":12},"end":{"line":128,"column":44}},"54":{"start":{"line":129,"column":12},"end":{"line":129,"column":58}},"55":{"start":{"line":130,"column":12},"end":{"line":130,"column":48}},"56":{"start":{"line":131,"column":12},"end":{"line":131,"column":74}},"57":{"start":{"line":148,"column":23},"end":{"line":148,"column":40}},"58":{"start":{"line":150,"column":8},"end":{"line":161,"column":11}},"59":{"start":{"line":151,"column":12},"end":{"line":151,"column":48}},"60":{"start":{"line":152,"column":12},"end":{"line":152,"column":47}},"61":{"start":{"line":153,"column":12},"end":{"line":153,"column":62}},"62":{"start":{"line":169,"column":8},"end":{"line":171,"column":9}},"63":{"start":{"line":170,"column":12},"end":{"line":170,"column":58}},"64":{"start":{"line":172,"column":23},"end":{"line":172,"column":40}},"65":{"start":{"line":173,"column":39},"end":{"line":173,"column":73}},"66":{"start":{"line":175,"column":8},"end":{"line":184,"column":11}},"67":{"start":{"line":176,"column":12},"end":{"line":176,"column":75}},"68":{"start":{"line":178,"column":12},"end":{"line":178,"column":48}},"69":{"start":{"line":179,"column":12},"end":{"line":181,"column":15}},"70":{"start":{"line":183,"column":12},"end":{"line":183,"column":45}},"71":{"start":{"line":193,"column":25},"end":{"line":193,"column":42}},"72":{"start":{"line":194,"column":23},"end":{"line":194,"column":40}},"73":{"start":{"line":196,"column":8},"end":{"line":204,"column":11}},"74":{"start":{"line":197,"column":12},"end":{"line":197,"column":47}},"75":{"start":{"line":199,"column":12},"end":{"line":199,"column":48}},"76":{"start":{"line":200,"column":12},"end":{"line":200,"column":62}},"77":{"start":{"line":213,"column":25},"end":{"line":213,"column":44}},"78":{"start":{"line":214,"column":23},"end":{"line":214,"column":40}},"79":{"start":{"line":216,"column":8},"end":{"line":225,"column":11}},"80":{"start":{"line":217,"column":12},"end":{"line":217,"column":47}},"81":{"start":{"line":219,"column":12},"end":{"line":219,"column":48}},"82":{"start":{"line":220,"column":12},"end":{"line":220,"column":62}},"83":{"start":{"line":224,"column":12},"end":{"line":224,"column":45}},"84":{"start":{"line":234,"column":8},"end":{"line":234,"column":45}},"85":{"start":{"line":235,"column":25},"end":{"line":235,"column":43}},"86":{"start":{"line":236,"column":23},"end":{"line":236,"column":39}},"87":{"start":{"line":237,"column":8},"end":{"line":237,"column":44}},"88":{"start":{"line":239,"column":8},"end":{"line":260,"column":9}},"89":{"start":{"line":241,"column":12},"end":{"line":250,"column":15}},"90":{"start":{"line":245,"column":16},"end":{"line":245,"column":67}},"91":{"start":{"line":249,"column":16},"end":{"line":249,"column":49}},"92":{"start":{"line":253,"column":12},"end":{"line":259,"column":15}},"93":{"start":{"line":254,"column":16},"end":{"line":254,"column":67}},"94":{"start":{"line":258,"column":16},"end":{"line":258,"column":49}},"95":{"start":{"line":263,"column":0},"end":{"line":263,"column":33}}},"fnMap":{"0":{"name":"(anonymous_0)","decl":{"start":{"line":8,"column":4},"end":{"line":8,"column":5}},"loc":{"start":{"line":8,"column":18},"end":{"line":10,"column":5}},"line":8},"1":{"name":"(anonymous_1)","decl":{"start":{"line":18,"column":4},"end":{"line":18,"column":5}},"loc":{"start":{"line":18,"column":25},"end":{"line":96,"column":5}},"line":18},"2":{"name":"(anonymous_2)","decl":{"start":{"line":32,"column":18},"end":{"line":32,"column":19}},"loc":{"start":{"line":32,"column":28},"end":{"line":89,"column":13}},"line":32},"3":{"name":"(anonymous_3)","decl":{"start":{"line":41,"column":30},"end":{"line":41,"column":31}},"loc":{"start":{"line":41,"column":47},"end":{"line":43,"column":25}},"line":41},"4":{"name":"(anonymous_4)","decl":{"start":{"line":43,"column":32},"end":{"line":43,"column":33}},"loc":{"start":{"line":43,"column":51},"end":{"line":45,"column":25}},"line":43},"5":{"name":"(anonymous_5)","decl":{"start":{"line":45,"column":32},"end":{"line":45,"column":33}},"loc":{"start":{"line":45,"column":44},"end":{"line":51,"column":25}},"line":45},"6":{"name":"(anonymous_6)","decl":{"start":{"line":51,"column":32},"end":{"line":51,"column":33}},"loc":{"start":{"line":51,"column":41},"end":{"line":54,"column":25}},"line":51},"7":{"name":"(anonymous_7)","decl":{"start":{"line":54,"column":33},"end":{"line":54,"column":34}},"loc":{"start":{"line":54,"column":42},"end":{"line":60,"column":25}},"line":54},"8":{"name":"(anonymous_8)","decl":{"start":{"line":64,"column":30},"end":{"line":64,"column":31}},"loc":{"start":{"line":64,"column":44},"end":{"line":80,"column":25}},"line":64},"9":{"name":"(anonymous_9)","decl":{"start":{"line":68,"column":42},"end":{"line":68,"column":43}},"loc":{"start":{"line":68,"column":54},"end":{"line":74,"column":37}},"line":68},"10":{"name":"(anonymous_10)","decl":{"start":{"line":80,"column":33},"end":{"line":80,"column":34}},"loc":{"start":{"line":80,"column":42},"end":{"line":87,"column":25}},"line":80},"11":{"name":"(anonymous_11)","decl":{"start":{"line":89,"column":21},"end":{"line":89,"column":22}},"loc":{"start":{"line":89,"column":30},"end":{"line":95,"column":13}},"line":89},"12":{"name":"(anonymous_12)","decl":{"start":{"line":98,"column":4},"end":{"line":98,"column":5}},"loc":{"start":{"line":98,"column":58},"end":{"line":110,"column":5}},"line":98},"13":{"name":"(anonymous_13)","decl":{"start":{"line":104,"column":32},"end":{"line":104,"column":33}},"loc":{"start":{"line":104,"column":55},"end":{"line":107,"column":17}},"line":104},"14":{"name":"(anonymous_14)","decl":{"start":{"line":118,"column":4},"end":{"line":118,"column":5}},"loc":{"start":{"line":118,"column":25},"end":{"line":140,"column":5}},"line":118},"15":{"name":"(anonymous_15)","decl":{"start":{"line":122,"column":35},"end":{"line":122,"column":36}},"loc":{"start":{"line":122,"column":45},"end":{"line":126,"column":9}},"line":122},"16":{"name":"(anonymous_16)","decl":{"start":{"line":126,"column":16},"end":{"line":126,"column":17}},"loc":{"start":{"line":126,"column":23},"end":{"line":132,"column":9}},"line":126},"17":{"name":"(anonymous_17)","decl":{"start":{"line":132,"column":17},"end":{"line":132,"column":18}},"loc":{"start":{"line":132,"column":26},"end":{"line":139,"column":9}},"line":132},"18":{"name":"(anonymous_18)","decl":{"start":{"line":146,"column":4},"end":{"line":146,"column":5}},"loc":{"start":{"line":146,"column":22},"end":{"line":162,"column":5}},"line":146},"19":{"name":"(anonymous_19)","decl":{"start":{"line":150,"column":68},"end":{"line":150,"column":69}},"loc":{"start":{"line":150,"column":78},"end":{"line":154,"column":9}},"line":150},"20":{"name":"(anonymous_20)","decl":{"start":{"line":154,"column":17},"end":{"line":154,"column":18}},"loc":{"start":{"line":154,"column":26},"end":{"line":161,"column":9}},"line":154},"21":{"name":"(anonymous_21)","decl":{"start":{"line":168,"column":4},"end":{"line":168,"column":5}},"loc":{"start":{"line":168,"column":37},"end":{"line":185,"column":5}},"line":168},"22":{"name":"(anonymous_22)","decl":{"start":{"line":175,"column":68},"end":{"line":175,"column":69}},"loc":{"start":{"line":175,"column":86},"end":{"line":177,"column":9}},"line":175},"23":{"name":"(anonymous_23)","decl":{"start":{"line":177,"column":16},"end":{"line":177,"column":17}},"loc":{"start":{"line":177,"column":29},"end":{"line":182,"column":9}},"line":177},"24":{"name":"(anonymous_24)","decl":{"start":{"line":182,"column":17},"end":{"line":182,"column":18}},"loc":{"start":{"line":182,"column":26},"end":{"line":184,"column":9}},"line":182},"25":{"name":"(anonymous_25)","decl":{"start":{"line":192,"column":4},"end":{"line":192,"column":5}},"loc":{"start":{"line":192,"column":27},"end":{"line":205,"column":5}},"line":192},"26":{"name":"(anonymous_26)","decl":{"start":{"line":196,"column":39},"end":{"line":196,"column":40}},"loc":{"start":{"line":196,"column":49},"end":{"line":198,"column":9}},"line":196},"27":{"name":"(anonymous_27)","decl":{"start":{"line":198,"column":16},"end":{"line":198,"column":17}},"loc":{"start":{"line":198,"column":26},"end":{"line":201,"column":9}},"line":198},"28":{"name":"(anonymous_28)","decl":{"start":{"line":201,"column":17},"end":{"line":201,"column":18}},"loc":{"start":{"line":201,"column":26},"end":{"line":204,"column":9}},"line":201},"29":{"name":"(anonymous_29)","decl":{"start":{"line":212,"column":4},"end":{"line":212,"column":5}},"loc":{"start":{"line":212,"column":27},"end":{"line":226,"column":5}},"line":212},"30":{"name":"(anonymous_30)","decl":{"start":{"line":216,"column":39},"end":{"line":216,"column":40}},"loc":{"start":{"line":216,"column":49},"end":{"line":218,"column":9}},"line":216},"31":{"name":"(anonymous_31)","decl":{"start":{"line":218,"column":16},"end":{"line":218,"column":17}},"loc":{"start":{"line":218,"column":26},"end":{"line":221,"column":9}},"line":218},"32":{"name":"(anonymous_32)","decl":{"start":{"line":221,"column":17},"end":{"line":221,"column":18}},"loc":{"start":{"line":221,"column":26},"end":{"line":225,"column":9}},"line":221},"33":{"name":"(anonymous_33)","decl":{"start":{"line":233,"column":4},"end":{"line":233,"column":5}},"loc":{"start":{"line":233,"column":23},"end":{"line":261,"column":5}},"line":233},"34":{"name":"(anonymous_34)","decl":{"start":{"line":244,"column":20},"end":{"line":244,"column":21}},"loc":{"start":{"line":244,"column":31},"end":{"line":246,"column":13}},"line":244},"35":{"name":"(anonymous_35)","decl":{"start":{"line":246,"column":21},"end":{"line":246,"column":22}},"loc":{"start":{"line":246,"column":30},"end":{"line":250,"column":13}},"line":246},"36":{"name":"(anonymous_36)","decl":{"start":{"line":253,"column":33},"end":{"line":253,"column":34}},"loc":{"start":{"line":253,"column":44},"end":{"line":255,"column":13}},"line":253},"37":{"name":"(anonymous_37)","decl":{"start":{"line":255,"column":21},"end":{"line":255,"column":22}},"loc":{"start":{"line":255,"column":30},"end":{"line":259,"column":13}},"line":255}},"branchMap":{"0":{"loc":{"start":{"line":21,"column":8},"end":{"line":23,"column":9}},"type":"if","locations":[{"start":{"line":21,"column":8},"end":{"line":23,"column":9}},{"start":{"line":21,"column":8},"end":{"line":23,"column":9}}],"line":21},"1":{"loc":{"start":{"line":24,"column":8},"end":{"line":26,"column":9}},"type":"if","locations":[{"start":{"line":24,"column":8},"end":{"line":26,"column":9}},{"start":{"line":24,"column":8},"end":{"line":26,"column":9}}],"line":24},"2":{"loc":{"start":{"line":35,"column":16},"end":{"line":88,"column":17}},"type":"if","locations":[{"start":{"line":35,"column":16},"end":{"line":88,"column":17}},{"start":{"line":35,"column":16},"end":{"line":88,"column":17}}],"line":35},"3":{"loc":{"start":{"line":66,"column":28},"end":{"line":79,"column":29}},"type":"if","locations":[{"start":{"line":66,"column":28},"end":{"line":79,"column":29}},{"start":{"line":66,"column":28},"end":{"line":79,"column":29}}],"line":66},"4":{"loc":{"start":{"line":99,"column":8},"end":{"line":109,"column":9}},"type":"if","locations":[{"start":{"line":99,"column":8},"end":{"line":109,"column":9}},{"start":{"line":99,"column":8},"end":{"line":109,"column":9}}],"line":99},"5":{"loc":{"start":{"line":99,"column":12},"end":{"line":101,"column":29}},"type":"binary-expr","locations":[{"start":{"line":99,"column":12},"end":{"line":99,"column":42}},{"start":{"line":100,"column":12},"end":{"line":100,"column":27}},{"start":{"line":101,"column":12},"end":{"line":101,"column":29}}],"line":99},"6":{"loc":{"start":{"line":103,"column":12},"end":{"line":108,"column":13}},"type":"if","locations":[{"start":{"line":103,"column":12},"end":{"line":108,"column":13}},{"start":{"line":103,"column":12},"end":{"line":108,"column":13}}],"line":103},"7":{"loc":{"start":{"line":103,"column":16},"end":{"line":103,"column":57}},"type":"binary-expr","locations":[{"start":{"line":103,"column":16},"end":{"line":103,"column":37}},{"start":{"line":103,"column":41},"end":{"line":103,"column":57}}],"line":103},"8":{"loc":{"start":{"line":169,"column":8},"end":{"line":171,"column":9}},"type":"if","locations":[{"start":{"line":169,"column":8},"end":{"line":171,"column":9}},{"start":{"line":169,"column":8},"end":{"line":171,"column":9}}],"line":169},"9":{"loc":{"start":{"line":239,"column":8},"end":{"line":260,"column":9}},"type":"if","locations":[{"start":{"line":239,"column":8},"end":{"line":260,"column":9}},{"start":{"line":239,"column":8},"end":{"line":260,"column":9}}],"line":239},"10":{"loc":{"start":{"line":239,"column":12},"end":{"line":239,"column":110}},"type":"binary-expr","locations":[{"start":{"line":239,"column":13},"end":{"line":239,"column":35}},{"start":{"line":239,"column":39},"end":{"line":239,"column":60}},{"start":{"line":239,"column":66},"end":{"line":239,"column":86}},{"start":{"line":239,"column":90},"end":{"line":239,"column":109}}],"line":239}},"s":{"0":7,"1":7,"2":7,"3":7,"4":16,"5":16,"6":0,"7":16,"8":1,"9":16,"10":16,"11":16,"12":16,"13":15,"14":15,"15":15,"16":14,"17":14,"18":14,"19":14,"20":14,"21":14,"22":14,"23":14,"24":14,"25":1,"26":1,"27":1,"28":1,"29":1,"30":1,"31":1,"32":1,"33":1,"34":1,"35":1,"36":0,"37":0,"38":0,"39":0,"40":2,"41":0,"42":0,"43":0,"44":0,"45":0,"46":2,"47":2,"48":2,"49":2,"50":2,"51":2,"52":2,"53":2,"54":2,"55":2,"56":2,"57":1,"58":1,"59":1,"60":1,"61":1,"62":0,"63":0,"64":0,"65":0,"66":0,"67":0,"68":0,"69":0,"70":0,"71":2,"72":2,"73":2,"74":2,"75":2,"76":2,"77":1,"78":1,"79":1,"80":1,"81":1,"82":1,"83":0,"84":3,"85":3,"86":3,"87":3,"88":3,"89":2,"90":2,"91":0,"92":1,"93":1,"94":0,"95":7},"f":{"0":7,"1":16,"2":16,"3":14,"4":14,"5":14,"6":14,"7":1,"8":1,"9":1,"10":0,"11":0,"12":2,"13":0,"14":2,"15":2,"16":2,"17":0,"18":1,"19":1,"20":0,"21":0,"22":0,"23":0,"24":0,"25":2,"26":2,"27":2,"28":0,"29":1,"30":1,"31":1,"32":0,"33":3,"34":2,"35":0,"36":1,"37":0},"b":{"0":[0,16],"1":[1,15],"2":[15,1],"3":[1,0],"4":[0,2],"5":[2,0,0],"6":[0,0],"7":[0,0],"8":[0,0],"9":[2,1],"10":[3,1,2,1]},"_coverageSchema":"1a1c01bbd47fc00a2c39e90264f33305004495a9","hash":"839e4c84f640128885e9f9005ad379a5b0e58658"}
,"/Users/dgs/IdeaProjects/team_SA1_ESN/middleware/RBAC.js": {"path":"/Users/dgs/IdeaProjects/team_SA1_ESN/middleware/RBAC.js","statementMap":{"0":{"start":{"line":1,"column":13},"end":{"line":1,"column":33}},"1":{"start":{"line":2,"column":14},"end":{"line":2,"column":39}},"2":{"start":{"line":3,"column":13},"end":{"line":3,"column":40}},"3":{"start":{"line":4,"column":13},"end":{"line":4,"column":28}},"4":{"start":{"line":10,"column":8},"end":{"line":16,"column":11}},"5":{"start":{"line":12,"column":12},"end":{"line":12,"column":37}},"6":{"start":{"line":13,"column":12},"end":{"line":13,"column":31}},"7":{"start":{"line":15,"column":12},"end":{"line":15,"column":45}},"8":{"start":{"line":21,"column":8},"end":{"line":26,"column":11}},"9":{"start":{"line":22,"column":12},"end":{"line":22,"column":35}},"10":{"start":{"line":23,"column":12},"end":{"line":23,"column":29}},"11":{"start":{"line":25,"column":12},"end":{"line":25,"column":45}},"12":{"start":{"line":31,"column":8},"end":{"line":31,"column":39}},"13":{"start":{"line":32,"column":21},"end":{"line":32,"column":36}},"14":{"start":{"line":33,"column":20},"end":{"line":33,"column":31}},"15":{"start":{"line":34,"column":21},"end":{"line":34,"column":54}},"16":{"start":{"line":35,"column":19},"end":{"line":35,"column":68}},"17":{"start":{"line":36,"column":21},"end":{"line":36,"column":41}},"18":{"start":{"line":37,"column":21},"end":{"line":37,"column":74}},"19":{"start":{"line":39,"column":8},"end":{"line":43,"column":9}},"20":{"start":{"line":40,"column":12},"end":{"line":42,"column":13}},"21":{"start":{"line":41,"column":16},"end":{"line":41,"column":100}},"22":{"start":{"line":45,"column":8},"end":{"line":64,"column":9}},"23":{"start":{"line":46,"column":12},"end":{"line":61,"column":17}},"24":{"start":{"line":48,"column":16},"end":{"line":56,"column":17}},"25":{"start":{"line":50,"column":18},"end":{"line":50,"column":67}},"26":{"start":{"line":51,"column":18},"end":{"line":51,"column":89}},"27":{"start":{"line":55,"column":18},"end":{"line":55,"column":71}},"28":{"start":{"line":60,"column":16},"end":{"line":60,"column":63}},"29":{"start":{"line":63,"column":12},"end":{"line":63,"column":65}},"30":{"start":{"line":68,"column":0},"end":{"line":68,"column":40}}},"fnMap":{"0":{"name":"(anonymous_0)","decl":{"start":{"line":9,"column":4},"end":{"line":9,"column":5}},"loc":{"start":{"line":9,"column":36},"end":{"line":17,"column":5}},"line":9},"1":{"name":"(anonymous_1)","decl":{"start":{"line":10,"column":46},"end":{"line":10,"column":47}},"loc":{"start":{"line":10,"column":56},"end":{"line":14,"column":9}},"line":10},"2":{"name":"(anonymous_2)","decl":{"start":{"line":14,"column":17},"end":{"line":14,"column":18}},"loc":{"start":{"line":14,"column":26},"end":{"line":16,"column":9}},"line":14},"3":{"name":"(anonymous_3)","decl":{"start":{"line":20,"column":4},"end":{"line":20,"column":5}},"loc":{"start":{"line":20,"column":32},"end":{"line":27,"column":5}},"line":20},"4":{"name":"(anonymous_4)","decl":{"start":{"line":21,"column":46},"end":{"line":21,"column":47}},"loc":{"start":{"line":21,"column":56},"end":{"line":24,"column":9}},"line":21},"5":{"name":"(anonymous_5)","decl":{"start":{"line":24,"column":17},"end":{"line":24,"column":18}},"loc":{"start":{"line":24,"column":26},"end":{"line":26,"column":9}},"line":24},"6":{"name":"(anonymous_6)","decl":{"start":{"line":30,"column":4},"end":{"line":30,"column":5}},"loc":{"start":{"line":30,"column":47},"end":{"line":65,"column":5}},"line":30},"7":{"name":"(anonymous_7)","decl":{"start":{"line":47,"column":18},"end":{"line":47,"column":19}},"loc":{"start":{"line":47,"column":28},"end":{"line":57,"column":15}},"line":47},"8":{"name":"(anonymous_8)","decl":{"start":{"line":58,"column":21},"end":{"line":58,"column":22}},"loc":{"start":{"line":58,"column":28},"end":{"line":61,"column":15}},"line":58}},"branchMap":{"0":{"loc":{"start":{"line":39,"column":8},"end":{"line":43,"column":9}},"type":"if","locations":[{"start":{"line":39,"column":8},"end":{"line":43,"column":9}},{"start":{"line":39,"column":8},"end":{"line":43,"column":9}}],"line":39},"1":{"loc":{"start":{"line":40,"column":12},"end":{"line":42,"column":13}},"type":"if","locations":[{"start":{"line":40,"column":12},"end":{"line":42,"column":13}},{"start":{"line":40,"column":12},"end":{"line":42,"column":13}}],"line":40},"2":{"loc":{"start":{"line":40,"column":16},"end":{"line":40,"column":70}},"type":"binary-expr","locations":[{"start":{"line":40,"column":16},"end":{"line":40,"column":43}},{"start":{"line":40,"column":47},"end":{"line":40,"column":70}}],"line":40},"3":{"loc":{"start":{"line":45,"column":8},"end":{"line":64,"column":9}},"type":"if","locations":[{"start":{"line":45,"column":8},"end":{"line":64,"column":9}},{"start":{"line":45,"column":8},"end":{"line":64,"column":9}}],"line":45},"4":{"loc":{"start":{"line":48,"column":16},"end":{"line":56,"column":17}},"type":"if","locations":[{"start":{"line":48,"column":16},"end":{"line":56,"column":17}},{"start":{"line":48,"column":16},"end":{"line":56,"column":17}}],"line":48}},"s":{"0":7,"1":7,"2":7,"3":7,"4":0,"5":0,"6":0,"7":0,"8":0,"9":0,"10":0,"11":0,"12":0,"13":0,"14":0,"15":0,"16":0,"17":0,"18":0,"19":0,"20":0,"21":0,"22":0,"23":0,"24":0,"25":0,"26":0,"27":0,"28":0,"29":0,"30":7},"f":{"0":0,"1":0,"2":0,"3":0,"4":0,"5":0,"6":0,"7":0,"8":0},"b":{"0":[0,0],"1":[0,0],"2":[0,0],"3":[0,0],"4":[0,0]},"_coverageSchema":"1a1c01bbd47fc00a2c39e90264f33305004495a9","hash":"0122aec0efca43c2743a99b950fa68e17209d73d"}
,"/Users/dgs/IdeaProjects/team_SA1_ESN/middleware/TokenServer.js": {"path":"/Users/dgs/IdeaProjects/team_SA1_ESN/middleware/TokenServer.js","statementMap":{"0":{"start":{"line":1,"column":12},"end":{"line":1,"column":35}},"1":{"start":{"line":2,"column":23},"end":{"line":2,"column":27}},"2":{"start":{"line":3,"column":31},"end":{"line":3,"column":36}},"3":{"start":{"line":4,"column":22},"end":{"line":4,"column":88}},"4":{"start":{"line":16,"column":8},"end":{"line":24,"column":11}},"5":{"start":{"line":17,"column":12},"end":{"line":23,"column":13}},"6":{"start":{"line":18,"column":32},"end":{"line":18,"column":64}},"7":{"start":{"line":19,"column":16},"end":{"line":19,"column":33}},"8":{"start":{"line":35,"column":8},"end":{"line":35,"column":40}},"9":{"start":{"line":36,"column":8},"end":{"line":36,"column":55}},"10":{"start":{"line":37,"column":22},"end":{"line":37,"column":49}},"11":{"start":{"line":38,"column":8},"end":{"line":54,"column":9}},"12":{"start":{"line":39,"column":12},"end":{"line":49,"column":19}},"13":{"start":{"line":41,"column":20},"end":{"line":41,"column":50}},"14":{"start":{"line":42,"column":20},"end":{"line":42,"column":58}},"15":{"start":{"line":43,"column":20},"end":{"line":43,"column":27}},"16":{"start":{"line":48,"column":20},"end":{"line":48,"column":67}},"17":{"start":{"line":53,"column":12},"end":{"line":53,"column":68}},"18":{"start":{"line":64,"column":8},"end":{"line":82,"column":11}},"19":{"start":{"line":67,"column":12},"end":{"line":73,"column":13}},"20":{"start":{"line":68,"column":16},"end":{"line":68,"column":53}},"21":{"start":{"line":69,"column":16},"end":{"line":69,"column":41}},"22":{"start":{"line":71,"column":16},"end":{"line":71,"column":54}},"23":{"start":{"line":72,"column":16},"end":{"line":72,"column":49}},"24":{"start":{"line":74,"column":35},"end":{"line":79,"column":13}},"25":{"start":{"line":81,"column":12},"end":{"line":81,"column":36}},"26":{"start":{"line":85,"column":0},"end":{"line":85,"column":29}}},"fnMap":{"0":{"name":"(anonymous_0)","decl":{"start":{"line":15,"column":4},"end":{"line":15,"column":5}},"loc":{"start":{"line":15,"column":30},"end":{"line":25,"column":5}},"line":15},"1":{"name":"(anonymous_1)","decl":{"start":{"line":16,"column":27},"end":{"line":16,"column":28}},"loc":{"start":{"line":16,"column":50},"end":{"line":24,"column":9}},"line":16},"2":{"name":"(anonymous_2)","decl":{"start":{"line":34,"column":4},"end":{"line":34,"column":5}},"loc":{"start":{"line":34,"column":41},"end":{"line":55,"column":5}},"line":34},"3":{"name":"(anonymous_3)","decl":{"start":{"line":40,"column":22},"end":{"line":40,"column":23}},"loc":{"start":{"line":40,"column":34},"end":{"line":44,"column":17}},"line":40},"4":{"name":"(anonymous_4)","decl":{"start":{"line":45,"column":23},"end":{"line":45,"column":24}},"loc":{"start":{"line":45,"column":32},"end":{"line":49,"column":17}},"line":45},"5":{"name":"(anonymous_5)","decl":{"start":{"line":63,"column":4},"end":{"line":63,"column":5}},"loc":{"start":{"line":63,"column":47},"end":{"line":83,"column":5}},"line":63},"6":{"name":"(anonymous_6)","decl":{"start":{"line":64,"column":27},"end":{"line":64,"column":28}},"loc":{"start":{"line":64,"column":48},"end":{"line":82,"column":9}},"line":64}},"branchMap":{"0":{"loc":{"start":{"line":38,"column":8},"end":{"line":54,"column":9}},"type":"if","locations":[{"start":{"line":38,"column":8},"end":{"line":54,"column":9}},{"start":{"line":38,"column":8},"end":{"line":54,"column":9}}],"line":38},"1":{"loc":{"start":{"line":67,"column":12},"end":{"line":73,"column":13}},"type":"if","locations":[{"start":{"line":67,"column":12},"end":{"line":73,"column":13}},{"start":{"line":67,"column":12},"end":{"line":73,"column":13}}],"line":67}},"s":{"0":13,"1":13,"2":13,"3":13,"4":47,"5":47,"6":47,"7":47,"8":47,"9":47,"10":47,"11":47,"12":47,"13":47,"14":47,"15":47,"16":0,"17":0,"18":32,"19":32,"20":16,"21":16,"22":16,"23":16,"24":32,"25":32,"26":13},"f":{"0":47,"1":47,"2":47,"3":47,"4":0,"5":32,"6":32},"b":{"0":[47,0],"1":[16,16]},"_coverageSchema":"1a1c01bbd47fc00a2c39e90264f33305004495a9","hash":"98161785bf9e0d08088321ec3c6177124af3f338"}
,"/Users/dgs/IdeaProjects/team_SA1_ESN/middleware/rbacRules.js": {"path":"/Users/dgs/IdeaProjects/team_SA1_ESN/middleware/rbacRules.js","statementMap":{"0":{"start":{"line":1,"column":18},"end":{"line":24,"column":1}},"1":{"start":{"line":26,"column":0},"end":{"line":26,"column":27}}},"fnMap":{},"branchMap":{},"s":{"0":7,"1":7},"f":{},"b":{},"_coverageSchema":"1a1c01bbd47fc00a2c39e90264f33305004495a9","hash":"e43ffae3c85f4f606f38bb030c0e011677ef6571"}
[...]
"line":124},"21":{"loc":{"start":{"line":124,"column":16},"end":{"line":124,"column":108}},"type":"binary-expr","locations":[{"start":{"line":124,"column":16},"end":{"line":124,"column":57}},{"start":{"line":124,"column":61},"end":{"line":124,"column":108}}],"line":124},"22":{"loc":{"start":{"line":138,"column":12},"end":{"line":154,"column":13}},"type":"if","locations":[{"start":{"line":138,"column":12},"end":{"line":154,"column":13}},{"start":{"line":138,"column":12},"end":{"line":154,"column":13}}],"line":138},"23":{"loc":{"start":{"line":138,"column":16},"end":{"line":138,"column":106}},"type":"binary-expr","locations":[{"start":{"line":138,"column":16},"end":{"line":138,"column":60}},{"start":{"line":138,"column":64},"end":{"line":138,"column":106}}],"line":138},"24":{"loc":{"start":{"line":143,"column":20},"end":{"line":145,"column":21}},"type":"if","locations":[{"start":{"line":143,"column":20},"end":{"line":145,"column":21}},{"start":{"line":143,"column":20},"end":{"line":145,"column":21}}],"line":143},"25":{"loc":{"start":{"line":147,"column":20},"end":{"line":152,"column":21}},"type":"if","locations":[{"start":{"line":147,"column":20},"end":{"line":152,"column":21}},{"start":{"line":147,"column":20},"end":{"line":152,"column":21}}],"line":147},"26":{"loc":{"start":{"line":148,"column":24},"end":{"line":150,"column":25}},"type":"if","locations":[{"start":{"line":148,"column":24},"end":{"line":150,"column":25}},{"start":{"line":148,"column":24},"end":{"line":150,"column":25}}],"line":148}},"s":{"0":54,"1":54,"2":54,"3":54,"4":54,"5":48,"6":45,"7":43,"8":11,"9":54,"10":54,"11":39,"12":39,"13":197,"14":197,"15":197,"16":47,"17":150,"18":197,"19":6,"20":0,"21":6,"22":48,"23":197,"24":47,"25":2,"26":150,"27":4,"28":191,"29":48,"30":48,"31":32,"32":32,"33":90,"34":90,"35":90,"36":13,"37":77,"38":90,"39":3,"40":0,"41":3,"42":29,"43":16,"44":90,"45":13,"46":0,"47":77,"48":3,"49":87,"50":45,"51":45,"52":22,"53":22,"54":22,"55":22,"56":22,"57":22,"58":22,"59":2,"60":0,"61":2,"62":43,"63":54,"64":13},"f":{"0":54,"1":54,"2":54,"3":48,"4":45,"5":43,"6":11,"7":54,"8":54,"9":197,"10":48,"11":48,"12":90,"13":45,"14":45,"15":54},"b":{"0":[39,15],"1":[54,48],"2":[47,150],"3":[6,191],"4":[0,6],"5":[6,6],"6":[47,150],"7":[2,45],"8":[47,46,45],"9":[4,146],"10":[150,149,146],"11":[32,16],"12":[48,42],"13":[13,77],"14":[3,87],"15":[0,3],"16":[3,3],"17":[13,77],"18":[0,13],"19":[13,13],"20":[3,74],"21":[77,77],"22":[22,23],"23":[45,22],"24":[22,0],"25":[2,20],"26":[0,2]},"_coverageSchema":"1a1c01bbd47fc00a2c39e90264f33305004495a9","hash":"ac8096342dd60d8cf4ce536728c4787dc9f8b2ec"}
,"/Users/dgs/IdeaProjects/team_SA1_ESN/routes/announcements.js": {"path":"/Users/dgs/IdeaProjects/team_SA1_ESN/routes/announcements.js","statementMap":{"0":{"start":{"line":1,"column":16},"end":{"line":1,"column":34}},"1":{"start":{"line":2,"column":15},"end":{"line":2,"column":35}},"2":{"start":{"line":3,"column":19},"end":{"line":3,"column":41}},"3":{"start":{"line":4,"column":25},"end":{"line":4,"column":61}},"4":{"start":{"line":6,"column":19},"end":{"line":6,"column":36}},"5":{"start":{"line":7,"column":31},"end":{"line":7,"column":92}},"6":{"start":{"line":9,"column":31},"end":{"line":9,"column":59}},"7":{"start":{"line":13,"column":0},"end":{"line":13,"column":104}},"8":{"start":{"line":16,"column":0},"end":{"line":16,"column":101}},"9":{"start":{"line":19,"column":0},"end":{"line":19,"column":24}}},"fnMap":{},"branchMap":{},"s":{"0":7,"1":7,"2":7,"3":7,"4":7,"5":7,"6":7,"7":7,"8":7,"9":7},"f":{},"b":{},"_coverageSchema":"1a1c01bbd47fc00a2c39e90264f33305004495a9","hash":"ecd6d9b2e8ab1042c02fb73afe3934a146fc18ce"}
,"/Users/dgs/IdeaProjects/team_SA1_ESN/routes/application.js": {"path":"/Users/dgs/IdeaProjects/team_SA1_ESN/routes/application.js","statementMap":{"0":{"start":{"line":1,"column":16},"end":{"line":1,"column":34}},"1":{"start":{"line":2,"column":15},"end":{"line":2,"column":35}},"2":{"start":{"line":5,"column":0},"end":{"line":12,"column":3}},"3":{"start":{"line":9,"column":4},"end":{"line":11,"column":7}},"4":{"start":{"line":14,"column":0},"end":{"line":14,"column":24}}},"fnMap":{"0":{"name":"(anonymous_0)","decl":{"start":{"line":5,"column":16},"end":{"line":5,"column":17}},"loc":{"start":{"line":5,"column":41},"end":{"line":12,"column":1}},"line":5}},"branchMap":{},"s":{"0":7,"1":7,"2":7,"3":0,"4":7},"f":{"0":0},"b":{},"_coverageSchema":"1a1c01bbd47fc00a2c39e90264f33305004495a9","hash":"bcf3d848163f35c636dba3ab3e6f134158f32e67"}
,"/Users/dgs/IdeaProjects/team_SA1_ESN/routes/chatMessages.js": {"path":"/Users/dgs/IdeaProjects/team_SA1_ESN/routes/chatMessages.js","statementMap":{"0":{"start":{"line":1,"column":16},"end":{"line":1,"column":34}},"1":{"start":{"line":2,"column":15},"end":{"line":2,"column":35}},"2":{"start":{"line":3,"column":31},"end":{"line":3,"column":92}},"3":{"start":{"line":4,"column":19},"end":{"line":4,"column":41}},"4":{"start":{"line":5,"column":25},"end":{"line":5,"column":61}},"5":{"start":{"line":7,"column":19},"end":{"line":7,"column":36}},"6":{"start":{"line":10,"column":31},"end":{"line":10,"column":59}},"7":{"start":{"line":14,"column":0},"end":{"line":14,"column":100}},"8":{"start":{"line":17,"column":0},"end":{"line":17,"column":99}},"9":{"start":{"line":24,"column":0},"end":{"line":24,"column":24}}},"fnMap":{},"branchMap":{},"s":{"0":7,"1":7,"2":7,"3":7,"4":7,"5":7,"6":7,"7":7,"8":7,"9":7},"f":{},"b":{},"_coverageSchema":"1a1c01bbd47fc00a2c39e90264f33305004495a9","hash":"4f021db83209aab8414ef30429bc0a049e9560fd"}
,"/Users/dgs/IdeaProjects/team_SA1_ESN/routes/emergencyStatusDetail.js": {"path":"/Users/dgs/IdeaProjects/team_SA1_ESN/routes/emergencyStatusDetail.js","statementMap":{"0":{"start":{"line":1,"column":16},"end":{"line":1,"column":34}},"1":{"start":{"line":2,"column":15},"end":{"line":2,"column":35}},"2":{"start":{"line":3,"column":40},"end":{"line":3,"column":110}},"3":{"start":{"line":4,"column":19},"end":{"line":4,"column":41}},"4":{"start":{"line":5,"column":25},"end":{"line":5,"column":61}},"5":{"start":{"line":6,"column":15},"end":{"line":6,"column":32}},"6":{"start":{"line":7,"column":15},"end":{"line":7,"column":49}},"7":{"start":{"line":10,"column":19},"end":{"line":10,"column":36}},"8":{"start":{"line":13,"column":40},"end":{"line":13,"column":77}},"9":{"start":{"line":16,"column":0},"end":{"line":16,"column":125}},"10":{"start":{"line":19,"column":0},"end":{"line":19,"column":128}},"11":{"start":{"line":22,"column":0},"end":{"line":22,"column":136}},"12":{"start":{"line":25,"column":0},"end":{"line":25,"column":152}},"13":{"start":{"line":28,"column":0},"end":{"line":28,"column":142}},"14":{"start":{"line":31,"column":0},"end":{"line":31,"column":136}},"15":{"start":{"line":33,"column":0},"end":{"line":33,"column":24}}},"fnMap":{},"branchMap":{},"s":{"0":7,"1":7,"2":7,"3":7,"4":7,"5":7,"6":7,"7":7,"8":7,"9":7,"10":7,"11":7,"12":7,"13":7,"14":7,"15":7},"f":{},"b":{},"_coverageSchema":"1a1c01bbd47fc00a2c39e90264f33305004495a9","hash":"69238bce091a5d6a153aea9cc5bd4c3ee090fb50"}
,"/Users/dgs/IdeaProjects/team_SA1_ESN/routes/index.js": {"path":"/Users/dgs/IdeaProjects/team_SA1_ESN/routes/index.js","statementMap":{"0":{"start":{"line":1,"column":16},"end":{"line":1,"column":34}},"1":{"start":{"line":2,"column":15},"end":{"line":2,"column":35}},"2":{"start":{"line":4,"column":0},"end":{"line":9,"column":3}},"3":{"start":{"line":11,"column":0},"end":{"line":16,"column":3}},"4":{"start":{"line":17,"column":0},"end":{"line":17,"column":24}}},"fnMap":{"0":{"name":"(anonymous_0)","decl":{"start":{"line":4,"column":16},"end":{"line":4,"column":17}},"loc":{"start":{"line":4,"column":41},"end":{"line":9,"column":1}},"line":4},"1":{"name":"(anonymous_1)","decl":{"start":{"line":11,"column":23},"end":{"line":11,"column":24}},"loc":{"start":{"line":11,"column":48},"end":{"line":16,"column":1}},"line":11}},"branchMap":{},"s":{"0":7,"1":7,"2":7,"3":7,"4":7},"f":{"0":0,"1":0},"b":{},"_coverageSchema":"1a1c01bbd47fc00a2c39e90264f33305004495a9","hash":"39cc0396c0c9210eae057cbc8f94692332a3c7ee"}
,"/Users/dgs/IdeaProjects/team_SA1_ESN/routes/privateChatMessages.js": {"path":"/Users/dgs/IdeaProjects/team_SA1_ESN/routes/privateChatMessages.js","statementMap":{"0":{"start":{"line":1,"column":16},"end":{"line":1,"column":34}},"1":{"start":{"line":2,"column":15},"end":{"line":2,"column":35}},"2":{"start":{"line":3,"column":38},"end":{"line":3,"column":106}},"3":{"start":{"line":4,"column":19},"end":{"line":4,"column":41}},"4":{"start":{"line":5,"column":25},"end":{"line":5,"column":61}},"5":{"start":{"line":7,"column":19},"end":{"line":7,"column":36}},"6":{"start":{"line":10,"column":38},"end":{"line":10,"column":73}},"7":{"start":{"line":14,"column":0},"end":{"line":14,"column":107}},"8":{"start":{"line":17,"column":0},"end":{"line":17,"column":106}},"9":{"start":{"line":23,"column":0},"end":{"line":23,"column":24}}},"fnMap":{},"branchMap":{},"s":{"0":7,"1":7,"2":7,"3":7,"4":7,"5":7,"6":7,"7":7,"8":7,"9":7},"f":{},"b":{},"_coverageSchema":"1a1c01bbd47fc00a2c39e90264f33305004495a9","hash":"fc0a1395357dd71d8a56c72f9e0b3f43a370a4f1"}
,"/Users/dgs/IdeaProjects/team_SA1_ESN/routes/registration.js": {"path":"/Users/dgs/IdeaProjects/team_SA1_ESN/routes/registration.js","statementMap":{"0":{"start":{"line":1,"column":16},"end":{"line":1,"column":34}},"1":{"start":{"line":2,"column":15},"end":{"line":2,"column":35}},"2":{"start":{"line":4,"column":0},"end":{"line":7,"column":3}},"3":{"start":{"line":8,"column":0},"end":{"line":8,"column":24}}},"fnMap":{"0":{"name":"(anonymous_0)","decl":{"start":{"line":4,"column":16},"end":{"line":4,"column":17}},"loc":{"start":{"line":4,"column":41},"end":{"line":7,"column":1}},"line":4}},"branchMap":{},"s":{"0":7,"1":7,"2":7,"3":7},"f":{"0":0},"b":{},"_coverageSchema":"1a1c01bbd47fc00a2c39e90264f33305004495a9","hash":"be8b3ceb963dbe21dde88864f80859ab92496729"}
,"/Users/dgs/IdeaProjects/team_SA1_ESN/routes/resources.js": {"path":"/Users/dgs/IdeaProjects/team_SA1_ESN/routes/resources.js","statementMap":{"0":{"start":{"line":1,"column":16},"end":{"line":1,"column":34}},"1":{"start":{"line":2,"column":15},"end":{"line":2,"column":35}},"2":{"start":{"line":3,"column":19},"end":{"line":3,"column":41}},"3":{"start":{"line":4,"column":25},"end":{"line":4,"column":61}},"4":{"start":{"line":5,"column":15},"end":{"line":5,"column":32}},"5":{"start":{"line":6,"column":16},"end":{"line":6,"column":38}},"6":{"start":{"line":7,"column":15},"end":{"line":7,"column":70}},"7":{"start":{"line":9,"column":19},"end":{"line":9,"column":36}},"8":{"start":{"line":10,"column":27},"end":{"line":10,"column":84}},"9":{"start":{"line":12,"column":27},"end":{"line":12,"column":51}},"10":{"start":{"line":16,"column":0},"end":{"line":16,"column":130}},"11":{"start":{"line":21,"column":0},"end":{"line":21,"column":92}},"12":{"start":{"line":25,"column":0},"end":{"line":25,"column":103}},"13":{"start":{"line":28,"column":0},"end":{"line":28,"column":24}}},"fnMap":{},"branchMap":{},"s":{"0":7,"1":7,"2":7,"3":7,"4":7,"5":7,"6":7,"7":7,"8":7,"9":7,"10":7,"11":7,"12":7,"13":7},"f":{},"b":{},"_coverageSchema":"1a1c01bbd47fc00a2c39e90264f33305004495a9","hash":"1c0e29d2b42c00bdd7a16092428487c72a0a41f2"}
,"/Users/dgs/IdeaProjects/team_SA1_ESN/routes/spamReport.js": {"path":"/Users/dgs/IdeaProjects/team_SA1_ESN/routes/spamReport.js","statementMap":{"0":{"start":{"line":1,"column":16},"end":{"line":1,"column":34}},"1":{"start":{"line":2,"column":15},"end":{"line":2,"column":35}},"2":{"start":{"line":3,"column":19},"end":{"line":3,"column":41}},"3":{"start":{"line":4,"column":25},"end":{"line":4,"column":61}},"4":{"start":{"line":5,"column":19},"end":{"line":5,"column":36}},"5":{"start":{"line":6,"column":29},"end":{"line":6,"column":75}},"6":{"start":{"line":7,"column":29},"end":{"line":7,"column":55}},"7":{"start":{"line":9,"column":0},"end":{"line":9,"column":100}},"8":{"start":{"line":12,"column":0},"end":{"line":12,"column":24}}},"fnMap":{},"branchMap":{},"s":{"0":7,"1":7,"2":7,"3":7,"4":7,"5":7,"6":7,"7":7,"8":7},"f":{},"b":{},"_coverageSchema":"1a1c01bbd47fc00a2c39e90264f33305004495a9","hash":"e089dda1d8b7a8460bfab44e129c753698e65d47"}
,"/Users/dgs/IdeaProjects/team_SA1_ESN/routes/testroute.js": {"path":"/Users/dgs/IdeaProjects/team_SA1_ESN/routes/testroute.js","statementMap":{"0":{"start":{"line":1,"column":16},"end":{"line":1,"column":34}},"1":{"start":{"line":2,"column":15},"end":{"line":2,"column":31}},"2":{"start":{"line":3,"column":19},"end":{"line":3,"column":41}},"3":{"start":{"line":4,"column":25},"end":{"line":4,"column":61}},"4":{"start":{"line":5,"column":40},"end":{"line":5,"column":110}},"5":{"start":{"line":6,"column":13},"end":{"line":6,"column":42}},"6":{"start":{"line":8,"column":40},"end":{"line":8,"column":77}},"7":{"start":{"line":13,"column":0},"end":{"line":13,"column":134}},"8":{"start":{"line":14,"column":0},"end":{"line":14,"column":132}},"9":{"start":{"line":15,"column":0},"end":{"line":15,"column":131}},"10":{"start":{"line":16,"column":0},"end":{"line":16,"column":131}},"11":{"start":{"line":19,"column":0},"end":{"line":19,"column":24}}},"fnMap":{},"branchMap":{},"s":{"0":7,"1":7,"2":7,"3":7,"4":7,"5":7,"6":7,"7":7,"8":7,"9":7,"10":7,"11":7},"f":{},"b":{},"_coverageSchema":"1a1c01bbd47fc00a2c39e90264f33305004495a9","hash":"fc453e27460c26e09f8346b1dc695cab600e4996"}
,"/Users/dgs/IdeaProjects/team_SA1_ESN/routes/users.js": {"path":"/Users/dgs/IdeaProjects/team_SA1_ESN/routes/users.js","statementMap":{"0":{"start":{"line":1,"column":16},"end":{"line":1,"column":34}},"1":{"start":{"line":2,"column":15},"end":{"line":2,"column":35}},"2":{"start":{"line":3,"column":24},"end":{"line":3,"column":78}},"3":{"start":{"line":4,"column":19},"end":{"line":4,"column":41}},"4":{"start":{"line":5,"column":25},"end":{"line":5,"column":61}},"5":{"start":{"line":8,"column":19},"end":{"line":8,"column":36}},"6":{"start":{"line":10,"column":24},"end":{"line":10,"column":45}},"7":{"start":{"line":13,"column":0},"end":{"line":13,"column":117}},"8":{"start":{"line":14,"column":0},"end":{"line":14,"column":105}},"9":{"start":{"line":15,"column":0},"end":{"line":15,"column":95}},"10":{"start":{"line":18,"column":0},"end":{"line":18,"column":86}},"11":{"start":{"line":20,"column":0},"end":{"line":20,"column":92}},"12":{"start":{"line":21,"column":0},"end":{"line":21,"column":124}},"13":{"start":{"line":23,"column":0},"end":{"line":23,"column":57}},"14":{"start":{"line":25,"column":0},"end":{"line":25,"column":102}},"15":{"start":{"line":28,"column":0},"end":{"line":28,"column":24}}},"fnMap":{},"branchMap":{},"s":{"0":7,"1":7,"2":7,"3":7,"4":7,"5":7,"6":7,"7":7,"8":7,"9":7,"10":7,"11":7,"12":7,"13":7,"14":7,"15":7},"f":{},"b":{},"_coverageSchema":"1a1c01bbd47fc00a2c39e90264f33305004495a9","hash":"c4519e5416ded4269923a376d269ae65e7d7a61e"}
,"/Users/dgs/IdeaProjects/team_SA1_ESN/routes/usersList.js": {"path":"/Users/dgs/IdeaProjects/team_SA1_ESN/routes/usersList.js","statementMap":{"0":{"start":{"line":1,"column":16},"end":{"line":1,"column":34}},"1":{"start":{"line":2,"column":15},"end":{"line":2,"column":35}},"2":{"start":{"line":3,"column":27},"end":{"line":3,"column":84}},"3":{"start":{"line":4,"column":19},"end":{"line":4,"column":41}},"4":{"start":{"line":5,"column":25},"end":{"line":5,"column":61}},"5":{"start":{"line":8,"column":19},"end":{"line":8,"column":36}},"6":{"start":{"line":10,"column":27},"end":{"line":10,"column":51}},"7":{"start":{"line":13,"column":0},"end":{"line":13,"column":95}},"8":{"start":{"line":16,"column":0},"end":{"line":16,"column":24}}},"fnMap":{},"branchMap":{},"s":{"0":7,"1":7,"2":7,"3":7,"4":7,"5":7,"6":7,"7":7,"8":7},"f":{},"b":{},"_coverageSchema":"1a1c01bbd47fc00a2c39e90264f33305004495a9","hash":"36caa52455a21cdf281764f3c3424b5a8e034b29"}
,"/Users/dgs/IdeaProjects/team_SA1_ESN/utils/Roles.js": {"path":"/Users/dgs/IdeaProjects/team_SA1_ESN/utils/Roles.js","statementMap":{"0":{"start":{"line":3,"column":8},"end":{"line":7,"column":9}},"1":{"start":{"line":4,"column":12},"end":{"line":4,"column":24}},"2":{"start":{"line":6,"column":12},"end":{"line":6,"column":25}},"3":{"start":{"line":11,"column":8},"end":{"line":15,"column":9}},"4":{"start":{"line":12,"column":12},"end":{"line":12,"column":24}},"5":{"start":{"line":14,"column":12},"end":{"line":14,"column":25}},"6":{"start":{"line":19,"column":8},"end":{"line":23,"column":9}},"7":{"start":{"line":20,"column":12},"end":{"line":20,"column":24}},"8":{"start":{"line":22,"column":12},"end":{"line":22,"column":25}},"9":{"start":{"line":27,"column":0},"end":{"line":27,"column":23}}},"fnMap":{"0":{"name":"(anonymous_0)","decl":{"start":{"line":2,"column":4},"end":{"line":2,"column":5}},"loc":{"start":{"line":2,"column":33},"end":{"line":8,"column":5}},"line":2},"1":{"name":"(anonymous_1)","decl":{"start":{"line":10,"column":4},"end":{"line":10,"column":5}},"loc":{"start":{"line":10,"column":27},"end":{"line":16,"column":5}},"line":10},"2":{"name":"(anonymous_2)","decl":{"start":{"line":18,"column":4},"end":{"line":18,"column":5}},"loc":{"start":{"line":18,"column":31},"end":{"line":24,"column":5}},"line":18}},"branchMap":{"0":{"loc":{"start":{"line":3,"column":8},"end":{"line":7,"column":9}},"type":"if","locations":[{"start":{"line":3,"column":8},"end":{"line":7,"column":9}},{"start":{"line":3,"column":8},"end":{"line":7,"column":9}}],"line":3},"1":{"loc":{"start":{"line":11,"column":8},"end":{"line":15,"column":9}},"type":"if","locations":[{"start":{"line":11,"column":8},"end":{"line":15,"column":9}},{"start":{"line":11,"column":8},"end":{"line":15,"column":9}}],"line":11},"2":{"loc":{"start":{"line":19,"column":8},"end":{"line":23,"column":9}},"type":"if","locations":[{"start":{"line":19,"column":8},"end":{"line":23,"column":9}},{"start":{"line":19,"column":8},"end":{"line":23,"column":9}}],"line":19}},"s":{"0":7,"1":0,"2":7,"3":0,"4":0,"5":0,"6":0,"7":0,"8":0,"9":7},"f":{"0":7,"1":0,"2":0},"b":{"0":[0,7],"1":[0,0],"2":[0,0]},"_coverageSchema":"1a1c01bbd47fc00a2c39e90264f33305004495a9","hash":"c95310e6c47a9f58eb4c513fb0fcfe6f9d28680b"}
,"/Users/dgs/IdeaProjects/team_SA1_ESN/utils/SocketIO.js": {"path":"/Users/dgs/IdeaProjects/team_SA1_ESN/utils/SocketIO.js","statementMap":{"0":{"start":{"line":3,"column":8},"end":{"line":3,"column":27}},"1":{"start":{"line":6,"column":8},"end":{"line":6,"column":50}},"2":{"start":{"line":7,"column":8},"end":{"line":7,"column":47}},"3":{"start":{"line":11,"column":0},"end":{"line":11,"column":26}}},"fnMap":{"0":{"name":"(anonymous_0)","decl":{"start":{"line":2,"column":4},"end":{"line":2,"column":5}},"loc":{"start":{"line":2,"column":20},"end":{"line":4,"column":5}},"line":2},"1":{"name":"(anonymous_1)","decl":{"start":{"line":5,"column":4},"end":{"line":5,"column":5}},"loc":{"start":{"line":5,"column":36},"end":{"line":8,"column":5}},"line":5}},"branchMap":{},"s":{"0":11,"1":11,"2":11,"3":7},"f":{"0":11,"1":11},"b":{},"_coverageSchema":"1a1c01bbd47fc00a2c39e90264f33305004495a9","hash":"cac609993f9efa962aaf076ed24f1bb783c7146c"}
,"/Users/dgs/IdeaProjects/team_SA1_ESN/utils/StopWords.js": {"path":"/Users/dgs/IdeaProjects/team_SA1_ESN/utils/StopWords.js","statementMap":{"0":{"start":{"line":1,"column":18},"end":{"line":1,"column":48}},"1":{"start":{"line":3,"column":23},"end":{"line":29,"column":198}},"2":{"start":{"line":31,"column":20},"end":{"line":31,"column":41}},"3":{"start":{"line":41,"column":8},"end":{"line":41,"column":42}},"4":{"start":{"line":42,"column":8},"end":{"line":42,"column":36}},"5":{"start":{"line":43,"column":8},"end":{"line":43,"column":51}},"6":{"start":{"line":47,"column":0},"end":{"line":47,"column":26}}},"fnMap":{"0":{"name":"(anonymous_0)","decl":{"start":{"line":40,"column":4},"end":{"line":40,"column":5}},"loc":{"start":{"line":40,"column":42},"end":{"line":44,"column":5}},"line":40}},"branchMap":{},"s":{"0":10,"1":10,"2":10,"3":8,"4":8,"5":8,"6":10},"f":{"0":8},"b":{},"_coverageSchema":"1a1c01bbd47fc00a2c39e90264f33305004495a9","hash":"57a8746c89feb234c17a0217be6f65bbcba1cdab"}
}
