TN:
SF:app.js
FN:81,(anonymous_0)
FN:91,(anonymous_1)
FN:131,(anonymous_2)
FN:138,(anonymous_3)
FNF:4
FNH:1
FNDA:0,(anonymous_0)
FNDA:62,(anonymous_1)
FNDA:0,(anonymous_2)
FNDA:0,(anonymous_3)
DA:1,7
DA:2,7
DA:3,7
DA:4,7
DA:5,7
DA:6,7
DA:7,7
DA:8,7
DA:9,7
DA:10,7
DA:11,7
DA:12,7
DA:13,7
DA:14,7
DA:15,7
DA:16,7
DA:17,7
DA:18,7
DA:19,7
DA:21,7
DA:30,7
DA:37,7
DA:44,7
DA:45,7
DA:46,7
DA:79,7
DA:80,7
DA:81,7
DA:84,0
DA:91,7
DA:92,62
DA:93,62
DA:97,7
DA:102,7
DA:104,7
DA:106,7
DA:107,7
DA:108,7
DA:109,7
DA:110,7
DA:111,7
DA:113,7
DA:114,7
DA:115,7
DA:117,7
DA:118,7
DA:119,7
DA:120,7
DA:121,7
DA:122,7
DA:123,7
DA:124,7
DA:125,7
DA:126,7
DA:131,7
DA:138,7
DA:142,0
DA:144,0
DA:145,0
DA:147,7
DA:149,7
LF:61
LH:57
BRDA:142,0,0,0
BRDA:142,0,1,0
BRDA:144,1,0,0
BRDA:144,1,1,0
BRF:4
BRH:0
end_of_record
TN:
SF:constants.js
FNF:0
FNH:0
DA:1,13
LF:1
LH:1
BRF:0
BRH:0
end_of_record
TN:
SF:controllers/AnnouncementController.js
FN:12,(anonymous_0)
FN:19,(anonymous_1)
FN:28,(anonymous_2)
FN:44,(anonymous_3)
FN:58,(anonymous_4)
FN:61,(anonymous_5)
FN:69,(anonymous_6)
FN:72,(anonymous_7)
FNF:8
FNH:3
FNDA:0,(anonymous_0)
FNDA:0,(anonymous_1)
FNDA:0,(anonymous_2)
FNDA:2,(anonymous_3)
FNDA:1,(anonymous_4)
FNDA:0,(anonymous_5)
FNDA:1,(anonymous_6)
FNDA:0,(anonymous_7)
DA:1,7
DA:13,0
DA:14,0
DA:15,0
DA:16,0
DA:19,0
DA:20,0
DA:26,0
DA:27,0
DA:45,2
DA:46,2
DA:47,2
DA:48,2
DA:49,2
DA:51,2
DA:52,1
DA:55,0
DA:58,1
DA:59,1
DA:60,1
DA:68,1
DA:69,1
DA:70,1
DA:71,1
DA:81,7
LF:25
LH:16
BRDA:51,0,0,1
BRDA:51,0,1,1
BRDA:51,1,0,2
BRDA:51,1,1,1
BRDA:51,1,2,1
BRDA:51,1,3,1
BRDA:52,2,0,0
BRDA:52,2,1,1
BRDA:52,3,0,1
BRDA:52,3,1,0
BRF:10
BRH:8
end_of_record
TN:
SF:controllers/ChatMessagesController.js
FN:15,(anonymous_0)
FN:32,(anonymous_1)
FN:43,(anonymous_2)
FN:69,(anonymous_3)
FN:90,(anonymous_4)
FN:101,(anonymous_5)
FN:106,(anonymous_6)
FN:114,(anonymous_7)
FN:116,(anonymous_8)
FNF:9
FNH:6
FNDA:3,(anonymous_0)
FNDA:1,(anonymous_1)
FNDA:1,(anonymous_2)
FNDA:0,(anonymous_3)
FNDA:5,(anonymous_4)
FNDA:2,(anonymous_5)
FNDA:0,(anonymous_6)
FNDA:3,(anonymous_7)
FNDA:0,(anonymous_8)
DA:1,7
DA:2,7
DA:3,7
DA:16,3
DA:17,3
DA:18,1
DA:22,2
DA:23,1
DA:27,1
DA:28,1
DA:29,1
DA:30,1
DA:32,1
DA:33,1
DA:40,1
DA:42,1
DA:45,1
DA:58,1
DA:59,1
DA:91,5
DA:92,5
DA:93,5
DA:95,5
DA:96,5
DA:98,5
DA:100,2
DA:103,2
DA:104,2
DA:109,0
DA:113,3
DA:115,3
DA:125,7
LF:32
LH:31
BRDA:17,0,0,1
BRDA:17,0,1,2
BRDA:22,1,0,1
BRDA:22,1,1,1
BRDA:98,2,0,2
BRDA:98,2,1,3
BRDA:98,3,0,5
BRDA:98,3,1,2
BRF:8
BRH:8
end_of_record
TN:
SF:controllers/EmergencyStatusDetailController.js
FN:13,(anonymous_0)
FN:16,(anonymous_1)
FN:19,(anonymous_2)
FN:29,(anonymous_3)
FN:35,(anonymous_4)
FN:38,(anonymous_5)
FN:48,(anonymous_6)
FN:52,(anonymous_7)
FN:55,(anonymous_8)
FN:65,(anonymous_9)
FN:72,(anonymous_10)
FN:75,(anonymous_11)
FN:85,(anonymous_12)
FN:90,(anonymous_13)
FN:93,(anonymous_14)
FN:103,(anonymous_15)
FN:106,(anonymous_16)
FN:108,(anonymous_17)
FN:115,(anonymous_18)
FNF:19
FNH:13
FNDA:2,(anonymous_0)
FNDA:2,(anonymous_1)
FNDA:0,(anonymous_2)
FNDA:2,(anonymous_3)
FNDA:2,(anonymous_4)
FNDA:0,(anonymous_5)
FNDA:1,(anonymous_6)
FNDA:1,(anonymous_7)
FNDA:0,(anonymous_8)
FNDA:1,(anonymous_9)
FNDA:1,(anonymous_10)
FNDA:0,(anonymous_11)
FNDA:1,(anonymous_12)
FNDA:1,(anonymous_13)
FNDA:0,(anonymous_14)
FNDA:1,(anonymous_15)
FNDA:1,(anonymous_16)
FNDA:1,(anonymous_17)
FNDA:0,(anonymous_18)
DA:1,7
DA:2,7
DA:14,2
DA:15,2
DA:17,2
DA:18,2
DA:20,0
DA:30,2
DA:31,2
DA:32,2
DA:34,2
DA:36,2
DA:37,2
DA:39,0
DA:49,1
DA:51,1
DA:53,1
DA:54,1
DA:56,0
DA:66,1
DA:67,1
DA:68,1
DA:69,1
DA:71,1
DA:73,1
DA:74,1
DA:76,0
DA:86,1
DA:87,1
DA:89,1
DA:91,1
DA:92,1
DA:94,0
DA:104,1
DA:105,1
DA:107,1
DA:108,1
DA:109,1
DA:110,0
DA:113,1
DA:114,1
DA:116,0
DA:121,7
LF:43
LH:36
BRDA:109,0,0,0
BRDA:109,0,1,1
BRF:2
BRH:1
end_of_record
TN:
SF:controllers/PrivateChatMessagesController.js
FN:15,(anonymous_0)
FN:40,(anonymous_1)
FN:45,(anonymous_2)
FN:52,(anonymous_3)
FN:70,(anonymous_4)
FN:84,(anonymous_5)
FN:115,(anonymous_6)
FN:145,searchPrivateMessage
FN:150,(anonymous_8)
FN:152,(anonymous_9)
FN:165,getAllPrivateMessage
FN:169,(anonymous_11)
FN:172,(anonymous_12)
FN:177,(anonymous_13)
FNF:14
FNH:11
FNDA:1,(anonymous_0)
FNDA:1,(anonymous_1)
FNDA:1,(anonymous_2)
FNDA:1,(anonymous_3)
FNDA:0,(anonymous_4)
FNDA:2,(anonymous_5)
FNDA:2,(anonymous_6)
FNDA:1,searchPrivateMessage
FNDA:1,(anonymous_8)
FNDA:0,(anonymous_9)
FNDA:1,getAllPrivateMessage
FNDA:1,(anonymous_11)
FNDA:1,(anonymous_12)
FNDA:0,(anonymous_13)
DA:1,7
DA:2,7
DA:3,7
DA:16,1
DA:17,1
DA:18,1
DA:20,1
DA:21,0
DA:25,1
DA:26,0
DA:30,1
DA:31,0
DA:36,1
DA:37,1
DA:38,1
DA:40,1
DA:42,1
DA:44,1
DA:47,1
DA:49,1
DA:51,1
DA:54,1
DA:55,1
DA:57,1
DA:59,1
DA:85,2
DA:87,2
DA:88,0
DA:92,2
DA:93,0
DA:97,2
DA:99,1
DA:102,1
DA:117,2
DA:146,1
DA:147,1
DA:148,1
DA:149,1
DA:150,1
DA:151,1
DA:153,0
DA:154,0
DA:166,1
DA:167,1
DA:168,1
DA:169,1
DA:170,1
DA:171,1
DA:174,1
DA:175,1
DA:176,1
DA:184,7
LF:52
LH:45
BRDA:20,0,0,0
BRDA:20,0,1,1
BRDA:25,1,0,0
BRDA:25,1,1,1
BRDA:30,2,0,0
BRDA:30,2,1,1
BRDA:87,3,0,0
BRDA:87,3,1,2
BRDA:92,4,0,0
BRDA:92,4,1,2
BRDA:97,5,0,1
BRDA:97,5,1,1
BRDA:97,6,0,2
BRDA:97,6,1,1
BRDA:117,7,0,0
BRDA:117,7,1,2
BRDA:117,8,0,2
BRDA:117,8,1,0
BRDA:147,9,0,1
BRDA:147,9,1,0
BRF:20
BRH:12
end_of_record
TN:
SF:controllers/ResourceController.js
FN:14,(anonymous_0)
FN:49,(anonymous_1)
FN:51,(anonymous_2)
FN:58,(anonymous_3)
FN:76,(anonymous_4)
FN:89,(anonymous_5)
FN:95,(anonymous_6)
FN:99,(anonymous_7)
FN:107,(anonymous_8)
FN:111,(anonymous_9)
FNF:10
FNH:7
FNDA:5,(anonymous_0)
FNDA:5,(anonymous_1)
FNDA:5,(anonymous_2)
FNDA:5,(anonymous_3)
FNDA:0,(anonymous_4)
FNDA:2,(anonymous_5)
FNDA:1,(anonymous_6)
FNDA:0,(anonymous_7)
FNDA:1,(anonymous_8)
FNDA:0,(anonymous_9)
DA:1,7
DA:2,7
DA:3,7
DA:15,5
DA:16,5
DA:17,5
DA:19,5
DA:20,5
DA:22,5
DA:23,5
DA:24,5
DA:25,5
DA:26,5
DA:27,5
DA:28,5
DA:29,5
DA:31,5
DA:32,5
DA:37,5
DA:38,0
DA:39,0
DA:41,5
DA:42,5
DA:45,5
DA:48,5
DA:50,5
DA:54,5
DA:57,5
DA:60,5
DA:72,5
DA:73,5
DA:77,0
DA:90,2
DA:93,2
DA:94,1
DA:96,1
DA:97,1
DA:100,0
DA:106,1
DA:108,1
DA:109,1
DA:112,0
DA:120,7
LF:43
LH:38
BRDA:37,0,0,0
BRDA:37,0,1,5
BRDA:93,1,0,1
BRDA:93,1,1,1
BRF:4
BRH:3
end_of_record
TN:
SF:controllers/SpamReportController.js
FN:15,(anonymous_0)
FN:30,(anonymous_1)
FN:35,(anonymous_2)
FN:46,(anonymous_3)
FN:58,(anonymous_4)
FN:63,(anonymous_5)
FN:74,(anonymous_6)
FNF:7
FNH:5
FNDA:2,(anonymous_0)
FNDA:1,(anonymous_1)
FNDA:1,(anonymous_2)
FNDA:0,(anonymous_3)
FNDA:1,(anonymous_4)
FNDA:1,(anonymous_5)
FNDA:0,(anonymous_6)
DA:1,7
DA:2,7
DA:3,7
DA:4,7
DA:16,2
DA:17,2
DA:18,2
DA:20,2
DA:21,2
DA:22,2
DA:23,2
DA:25,2
DA:26,1
DA:27,1
DA:29,1
DA:31,1
DA:32,1
DA:33,1
DA:36,1
DA:43,1
DA:44,1
DA:49,0
DA:54,1
DA:55,1
DA:57,1
DA:59,1
DA:60,1
DA:61,1
DA:64,1
DA:71,1
DA:72,1
DA:83,7
LF:32
LH:31
BRDA:18,0,0,1
BRDA:18,0,1,1
BRDA:25,1,0,1
BRDA:25,1,1,1
BRF:4
BRH:4
end_of_record
TN:
SF:controllers/UserListController.js
FNF:0
FNH:0
DA:15,7
LF:1
LH:1
BRF:0
BRH:0
end_of_record
TN:
SF:controllers/usersController.js
FN:14,(anonymous_0)
FN:28,(anonymous_1)
FN:37,(anonymous_2)
FN:39,(anonymous_3)
FN:41,(anonymous_4)
FN:47,(anonymous_5)
FN:50,(anonymous_6)
FN:60,(anonymous_7)
FN:62,(anonymous_8)
FN:68,(anonymous_9)
FN:77,(anonymous_10)
FN:91,(anonymous_11)
FN:95,(anonymous_12)
FN:99,(anonymous_13)
FN:105,(anonymous_14)
FN:119,(anonymous_15)
FN:124,(anonymous_16)
FN:128,(anonymous_17)
FN:143,(anonymous_18)
FN:151,(anonymous_19)
FN:154,(anonymous_20)
FN:157,(anonymous_21)
FN:167,(anonymous_22)
FN:171,(anonymous_23)
FN:173,(anonymous_24)
FN:176,(anonymous_25)
FN:187,(anonymous_26)
FN:191,(anonymous_27)
FN:193,(anonymous_28)
FN:196,(anonymous_29)
FN:209,(anonymous_30)
FN:220,(anonymous_31)
FN:222,(anonymous_32)
FN:229,(anonymous_33)
FN:231,(anonymous_34)
FNF:35
FNH:23
FNDA:16,(anonymous_0)
FNDA:16,(anonymous_1)
FNDA:14,(anonymous_2)
FNDA:14,(anonymous_3)
FNDA:14,(anonymous_4)
FNDA:14,(anonymous_5)
FNDA:1,(anonymous_6)
FNDA:1,(anonymous_7)
FNDA:1,(anonymous_8)
FNDA:0,(anonymous_9)
FNDA:0,(anonymous_10)
FNDA:2,(anonymous_11)
FNDA:2,(anonymous_12)
FNDA:2,(anonymous_13)
FNDA:0,(anonymous_14)
FNDA:1,(anonymous_15)
FNDA:1,(anonymous_16)
FNDA:0,(anonymous_17)
FNDA:0,(anonymous_18)
FNDA:0,(anonymous_19)
FNDA:0,(anonymous_20)
FNDA:0,(anonymous_21)
FNDA:2,(anonymous_22)
FNDA:2,(anonymous_23)
FNDA:2,(anonymous_24)
FNDA:0,(anonymous_25)
FNDA:1,(anonymous_26)
FNDA:1,(anonymous_27)
FNDA:1,(anonymous_28)
FNDA:0,(anonymous_29)
FNDA:3,(anonymous_30)
FNDA:2,(anonymous_31)
FNDA:0,(anonymous_32)
FNDA:1,(anonymous_33)
FNDA:0,(anonymous_34)
DA:1,7
DA:2,7
DA:15,16
DA:17,16
DA:18,0
DA:20,16
DA:21,1
DA:24,16
DA:27,16
DA:29,16
DA:31,16
DA:32,15
DA:33,15
DA:36,15
DA:38,14
DA:40,14
DA:42,14
DA:43,14
DA:44,14
DA:45,14
DA:46,14
DA:48,14
DA:49,14
DA:51,1
DA:52,1
DA:53,1
DA:59,1
DA:61,1
DA:63,1
DA:64,1
DA:65,1
DA:66,1
DA:67,1
DA:71,0
DA:72,0
DA:80,0
DA:92,2
DA:93,2
DA:95,2
DA:96,2
DA:97,2
DA:100,2
DA:101,2
DA:102,2
DA:103,2
DA:104,2
DA:121,1
DA:123,1
DA:125,1
DA:126,1
DA:127,1
DA:144,0
DA:145,0
DA:147,0
DA:148,0
DA:151,0
DA:152,0
DA:155,0
DA:156,0
DA:158,0
DA:168,2
DA:169,2
DA:171,2
DA:172,2
DA:174,2
DA:175,2
DA:188,1
DA:189,1
DA:191,1
DA:192,1
DA:194,1
DA:195,1
DA:199,0
DA:210,3
DA:211,3
DA:212,3
DA:213,3
DA:215,3
DA:217,2
DA:221,2
DA:225,0
DA:229,1
DA:230,1
DA:234,0
DA:239,7
LF:85
LH:69
BRDA:17,0,0,0
BRDA:17,0,1,16
BRDA:20,1,0,1
BRDA:20,1,1,15
BRDA:31,2,0,15
BRDA:31,2,1,1
BRDA:144,3,0,0
BRDA:144,3,1,0
BRDA:215,4,0,2
BRDA:215,4,1,1
BRDA:215,5,0,3
BRDA:215,5,1,1
BRDA:215,5,2,2
BRDA:215,5,3,1
BRF:14
BRH:11
end_of_record
TN:
SF:middleware/RBAC.js
FN:9,(anonymous_0)
FN:10,(anonymous_1)
FN:14,(anonymous_2)
FN:20,(anonymous_3)
FN:21,(anonymous_4)
FN:24,(anonymous_5)
FN:30,(anonymous_6)
FN:48,(anonymous_7)
FN:59,(anonymous_8)
FNF:9
FNH:6
FNDA:41,(anonymous_0)
FNDA:41,(anonymous_1)
FNDA:0,(anonymous_2)
FNDA:46,(anonymous_3)
FNDA:41,(anonymous_4)
FNDA:0,(anonymous_5)
FNDA:46,(anonymous_6)
FNDA:41,(anonymous_7)
FNDA:0,(anonymous_8)
DA:1,7
DA:2,7
DA:3,7
DA:4,7
DA:10,41
DA:12,41
DA:13,41
DA:15,0
DA:21,46
DA:22,41
DA:23,41
DA:25,0
DA:31,46
DA:32,46
DA:33,46
DA:34,46
DA:35,46
DA:36,41
DA:37,41
DA:38,41
DA:40,41
DA:41,4
DA:42,0
DA:46,41
DA:47,41
DA:49,41
DA:51,39
DA:53,39
DA:56,2
DA:61,0
DA:64,0
DA:69,7
LF:32
LH:27
BRDA:40,0,0,4
BRDA:40,0,1,37
BRDA:40,1,0,41
BRDA:40,1,1,5
BRDA:41,2,0,0
BRDA:41,2,1,4
BRDA:41,3,0,4
BRDA:41,3,1,0
BRDA:46,4,0,41
BRDA:46,4,1,0
BRDA:49,5,0,39
BRDA:49,5,1,2
BRF:12
BRH:9
end_of_record
TN:
SF:middleware/TokenServer.js
FN:15,(anonymous_0)
FN:16,(anonymous_1)
FN:34,(anonymous_2)
FN:40,(anonymous_3)
FN:45,(anonymous_4)
FN:63,(anonymous_5)
FN:64,(anonymous_6)
FNF:7
FNH:6
FNDA:46,(anonymous_0)
FNDA:46,(anonymous_1)
FNDA:46,(anonymous_2)
FNDA:46,(anonymous_3)
FNDA:0,(anonymous_4)
FNDA:32,(anonymous_5)
FNDA:32,(anonymous_6)
DA:1,13
DA:2,13
DA:3,13
DA:4,13
DA:16,46
DA:17,46
DA:18,46
DA:19,46
DA:35,46
DA:36,46
DA:37,46
DA:38,46
DA:39,46
DA:41,46
DA:42,46
DA:43,46
DA:48,0
DA:53,0
DA:64,32
DA:67,32
DA:68,16
DA:69,16
DA:71,16
DA:72,16
DA:74,32
DA:81,32
DA:102,13
LF:27
LH:25
BRDA:38,0,0,46
BRDA:38,0,1,0
BRDA:67,1,0,16
BRDA:67,1,1,16
BRF:4
BRH:3
end_of_record
TN:
SF:middleware/rbacRules.js
FNF:0
FNH:0
DA:1,7
DA:26,7
LF:2
LH:2
BRF:0
BRH:0
end_of_record
TN:
SF:model/announcement.js
FN:12,(anonymous_0)
FN:23,(anonymous_1)
FN:24,(anonymous_2)
FN:36,(anonymous_3)
FN:40,(anonymous_4)
FN:54,(anonymous_5)
FN:55,(anonymous_6)
FN:61,(anonymous_7)
FN:64,(anonymous_8)
FN:80,(anonymous_9)
FN:81,(anonymous_10)
FN:84,(anonymous_11)
FN:94,(anonymous_12)
FN:97,(anonymous_13)
FNF:14
FNH:11
FNDA:6,(anonymous_0)
FNDA:6,(anonymous_1)
FNDA:6,(anonymous_2)
FNDA:6,(anonymous_3)
FNDA:0,(anonymous_4)
FNDA:2,(anonymous_5)
FNDA:2,(anonymous_6)
FNDA:2,(anonymous_7)
FNDA:0,(anonymous_8)
FNDA:2,(anonymous_9)
FNDA:2,(anonymous_10)
FNDA:2,(anonymous_11)
FNDA:2,(anonymous_12)
FNDA:0,(anonymous_13)
DA:1,8
DA:2,8
DA:3,8
DA:13,6
DA:14,6
DA:15,6
DA:16,6
DA:24,6
DA:26,6
DA:27,1
DA:30,6
DA:35,6
DA:37,6
DA:38,6
DA:43,0
DA:55,2
DA:56,2
DA:62,2
DA:68,0
DA:81,2
DA:82,2
DA:83,2
DA:84,2
DA:85,2
DA:86,2
DA:95,2
DA:100,0
DA:108,8
LF:28
LH:25
BRDA:26,0,0,1
BRDA:26,0,1,5
BRF:2
BRH:2
end_of_record
TN:
SF:model/chatMessage.js
FN:15,(anonymous_0)
FN:26,(anonymous_1)
FN:27,(anonymous_2)
FN:34,(anonymous_3)
FN:39,(anonymous_4)
FN:52,(anonymous_5)
FN:53,(anonymous_6)
FN:56,(anonymous_7)
FN:59,(anonymous_8)
FN:71,(anonymous_9)
FN:72,(anonymous_10)
FN:73,(anonymous_11)
FN:77,(anonymous_12)
FN:79,(anonymous_13)
FN:92,(anonymous_14)
FN:93,(anonymous_15)
FN:96,(anonymous_16)
FN:98,(anonymous_17)
FN:111,(anonymous_18)
FN:112,(anonymous_19)
FN:113,(anonymous_20)
FN:121,(anonymous_21)
FN:123,(anonymous_22)
FNF:23
FNH:18
FNDA:19,(anonymous_0)
FNDA:13,(anonymous_1)
FNDA:13,(anonymous_2)
FNDA:13,(anonymous_3)
FNDA:0,(anonymous_4)
FNDA:4,(anonymous_5)
FNDA:4,(anonymous_6)
FNDA:4,(anonymous_7)
FNDA:0,(anonymous_8)
FNDA:4,(anonymous_9)
FNDA:4,(anonymous_10)
FNDA:4,(anonymous_11)
FNDA:4,(anonymous_12)
FNDA:0,(anonymous_13)
FNDA:3,(anonymous_14)
FNDA:3,(anonymous_15)
FNDA:3,(anonymous_16)
FNDA:0,(anonymous_17)
FNDA:2,(anonymous_18)
FNDA:2,(anonymous_19)
FNDA:2,(anonymous_20)
FNDA:2,(anonymous_21)
FNDA:0,(anonymous_22)
DA:1,8
DA:2,8
DA:3,8
DA:16,19
DA:17,19
DA:18,19
DA:19,19
DA:27,13
DA:28,13
DA:33,13
DA:35,13
DA:36,13
DA:37,13
DA:42,0
DA:43,0
DA:53,4
DA:54,4
DA:57,4
DA:62,0
DA:72,4
DA:73,4
DA:74,4
DA:78,4
DA:93,3
DA:94,3
DA:97,3
DA:112,2
DA:113,2
DA:118,2
DA:119,2
DA:120,2
DA:122,2
DA:131,8
LF:33
LH:30
BRDA:19,0,0,19
BRDA:19,0,1,13
BRF:2
BRH:2
end_of_record
TN:
SF:model/emergencyStatusDetail.js
FN:9,(anonymous_0)
FN:20,(anonymous_1)
FN:21,(anonymous_2)
FN:29,(anonymous_3)
FN:34,(anonymous_4)
FN:47,(anonymous_5)
FN:48,(anonymous_6)
FN:51,(anonymous_7)
FN:53,(anonymous_8)
FN:66,(anonymous_9)
FN:67,(anonymous_10)
FN:77,(anonymous_11)
FN:79,(anonymous_12)
FN:90,(anonymous_13)
FN:91,(anonymous_14)
FN:93,(anonymous_15)
FN:98,(anonymous_16)
FN:114,(anonymous_17)
FN:115,(anonymous_18)
FN:123,(anonymous_19)
FN:128,(anonymous_20)
FN:142,(anonymous_21)
FN:143,(anonymous_22)
FN:147,(anonymous_23)
FN:149,(anonymous_24)
FN:160,(anonymous_25)
FN:161,(anonymous_26)
FN:163,(anonymous_27)
FN:165,(anonymous_28)
FNF:29
FNH:22
FNDA:15,(anonymous_0)
FNDA:15,(anonymous_1)
FNDA:15,(anonymous_2)
FNDA:15,(anonymous_3)
FNDA:0,(anonymous_4)
FNDA:3,(anonymous_5)
FNDA:3,(anonymous_6)
FNDA:3,(anonymous_7)
FNDA:0,(anonymous_8)
FNDA:4,(anonymous_9)
FNDA:4,(anonymous_10)
FNDA:4,(anonymous_11)
FNDA:0,(anonymous_12)
FNDA:2,(anonymous_13)
FNDA:2,(anonymous_14)
FNDA:2,(anonymous_15)
FNDA:0,(anonymous_16)
FNDA:2,(anonymous_17)
FNDA:2,(anonymous_18)
FNDA:2,(anonymous_19)
FNDA:0,(anonymous_20)
FNDA:2,(anonymous_21)
FNDA:2,(anonymous_22)
FNDA:2,(anonymous_23)
FNDA:0,(anonymous_24)
FNDA:2,(anonymous_25)
FNDA:2,(anonymous_26)
FNDA:2,(anonymous_27)
FNDA:0,(anonymous_28)
DA:1,8
DA:2,8
DA:10,15
DA:11,15
DA:12,15
DA:13,15
DA:21,15
DA:22,15
DA:28,15
DA:30,15
DA:31,15
DA:32,15
DA:35,0
DA:36,0
DA:37,0
DA:48,3
DA:49,3
DA:52,3
DA:54,0
DA:67,4
DA:68,4
DA:70,4
DA:71,2
DA:73,2
DA:75,4
DA:78,4
DA:80,0
DA:91,2
DA:92,2
DA:94,2
DA:95,2
DA:96,2
DA:99,0
DA:100,0
DA:101,0
DA:115,2
DA:116,2
DA:122,2
DA:124,2
DA:125,2
DA:126,2
DA:129,0
DA:130,0
DA:131,0
DA:143,2
DA:144,2
DA:145,2
DA:148,2
DA:150,0
DA:161,2
DA:162,2
DA:164,2
DA:166,0
DA:172,8
LF:54
LH:41
BRDA:70,0,0,2
BRDA:70,0,1,2
BRF:2
BRH:2
end_of_record
TN:
SF:model/model.js
FNF:0
FNH:0
DA:1,14
DA:2,14
DA:4,14
DA:8,14
DA:70,14
DA:75,14
DA:89,14
DA:91,14
DA:102,14
DA:113,14
DA:127,14
DA:129,14
DA:138,14
DA:140,14
DA:150,14
DA:168,14
DA:169,14
DA:170,14
DA:171,14
DA:172,14
DA:173,14
DA:174,14
DA:175,14
DA:177,14
LF:24
LH:24
BRF:0
BRH:0
end_of_record
TN:
SF:model/privateChatMessage.js
FN:9,(anonymous_0)
FN:21,(anonymous_1)
FN:22,(anonymous_2)
FN:33,(anonymous_3)
FN:37,(anonymous_4)
FN:52,(anonymous_5)
FN:53,(anonymous_6)
FN:70,(anonymous_7)
FN:72,(anonymous_8)
FN:89,(anonymous_9)
FN:90,(anonymous_10)
FN:92,(anonymous_11)
FN:102,(anonymous_12)
FN:105,(anonymous_13)
FNF:14
FNH:11
FNDA:8,(anonymous_0)
FNDA:4,(anonymous_1)
FNDA:4,(anonymous_2)
FNDA:4,(anonymous_3)
FNDA:0,(anonymous_4)
FNDA:2,(anonymous_5)
FNDA:2,(anonymous_6)
FNDA:2,(anonymous_7)
FNDA:0,(anonymous_8)
FNDA:2,(anonymous_9)
FNDA:2,(anonymous_10)
FNDA:2,(anonymous_11)
FNDA:2,(anonymous_12)
FNDA:0,(anonymous_13)
DA:1,8
DA:2,8
DA:10,8
DA:11,8
DA:12,8
DA:13,8
DA:14,8
DA:22,4
DA:23,4
DA:27,4
DA:33,4
DA:34,4
DA:35,4
DA:36,4
DA:40,0
DA:41,0
DA:53,2
DA:54,2
DA:71,2
DA:75,0
DA:90,2
DA:91,2
DA:92,2
DA:93,2
DA:94,2
DA:103,2
DA:108,0
DA:114,8
LF:28
LH:24
BRDA:14,0,0,8
BRDA:14,0,1,7
BRDA:23,1,0,0
BRDA:23,1,1,4
BRF:4
BRH:3
end_of_record
TN:
SF:model/resource.js
FN:9,(anonymous_0)
FN:26,(anonymous_1)
FN:27,(anonymous_2)
FN:52,(anonymous_3)
FN:55,(anonymous_4)
FN:67,(anonymous_5)
FN:68,(anonymous_6)
FN:75,(anonymous_7)
FN:78,(anonymous_8)
FN:90,(anonymous_9)
FN:91,(anonymous_10)
FN:94,(anonymous_11)
FN:97,(anonymous_12)
FNF:13
FNH:10
FNDA:10,(anonymous_0)
FNDA:10,(anonymous_1)
FNDA:10,(anonymous_2)
FNDA:9,(anonymous_3)
FNDA:0,(anonymous_4)
FNDA:2,(anonymous_5)
FNDA:2,(anonymous_6)
FNDA:2,(anonymous_7)
FNDA:0,(anonymous_8)
FNDA:2,(anonymous_9)
FNDA:2,(anonymous_10)
FNDA:2,(anonymous_11)
FNDA:0,(anonymous_12)
DA:1,8
DA:2,8
DA:10,10
DA:11,10
DA:12,10
DA:13,10
DA:14,10
DA:15,10
DA:16,10
DA:17,10
DA:18,10
DA:19,10
DA:27,10
DA:29,10
DA:31,1
DA:34,9
DA:51,9
DA:53,9
DA:56,0
DA:57,0
DA:68,2
DA:69,2
DA:76,2
DA:79,0
DA:80,0
DA:91,2
DA:92,2
DA:95,2
DA:98,0
DA:99,0
DA:106,8
LF:31
LH:25
BRDA:29,0,0,1
BRDA:29,0,1,9
BRDA:29,1,0,10
BRDA:29,1,1,9
BRF:4
BRH:4
end_of_record
TN:
SF:model/spamReport.js
FN:8,(anonymous_0)
FN:17,(anonymous_1)
FN:18,(anonymous_2)
FN:25,(anonymous_3)
FN:29,(anonymous_4)
FNF:5
FNH:4
FNDA:4,(anonymous_0)
FNDA:4,(anonymous_1)
FNDA:4,(anonymous_2)
FNDA:4,(anonymous_3)
FNDA:0,(anonymous_4)
DA:1,8
DA:9,4
DA:10,4
DA:11,4
DA:18,4
DA:19,4
DA:24,4
DA:26,4
DA:27,4
DA:32,0
DA:38,8
LF:11
LH:10
BRF:0
BRH:0
end_of_record
TN:
SF:model/user.js
FN:16,(anonymous_0)
FN:30,(anonymous_1)
FN:31,(anonymous_2)
FN:53,(anonymous_3)
FN:54,(anonymous_4)
FN:67,(anonymous_5)
FN:79,(anonymous_6)
FN:89,(anonymous_7)
FN:90,(anonymous_8)
FN:104,(anonymous_9)
FN:107,(anonymous_10)
FN:110,(anonymous_11)
FN:124,(anonymous_12)
FN:125,(anonymous_13)
FN:160,(anonymous_14)
FN:161,(anonymous_15)
FN:183,(anonymous_16)
FN:200,(anonymous_17)
FN:201,(anonymous_18)
FN:203,(anonymous_19)
FN:205,(anonymous_20)
FN:216,(anonymous_21)
FN:217,(anonymous_22)
FN:218,(anonymous_23)
FN:224,(anonymous_24)
FN:226,(anonymous_25)
FN:237,(anonymous_26)
FN:244,(anonymous_27)
FN:245,(anonymous_28)
FN:247,(anonymous_29)
FN:249,(anonymous_30)
FN:255,(anonymous_31)
FN:258,(anonymous_32)
FN:270,(anonymous_33)
FN:271,(anonymous_34)
FN:275,(anonymous_35)
FN:280,(anonymous_36)
FN:282,(anonymous_37)
FN:294,(anonymous_38)
FN:295,(anonymous_39)
FN:305,(anonymous_40)
FN:307,(anonymous_41)
FN:319,(anonymous_42)
FN:321,(anonymous_43)
FN:326,(anonymous_44)
FN:343,(anonymous_45)
FN:348,(anonymous_46)
FN:359,(anonymous_47)
FN:360,(anonymous_48)
FN:378,(anonymous_49)
FN:379,(anonymous_50)
FN:381,(anonymous_51)
FN:387,(anonymous_52)
FN:397,(anonymous_53)
FN:398,(anonymous_54)
FN:399,(anonymous_55)
FN:406,(anonymous_56)
FN:416,(anonymous_57)
FN:417,(anonymous_58)
FN:421,(anonymous_59)
FN:423,(anonymous_60)
FN:433,(anonymous_61)
FN:434,(anonymous_62)
FN:436,(anonymous_63)
FN:447,(anonymous_64)
FN:458,(anonymous_65)
FN:468,(anonymous_66)
FN:469,(anonymous_67)
FN:472,(anonymous_68)
FN:474,(anonymous_69)
FN:484,(anonymous_70)
FN:485,(anonymous_71)
FN:489,(anonymous_72)
FN:491,(anonymous_73)
FN:502,(anonymous_74)
FN:503,(anonymous_75)
FN:517,(anonymous_76)
FN:519,(anonymous_77)
FN:530,(anonymous_78)
FN:531,(anonymous_79)
FN:537,(anonymous_80)
FN:539,(anonymous_81)
FN:551,(anonymous_82)
FN:552,(anonymous_83)
FN:554,(anonymous_84)
FN:562,(anonymous_85)
FN:564,(anonymous_86)
FNF:87
FNH:69
FNDA:73,(anonymous_0)
FNDA:15,(anonymous_1)
FNDA:15,(anonymous_2)
FNDA:3,(anonymous_3)
FNDA:3,(anonymous_4)
FNDA:16,(anonymous_5)
FNDA:15,(anonymous_6)
FNDA:35,(anonymous_7)
FNDA:35,(anonymous_8)
FNDA:20,(anonymous_9)
FNDA:19,(anonymous_10)
FNDA:7,(anonymous_11)
FNDA:26,(anonymous_12)
FNDA:26,(anonymous_13)
FNDA:20,(anonymous_14)
FNDA:20,(anonymous_15)
FNDA:17,(anonymous_16)
FNDA:68,(anonymous_17)
FNDA:68,(anonymous_18)
FNDA:68,(anonymous_19)
FNDA:0,(anonymous_20)
FNDA:35,(anonymous_21)
FNDA:35,(anonymous_22)
FNDA:28,(anonymous_23)
FNDA:28,(anonymous_24)
FNDA:7,(anonymous_25)
FNDA:68,(anonymous_26)
FNDA:16,(anonymous_27)
FNDA:16,(anonymous_28)
FNDA:16,(anonymous_29)
FNDA:16,(anonymous_30)
FNDA:0,(anonymous_31)
FNDA:0,(anonymous_32)
FNDA:4,(anonymous_33)
FNDA:4,(anonymous_34)
FNDA:4,(anonymous_35)
FNDA:4,(anonymous_36)
FNDA:0,(anonymous_37)
FNDA:3,(anonymous_38)
FNDA:3,(anonymous_39)
FNDA:2,(anonymous_40)
FNDA:0,(anonymous_41)
FNDA:4,(anonymous_42)
FNDA:4,(anonymous_43)
FNDA:4,(anonymous_44)
FNDA:4,(anonymous_45)
FNDA:0,(anonymous_46)
FNDA:2,(anonymous_47)
FNDA:2,(anonymous_48)
FNDA:2,(anonymous_49)
FNDA:2,(anonymous_50)
FNDA:2,(anonymous_51)
FNDA:0,(anonymous_52)
FNDA:2,(anonymous_53)
FNDA:2,(anonymous_54)
FNDA:2,(anonymous_55)
FNDA:0,(anonymous_56)
FNDA:19,(anonymous_57)
FNDA:19,(anonymous_58)
FNDA:19,(anonymous_59)
FNDA:0,(anonymous_60)
FNDA:3,(anonymous_61)
FNDA:3,(anonymous_62)
FNDA:3,(anonymous_63)
FNDA:3,(anonymous_64)
FNDA:0,(anonymous_65)
FNDA:108,(anonymous_66)
FNDA:108,(anonymous_67)
FNDA:103,(anonymous_68)
FNDA:0,(anonymous_69)
FNDA:2,(anonymous_70)
FNDA:2,(anonymous_71)
FNDA:2,(anonymous_72)
FNDA:0,(anonymous_73)
FNDA:6,(anonymous_74)
FNDA:6,(anonymous_75)
FNDA:6,(anonymous_76)
FNDA:0,(anonymous_77)
FNDA:0,(anonymous_78)
FNDA:0,(anonymous_79)
FNDA:0,(anonymous_80)
FNDA:0,(anonymous_81)
FNDA:1,(anonymous_82)
FNDA:1,(anonymous_83)
FNDA:1,(anonymous_84)
FNDA:1,(anonymous_85)
FNDA:0,(anonymous_86)
DA:1,13
DA:2,13
DA:3,13
DA:4,13
DA:5,13
DA:6,13
DA:17,73
DA:18,73
DA:19,73
DA:31,15
DA:33,15
DA:34,0
DA:37,15
DA:38,1
DA:41,14
DA:42,0
DA:44,14
DA:54,3
DA:55,3
DA:56,2
DA:58,1
DA:68,16
DA:69,1
DA:71,15
DA:80,15
DA:81,1
DA:83,14
DA:90,35
DA:91,35
DA:92,35
DA:93,17
DA:94,18
DA:95,3
DA:96,15
DA:97,6
DA:100,35
DA:101,9
DA:104,26
DA:105,20
DA:106,20
DA:108,19
DA:109,19
DA:111,7
DA:113,7
DA:114,7
DA:125,26
DA:126,26
DA:127,17
DA:128,2
DA:129,15
DA:130,1
DA:132,14
DA:133,0
DA:136,9
DA:137,3
DA:138,1
DA:139,2
DA:140,1
DA:142,6
DA:143,6
DA:144,6
DA:145,0
DA:147,6
DA:148,1
DA:152,20
DA:161,20
DA:162,20
DA:163,14
DA:164,0
DA:165,14
DA:166,1
DA:168,6
DA:169,1
DA:170,0
DA:171,1
DA:172,0
DA:175,19
DA:185,17
DA:186,17
DA:187,2
DA:189,15
DA:201,68
DA:202,68
DA:203,68
DA:204,68
DA:206,0
DA:217,35
DA:218,35
DA:219,28
DA:220,9
DA:222,28
DA:223,28
DA:225,28
DA:227,7
DA:238,68
DA:245,16
DA:246,16
DA:247,16
DA:248,16
DA:249,16
DA:250,16
DA:254,16
DA:256,0
DA:259,0
DA:271,4
DA:272,4
DA:273,4
DA:275,4
DA:276,4
DA:277,4
DA:279,4
DA:281,4
DA:283,0
DA:295,3
DA:296,3
DA:297,1
DA:299,2
DA:300,2
DA:302,0
DA:304,2
DA:306,2
DA:308,0
DA:320,4
DA:321,4
DA:322,4
DA:323,4
DA:325,4
DA:327,4
DA:328,3
DA:330,1
DA:331,1
DA:332,1
DA:333,0
DA:334,0
DA:335,0
DA:337,0
DA:339,0
DA:342,4
DA:344,4
DA:345,1
DA:347,3
DA:349,0
DA:360,2
DA:361,2
DA:362,1
DA:364,1
DA:379,2
DA:380,2
DA:381,2
DA:382,2
DA:383,1
DA:385,1
DA:388,0
DA:398,2
DA:399,2
DA:400,2
DA:401,2
DA:402,1
DA:404,1
DA:407,0
DA:417,19
DA:418,19
DA:419,19
DA:422,19
DA:424,0
DA:434,3
DA:435,3
DA:436,3
DA:437,3
DA:438,0
DA:441,3
DA:442,1
DA:445,2
DA:446,2
DA:448,3
DA:449,1
DA:452,2
DA:453,2
DA:454,1
DA:457,1
DA:459,0
DA:469,108
DA:470,108
DA:473,103
DA:475,0
DA:485,2
DA:486,2
DA:490,2
DA:492,0
DA:503,6
DA:504,6
DA:505,6
DA:506,3
DA:510,6
DA:511,3
DA:513,6
DA:514,6
DA:518,6
DA:520,0
DA:531,0
DA:532,0
DA:538,0
DA:540,0
DA:552,1
DA:553,1
DA:559,1
DA:560,1
DA:561,1
DA:563,1
DA:572,13
DA:573,13
DA:574,13
LF:212
LH:181
BRDA:33,0,0,0
BRDA:33,0,1,15
BRDA:37,1,0,1
BRDA:37,1,1,14
BRDA:41,2,0,0
BRDA:41,2,1,14
BRDA:55,3,0,2
BRDA:55,3,1,1
BRDA:68,4,0,1
BRDA:68,4,1,15
BRDA:80,5,0,1
BRDA:80,5,1,14
BRDA:92,6,0,17
BRDA:92,6,1,18
BRDA:92,7,0,35
BRDA:92,7,1,26
BRDA:94,8,0,3
BRDA:94,8,1,15
BRDA:94,9,0,18
BRDA:94,9,1,9
BRDA:96,10,0,6
BRDA:96,10,1,9
BRDA:96,11,0,15
BRDA:96,11,1,6
BRDA:100,12,0,9
BRDA:100,12,1,26
BRDA:126,13,0,17
BRDA:126,13,1,9
BRDA:127,14,0,2
BRDA:127,14,1,15
BRDA:127,15,0,17
BRDA:127,15,1,17
BRDA:127,15,2,17
BRDA:127,15,3,17
BRDA:127,15,4,17
BRDA:127,15,5,17
BRDA:127,15,6,16
BRDA:127,15,7,16
BRDA:127,15,8,16
BRDA:127,15,9,16
BRDA:129,16,0,1
BRDA:129,16,1,14
BRDA:129,17,0,15
BRDA:129,17,1,14
BRDA:132,18,0,0
BRDA:132,18,1,14
BRDA:132,19,0,14
BRDA:132,19,1,14
BRDA:132,19,2,14
BRDA:132,19,3,14
BRDA:132,19,4,14
BRDA:132,19,5,14
BRDA:132,19,6,14
BRDA:132,19,7,14
BRDA:132,19,8,14
BRDA:132,19,9,14
BRDA:136,20,0,3
BRDA:136,20,1,6
BRDA:137,21,0,1
BRDA:137,21,1,2
BRDA:137,22,0,3
BRDA:137,22,1,3
BRDA:139,23,0,1
BRDA:139,23,1,1
BRDA:139,24,0,2
BRDA:139,24,1,1
BRDA:142,25,0,6
BRDA:142,25,1,0
BRDA:143,26,0,6
BRDA:143,26,1,0
BRDA:144,27,0,0
BRDA:144,27,1,6
BRDA:144,28,0,6
BRDA:144,28,1,0
BRDA:147,29,0,1
BRDA:147,29,1,5
BRDA:147,30,0,6
BRDA:147,30,1,6
BRDA:162,31,0,14
BRDA:162,31,1,6
BRDA:163,32,0,0
BRDA:163,32,1,14
BRDA:163,33,0,14
BRDA:163,33,1,14
BRDA:165,34,0,1
BRDA:165,34,1,13
BRDA:165,35,0,14
BRDA:165,35,1,13
BRDA:168,36,0,1
BRDA:168,36,1,5
BRDA:169,37,0,0
BRDA:169,37,1,1
BRDA:171,38,0,0
BRDA:171,38,1,1
BRDA:171,39,0,1
BRDA:171,39,1,1
BRDA:186,40,0,2
BRDA:186,40,1,15
BRDA:219,41,0,9
BRDA:219,41,1,19
BRDA:272,42,0,4
BRDA:272,42,1,0
BRDA:276,43,0,4
BRDA:276,43,1,0
BRDA:296,44,0,1
BRDA:296,44,1,2
BRDA:299,45,0,2
BRDA:299,45,1,0
BRDA:322,46,0,4
BRDA:322,46,1,0
BRDA:327,47,0,3
BRDA:327,47,1,1
BRDA:327,48,0,4
BRDA:327,48,1,3
BRDA:331,49,0,1
BRDA:331,49,1,0
BRDA:333,50,0,0
BRDA:333,50,1,0
BRDA:334,51,0,0
BRDA:334,51,1,0
BRDA:334,52,0,0
BRDA:334,52,1,0
BRDA:344,53,0,1
BRDA:344,53,1,3
BRDA:361,54,0,1
BRDA:361,54,1,1
BRDA:361,55,0,2
BRDA:361,55,1,2
BRDA:361,55,2,2
BRDA:382,56,0,1
BRDA:382,56,1,1
BRDA:382,57,0,2
BRDA:382,57,1,1
BRDA:382,57,2,1
BRDA:401,58,0,1
BRDA:401,58,1,1
BRDA:437,59,0,0
BRDA:437,59,1,3
BRDA:441,60,0,1
BRDA:441,60,1,2
BRDA:448,61,0,1
BRDA:448,61,1,2
BRDA:452,62,0,2
BRDA:452,62,1,0
BRDA:453,63,0,1
BRDA:453,63,1,1
BRDA:453,64,0,2
BRDA:453,64,1,2
BRDA:453,64,2,2
BRDA:453,64,3,2
BRDA:453,64,4,2
BRDA:505,65,0,3
BRDA:505,65,1,3
BRDA:505,66,0,6
BRDA:505,66,1,3
BRDA:510,67,0,3
BRDA:510,67,1,3
BRDA:510,68,0,6
BRDA:510,68,1,3
BRF:159
BRH:136
end_of_record
TN:
SF:routes/announcements.js
FNF:0
FNH:0
DA:1,7
DA:2,7
DA:3,7
DA:4,7
DA:5,7
DA:7,7
DA:8,7
DA:10,7
DA:14,7
DA:17,7
DA:20,7
LF:11
LH:11
BRF:0
BRH:0
end_of_record
TN:
SF:routes/application.js
FN:6,(anonymous_0)
FNF:1
FNH:0
FNDA:0,(anonymous_0)
DA:1,7
DA:2,7
DA:6,7
DA:10,0
DA:15,7
LF:5
LH:4
BRF:0
BRH:0
end_of_record
TN:
SF:routes/chatMessages.js
FNF:0
FNH:0
DA:1,7
DA:2,7
DA:3,7
DA:4,7
DA:5,7
DA:6,7
DA:8,7
DA:11,7
DA:15,7
DA:18,7
DA:25,7
LF:11
LH:11
BRF:0
BRH:0
end_of_record
TN:
SF:routes/emergencyStatusDetail.js
FNF:0
FNH:0
DA:1,7
DA:2,7
DA:3,7
DA:4,7
DA:5,7
DA:6,7
DA:7,7
DA:8,7
DA:11,7
DA:14,7
DA:17,7
DA:20,7
DA:23,7
DA:26,7
DA:29,7
DA:32,7
DA:34,7
LF:17
LH:17
BRF:0
BRH:0
end_of_record
TN:
SF:routes/index.js
FN:5,(anonymous_0)
FN:12,(anonymous_1)
FNF:2
FNH:0
FNDA:0,(anonymous_0)
FNDA:0,(anonymous_1)
DA:1,7
DA:2,7
DA:5,7
DA:12,7
DA:18,7
LF:5
LH:5
BRF:0
BRH:0
end_of_record
TN:
SF:routes/privateChatMessages.js
FNF:0
FNH:0
DA:1,7
DA:2,7
DA:3,7
DA:4,7
DA:5,7
DA:6,7
DA:8,7
DA:11,7
DA:15,7
DA:18,7
DA:24,7
LF:11
LH:11
BRF:0
BRH:0
end_of_record
TN:
SF:routes/registration.js
FN:5,(anonymous_0)
FNF:1
FNH:0
FNDA:0,(anonymous_0)
DA:1,7
DA:2,7
DA:5,7
DA:9,7
LF:4
LH:4
BRF:0
BRH:0
end_of_record
TN:
SF:routes/resources.js
FNF:0
FNH:0
DA:1,7
DA:2,7
DA:3,7
DA:4,7
DA:5,7
DA:6,7
DA:7,7
DA:8,7
DA:10,7
DA:11,7
DA:13,7
DA:17,7
DA:22,7
DA:26,7
DA:29,7
LF:15
LH:15
BRF:0
BRH:0
end_of_record
TN:
SF:routes/spamReport.js
FNF:0
FNH:0
DA:1,7
DA:2,7
DA:3,7
DA:4,7
DA:5,7
DA:6,7
DA:7,7
DA:8,7
DA:10,7
DA:13,7
LF:10
LH:10
BRF:0
BRH:0
end_of_record
TN:
SF:routes/testroute.js
FNF:0
FNH:0
DA:1,7
DA:2,7
DA:3,7
DA:4,7
DA:5,7
DA:6,7
DA:8,7
DA:13,7
DA:14,7
DA:15,7
DA:16,7
DA:19,7
LF:12
LH:12
BRF:0
BRH:0
end_of_record
TN:
SF:routes/users.js
FNF:0
FNH:0
DA:1,7
DA:2,7
DA:3,7
DA:4,7
DA:5,7
DA:6,7
DA:9,7
DA:11,7
DA:14,7
DA:15,7
DA:16,7
DA:19,7
DA:21,7
DA:22,7
DA:24,7
DA:26,7
DA:29,7
LF:17
LH:17
BRF:0
BRH:0
end_of_record
TN:
SF:routes/usersList.js
FNF:0
FNH:0
DA:1,7
DA:2,7
DA:3,7
DA:4,7
DA:5,7
DA:6,7
DA:9,7
DA:11,7
DA:14,7
DA:17,7
LF:10
LH:10
BRF:0
BRH:0
end_of_record
TN:
SF:utils/StopWords.js
FN:40,(anonymous_0)
FNF:1
FNH:1
FNDA:8,(anonymous_0)
DA:1,10
DA:3,10
DA:31,10
DA:41,8
DA:42,8
DA:43,8
DA:47,10
LF:7
LH:7
BRF:0
BRH:0
end_of_record
