TN:
SF:app.js
FN:69,(anonymous_0)
FN:78,(anonymous_1)
FN:116,(anonymous_2)
FN:123,(anonymous_3)
FNF:4
FNH:0
FNDA:0,(anonymous_0)
FNDA:0,(anonymous_1)
FNDA:0,(anonymous_2)
FNDA:0,(anonymous_3)
DA:1,6
DA:2,6
DA:3,6
DA:4,6
DA:5,6
DA:6,6
DA:7,6
DA:8,6
DA:9,6
DA:10,6
DA:11,6
DA:12,6
DA:13,6
DA:14,6
DA:15,6
DA:16,6
DA:17,6
DA:18,6
DA:20,6
DA:21,6
DA:22,6
DA:27,6
DA:34,6
DA:35,6
DA:36,0
DA:39,6
DA:40,6
DA:41,6
DA:42,6
DA:43,6
DA:45,0
DA:47,6
DA:51,6
DA:53,0
DA:55,0
DA:59,0
DA:64,0
DA:67,6
DA:68,6
DA:69,6
DA:70,0
DA:71,0
DA:78,6
DA:79,0
DA:80,0
DA:84,6
DA:89,6
DA:91,6
DA:93,6
DA:94,6
DA:95,6
DA:96,6
DA:97,6
DA:98,6
DA:100,6
DA:101,6
DA:102,6
DA:104,6
DA:105,6
DA:106,6
DA:107,6
DA:108,6
DA:109,6
DA:110,6
DA:111,6
DA:116,6
DA:117,0
DA:118,0
DA:123,6
DA:125,0
DA:126,0
DA:128,0
DA:129,0
DA:131,6
DA:133,6
LF:75
LH:59
BRDA:21,0,0,6
BRDA:21,0,1,0
BRDA:35,1,0,0
BRDA:35,1,1,6
BRDA:42,2,0,6
BRDA:42,2,1,0
BRDA:47,3,0,6
BRDA:47,3,1,0
BRDA:55,4,0,0
BRDA:55,4,1,0
BRDA:126,5,0,0
BRDA:126,5,1,0
BRDA:128,6,0,0
BRDA:128,6,1,0
BRF:14
BRH:4
end_of_record
TN:
SF:constants.js
FNF:0
FNH:0
DA:1,9
LF:1
LH:1
BRF:0
BRH:0
end_of_record
TN:
SF:controllers/AnnouncementController.js
FN:8,(anonymous_0)
FN:15,(anonymous_1)
FN:24,(anonymous_2)
FN:39,(anonymous_3)
FN:52,(anonymous_4)
FN:55,(anonymous_5)
FN:62,(anonymous_6)
FN:65,(anonymous_7)
FNF:8
FNH:0
FNDA:0,(anonymous_0)
FNDA:0,(anonymous_1)
FNDA:0,(anonymous_2)
FNDA:0,(anonymous_3)
FNDA:0,(anonymous_4)
FNDA:0,(anonymous_5)
FNDA:0,(anonymous_6)
FNDA:0,(anonymous_7)
DA:1,6
DA:9,0
DA:10,0
DA:11,0
DA:12,0
DA:15,0
DA:16,0
DA:22,0
DA:23,0
DA:25,0
DA:40,0
DA:41,0
DA:42,0
DA:43,0
DA:44,0
DA:46,0
DA:47,0
DA:48,0
DA:49,0
DA:52,0
DA:53,0
DA:54,0
DA:56,0
DA:61,0
DA:62,0
DA:63,0
DA:64,0
DA:66,0
DA:73,6
LF:29
LH:2
BRDA:46,0,0,0
BRDA:46,0,1,0
BRDA:46,1,0,0
BRDA:46,1,1,0
BRDA:46,1,2,0
BRDA:46,1,3,0
BRDA:47,2,0,0
BRDA:47,2,1,0
BRDA:47,3,0,0
BRDA:47,3,1,0
BRF:10
BRH:0
end_of_record
TN:
SF:controllers/ChatMessagesController.js
FN:12,(anonymous_0)
FN:28,(anonymous_1)
FN:34,(anonymous_2)
FN:58,(anonymous_3)
FN:70,(anonymous_4)
FN:79,(anonymous_5)
FN:85,(anonymous_6)
FN:92,(anonymous_7)
FN:95,(anonymous_8)
FNF:9
FNH:0
FNDA:0,(anonymous_0)
FNDA:0,(anonymous_1)
FNDA:0,(anonymous_2)
FNDA:0,(anonymous_3)
FNDA:0,(anonymous_4)
FNDA:0,(anonymous_5)
FNDA:0,(anonymous_6)
FNDA:0,(anonymous_7)
FNDA:0,(anonymous_8)
DA:1,6
DA:2,6
DA:3,6
DA:13,0
DA:14,0
DA:15,0
DA:19,0
DA:20,0
DA:24,0
DA:25,0
DA:26,0
DA:28,0
DA:29,0
DA:31,0
DA:33,0
DA:36,0
DA:48,0
DA:59,0
DA:71,0
DA:72,0
DA:73,0
DA:75,0
DA:76,0
DA:78,0
DA:81,0
DA:82,0
DA:83,0
DA:86,0
DA:87,0
DA:91,0
DA:93,0
DA:94,0
DA:96,0
DA:103,6
LF:34
LH:4
BRDA:14,0,0,0
BRDA:14,0,1,0
BRDA:19,1,0,0
BRDA:19,1,1,0
BRDA:76,2,0,0
BRDA:76,2,1,0
BRDA:76,3,0,0
BRDA:76,3,1,0
BRF:8
BRH:0
end_of_record
TN:
SF:controllers/EmergencyStatusDetailController.js
FN:6,(anonymous_0)
FN:10,(anonymous_1)
FN:13,(anonymous_2)
FN:18,(anonymous_3)
FN:24,(anonymous_4)
FN:27,(anonymous_5)
FN:32,(anonymous_6)
FN:36,(anonymous_7)
FN:39,(anonymous_8)
FN:44,(anonymous_9)
FN:53,(anonymous_10)
FN:56,(anonymous_11)
FN:62,(anonymous_12)
FN:67,(anonymous_13)
FN:70,(anonymous_14)
FN:75,(anonymous_15)
FN:78,(anonymous_16)
FN:80,(anonymous_17)
FN:88,(anonymous_18)
FNF:19
FNH:0
FNDA:0,(anonymous_0)
FNDA:0,(anonymous_1)
FNDA:0,(anonymous_2)
FNDA:0,(anonymous_3)
FNDA:0,(anonymous_4)
FNDA:0,(anonymous_5)
FNDA:0,(anonymous_6)
FNDA:0,(anonymous_7)
FNDA:0,(anonymous_8)
FNDA:0,(anonymous_9)
FNDA:0,(anonymous_10)
FNDA:0,(anonymous_11)
FNDA:0,(anonymous_12)
FNDA:0,(anonymous_13)
FNDA:0,(anonymous_14)
FNDA:0,(anonymous_15)
FNDA:0,(anonymous_16)
FNDA:0,(anonymous_17)
FNDA:0,(anonymous_18)
DA:1,6
DA:2,6
DA:7,0
DA:8,0
DA:9,0
DA:11,0
DA:12,0
DA:14,0
DA:19,0
DA:20,0
DA:21,0
DA:23,0
DA:25,0
DA:26,0
DA:28,0
DA:33,0
DA:35,0
DA:37,0
DA:38,0
DA:40,0
DA:45,0
DA:46,0
DA:47,0
DA:48,0
DA:49,0
DA:50,0
DA:52,0
DA:54,0
DA:55,0
DA:57,0
DA:63,0
DA:64,0
DA:66,0
DA:68,0
DA:69,0
DA:71,0
DA:76,0
DA:77,0
DA:79,0
DA:80,0
DA:81,0
DA:82,0
DA:83,0
DA:86,0
DA:87,0
DA:89,0
DA:96,6
LF:47
LH:3
BRDA:81,0,0,0
BRDA:81,0,1,0
BRF:2
BRH:0
end_of_record
TN:
SF:controllers/PrivateChatMessagesController.js
FN:12,(anonymous_0)
FN:37,(anonymous_1)
FN:42,(anonymous_2)
FN:49,(anonymous_3)
FN:70,(anonymous_4)
FN:82,(anonymous_5)
FN:116,(anonymous_6)
FN:139,searchPrivateMessage
FN:146,(anonymous_8)
FN:148,(anonymous_9)
FN:156,getAllPrivateMessage
FN:158,(anonymous_11)
FN:162,(anonymous_12)
FNF:13
FNH:0
FNDA:0,(anonymous_0)
FNDA:0,(anonymous_1)
FNDA:0,(anonymous_2)
FNDA:0,(anonymous_3)
FNDA:0,(anonymous_4)
FNDA:0,(anonymous_5)
FNDA:0,(anonymous_6)
FNDA:0,searchPrivateMessage
FNDA:0,(anonymous_8)
FNDA:0,(anonymous_9)
FNDA:0,getAllPrivateMessage
FNDA:0,(anonymous_11)
FNDA:0,(anonymous_12)
DA:1,6
DA:2,6
DA:3,6
DA:13,0
DA:14,0
DA:15,0
DA:17,0
DA:18,0
DA:22,0
DA:23,0
DA:27,0
DA:28,0
DA:33,0
DA:34,0
DA:35,0
DA:37,0
DA:39,0
DA:41,0
DA:44,0
DA:46,0
DA:48,0
DA:51,0
DA:52,0
DA:56,0
DA:59,0
DA:71,0
DA:72,0
DA:83,0
DA:86,0
DA:87,0
DA:91,0
DA:92,0
DA:97,0
DA:99,0
DA:102,0
DA:118,0
DA:119,0
DA:120,0
DA:140,0
DA:141,0
DA:142,0
DA:143,0
DA:144,0
DA:147,0
DA:149,0
DA:150,0
DA:157,0
DA:158,0
DA:160,0
DA:161,0
DA:163,0
DA:170,6
LF:52
LH:4
BRDA:17,0,0,0
BRDA:17,0,1,0
BRDA:22,1,0,0
BRDA:22,1,1,0
BRDA:27,2,0,0
BRDA:27,2,1,0
BRDA:86,3,0,0
BRDA:86,3,1,0
BRDA:91,4,0,0
BRDA:91,4,1,0
BRDA:97,5,0,0
BRDA:97,5,1,0
BRDA:97,6,0,0
BRDA:97,6,1,0
BRDA:118,7,0,0
BRDA:118,7,1,0
BRDA:118,8,0,0
BRDA:118,8,1,0
BRDA:141,9,0,0
BRDA:141,9,1,0
BRF:20
BRH:0
end_of_record
TN:
SF:controllers/ResourceController.js
FN:12,(anonymous_0)
FN:49,(anonymous_1)
FN:51,(anonymous_2)
FN:58,(anonymous_3)
FN:79,(anonymous_4)
FN:93,(anonymous_5)
FN:99,(anonymous_6)
FN:103,(anonymous_7)
FN:111,(anonymous_8)
FN:115,(anonymous_9)
FNF:10
FNH:0
FNDA:0,(anonymous_0)
FNDA:0,(anonymous_1)
FNDA:0,(anonymous_2)
FNDA:0,(anonymous_3)
FNDA:0,(anonymous_4)
FNDA:0,(anonymous_5)
FNDA:0,(anonymous_6)
FNDA:0,(anonymous_7)
FNDA:0,(anonymous_8)
FNDA:0,(anonymous_9)
DA:1,6
DA:2,6
DA:3,6
DA:13,0
DA:14,0
DA:15,0
DA:17,0
DA:18,0
DA:20,0
DA:21,0
DA:22,0
DA:23,0
DA:24,0
DA:25,0
DA:26,0
DA:27,0
DA:28,0
DA:29,0
DA:31,0
DA:32,0
DA:37,0
DA:38,0
DA:39,0
DA:41,0
DA:42,0
DA:45,0
DA:48,0
DA:50,0
DA:54,0
DA:57,0
DA:60,0
DA:73,0
DA:74,0
DA:80,0
DA:94,0
DA:97,0
DA:98,0
DA:100,0
DA:101,0
DA:104,0
DA:110,0
DA:112,0
DA:113,0
DA:116,0
DA:125,6
LF:45
LH:4
BRDA:37,0,0,0
BRDA:37,0,1,0
BRDA:97,1,0,0
BRDA:97,1,1,0
BRF:4
BRH:0
end_of_record
TN:
SF:controllers/UserListController.js
FN:2,(anonymous_0)
FNF:1
FNH:0
FNDA:0,(anonymous_0)
DA:3,0
DA:4,0
DA:7,6
LF:3
LH:1
BRF:0
BRH:0
end_of_record
TN:
SF:controllers/usersController.js
FN:11,(anonymous_0)
FN:23,(anonymous_1)
FN:33,(anonymous_2)
FN:35,(anonymous_3)
FN:37,(anonymous_4)
FN:44,(anonymous_5)
FN:47,(anonymous_6)
FN:57,(anonymous_7)
FN:59,(anonymous_8)
FN:66,(anonymous_9)
FN:74,(anonymous_10)
FN:87,(anonymous_11)
FN:92,(anonymous_12)
FN:96,(anonymous_13)
FN:102,(anonymous_14)
FN:115,(anonymous_15)
FN:122,(anonymous_16)
FN:126,(anonymous_17)
FN:139,(anonymous_18)
FN:147,(anonymous_19)
FN:150,(anonymous_20)
FN:153,(anonymous_21)
FN:163,(anonymous_22)
FN:167,(anonymous_23)
FN:169,(anonymous_24)
FN:172,(anonymous_25)
FN:182,(anonymous_26)
FN:186,(anonymous_27)
FN:188,(anonymous_28)
FN:191,(anonymous_29)
FN:202,(anonymous_30)
FN:207,(anonymous_31)
FN:219,(anonymous_32)
FN:229,(anonymous_33)
FN:240,(anonymous_34)
FN:242,(anonymous_35)
FN:248,(anonymous_36)
FN:250,(anonymous_37)
FNF:38
FNH:0
FNDA:0,(anonymous_0)
FNDA:0,(anonymous_1)
FNDA:0,(anonymous_2)
FNDA:0,(anonymous_3)
FNDA:0,(anonymous_4)
FNDA:0,(anonymous_5)
FNDA:0,(anonymous_6)
FNDA:0,(anonymous_7)
FNDA:0,(anonymous_8)
FNDA:0,(anonymous_9)
FNDA:0,(anonymous_10)
FNDA:0,(anonymous_11)
FNDA:0,(anonymous_12)
FNDA:0,(anonymous_13)
FNDA:0,(anonymous_14)
FNDA:0,(anonymous_15)
FNDA:0,(anonymous_16)
FNDA:0,(anonymous_17)
FNDA:0,(anonymous_18)
FNDA:0,(anonymous_19)
FNDA:0,(anonymous_20)
FNDA:0,(anonymous_21)
FNDA:0,(anonymous_22)
FNDA:0,(anonymous_23)
FNDA:0,(anonymous_24)
FNDA:0,(anonymous_25)
FNDA:0,(anonymous_26)
FNDA:0,(anonymous_27)
FNDA:0,(anonymous_28)
FNDA:0,(anonymous_29)
FNDA:0,(anonymous_30)
FNDA:0,(anonymous_31)
FNDA:0,(anonymous_32)
FNDA:0,(anonymous_33)
FNDA:0,(anonymous_34)
FNDA:0,(anonymous_35)
FNDA:0,(anonymous_36)
FNDA:0,(anonymous_37)
DA:1,6
DA:2,6
DA:12,0
DA:14,0
DA:15,0
DA:17,0
DA:18,0
DA:22,0
DA:24,0
DA:26,0
DA:27,0
DA:28,0
DA:31,0
DA:32,0
DA:34,0
DA:36,0
DA:38,0
DA:39,0
DA:40,0
DA:41,0
DA:42,0
DA:43,0
DA:45,0
DA:46,0
DA:48,0
DA:49,0
DA:50,0
DA:56,0
DA:58,0
DA:60,0
DA:61,0
DA:62,0
DA:63,0
DA:64,0
DA:65,0
DA:67,0
DA:68,0
DA:69,0
DA:75,0
DA:76,0
DA:88,0
DA:89,0
DA:90,0
DA:92,0
DA:93,0
DA:94,0
DA:97,0
DA:98,0
DA:99,0
DA:100,0
DA:101,0
DA:103,0
DA:104,0
DA:117,0
DA:119,0
DA:121,0
DA:123,0
DA:124,0
DA:125,0
DA:127,0
DA:128,0
DA:130,0
DA:140,0
DA:141,0
DA:143,0
DA:144,0
DA:147,0
DA:148,0
DA:151,0
DA:152,0
DA:154,0
DA:164,0
DA:165,0
DA:167,0
DA:168,0
DA:170,0
DA:171,0
DA:173,0
DA:183,0
DA:184,0
DA:186,0
DA:187,0
DA:189,0
DA:190,0
DA:192,0
DA:193,0
DA:203,0
DA:204,0
DA:205,0
DA:207,0
DA:208,0
DA:209,0
DA:217,0
DA:218,0
DA:220,0
DA:230,0
DA:231,0
DA:232,0
DA:233,0
DA:235,0
DA:237,0
DA:241,0
DA:243,0
DA:244,0
DA:248,0
DA:249,0
DA:251,0
DA:252,0
DA:257,6
LF:109
LH:3
BRDA:14,0,0,0
BRDA:14,0,1,0
BRDA:17,1,0,0
BRDA:17,1,1,0
BRDA:26,2,0,0
BRDA:26,2,1,0
BRDA:127,3,0,0
BRDA:127,3,1,0
BRDA:140,4,0,0
BRDA:140,4,1,0
BRDA:235,5,0,0
BRDA:235,5,1,0
BRDA:235,6,0,0
BRDA:235,6,1,0
BRDA:235,6,2,0
BRDA:235,6,3,0
BRF:16
BRH:0
end_of_record
TN:
SF:middleware/TokenServer.js
FN:8,(anonymous_0)
FN:9,(anonymous_1)
FN:19,(anonymous_2)
FN:24,(anonymous_3)
FN:29,(anonymous_4)
FN:40,(anonymous_5)
FN:41,(anonymous_6)
FNF:7
FNH:2
FNDA:0,(anonymous_0)
FNDA:0,(anonymous_1)
FNDA:0,(anonymous_2)
FNDA:0,(anonymous_3)
FNDA:0,(anonymous_4)
FNDA:2,(anonymous_5)
FNDA:2,(anonymous_6)
DA:1,7
DA:2,7
DA:3,7
DA:4,7
DA:9,0
DA:10,0
DA:11,0
DA:12,0
DA:14,0
DA:20,0
DA:21,0
DA:22,0
DA:23,0
DA:25,0
DA:26,0
DA:27,0
DA:30,0
DA:31,0
DA:34,0
DA:35,0
DA:41,2
DA:45,2
DA:46,1
DA:47,1
DA:49,1
DA:50,1
DA:52,2
DA:59,2
DA:80,7
LF:29
LH:13
BRDA:22,0,0,0
BRDA:22,0,1,0
BRDA:45,1,0,1
BRDA:45,1,1,1
BRF:4
BRH:2
end_of_record
TN:
SF:model/announcement.js
FN:9,(anonymous_0)
FN:20,(anonymous_1)
FN:21,(anonymous_2)
FN:33,(anonymous_3)
FN:37,(anonymous_4)
FN:50,(anonymous_5)
FN:51,(anonymous_6)
FN:57,(anonymous_7)
FN:60,(anonymous_8)
FN:73,(anonymous_9)
FN:74,(anonymous_10)
FN:77,(anonymous_11)
FN:87,(anonymous_12)
FN:90,(anonymous_13)
FNF:14
FNH:11
FNDA:7,(anonymous_0)
FNDA:6,(anonymous_1)
FNDA:6,(anonymous_2)
FNDA:6,(anonymous_3)
FNDA:0,(anonymous_4)
FNDA:1,(anonymous_5)
FNDA:1,(anonymous_6)
FNDA:1,(anonymous_7)
FNDA:0,(anonymous_8)
FNDA:1,(anonymous_9)
FNDA:1,(anonymous_10)
FNDA:1,(anonymous_11)
FNDA:1,(anonymous_12)
FNDA:0,(anonymous_13)
DA:1,7
DA:2,7
DA:3,7
DA:10,7
DA:11,7
DA:12,7
DA:13,7
DA:21,6
DA:23,6
DA:24,1
DA:27,6
DA:32,6
DA:34,6
DA:35,6
DA:38,0
DA:39,0
DA:51,1
DA:52,1
DA:58,1
DA:61,0
DA:63,0
DA:74,1
DA:75,1
DA:76,1
DA:77,1
DA:78,1
DA:79,1
DA:88,1
DA:91,0
DA:92,0
DA:101,7
LF:31
LH:25
BRDA:23,0,0,1
BRDA:23,0,1,5
BRF:2
BRH:2
end_of_record
TN:
SF:model/chatMessage.js
FN:5,(anonymous_0)
FN:16,(anonymous_1)
FN:17,(anonymous_2)
FN:24,(anonymous_3)
FN:29,(anonymous_4)
FN:41,(anonymous_5)
FN:42,(anonymous_6)
FN:45,(anonymous_7)
FN:48,(anonymous_8)
FN:59,(anonymous_9)
FN:60,(anonymous_10)
FN:61,(anonymous_11)
FN:65,(anonymous_12)
FN:67,(anonymous_13)
FNF:14
FNH:11
FNDA:5,(anonymous_0)
FNDA:4,(anonymous_1)
FNDA:4,(anonymous_2)
FNDA:4,(anonymous_3)
FNDA:0,(anonymous_4)
FNDA:1,(anonymous_5)
FNDA:1,(anonymous_6)
FNDA:1,(anonymous_7)
FNDA:0,(anonymous_8)
FNDA:2,(anonymous_9)
FNDA:2,(anonymous_10)
FNDA:2,(anonymous_11)
FNDA:2,(anonymous_12)
FNDA:0,(anonymous_13)
DA:1,7
DA:2,7
DA:6,5
DA:7,5
DA:8,5
DA:9,5
DA:17,4
DA:18,4
DA:23,4
DA:25,4
DA:26,4
DA:27,4
DA:30,0
DA:31,0
DA:32,0
DA:42,1
DA:43,1
DA:46,1
DA:49,0
DA:50,0
DA:60,2
DA:61,2
DA:62,2
DA:66,2
DA:68,0
DA:75,7
LF:26
LH:20
BRDA:9,0,0,5
BRDA:9,0,1,5
BRF:2
BRH:2
end_of_record
TN:
SF:model/emergencyStatusDetail.js
FN:6,(anonymous_0)
FN:14,(anonymous_1)
FN:15,(anonymous_2)
FN:23,(anonymous_3)
FN:28,(anonymous_4)
FN:36,(anonymous_5)
FN:37,(anonymous_6)
FN:40,(anonymous_7)
FN:42,(anonymous_8)
FN:48,(anonymous_9)
FN:49,(anonymous_10)
FN:59,(anonymous_11)
FN:61,(anonymous_12)
FN:68,(anonymous_13)
FN:69,(anonymous_14)
FN:71,(anonymous_15)
FN:76,(anonymous_16)
FN:84,(anonymous_17)
FN:85,(anonymous_18)
FN:93,(anonymous_19)
FN:98,(anonymous_20)
FN:106,(anonymous_21)
FN:107,(anonymous_22)
FN:111,(anonymous_23)
FN:113,(anonymous_24)
FN:119,(anonymous_25)
FN:120,(anonymous_26)
FN:122,(anonymous_27)
FN:124,(anonymous_28)
FNF:29
FNH:22
FNDA:1,(anonymous_0)
FNDA:1,(anonymous_1)
FNDA:1,(anonymous_2)
FNDA:1,(anonymous_3)
FNDA:0,(anonymous_4)
FNDA:1,(anonymous_5)
FNDA:1,(anonymous_6)
FNDA:1,(anonymous_7)
FNDA:0,(anonymous_8)
FNDA:2,(anonymous_9)
FNDA:2,(anonymous_10)
FNDA:2,(anonymous_11)
FNDA:0,(anonymous_12)
FNDA:1,(anonymous_13)
FNDA:1,(anonymous_14)
FNDA:1,(anonymous_15)
FNDA:0,(anonymous_16)
FNDA:1,(anonymous_17)
FNDA:1,(anonymous_18)
FNDA:1,(anonymous_19)
FNDA:0,(anonymous_20)
FNDA:1,(anonymous_21)
FNDA:1,(anonymous_22)
FNDA:1,(anonymous_23)
FNDA:0,(anonymous_24)
FNDA:1,(anonymous_25)
FNDA:1,(anonymous_26)
FNDA:1,(anonymous_27)
FNDA:0,(anonymous_28)
DA:1,7
DA:2,7
DA:7,1
DA:8,1
DA:9,1
DA:10,1
DA:15,1
DA:16,1
DA:22,1
DA:24,1
DA:25,1
DA:26,1
DA:29,0
DA:30,0
DA:31,0
DA:37,1
DA:38,1
DA:41,1
DA:43,0
DA:49,2
DA:50,2
DA:52,2
DA:53,1
DA:55,1
DA:57,2
DA:60,2
DA:62,0
DA:69,1
DA:70,1
DA:72,1
DA:73,1
DA:74,1
DA:77,0
DA:78,0
DA:79,0
DA:85,1
DA:86,1
DA:92,1
DA:94,1
DA:95,1
DA:96,1
DA:99,0
DA:100,0
DA:101,0
DA:107,1
DA:108,1
DA:109,1
DA:112,1
DA:114,0
DA:120,1
DA:121,1
DA:123,1
DA:125,0
DA:135,7
LF:54
LH:41
BRDA:52,0,0,1
BRDA:52,0,1,1
BRF:2
BRH:2
end_of_record
TN:
SF:model/model.js
FNF:0
FNH:0
DA:1,12
DA:2,12
DA:4,12
DA:8,12
DA:54,12
DA:59,12
DA:68,12
DA:70,12
DA:81,12
DA:92,12
DA:106,12
DA:108,12
DA:117,12
DA:120,12
DA:137,12
DA:138,12
DA:139,12
DA:140,12
DA:141,12
DA:142,12
DA:143,12
DA:144,12
DA:146,12
LF:23
LH:23
BRF:0
BRH:0
end_of_record
TN:
SF:model/privateChatMessage.js
FN:5,(anonymous_0)
FN:12,(anonymous_1)
FN:13,(anonymous_2)
FN:23,(anonymous_3)
FN:27,(anonymous_4)
FN:41,(anonymous_5)
FN:42,(anonymous_6)
FN:59,(anonymous_7)
FN:61,(anonymous_8)
FN:77,(anonymous_9)
FN:78,(anonymous_10)
FN:80,(anonymous_11)
FN:90,(anonymous_12)
FN:93,(anonymous_13)
FN:101,(anonymous_14)
FNF:15
FNH:11
FNDA:5,(anonymous_0)
FNDA:3,(anonymous_1)
FNDA:3,(anonymous_2)
FNDA:3,(anonymous_3)
FNDA:0,(anonymous_4)
FNDA:1,(anonymous_5)
FNDA:1,(anonymous_6)
FNDA:1,(anonymous_7)
FNDA:0,(anonymous_8)
FNDA:1,(anonymous_9)
FNDA:1,(anonymous_10)
FNDA:1,(anonymous_11)
FNDA:1,(anonymous_12)
FNDA:0,(anonymous_13)
FNDA:0,(anonymous_14)
DA:1,7
DA:2,7
DA:6,5
DA:7,5
DA:8,5
DA:9,5
DA:10,5
DA:13,3
DA:14,3
DA:15,0
DA:17,3
DA:23,3
DA:24,3
DA:25,3
DA:26,3
DA:28,0
DA:29,0
DA:30,0
DA:42,1
DA:43,1
DA:60,1
DA:62,0
DA:63,0
DA:78,1
DA:79,1
DA:80,1
DA:81,1
DA:82,1
DA:91,1
DA:94,0
DA:95,0
DA:103,7
LF:32
LH:24
BRDA:10,0,0,5
BRDA:10,0,1,5
BRDA:14,1,0,0
BRDA:14,1,1,3
BRF:4
BRH:3
end_of_record
TN:
SF:model/resource.js
FN:5,(anonymous_0)
FN:23,(anonymous_1)
FN:24,(anonymous_2)
FN:50,(anonymous_3)
FN:53,(anonymous_4)
FN:66,(anonymous_5)
FN:67,(anonymous_6)
FN:74,(anonymous_7)
FN:77,(anonymous_8)
FN:90,(anonymous_9)
FN:91,(anonymous_10)
FN:94,(anonymous_11)
FN:97,(anonymous_12)
FNF:13
FNH:10
FNDA:5,(anonymous_0)
FNDA:5,(anonymous_1)
FNDA:5,(anonymous_2)
FNDA:4,(anonymous_3)
FNDA:0,(anonymous_4)
FNDA:1,(anonymous_5)
FNDA:1,(anonymous_6)
FNDA:1,(anonymous_7)
FNDA:0,(anonymous_8)
FNDA:1,(anonymous_9)
FNDA:1,(anonymous_10)
FNDA:1,(anonymous_11)
FNDA:0,(anonymous_12)
DA:1,7
DA:2,7
DA:6,5
DA:7,5
DA:8,5
DA:9,5
DA:10,5
DA:11,5
DA:12,5
DA:13,5
DA:14,5
DA:15,5
DA:24,5
DA:26,5
DA:28,1
DA:32,4
DA:49,4
DA:51,4
DA:54,0
DA:55,0
DA:67,1
DA:68,1
DA:75,1
DA:78,0
DA:79,0
DA:91,1
DA:92,1
DA:95,1
DA:98,0
DA:99,0
DA:107,7
LF:31
LH:25
BRDA:26,0,0,1
BRDA:26,0,1,4
BRDA:26,1,0,5
BRDA:26,1,1,4
BRF:4
BRH:4
end_of_record
TN:
SF:model/untitled.js
FNF:0
FNH:0
LF:0
LH:0
BRF:0
BRH:0
end_of_record
TN:
SF:model/user.js
FN:11,(anonymous_0)
FN:20,(anonymous_1)
FN:28,(anonymous_2)
FN:29,(anonymous_3)
FN:32,(anonymous_4)
FN:36,(anonymous_5)
FN:40,(anonymous_6)
FN:44,(anonymous_7)
FN:58,(anonymous_8)
FN:59,(anonymous_9)
FN:72,(anonymous_10)
FN:73,(anonymous_11)
FN:85,(anonymous_12)
FN:86,(anonymous_13)
FN:98,(anonymous_14)
FN:99,(anonymous_15)
FN:117,(anonymous_16)
FN:120,(anonymous_17)
FN:124,(anonymous_18)
FN:138,(anonymous_19)
FN:139,(anonymous_20)
FN:176,(anonymous_21)
FN:177,(anonymous_22)
FN:198,(anonymous_23)
FN:199,(anonymous_24)
FN:201,(anonymous_25)
FN:203,(anonymous_26)
FN:215,(anonymous_27)
FN:216,(anonymous_28)
FN:218,(anonymous_29)
FN:222,(anonymous_30)
FN:224,(anonymous_31)
FN:235,(anonymous_32)
FN:242,(anonymous_33)
FN:243,(anonymous_34)
FN:258,(anonymous_35)
FN:259,(anonymous_36)
FN:261,(anonymous_37)
FN:267,(anonymous_38)
FN:276,(anonymous_39)
FN:277,(anonymous_40)
FN:280,(anonymous_41)
FN:283,(anonymous_42)
FN:289,(anonymous_43)
FN:292,(anonymous_44)
FN:301,(anonymous_45)
FN:302,(anonymous_46)
FN:303,(anonymous_47)
FN:309,(anonymous_48)
FN:321,(anonymous_49)
FN:322,(anonymous_50)
FN:327,(anonymous_51)
FN:333,(anonymous_52)
FN:344,(anonymous_53)
FN:345,(anonymous_54)
FN:349,(anonymous_55)
FN:360,(anonymous_56)
FN:369,(anonymous_57)
FN:379,(anonymous_58)
FN:380,(anonymous_59)
FN:383,(anonymous_60)
FN:392,(anonymous_61)
FN:401,(anonymous_62)
FN:402,(anonymous_63)
FN:406,(anonymous_64)
FN:408,(anonymous_65)
FN:418,(anonymous_66)
FN:419,(anonymous_67)
FN:433,(anonymous_68)
FN:435,(anonymous_69)
FN:445,(anonymous_70)
FN:446,(anonymous_71)
FN:452,(anonymous_72)
FN:454,(anonymous_73)
FN:465,(anonymous_74)
FN:466,(anonymous_75)
FN:467,(anonymous_76)
FN:472,(anonymous_77)
FN:477,(anonymous_78)
FN:479,(anonymous_79)
FN:490,(anonymous_80)
FN:491,(anonymous_81)
FN:492,(anonymous_82)
FN:497,(anonymous_83)
FN:504,(anonymous_84)
FN:506,(anonymous_85)
FN:518,(anonymous_86)
FN:519,(anonymous_87)
FN:520,(anonymous_88)
FN:525,(anonymous_89)
FN:538,(anonymous_90)
FN:540,(anonymous_91)
FN:551,(anonymous_92)
FN:552,(anonymous_93)
FNF:94
FNH:56
FNDA:78,(anonymous_0)
FNDA:46,(anonymous_1)
FNDA:0,(anonymous_2)
FNDA:0,(anonymous_3)
FNDA:0,(anonymous_4)
FNDA:0,(anonymous_5)
FNDA:0,(anonymous_6)
FNDA:0,(anonymous_7)
FNDA:3,(anonymous_8)
FNDA:3,(anonymous_9)
FNDA:1,(anonymous_10)
FNDA:1,(anonymous_11)
FNDA:1,(anonymous_12)
FNDA:1,(anonymous_13)
FNDA:21,(anonymous_14)
FNDA:21,(anonymous_15)
FNDA:0,(anonymous_16)
FNDA:0,(anonymous_17)
FNDA:0,(anonymous_18)
FNDA:0,(anonymous_19)
FNDA:0,(anonymous_20)
FNDA:0,(anonymous_21)
FNDA:0,(anonymous_22)
FNDA:39,(anonymous_23)
FNDA:39,(anonymous_24)
FNDA:39,(anonymous_25)
FNDA:0,(anonymous_26)
FNDA:21,(anonymous_27)
FNDA:21,(anonymous_28)
FNDA:12,(anonymous_29)
FNDA:12,(anonymous_30)
FNDA:9,(anonymous_31)
FNDA:39,(anonymous_32)
FNDA:2,(anonymous_33)
FNDA:2,(anonymous_34)
FNDA:2,(anonymous_35)
FNDA:2,(anonymous_36)
FNDA:2,(anonymous_37)
FNDA:0,(anonymous_38)
FNDA:1,(anonymous_39)
FNDA:1,(anonymous_40)
FNDA:1,(anonymous_41)
FNDA:1,(anonymous_42)
FNDA:0,(anonymous_43)
FNDA:0,(anonymous_44)
FNDA:2,(anonymous_45)
FNDA:2,(anonymous_46)
FNDA:0,(anonymous_47)
FNDA:2,(anonymous_48)
FNDA:3,(anonymous_49)
FNDA:3,(anonymous_50)
FNDA:3,(anonymous_51)
FNDA:0,(anonymous_52)
FNDA:2,(anonymous_53)
FNDA:2,(anonymous_54)
FNDA:0,(anonymous_55)
FNDA:0,(anonymous_56)
FNDA:2,(anonymous_57)
FNDA:9,(anonymous_58)
FNDA:9,(anonymous_59)
FNDA:7,(anonymous_60)
FNDA:2,(anonymous_61)
FNDA:1,(anonymous_62)
FNDA:1,(anonymous_63)
FNDA:1,(anonymous_64)
FNDA:0,(anonymous_65)
FNDA:4,(anonymous_66)
FNDA:4,(anonymous_67)
FNDA:4,(anonymous_68)
FNDA:0,(anonymous_69)
FNDA:0,(anonymous_70)
FNDA:0,(anonymous_71)
FNDA:0,(anonymous_72)
FNDA:0,(anonymous_73)
FNDA:2,(anonymous_74)
FNDA:2,(anonymous_75)
FNDA:0,(anonymous_76)
FNDA:0,(anonymous_77)
FNDA:0,(anonymous_78)
FNDA:2,(anonymous_79)
FNDA:1,(anonymous_80)
FNDA:1,(anonymous_81)
FNDA:0,(anonymous_82)
FNDA:0,(anonymous_83)
FNDA:0,(anonymous_84)
FNDA:1,(anonymous_85)
FNDA:1,(anonymous_86)
FNDA:1,(anonymous_87)
FNDA:0,(anonymous_88)
FNDA:0,(anonymous_89)
FNDA:0,(anonymous_90)
FNDA:1,(anonymous_91)
FNDA:0,(anonymous_92)
FNDA:0,(anonymous_93)
DA:1,7
DA:2,7
DA:3,7
DA:4,7
DA:5,7
DA:12,78
DA:13,78
DA:21,46
DA:22,46
DA:29,0
DA:31,0
DA:33,0
DA:35,0
DA:37,0
DA:39,0
DA:41,0
DA:43,0
DA:45,0
DA:47,0
DA:48,0
DA:59,3
DA:60,3
DA:61,0
DA:63,0
DA:73,1
DA:74,1
DA:75,1
DA:77,1
DA:86,1
DA:87,1
DA:88,1
DA:90,0
DA:99,21
DA:100,21
DA:101,21
DA:102,0
DA:104,12
DA:105,0
DA:107,12
DA:108,0
DA:112,12
DA:113,12
DA:117,0
DA:118,0
DA:119,0
DA:121,0
DA:123,0
DA:125,0
DA:127,0
DA:128,0
DA:139,0
DA:140,0
DA:141,0
DA:142,0
DA:143,0
DA:144,0
DA:146,0
DA:147,0
DA:150,0
DA:151,0
DA:152,0
DA:153,0
DA:154,0
DA:156,0
DA:158,0
DA:159,0
DA:160,0
DA:161,0
DA:163,0
DA:164,0
DA:168,0
DA:177,0
DA:178,0
DA:179,0
DA:180,0
DA:181,0
DA:182,0
DA:184,0
DA:185,0
DA:186,0
DA:187,0
DA:188,0
DA:191,0
DA:199,39
DA:200,39
DA:201,39
DA:202,39
DA:204,0
DA:216,21
DA:217,21
DA:219,12
DA:220,12
DA:223,12
DA:225,9
DA:236,39
DA:243,2
DA:245,2
DA:246,2
DA:247,1
DA:249,1
DA:259,2
DA:260,2
DA:261,2
DA:262,2
DA:263,1
DA:265,1
DA:268,0
DA:277,1
DA:278,1
DA:279,1
DA:281,1
DA:282,1
DA:284,1
DA:288,1
DA:290,0
DA:293,0
DA:302,2
DA:303,2
DA:304,0
DA:305,0
DA:307,0
DA:310,2
DA:322,3
DA:323,3
DA:324,3
DA:328,3
DA:329,2
DA:330,2
DA:332,3
DA:334,0
DA:345,2
DA:346,2
DA:347,2
DA:348,2
DA:351,0
DA:352,0
DA:353,0
DA:357,0
DA:358,0
DA:362,0
DA:363,0
DA:364,0
DA:367,0
DA:368,0
DA:370,2
DA:380,9
DA:381,9
DA:384,7
DA:385,7
DA:386,0
DA:387,0
DA:388,0
DA:390,7
DA:393,2
DA:402,1
DA:403,1
DA:407,1
DA:409,0
DA:419,4
DA:420,4
DA:421,4
DA:422,2
DA:426,4
DA:427,2
DA:429,4
DA:430,4
DA:434,4
DA:436,0
DA:446,0
DA:447,0
DA:453,0
DA:455,0
DA:466,2
DA:467,2
DA:468,0
DA:469,0
DA:471,0
DA:473,0
DA:474,0
DA:476,0
DA:478,0
DA:480,2
DA:491,1
DA:492,1
DA:493,0
DA:494,0
DA:496,0
DA:498,0
DA:499,0
DA:501,0
DA:503,0
DA:505,0
DA:507,1
DA:519,1
DA:520,1
DA:521,0
DA:522,0
DA:524,0
DA:526,0
DA:527,0
DA:529,0
DA:530,0
DA:531,0
DA:533,0
DA:535,0
DA:537,0
DA:539,0
DA:541,1
DA:552,0
DA:553,0
DA:554,0
DA:556,0
DA:561,7
LF:213
LH:97
BRDA:60,0,0,0
BRDA:60,0,1,0
BRDA:74,1,0,1
BRDA:74,1,1,0
BRDA:87,2,0,1
BRDA:87,2,1,0
BRDA:101,3,0,0
BRDA:101,3,1,12
BRDA:101,4,0,21
BRDA:101,4,1,0
BRDA:104,5,0,0
BRDA:104,5,1,12
BRDA:104,6,0,12
BRDA:104,6,1,0
BRDA:107,7,0,0
BRDA:107,7,1,12
BRDA:107,8,0,12
BRDA:107,8,1,0
BRDA:112,9,0,12
BRDA:112,9,1,0
BRDA:140,10,0,0
BRDA:140,10,1,0
BRDA:141,11,0,0
BRDA:141,11,1,0
BRDA:141,12,0,0
BRDA:141,12,1,0
BRDA:141,12,2,0
BRDA:141,12,3,0
BRDA:141,12,4,0
BRDA:141,12,5,0
BRDA:141,12,6,0
BRDA:141,12,7,0
BRDA:141,12,8,0
BRDA:141,12,9,0
BRDA:143,13,0,0
BRDA:143,13,1,0
BRDA:143,14,0,0
BRDA:143,14,1,0
BRDA:146,15,0,0
BRDA:146,15,1,0
BRDA:146,16,0,0
BRDA:146,16,1,0
BRDA:146,16,2,0
BRDA:146,16,3,0
BRDA:146,16,4,0
BRDA:146,16,5,0
BRDA:146,16,6,0
BRDA:146,16,7,0
BRDA:146,16,8,0
BRDA:146,16,9,0
BRDA:150,17,0,0
BRDA:150,17,1,0
BRDA:151,18,0,0
BRDA:151,18,1,0
BRDA:151,19,0,0
BRDA:151,19,1,0
BRDA:153,20,0,0
BRDA:153,20,1,0
BRDA:153,21,0,0
BRDA:153,21,1,0
BRDA:156,22,0,0
BRDA:156,22,1,0
BRDA:158,23,0,0
BRDA:158,23,1,0
BRDA:160,24,0,0
BRDA:160,24,1,0
BRDA:160,25,0,0
BRDA:160,25,1,0
BRDA:163,26,0,0
BRDA:163,26,1,0
BRDA:163,27,0,0
BRDA:163,27,1,0
BRDA:178,28,0,0
BRDA:178,28,1,0
BRDA:179,29,0,0
BRDA:179,29,1,0
BRDA:179,30,0,0
BRDA:179,30,1,0
BRDA:181,31,0,0
BRDA:181,31,1,0
BRDA:181,32,0,0
BRDA:181,32,1,0
BRDA:184,33,0,0
BRDA:184,33,1,0
BRDA:185,34,0,0
BRDA:185,34,1,0
BRDA:187,35,0,0
BRDA:187,35,1,0
BRDA:187,36,0,0
BRDA:187,36,1,0
BRDA:246,37,0,1
BRDA:246,37,1,1
BRDA:262,38,0,1
BRDA:262,38,1,1
BRDA:262,39,0,2
BRDA:262,39,1,1
BRDA:262,39,2,1
BRDA:304,40,0,0
BRDA:304,40,1,0
BRDA:304,41,0,0
BRDA:304,41,1,0
BRDA:328,42,0,2
BRDA:328,42,1,1
BRDA:351,43,0,0
BRDA:351,43,1,0
BRDA:362,44,0,0
BRDA:362,44,1,0
BRDA:363,45,0,0
BRDA:363,45,1,0
BRDA:363,46,0,0
BRDA:363,46,1,0
BRDA:363,46,2,0
BRDA:363,46,3,0
BRDA:363,46,4,0
BRDA:385,47,0,0
BRDA:385,47,1,7
BRDA:421,48,0,2
BRDA:421,48,1,2
BRDA:421,49,0,4
BRDA:421,49,1,2
BRDA:426,50,0,2
BRDA:426,50,1,2
BRDA:426,51,0,4
BRDA:426,51,1,2
BRDA:468,52,0,0
BRDA:468,52,1,0
BRDA:473,53,0,0
BRDA:473,53,1,0
BRDA:493,54,0,0
BRDA:493,54,1,0
BRDA:498,55,0,0
BRDA:498,55,1,0
BRDA:521,56,0,0
BRDA:521,56,1,0
BRDA:526,57,0,0
BRDA:526,57,1,0
BRDA:530,58,0,0
BRDA:530,58,1,0
BRDA:553,59,0,0
BRDA:553,59,1,0
BRF:140
BRH:27
end_of_record
TN:
SF:routes/announcements.js
FNF:0
FNH:0
DA:1,6
DA:2,6
DA:3,6
DA:4,6
DA:6,6
DA:7,6
DA:9,6
DA:13,6
DA:16,6
DA:19,6
LF:10
LH:10
BRF:0
BRH:0
end_of_record
TN:
SF:routes/application.js
FN:5,(anonymous_0)
FNF:1
FNH:0
FNDA:0,(anonymous_0)
DA:1,6
DA:2,6
DA:5,6
DA:6,0
DA:8,0
DA:13,6
LF:6
LH:4
BRF:0
BRH:0
end_of_record
TN:
SF:routes/chatMessages.js
FNF:0
FNH:0
DA:1,6
DA:2,6
DA:3,6
DA:4,6
DA:5,6
DA:7,6
DA:10,6
DA:14,6
DA:17,6
DA:24,6
LF:10
LH:10
BRF:0
BRH:0
end_of_record
TN:
SF:routes/emergencyStatusDetail.js
FNF:0
FNH:0
DA:1,6
DA:2,6
DA:3,6
DA:4,6
DA:5,6
DA:6,6
DA:7,6
DA:10,6
DA:13,6
DA:16,6
DA:19,6
DA:22,6
DA:25,6
DA:28,6
DA:31,6
DA:33,6
LF:16
LH:16
BRF:0
BRH:0
end_of_record
TN:
SF:routes/index.js
FN:4,(anonymous_0)
FN:10,(anonymous_1)
FNF:2
FNH:0
FNDA:0,(anonymous_0)
FNDA:0,(anonymous_1)
DA:1,6
DA:2,6
DA:4,6
DA:5,0
DA:10,6
DA:11,0
DA:15,6
LF:7
LH:5
BRF:0
BRH:0
end_of_record
TN:
SF:routes/privateChatMessages.js
FNF:0
FNH:0
DA:1,6
DA:2,6
DA:3,6
DA:4,6
DA:5,6
DA:7,6
DA:10,6
DA:14,6
DA:17,6
DA:23,6
LF:10
LH:10
BRF:0
BRH:0
end_of_record
TN:
SF:routes/registration.js
FN:4,(anonymous_0)
FNF:1
FNH:0
FNDA:0,(anonymous_0)
DA:1,6
DA:2,6
DA:4,6
DA:5,0
DA:7,6
LF:5
LH:4
BRF:0
BRH:0
end_of_record
TN:
SF:routes/resources.js
FNF:0
FNH:0
DA:1,6
DA:2,6
DA:3,6
DA:4,6
DA:5,6
DA:6,6
DA:7,6
DA:9,6
DA:10,6
DA:12,6
DA:16,6
DA:21,6
DA:25,6
DA:28,6
LF:14
LH:14
BRF:0
BRH:0
end_of_record
TN:
SF:routes/users.js
FNF:0
FNH:0
DA:1,6
DA:2,6
DA:3,6
DA:4,6
DA:5,6
DA:8,6
DA:10,6
DA:13,6
DA:14,6
DA:15,6
DA:18,6
DA:20,6
DA:21,6
DA:23,6
DA:25,6
DA:28,6
LF:16
LH:16
BRF:0
BRH:0
end_of_record
TN:
SF:routes/usersList.js
FNF:0
FNH:0
DA:1,6
DA:2,6
DA:3,6
DA:4,6
DA:5,6
DA:8,6
DA:10,6
DA:13,6
DA:16,6
LF:9
LH:9
BRF:0
BRH:0
end_of_record
TN:
SF:utils/StopWords.js
FN:40,(anonymous_0)
FNF:1
FNH:1
FNDA:4,(anonymous_0)
DA:1,9
DA:3,9
DA:31,9
DA:41,4
DA:42,4
DA:43,4
DA:47,9
LF:7
LH:7
BRF:0
BRH:0
end_of_record
